<?xml version='1.0' encoding='UTF-8'?>
<GateDocument version="3">
    <!-- The document's features-->

    <GateDocumentFeatures>
        <Feature>
            <Name className="java.lang.String">throwExceptionOnFormatError</Name>
            <Value className="java.lang.Boolean">true</Value>
        </Feature>
        <Feature>
            <Name className="java.lang.String">gate.SourceURL</Name>
            <Value className="java.lang.String">created from String</Value>
        </Feature>
    </GateDocumentFeatures>
    <!-- The document content area with serialized nodes -->

    <TextWithNodes><Node id="0"/>In
        <Node id="2"/>
        <Node id="3"/>this
        <Node id="7"/>
        <Node id="8"/>section
        <Node id="15"/>
        <Node id="16"/>I
        <Node id="17"/>
        <Node id="18"/>include
        <Node id="25"/>
        <Node id="26"/>an
        <Node id="28"/>
        <Node id="29"/>example
        <Node id="36"/>
        <Node id="37"/>of
        <Node id="39"/>
        <Node id="40"/>this
        <Node id="44"/>
        <Node id="45"/>Latin
        <Node id="50"/>
        <Node id="51"/>verse<Node id="56"/>,
        <Node id="57"/>
        <Node id="58"/>which
        <Node id="63"/>
        <Node id="64"/>begins
        <Node id="70"/>
        <Node id="71"/>Beati
        <Node id="76"/>
        <Node id="77"/>qui
        <Node id="80"/>
        <Node id="81"/>esuriunt
        <Node id="89"/>
        <Node id="90"/>/
        <Node id="91"/>
        <Node id="92"/>Et
        <Node id="94"/>
        <Node id="95"/>sitiunt
        <Node id="102"/>
        <Node id="103"/>(<Node id="104"/>from
        <Node id="108"/>
        <Node id="109"/>British
        <Node id="116"/>
        <Node id="117"/>Library
        <Node id="124"/>
        <Node id="125"/>MS
        <Node id="127"/>
        <Node id="128"/>Harley
        <Node id="134"/>
        <Node id="135"/>913
        <Node id="138"/>
        <Node id="139"/>fol<Node id="142"/>.
        <Node id="143"/>
        <Node id="144"/>59<Node id="146"/>r-<Node id="148"/>59<Node id="150"/>v<Node id="151"/>)<Node id="152"/>,
        <Node id="153"/>
        <Node id="154"/>as
        <Node id="156"/>
        <Node id="157"/>edited
        <Node id="163"/>
        <Node id="164"/>and
        <Node id="167"/>
        <Node id="168"/>translated
        <Node id="178"/>
        <Node id="179"/>in
        <Node id="181"/>
        <Node id="182"/>Wr
        <Node id="184"/>
        <Node id="185"/>PSE
        <Node id="188"/>
        <Node id="189"/>pp<Node id="191"/>.
        <Node id="192"/>
        <Node id="193"/>224<Node id="196"/>-<Node id="197"/>30<Node id="199"/>.
        <Node id="200"/>
        <Node id="201"/>This
        <Node id="205"/>
        <Node id="206"/>poem<Node id="210"/>,
        <Node id="211"/>
        <Node id="212"/>written
        <Node id="219"/>
        <Node id="220"/>in
        <Node id="222"/>
        <Node id="223"/>the
        <Node id="226"/>
        <Node id="227"/>manuscript
        <Node id="237"/>
        <Node id="238"/>as
        <Node id="240"/>
        <Node id="241"/>prose
        <Node id="246"/>
        <Node id="247"/>but
        <Node id="250"/>
        <Node id="251"/>with
        <Node id="255"/>
        <Node id="256"/>alternating
        <Node id="267"/>
        <Node id="268"/>four-
        <Node id="273"/>
        <Node id="274"/>and
        <Node id="277"/>
        <Node id="278"/>three-beat
        <Node id="288"/>
        <Node id="289"/>lines
        <Node id="294"/>
        <Node id="295"/>and
        <Node id="298"/>
        <Node id="299"/>intricate
        <Node id="308"/>
        <Node id="309"/>rhyme
        <Node id="314"/>
        <Node id="315"/>schemes
        <Node id="322"/>
        <Node id="323"/>characteristic
        <Node id="337"/>
        <Node id="338"/>of
        <Node id="340"/>
        <Node id="341"/>goliardic
        <Node id="350"/>
        <Node id="351"/>lyrics<Node id="357"/>,
        <Node id="358"/>
        <Node id="359"/>dates
        <Node id="364"/>
        <Node id="365"/>from
        <Node id="369"/>
        <Node id="370"/>the
        <Node id="373"/>
        <Node id="374"/>beginning
        <Node id="383"/>
        <Node id="384"/>of
        <Node id="386"/>
        <Node id="387"/>the
        <Node id="390"/>
        <Node id="391"/>fourteenth
        <Node id="401"/>
        <Node id="402"/>century
        <Node id="409"/>
        <Node id="410"/>(<Node id="411"/>reign
        <Node id="416"/>
        <Node id="417"/>of
        <Node id="419"/>
        <Node id="420"/>Edward
        <Node id="426"/>
        <Node id="427"/>I<Node id="428"/>)
        <Node id="429"/>
        <Node id="430"/>and
        <Node id="433"/>
        <Node id="434"/>is
        <Node id="436"/>
        <Node id="437"/>entitled
        <Node id="445"/>
        <Node id="446"/>by
        <Node id="448"/>
        <Node id="449"/>Wright
        <Node id="455"/>
        <Node id="456"/>"<Node id="457"/>Song
        <Node id="461"/>
        <Node id="462"/>on
        <Node id="464"/>
        <Node id="465"/>the
        <Node id="468"/>
        <Node id="469"/>Venality
        <Node id="477"/>
        <Node id="478"/>of
        <Node id="480"/>
        <Node id="481"/>the
        <Node id="484"/>
        <Node id="485"/>Judges<Node id="491"/>.<Node id="492"/>"
        <Node id="493"/>
        <Node id="494"/>I
        <Node id="495"/>
        <Node id="496"/>have
        <Node id="500"/>
        <Node id="501"/>checked
        <Node id="508"/>
        <Node id="509"/>Wright<Node id="515"/>'s
        <Node id="517"/>
        <Node id="518"/>edition
        <Node id="525"/>
        <Node id="526"/>against
        <Node id="533"/>
        <Node id="534"/>a
        <Node id="535"/>
        <Node id="536"/>photostat
        <Node id="545"/>
        <Node id="546"/>of
        <Node id="548"/>
        <Node id="549"/>the
        <Node id="552"/>
        <Node id="553"/>manuscript<Node id="563"/>.
        <Node id="564"/>
        <Node id="565"/>I
        <Node id="566"/>
        <Node id="567"/>include
        <Node id="574"/>
        <Node id="575"/>but
        <Node id="578"/>
        <Node id="579"/>slightly
        <Node id="587"/>
        <Node id="588"/>modernize
        <Node id="597"/>
        <Node id="598"/>Wright<Node id="604"/>'s
        <Node id="606"/>
        <Node id="607"/>translation<Node id="618"/>.
        <Node id="619"/>
        <Node id="620"/>
        <Node id="621"/>One
        <Node id="624"/>
        <Node id="625"/>of
        <Node id="627"/>
        <Node id="628"/>the
        <Node id="631"/>
        <Node id="632"/>chief
        <Node id="637"/>
        <Node id="638"/>documents
        <Node id="647"/>
        <Node id="648"/>in
        <Node id="650"/>
        <Node id="651"/>the
        <Node id="654"/>
        <Node id="655"/>Middle
        <Node id="661"/>
        <Node id="662"/>English
        <Node id="669"/>
        <Node id="670"/>Abuse
        <Node id="675"/>
        <Node id="676"/>of
        <Node id="678"/>
        <Node id="679"/>Money
        <Node id="684"/>
        <Node id="685"/>tradition
        <Node id="694"/>
        <Node id="695"/>is
        <Node id="697"/>
        <Node id="698"/>The
        <Node id="701"/>
        <Node id="702"/>Simonie<Node id="709"/>,
        <Node id="710"/>
        <Node id="711"/>also
        <Node id="715"/>
        <Node id="716"/>known
        <Node id="721"/>
        <Node id="722"/>as
        <Node id="724"/>
        <Node id="725"/>"<Node id="726"/>On
        <Node id="728"/>
        <Node id="729"/>the
        <Node id="732"/>
        <Node id="733"/>Evil
        <Node id="737"/>
        <Node id="738"/>Times
        <Node id="743"/>
        <Node id="744"/>of
        <Node id="746"/>
        <Node id="747"/>Edward
        <Node id="753"/>
        <Node id="754"/>II<Node id="756"/>"
        <Node id="757"/>
        <Node id="758"/>and
        <Node id="761"/>
        <Node id="762"/>"<Node id="763"/>Symonie
        <Node id="770"/>
        <Node id="771"/>and
        <Node id="774"/>
        <Node id="775"/>Couetise<Node id="783"/>"
        <Node id="784"/>
        <Node id="785"/>(<Node id="786"/>Index
        <Node id="791"/>
        <Node id="792"/>ยง
        <Node id="793"/>
        <Node id="794"/>4165<Node id="798"/>;
        <Node id="799"/>
        <Node id="800"/>Supplement
        <Node id="810"/>
        <Node id="811"/>ยง
        <Node id="812"/>
        <Node id="813"/>1992<Node id="817"/>)<Node id="818"/>.
        <Node id="819"/>
        <Node id="820"/>The
        <Node id="823"/>
        <Node id="824"/>anonymous
        <Node id="833"/>
        <Node id="834"/>author
        <Node id="840"/>
        <Node id="841"/>of
        <Node id="843"/>
        <Node id="844"/>The
        <Node id="847"/>
        <Node id="848"/>Simonie<Node id="855"/>,
        <Node id="856"/>
        <Node id="857"/>which
        <Node id="862"/>
        <Node id="863"/>Wright
        <Node id="869"/>
        <Node id="870"/>dates
        <Node id="875"/>
        <Node id="876"/>to
        <Node id="878"/>
        <Node id="879"/>about
        <Node id="884"/>
        <Node id="885"/>1321<Node id="889"/>,
        <Node id="890"/>
        <Node id="891"/>complains
        <Node id="900"/>
        <Node id="901"/>that
        <Node id="905"/>
        <Node id="906"/>those
        <Node id="911"/>
        <Node id="912"/>who
        <Node id="915"/>
        <Node id="916"/>govern
        <Node id="922"/>
        <Node id="923"/>abuse
        <Node id="928"/>
        <Node id="929"/>their
        <Node id="934"/>
        <Node id="935"/>power
        <Node id="940"/>
        <Node id="941"/>egregiously
        <Node id="952"/>
        <Node id="953"/>-<Node id="954"/>-
        <Node id="955"/>
        <Node id="956"/>so
        <Node id="958"/>
        <Node id="959"/>much
        <Node id="963"/>
        <Node id="964"/>so
        <Node id="966"/>
        <Node id="967"/>that
        <Node id="971"/>
        <Node id="972"/>God
        <Node id="975"/>
        <Node id="976"/>has
        <Node id="979"/>
        <Node id="980"/>sent
        <Node id="984"/>
        <Node id="985"/>famines
        <Node id="992"/>
        <Node id="993"/>and
        <Node id="996"/>
        <Node id="997"/>plagues
        <Node id="1004"/>
        <Node id="1005"/>as
        <Node id="1007"/>
        <Node id="1008"/>punishments
        <Node id="1019"/>
        <Node id="1020"/>for
        <Node id="1023"/>
        <Node id="1024"/>wrongdoing<Node id="1034"/>.
        <Node id="1035"/>
        <Node id="1036"/>A
        <Node id="1037"/>
        <Node id="1038"/>dominant
        <Node id="1046"/>
        <Node id="1047"/>motif
        <Node id="1052"/>
        <Node id="1053"/>of
        <Node id="1055"/>
        <Node id="1056"/>the
        <Node id="1059"/>
        <Node id="1060"/>poem
        <Node id="1064"/>
        <Node id="1065"/>is
        <Node id="1067"/>
        <Node id="1068"/>that
        <Node id="1072"/>
        <Node id="1073"/>the
        <Node id="1076"/>
        <Node id="1077"/>poor
        <Node id="1081"/>
        <Node id="1082"/>man
        <Node id="1085"/>
        <Node id="1086"/>-<Node id="1087"/>-
        <Node id="1088"/>
        <Node id="1089"/>"<Node id="1090"/>Godes
        <Node id="1095"/>
        <Node id="1096"/>man<Node id="1099"/>"
        <Node id="1100"/>
        <Node id="1101"/>-<Node id="1102"/>-
        <Node id="1103"/>
        <Node id="1104"/>stands
        <Node id="1110"/>
        <Node id="1111"/>outside
        <Node id="1118"/>
        <Node id="1119"/>the
        <Node id="1122"/>
        <Node id="1123"/>doors
        <Node id="1128"/>
        <Node id="1129"/>of
        <Node id="1131"/>
        <Node id="1132"/>court
        <Node id="1137"/>
        <Node id="1138"/>while
        <Node id="1143"/>
        <Node id="1144"/>the
        <Node id="1147"/>
        <Node id="1148"/>rich
        <Node id="1152"/>
        <Node id="1153"/>man<Node id="1156"/>,
        <Node id="1157"/>
        <Node id="1158"/>bearing
        <Node id="1165"/>
        <Node id="1166"/>gifts<Node id="1171"/>,
        <Node id="1172"/>
        <Node id="1173"/>is
        <Node id="1175"/>
        <Node id="1176"/>welcomed
        <Node id="1184"/>
        <Node id="1185"/>inside
        <Node id="1191"/>
        <Node id="1192"/>(<Node id="1193"/>lines
        <Node id="1198"/>
        <Node id="1199"/>9<Node id="1200"/>-<Node id="1201"/>30<Node id="1203"/>,
        <Node id="1204"/>
        <Node id="1205"/>55<Node id="1207"/>-<Node id="1208"/>66<Node id="1210"/>,
        <Node id="1211"/>
        <Node id="1212"/>121<Node id="1215"/>-<Node id="1216"/>44<Node id="1218"/>,
        <Node id="1219"/>
        <Node id="1220"/>169<Node id="1223"/>-<Node id="1224"/>80<Node id="1226"/>)<Node id="1227"/>.
        <Node id="1228"/>
        <Node id="1229"/>It
        <Node id="1231"/>
        <Node id="1232"/>offers
        <Node id="1238"/>
        <Node id="1239"/>traditional
        <Node id="1250"/>
        <Node id="1251"/>estates
        <Node id="1258"/>
        <Node id="1259"/>satire
        <Node id="1265"/>
        <Node id="1266"/>that
        <Node id="1270"/>
        <Node id="1271"/>begins
        <Node id="1277"/>
        <Node id="1278"/>with
        <Node id="1282"/>
        <Node id="1283"/>the
        <Node id="1286"/>
        <Node id="1287"/>court
        <Node id="1292"/>
        <Node id="1293"/>of
        <Node id="1295"/>
        <Node id="1296"/>Rome
        <Node id="1300"/>
        <Node id="1301"/>and
        <Node id="1304"/>
        <Node id="1305"/>high
        <Node id="1309"/>
        <Node id="1310"/>prelates
        <Node id="1318"/>
        <Node id="1319"/>and
        <Node id="1322"/>
        <Node id="1323"/>proceeds
        <Node id="1331"/>
        <Node id="1332"/>through
        <Node id="1339"/>
        <Node id="1340"/>the
        <Node id="1343"/>
        <Node id="1344"/>clerical
        <Node id="1352"/>
        <Node id="1353"/>ranks
        <Node id="1358"/>
        <Node id="1359"/>(<Node id="1360"/>including
        <Node id="1369"/>
        <Node id="1370"/>monks<Node id="1375"/>,
        <Node id="1376"/>
        <Node id="1377"/>parsons<Node id="1384"/>,
        <Node id="1385"/>
        <Node id="1386"/>and
        <Node id="1389"/>
        <Node id="1390"/>friars<Node id="1396"/>)
        <Node id="1397"/>
        <Node id="1398"/>to
        <Node id="1400"/>
        <Node id="1401"/>knights<Node id="1408"/>,
        <Node id="1409"/>
        <Node id="1410"/>squires<Node id="1417"/>,
        <Node id="1418"/>
        <Node id="1419"/>justices<Node id="1427"/>,
        <Node id="1428"/>
        <Node id="1429"/>bailiffs<Node id="1437"/>,
        <Node id="1438"/>
        <Node id="1439"/>sheriffs<Node id="1447"/>,
        <Node id="1448"/>
        <Node id="1449"/>beadles<Node id="1456"/>,
        <Node id="1457"/>
        <Node id="1458"/>and
        <Node id="1461"/>
        <Node id="1462"/>merchants<Node id="1471"/>.<Node id="1472"/>3
        <Node id="1473"/>
        <Node id="1474"/>The
        <Node id="1477"/>
        <Node id="1478"/>linking
        <Node id="1485"/>
        <Node id="1486"/>of
        <Node id="1488"/>
        <Node id="1489"/>anticlerical
        <Node id="1501"/>
        <Node id="1502"/>satire
        <Node id="1508"/>
        <Node id="1509"/>and
        <Node id="1512"/>
        <Node id="1513"/>the
        <Node id="1516"/>
        <Node id="1517"/>abuse
        <Node id="1522"/>
        <Node id="1523"/>of
        <Node id="1525"/>
        <Node id="1526"/>money
        <Node id="1531"/>
        <Node id="1532"/>anticipates
        <Node id="1543"/>
        <Node id="1544"/>Piers
        <Node id="1549"/>
        <Node id="1550"/>Plowman<Node id="1557"/>.
        <Node id="1558"/>
        <Node id="1559"/>Like
        <Node id="1563"/>
        <Node id="1564"/>Piers
        <Node id="1569"/>
        <Node id="1570"/>Plowman<Node id="1577"/>,
        <Node id="1578"/>
        <Node id="1579"/>The
        <Node id="1582"/>
        <Node id="1583"/>Simonie
        <Node id="1590"/>
        <Node id="1591"/>is
        <Node id="1593"/>
        <Node id="1594"/>lively
        <Node id="1600"/>
        <Node id="1601"/>and
        <Node id="1604"/>
        <Node id="1605"/>vivid<Node id="1610"/>,
        <Node id="1611"/>
        <Node id="1612"/>with
        <Node id="1616"/>
        <Node id="1617"/>touches
        <Node id="1624"/>
        <Node id="1625"/>of
        <Node id="1627"/>
        <Node id="1628"/>arch
        <Node id="1632"/>
        <Node id="1633"/>wit<Node id="1636"/>.
        <Node id="1637"/>
        <Node id="1638"/>A
        <Node id="1639"/>
        <Node id="1640"/>newly-installed
        <Node id="1655"/>
        <Node id="1656"/>parson
        <Node id="1662"/>
        <Node id="1663"/>will
        <Node id="1667"/>
        <Node id="1668"/>spend
        <Node id="1673"/>
        <Node id="1674"/>money
        <Node id="1679"/>
        <Node id="1680"/>so
        <Node id="1682"/>
        <Node id="1683"/>quickly
        <Node id="1690"/>
        <Node id="1691"/>that
        <Node id="1695"/>
        <Node id="1696"/>the
        <Node id="1699"/>
        <Node id="1700"/>corn
        <Node id="1704"/>
        <Node id="1705"/>in
        <Node id="1707"/>
        <Node id="1708"/>his
        <Node id="1711"/>
        <Node id="1712"/>barn
        <Node id="1716"/>
        <Node id="1717"/>will
        <Node id="1721"/>
        <Node id="1722"/>not
        <Node id="1725"/>
        <Node id="1726"/>be
        <Node id="1728"/>
        <Node id="1729"/>eaten
        <Node id="1734"/>
        <Node id="1735"/>by
        <Node id="1737"/>
        <Node id="1738"/>mice
        <Node id="1742"/>
        <Node id="1743"/>(<Node id="1744"/>lines
        <Node id="1749"/>
        <Node id="1750"/>69<Node id="1752"/>-<Node id="1753"/>70<Node id="1755"/>)<Node id="1756"/>.
        <Node id="1757"/>
        <Node id="1758"/>What
        <Node id="1762"/>
        <Node id="1763"/>kind
        <Node id="1767"/>
        <Node id="1768"/>of
        <Node id="1770"/>
        <Node id="1771"/>"<Node id="1772"/>penance<Node id="1779"/>"
        <Node id="1780"/>
        <Node id="1781"/>do
        <Node id="1783"/>
        <Node id="1784"/>monks
        <Node id="1789"/>
        <Node id="1790"/>perform<Node id="1797"/>?
        <Node id="1798"/>
        <Node id="1799"/>"<Node id="1800"/>Hii
        <Node id="1803"/>
        <Node id="1804"/>weren
        <Node id="1809"/>
        <Node id="1810"/>sockes
        <Node id="1816"/>
        <Node id="1817"/>in
        <Node id="1819"/>
        <Node id="1820"/>here
        <Node id="1824"/>
        <Node id="1825"/>shon
        <Node id="1829"/>
        <Node id="1830"/>[<Node id="1831"/>shoes<Node id="1836"/>]<Node id="1837"/>,
        <Node id="1838"/>
        <Node id="1839"/>and
        <Node id="1842"/>
        <Node id="1843"/>felted
        <Node id="1849"/>
        <Node id="1850"/>botes
        <Node id="1855"/>
        <Node id="1856"/>above<Node id="1861"/>"
        <Node id="1862"/>
        <Node id="1863"/>(<Node id="1864"/>line
        <Node id="1868"/>
        <Node id="1869"/>146<Node id="1872"/>)<Node id="1873"/>.
        <Node id="1874"/>
        <Node id="1875"/>Those
        <Node id="1880"/>
        <Node id="1881"/>who
        <Node id="1884"/>
        <Node id="1885"/>live
        <Node id="1889"/>
        <Node id="1890"/>according
        <Node id="1899"/>
        <Node id="1900"/>to
        <Node id="1902"/>
        <Node id="1903"/>a
        <Node id="1904"/>
        <Node id="1905"/>monastic
        <Node id="1913"/>
        <Node id="1914"/>rule
        <Node id="1918"/>
        <Node id="1919"/>live
        <Node id="1923"/>
        <Node id="1924"/>a
        <Node id="1925"/>
        <Node id="1926"/>life
        <Node id="1930"/>
        <Node id="1931"/>of
        <Node id="1933"/>
        <Node id="1934"/>ease
        <Node id="1938"/>
        <Node id="1939"/>rather
        <Node id="1945"/>
        <Node id="1946"/>than
        <Node id="1950"/>
        <Node id="1951"/>easing
        <Node id="1957"/>
        <Node id="1958"/>the
        <Node id="1961"/>
        <Node id="1962"/>lives
        <Node id="1967"/>
        <Node id="1968"/>of
        <Node id="1970"/>
        <Node id="1971"/>others
        <Node id="1977"/>
        <Node id="1978"/>(<Node id="1979"/>lines
        <Node id="1984"/>
        <Node id="1985"/>151<Node id="1988"/>-<Node id="1989"/>56<Node id="1991"/>)<Node id="1992"/>.
        <Node id="1993"/>
        <Node id="1994"/>A
        <Node id="1995"/>
        <Node id="1996"/>false
        <Node id="2001"/>
        <Node id="2002"/>physician
        <Node id="2011"/>
        <Node id="2012"/>will
        <Node id="2016"/>
        <Node id="2017"/>"<Node id="2018"/>wagge
        <Node id="2023"/>
        <Node id="2024"/>his
        <Node id="2027"/>
        <Node id="2028"/>urine
        <Node id="2033"/>
        <Node id="2034"/>in
        <Node id="2036"/>
        <Node id="2037"/>a
        <Node id="2038"/>
        <Node id="2039"/>vessel
        <Node id="2045"/>
        <Node id="2046"/>of
        <Node id="2048"/>
        <Node id="2049"/>glaz<Node id="2053"/>,<Node id="2054"/>"
        <Node id="2055"/>
        <Node id="2056"/>swear
        <Node id="2061"/>
        <Node id="2062"/>that
        <Node id="2066"/>
        <Node id="2067"/>the
        <Node id="2070"/>
        <Node id="2071"/>patient
        <Node id="2078"/>
        <Node id="2079"/>is
        <Node id="2081"/>
        <Node id="2082"/>sicker
        <Node id="2088"/>
        <Node id="2089"/>than
        <Node id="2093"/>
        <Node id="2094"/>he
        <Node id="2096"/>
        <Node id="2097"/>really
        <Node id="2103"/>
        <Node id="2104"/>is<Node id="2106"/>,
        <Node id="2107"/>
        <Node id="2108"/>and
        <Node id="2111"/>
        <Node id="2112"/>comfort
        <Node id="2119"/>
        <Node id="2120"/>the
        <Node id="2123"/>
        <Node id="2124"/>anxious
        <Node id="2131"/>
        <Node id="2132"/>wife<Node id="2136"/>.
        <Node id="2137"/>
        <Node id="2138"/>The
        <Node id="2141"/>
        <Node id="2142"/>author
        <Node id="2148"/>
        <Node id="2149"/>adds
        <Node id="2153"/>
        <Node id="2154"/>that
        <Node id="2158"/>
        <Node id="2159"/>such
        <Node id="2163"/>
        <Node id="2164"/>a
        <Node id="2165"/>
        <Node id="2166"/>doctor
        <Node id="2172"/>
        <Node id="2173"/>may
        <Node id="2176"/>
        <Node id="2177"/>know
        <Node id="2181"/>
        <Node id="2182"/>"<Node id="2183"/>no
        <Node id="2185"/>
        <Node id="2186"/>more
        <Node id="2190"/>
        <Node id="2191"/>than
        <Node id="2195"/>
        <Node id="2196"/>a
        <Node id="2197"/>
        <Node id="2198"/>gos
        <Node id="2201"/>
        <Node id="2202"/>[<Node id="2203"/>goose<Node id="2208"/>]
        <Node id="2209"/>
        <Node id="2210"/>wheither
        <Node id="2218"/>
        <Node id="2219"/>he
        <Node id="2221"/>
        <Node id="2222"/>wole
        <Node id="2226"/>
        <Node id="2227"/>live
        <Node id="2231"/>
        <Node id="2232"/>or
        <Node id="2234"/>
        <Node id="2235"/>die<Node id="2238"/>"
        <Node id="2239"/>
        <Node id="2240"/>(<Node id="2241"/>lines
        <Node id="2246"/>
        <Node id="2247"/>211<Node id="2250"/>-<Node id="2251"/>21<Node id="2253"/>)<Node id="2254"/>.
        <Node id="2255"/>
        <Node id="2256"/>On
        <Node id="2258"/>
        <Node id="2259"/>a
        <Node id="2260"/>
        <Node id="2261"/>few
        <Node id="2264"/>
        <Node id="2265"/>occasions
        <Node id="2274"/>
        <Node id="2275"/>the
        <Node id="2278"/>
        <Node id="2279"/>author
        <Node id="2285"/>
        <Node id="2286"/>includes
        <Node id="2294"/>
        <Node id="2295"/>something
        <Node id="2304"/>
        <Node id="2305"/>like
        <Node id="2309"/>
        <Node id="2310"/>dialogue<Node id="2318"/>,
        <Node id="2319"/>
        <Node id="2320"/>as
        <Node id="2322"/>
        <Node id="2323"/>when
        <Node id="2327"/>
        <Node id="2328"/>the
        <Node id="2331"/>
        <Node id="2332"/>false
        <Node id="2337"/>
        <Node id="2338"/>physician
        <Node id="2347"/>
        <Node id="2348"/>says
        <Node id="2352"/>
        <Node id="2353"/>to
        <Node id="2355"/>
        <Node id="2356"/>the
        <Node id="2359"/>
        <Node id="2360"/>housewife<Node id="2369"/>,
        <Node id="2370"/>
        <Node id="2371"/>"<Node id="2372"/>Dame<Node id="2376"/>,
        <Node id="2377"/>
        <Node id="2378"/>for
        <Node id="2381"/>
        <Node id="2382"/>faute
        <Node id="2387"/>
        <Node id="2388"/>[<Node id="2389"/>lack<Node id="2393"/>]
        <Node id="2394"/>
        <Node id="2395"/>of
        <Node id="2397"/>
        <Node id="2398"/>helpe<Node id="2403"/>,
        <Node id="2404"/>
        <Node id="2405"/>thin
        <Node id="2409"/>
        <Node id="2410"/>housebonde
        <Node id="2420"/>
        <Node id="2421"/>is
        <Node id="2423"/>
        <Node id="2424"/>neih
        <Node id="2428"/>
        <Node id="2429"/>[<Node id="2430"/>almost<Node id="2436"/>]
        <Node id="2437"/>
        <Node id="2438"/>slain<Node id="2443"/>"
        <Node id="2444"/>
        <Node id="2445"/>(<Node id="2446"/>line
        <Node id="2450"/>
        <Node id="2451"/>216<Node id="2454"/>)<Node id="2455"/>,
        <Node id="2456"/>
        <Node id="2457"/>or
        <Node id="2459"/>
        <Node id="2460"/>when
        <Node id="2464"/>
        <Node id="2465"/>the
        <Node id="2468"/>
        <Node id="2469"/>beggar
        <Node id="2475"/>
        <Node id="2476"/>in
        <Node id="2478"/>
        <Node id="2479"/>the
        <Node id="2482"/>
        <Node id="2483"/>street
        <Node id="2489"/>
        <Node id="2490"/>cries
        <Node id="2495"/>
        <Node id="2496"/>out<Node id="2499"/>,
        <Node id="2500"/>
        <Node id="2501"/>"<Node id="2502"/>Allas<Node id="2507"/>,
        <Node id="2508"/>
        <Node id="2509"/>for
        <Node id="2512"/>
        <Node id="2513"/>hungger
        <Node id="2520"/>
        <Node id="2521"/>I
        <Node id="2522"/>
        <Node id="2523"/>die
        <Node id="2526"/>
        <Node id="2527"/>/
        <Node id="2528"/>
        <Node id="2529"/>Up
        <Node id="2531"/>
        <Node id="2532"/>rihte<Node id="2537"/>!<Node id="2538"/>"
        <Node id="2539"/>
        <Node id="2540"/>(<Node id="2541"/>lines
        <Node id="2546"/>
        <Node id="2547"/>400<Node id="2550"/>-<Node id="2551"/>01<Node id="2553"/>)<Node id="2554"/>.
        <Node id="2555"/>
        <Node id="2556"/>There
        <Node id="2561"/>
        <Node id="2562"/>are
        <Node id="2565"/>
        <Node id="2566"/>several
        <Node id="2573"/>
        <Node id="2574"/>apocalyptic
        <Node id="2585"/>
        <Node id="2586"/>passages
        <Node id="2594"/>
        <Node id="2595"/>in
        <Node id="2597"/>
        <Node id="2598"/>the
        <Node id="2601"/>
        <Node id="2602"/>poem<Node id="2606"/>.
        <Node id="2607"/>
        <Node id="2608"/>The
        <Node id="2611"/>
        <Node id="2612"/>author
        <Node id="2618"/>
        <Node id="2619"/>points
        <Node id="2625"/>
        <Node id="2626"/>to
        <Node id="2628"/>
        <Node id="2629"/>recent
        <Node id="2635"/>
        <Node id="2636"/>natural
        <Node id="2643"/>
        <Node id="2644"/>disasters
        <Node id="2653"/>
        <Node id="2654"/>as
        <Node id="2656"/>
        <Node id="2657"/>evidence
        <Node id="2665"/>
        <Node id="2666"/>of
        <Node id="2668"/>
        <Node id="2669"/>divine
        <Node id="2675"/>
        <Node id="2676"/>disfavor<Node id="2684"/>;
        <Node id="2685"/>
        <Node id="2686"/>and
        <Node id="2689"/>
        <Node id="2690"/>in
        <Node id="2692"/>
        <Node id="2693"/>a
        <Node id="2694"/>
        <Node id="2695"/>memorable
        <Node id="2704"/>
        <Node id="2705"/>sequence
        <Node id="2713"/>
        <Node id="2714"/>he
        <Node id="2716"/>
        <Node id="2717"/>alludes
        <Node id="2724"/>
        <Node id="2725"/>to
        <Node id="2727"/>
        <Node id="2728"/>an
        <Node id="2730"/>
        <Node id="2731"/>English
        <Node id="2738"/>
        <Node id="2739"/>gamen<Node id="2744"/>,
        <Node id="2745"/>
        <Node id="2746"/>game<Node id="2750"/>,
        <Node id="2751"/>
        <Node id="2752"/>in
        <Node id="2754"/>
        <Node id="2755"/>which
        <Node id="2760"/>
        <Node id="2761"/>people
        <Node id="2767"/>
        <Node id="2768"/>begin
        <Node id="2773"/>
        <Node id="2774"/>cursing
        <Node id="2781"/>
        <Node id="2782"/>one
        <Node id="2785"/>
        <Node id="2786"/>another
        <Node id="2793"/>
        <Node id="2794"/>on
        <Node id="2796"/>
        <Node id="2797"/>Monday<Node id="2803"/>.
        <Node id="2804"/>
        <Node id="2805"/>And
        <Node id="2808"/>
        <Node id="2809"/>now<Node id="2812"/>,
        <Node id="2813"/>
        <Node id="2814"/>he
        <Node id="2816"/>
        <Node id="2817"/>says<Node id="2821"/>,
        <Node id="2822"/>
        <Node id="2823"/>God
        <Node id="2826"/>
        <Node id="2827"/>has
        <Node id="2830"/>
        <Node id="2831"/>abandoned
        <Node id="2840"/>
        <Node id="2841"/>the
        <Node id="2844"/>
        <Node id="2845"/>land<Node id="2849"/>,
        <Node id="2850"/>
        <Node id="2851"/>sending
        <Node id="2858"/>
        <Node id="2859"/>a
        <Node id="2860"/>
        <Node id="2861"/>great
        <Node id="2866"/>
        <Node id="2867"/>"<Node id="2868"/>derthe<Node id="2874"/>"
        <Node id="2875"/>
        <Node id="2876"/>that
        <Node id="2880"/>
        <Node id="2881"/>has
        <Node id="2884"/>
        <Node id="2885"/>caused
        <Node id="2891"/>
        <Node id="2892"/>a
        <Node id="2893"/>
        <Node id="2894"/>bushel
        <Node id="2900"/>
        <Node id="2901"/>of
        <Node id="2903"/>
        <Node id="2904"/>wheat
        <Node id="2909"/>
        <Node id="2910"/>to
        <Node id="2912"/>
        <Node id="2913"/>soar
        <Node id="2917"/>
        <Node id="2918"/>to
        <Node id="2920"/>
        <Node id="2921"/>"<Node id="2922"/>foure
        <Node id="2927"/>
        <Node id="2928"/>shillinges
        <Node id="2938"/>
        <Node id="2939"/>or
        <Node id="2941"/>
        <Node id="2942"/>more<Node id="2946"/>"
        <Node id="2947"/>
        <Node id="2948"/>(<Node id="2949"/>line
        <Node id="2953"/>
        <Node id="2954"/>393<Node id="2957"/>)<Node id="2958"/>.
        <Node id="2959"/>
        <Node id="2960"/>Wr
        <Node id="2962"/>
        <Node id="2963"/>regards
        <Node id="2970"/>
        <Node id="2971"/>this
        <Node id="2975"/>
        <Node id="2976"/>as
        <Node id="2978"/>
        <Node id="2979"/>a
        <Node id="2980"/>
        <Node id="2981"/>reference
        <Node id="2990"/>
        <Node id="2991"/>to
        <Node id="2993"/>
        <Node id="2994"/>the
        <Node id="2997"/>
        <Node id="2998"/>great
        <Node id="3003"/>
        <Node id="3004"/>famine
        <Node id="3010"/>
        <Node id="3011"/>of
        <Node id="3013"/>
        <Node id="3014"/>1315
        <Node id="3018"/>
        <Node id="3019"/>and
        <Node id="3022"/>
        <Node id="3023"/>its
        <Node id="3026"/>
        <Node id="3027"/>consequences<Node id="3039"/>.
        <Node id="3040"/>
        <Node id="3041"/>The
        <Node id="3044"/>
        <Node id="3045"/>poem
        <Node id="3049"/>
        <Node id="3050"/>contains
        <Node id="3058"/>
        <Node id="3059"/>colorful
        <Node id="3067"/>
        <Node id="3068"/>language<Node id="3076"/>,
        <Node id="3077"/>
        <Node id="3078"/>snatches
        <Node id="3086"/>
        <Node id="3087"/>of
        <Node id="3089"/>
        <Node id="3090"/>song<Node id="3094"/>,
        <Node id="3095"/>
        <Node id="3096"/>and
        <Node id="3099"/>
        <Node id="3100"/>proverbs<Node id="3108"/>.
        <Node id="3109"/>
        <Node id="3110"/>The
        <Node id="3113"/>
        <Node id="3114"/>new
        <Node id="3117"/>
        <Node id="3118"/>parson<Node id="3124"/>,
        <Node id="3125"/>
        <Node id="3126"/>rather
        <Node id="3132"/>
        <Node id="3133"/>than
        <Node id="3137"/>
        <Node id="3138"/>reading
        <Node id="3145"/>
        <Node id="3146"/>the
        <Node id="3149"/>
        <Node id="3150"/>Bible<Node id="3155"/>,
        <Node id="3156"/>
        <Node id="3157"/>"<Node id="3158"/>rat
        <Node id="3161"/>
        <Node id="3162"/>on
        <Node id="3164"/>
        <Node id="3165"/>the
        <Node id="3168"/>
        <Node id="3169"/>rouwe-bible<Node id="3180"/>"
        <Node id="3181"/>
        <Node id="3182"/>(<Node id="3183"/>"<Node id="3184"/>reads<Node id="3189"/>"
        <Node id="3190"/>
        <Node id="3191"/>the
        <Node id="3194"/>
        <Node id="3195"/>fiddle
        <Node id="3201"/>
        <Node id="3202"/>[<Node id="3203"/>line
        <Node id="3207"/>
        <Node id="3208"/>88<Node id="3210"/>]<Node id="3211"/>)<Node id="3212"/>;
        <Node id="3213"/>
        <Node id="3214"/>he
        <Node id="3216"/>
        <Node id="3217"/>will
        <Node id="3221"/>
        <Node id="3222"/>discharge
        <Node id="3231"/>
        <Node id="3232"/>"<Node id="3233"/>a
        <Node id="3234"/>
        <Node id="3235"/>prest
        <Node id="3240"/>
        <Node id="3241"/>of
        <Node id="3243"/>
        <Node id="3244"/>clene
        <Node id="3249"/>
        <Node id="3250"/>lyf<Node id="3253"/>"
        <Node id="3254"/>
        <Node id="3255"/>and
        <Node id="3258"/>
        <Node id="3259"/>then
        <Node id="3263"/>
        <Node id="3264"/>replace
        <Node id="3271"/>
        <Node id="3272"/>him
        <Node id="3275"/>
        <Node id="3276"/>with
        <Node id="3280"/>
        <Node id="3281"/>"<Node id="3282"/>a
        <Node id="3283"/>
        <Node id="3284"/>daffe<Node id="3289"/>"
        <Node id="3290"/>
        <Node id="3291"/>(<Node id="3292"/>lines
        <Node id="3297"/>
        <Node id="3298"/>97<Node id="3300"/>,
        <Node id="3301"/>
        <Node id="3302"/>99<Node id="3304"/>)<Node id="3305"/>.
        <Node id="3306"/>
        <Node id="3307"/>A
        <Node id="3308"/>
        <Node id="3309"/>wanton
        <Node id="3315"/>
        <Node id="3316"/>priest
        <Node id="3322"/>
        <Node id="3323"/>will
        <Node id="3327"/>
        <Node id="3328"/>provide
        <Node id="3335"/>
        <Node id="3336"/>himself
        <Node id="3343"/>
        <Node id="3344"/>with
        <Node id="3348"/>
        <Node id="3349"/>"<Node id="3350"/>a
        <Node id="3351"/>
        <Node id="3352"/>gay
        <Node id="3355"/>
        <Node id="3356"/>wench
        <Node id="3361"/>
        <Node id="3362"/>of
        <Node id="3364"/>
        <Node id="3365"/>the
        <Node id="3368"/>
        <Node id="3369"/>newe
        <Node id="3373"/>
        <Node id="3374"/>jet<Node id="3377"/>"
        <Node id="3378"/>
        <Node id="3379"/>and<Node id="3382"/>,
        <Node id="3383"/>
        <Node id="3384"/>"<Node id="3385"/>when
        <Node id="3389"/>
        <Node id="3390"/>the
        <Node id="3393"/>
        <Node id="3394"/>candel
        <Node id="3400"/>
        <Node id="3401"/>is
        <Node id="3403"/>
        <Node id="3404"/>oute<Node id="3408"/>,<Node id="3409"/>"
        <Node id="3410"/>
        <Node id="3411"/>"<Node id="3412"/>clateren
        <Node id="3420"/>
        <Node id="3421"/>cumpelin<Node id="3429"/>"
        <Node id="3430"/>
        <Node id="3431"/>(<Node id="3432"/>"<Node id="3433"/>recite
        <Node id="3439"/>
        <Node id="3440"/>compline<Node id="3448"/>"
        <Node id="3449"/>
        <Node id="3450"/>[<Node id="3451"/>lines
        <Node id="3456"/>
        <Node id="3457"/>118<Node id="3460"/>-<Node id="3461"/>20<Node id="3463"/>]<Node id="3464"/>)<Node id="3465"/>.
        <Node id="3466"/>
    </TextWithNodes>
    <!-- The default annotation set -->

    <AnnotationSet>
        <Annotation Id="0" Type="Sentence" StartNode="0" EndNode="3466">
        </Annotation>
        <Annotation Id="1" Type="Token" StartNode="0" EndNode="2">
            <Feature>
                <Name className="java.lang.String">length</Name>
                <Value className="java.lang.String">2</Value>
            </Feature>
            <Feature>
                <Name className="java.lang.String">orth</Name>
                <Value className="java.lang.String">upperInitial</Value>
            </Feature>
            <Feature>
                <Name className="java.lang.String">string</Name>
                <Value className="java.lang.String">In</Value>
            </Feature>
            <Feature>
                <Name className="java.lang.String">category</Name>
                <Value className="java.lang.String">IN</Value>
            </Feature>
            <Feature>
                <Name className="java.lang.String">kind</Name>
                <Value className="java.lang.String">word</Value>
            </Feature>
        </Annotation>
        <Annotation Id="2" Type="SpaceToken" StartNode="2" EndNode="3">
            <Feature>
                <Name className="java.lang.String">string</Name>
                <Value className="java.lang.String"></Value>
            </Feature>
            <Feature>
                <Name className="java.lang.String">length</Name>
                <Value className="java.lang.String">1</Value>
            </Feature>
            <Feature>
                <Name className="java.lang.String">kind</Name>
                <Value className="java.lang.String">space</Value>
            </Feature>
        </Annotation>
        <Annotation Id="3" Type="Token" StartNode="3" EndNode="7">
            <Feature>
                <Name className="java.lang.String">length</Name>
                <Value className="java.lang.String">4</Value>
            </Feature>
            <Feature>
                <Name className="java.lang.String">orth</Name>
                <Value className="java.lang.String">lowercase</Value>
            </Feature>
            <Feature>
                <Name className="java.lang.String">string</Name>
                <Value className="java.lang.String">this</Value>
            </Feature>
            <Feature>
                <Name className="java.lang.String">category</Name>
                <Value className="java.lang.String">DT</Value>
            </Feature>
            <Feature>
                <Name className="java.lang.String">kind</Name>
                <Value className="java.lang.String">word</Value>
            </Feature>
        </Annotation>
        <Annotation Id="4" Type="SpaceToken" StartNode="7" EndNode="8">
            <Feature>
                <Name className="java.lang.String">string</Name>
                <Value className="java.lang.String"></Value>
            </Feature>
            <Feature>
                <Name className="java.lang.String">length</Name>
                <Value className="java.lang.String">1</Value>
            </Feature>
            <Feature>
                <Name className="java.lang.String">kind</Name>
                <Value className="java.lang.String">space</Value>
            </Feature>
        </Annotation>
        <Annotation Id="5" Type="Token" StartNode="8" EndNode="15">
            <Feature>
                <Name className="java.lang.String">length</Name>
                <Value className="java.lang.String">7</Value>
            </Feature>
            <Feature>
                <Name className="java.lang.String">orth</Name>
                <Value className="java.lang.String">lowercase</Value>
            </Feature>
            <Feature>
                <Name className="java.lang.String">string</Name>
                <Value className="java.lang.String">section</Value>
            </Feature>
            <Feature>
                <Name className="java.lang.String">category</Name>
                <Value className="java.lang.String">NN</Value>
            </Feature>
            <Feature>
                <Name className="java.lang.String">kind</Name>
                <Value className="java.lang.String">word</Value>
            </Feature>
        </Annotation>
        <Annotation Id="6" Type="SpaceToken" StartNode="15" EndNode="16">
            <Feature>
                <Name className="java.lang.String">string</Name>
                <Value className="java.lang.String"></Value>
            </Feature>
            <Feature>
                <Name className="java.lang.String">length</Name>
                <Value className="java.lang.String">1</Value>
            </Feature>
            <Feature>
                <Name className="java.lang.String">kind</Name>
                <Value className="java.lang.String">space</Value>
            </Feature>
        </Annotation>
        <Annotation Id="7" Type="Token" StartNode="16" EndNode="17">
            <Feature>
                <Name className="java.lang.String">length</Name>
                <Value className="java.lang.String">1</Value>
            </Feature>
            <Feature>
                <Name className="java.lang.String">orth</Name>
                <Value className="java.lang.String">upperInitial</Value>
            </Feature>
            <Feature>
                <Name className="java.lang.String">string</Name>
                <Value className="java.lang.String">I</Value>
            </Feature>
            <Feature>
                <Name className="java.lang.String">category</Name>
                <Value className="java.lang.String">PRP</Value>
            </Feature>
            <Feature>
                <Name className="java.lang.String">kind</Name>
                <Value className="java.lang.String">word</Value>
            </Feature>
        </Annotation>
        <Annotation Id="8" Type="SpaceToken" StartNode="17" EndNode="18">
            <Feature>
                <Name className="java.lang.String">string</Name>
                <Value className="java.lang.String"></Value>
            </Feature>
            <Feature>
                <Name className="java.lang.String">length</Name>
                <Value className="java.lang.String">1</Value>
            </Feature>
            <Feature>
                <Name className="java.lang.String">kind</Name>
                <Value className="java.lang.String">space</Value>
            </Feature>
        </Annotation>
        <Annotation Id="9" Type="Token" StartNode="18" EndNode="25">
            <Feature>
                <Name className="java.lang.String">length</Name>
                <Value className="java.lang.String">7</Value>
            </Feature>
            <Feature>
                <Name className="java.lang.String">orth</Name>
                <Value className="java.lang.String">lowercase</Value>
            </Feature>
            <Feature>
                <Name className="java.lang.String">string</Name>
                <Value className="java.lang.String">include</Value>
            </Feature>
            <Feature>
                <Name className="java.lang.String">category</Name>
                <Value className="java.lang.String">VBP</Value>
            </Feature>
            <Feature>
                <Name className="java.lang.String">kind</Name>
                <Value className="java.lang.String">word</Value>
            </Feature>
        </Annotation>
        <Annotation Id="10" Type="SpaceToken" StartNode="25" EndNode="26">
            <Feature>
                <Name className="java.lang.String">string</Name>
                <Value className="java.lang.String"></Value>
            </Feature>
            <Feature>
                <Name className="java.lang.String">length</Name>
                <Value className="java.lang.String">1</Value>
            </Feature>
            <Feature>
                <Name className="java.lang.String">kind</Name>
                <Value className="java.lang.String">space</Value>
            </Feature>
        </Annotation>
        <Annotation Id="11" Type="Token" StartNode="26" EndNode="28">
            <Feature>
                <Name className="java.lang.String">length</Name>
                <Value className="java.lang.String">2</Value>
            </Feature>
            <Feature>
                <Name className="java.lang.String">orth</Name>
                <Value className="java.lang.String">lowercase</Value>
            </Feature>
            <Feature>
                <Name className="java.lang.String">string</Name>
                <Value className="java.lang.String">an</Value>
            </Feature>
            <Feature>
                <Name className="java.lang.String">category</Name>
                <Value className="java.lang.String">DT</Value>
            </Feature>
            <Feature>
                <Name className="java.lang.String">kind</Name>
                <Value className="java.lang.String">word</Value>
            </Feature>
        </Annotation>
        <Annotation Id="12" Type="SpaceToken" StartNode="28" EndNode="29">
            <Feature>
                <Name className="java.lang.String">string</Name>
                <Value className="java.lang.String"></Value>
            </Feature>
            <Feature>
                <Name className="java.lang.String">length</Name>
                <Value className="java.lang.String">1</Value>
            </Feature>
            <Feature>
                <Name className="java.lang.String">kind</Name>
                <Value className="java.lang.String">space</Value>
            </Feature>
        </Annotation>
        <Annotation Id="13" Type="Token" StartNode="29" EndNode="36">
            <Feature>
                <Name className="java.lang.String">length</Name>
                <Value className="java.lang.String">7</Value>
            </Feature>
            <Feature>
                <Name className="java.lang.String">orth</Name>
                <Value className="java.lang.String">lowercase</Value>
            </Feature>
            <Feature>
                <Name className="java.lang.String">string</Name>
                <Value className="java.lang.String">example</Value>
            </Feature>
            <Feature>
                <Name className="java.lang.String">category</Name>
                <Value className="java.lang.String">NN</Value>
            </Feature>
            <Feature>
                <Name className="java.lang.String">kind</Name>
                <Value className="java.lang.String">word</Value>
            </Feature>
        </Annotation>
        <Annotation Id="14" Type="SpaceToken" StartNode="36" EndNode="37">
            <Feature>
                <Name className="java.lang.String">string</Name>
                <Value className="java.lang.String"></Value>
            </Feature>
            <Feature>
                <Name className="java.lang.String">length</Name>
                <Value className="java.lang.String">1</Value>
            </Feature>
            <Feature>
                <Name className="java.lang.String">kind</Name>
                <Value className="java.lang.String">space</Value>
            </Feature>
        </Annotation>
        <Annotation Id="15" Type="Token" StartNode="37" EndNode="39">
            <Feature>
                <Name className="java.lang.String">length</Name>
                <Value className="java.lang.String">2</Value>
            </Feature>
            <Feature>
                <Name className="java.lang.String">orth</Name>
                <Value className="java.lang.String">lowercase</Value>
            </Feature>
            <Feature>
                <Name className="java.lang.String">string</Name>
                <Value className="java.lang.String">of</Value>
            </Feature>
            <Feature>
                <Name className="java.lang.String">category</Name>
                <Value className="java.lang.String">IN</Value>
            </Feature>
            <Feature>
                <Name className="java.lang.String">kind</Name>
                <Value className="java.lang.String">word</Value>
            </Feature>
        </Annotation>
        <Annotation Id="16" Type="SpaceToken" StartNode="39" EndNode="40">
            <Feature>
                <Name className="java.lang.String">string</Name>
                <Value className="java.lang.String"></Value>
            </Feature>
            <Feature>
                <Name className="java.lang.String">length</Name>
                <Value className="java.lang.String">1</Value>
            </Feature>
            <Feature>
                <Name className="java.lang.String">kind</Name>
                <Value className="java.lang.String">space</Value>
            </Feature>
        </Annotation>
        <Annotation Id="17" Type="Token" StartNode="40" EndNode="44">
            <Feature>
                <Name className="java.lang.String">length</Name>
                <Value className="java.lang.String">4</Value>
            </Feature>
            <Feature>
                <Name className="java.lang.String">orth</Name>
                <Value className="java.lang.String">lowercase</Value>
            </Feature>
            <Feature>
                <Name className="java.lang.String">string</Name>
                <Value className="java.lang.String">this</Value>
            </Feature>
            <Feature>
                <Name className="java.lang.String">category</Name>
                <Value className="java.lang.String">DT</Value>
            </Feature>
            <Feature>
                <Name className="java.lang.String">kind</Name>
                <Value className="java.lang.String">word</Value>
            </Feature>
        </Annotation>
        <Annotation Id="18" Type="SpaceToken" StartNode="44" EndNode="45">
            <Feature>
                <Name className="java.lang.String">string</Name>
                <Value className="java.lang.String"></Value>
            </Feature>
            <Feature>
                <Name className="java.lang.String">length</Name>
                <Value className="java.lang.String">1</Value>
            </Feature>
            <Feature>
                <Name className="java.lang.String">kind</Name>
                <Value className="java.lang.String">space</Value>
            </Feature>
        </Annotation>
        <Annotation Id="19" Type="Token" StartNode="45" EndNode="50">
            <Feature>
                <Name className="java.lang.String">length</Name>
                <Value className="java.lang.String">5</Value>
            </Feature>
            <Feature>
                <Name className="java.lang.String">orth</Name>
                <Value className="java.lang.String">upperInitial</Value>
            </Feature>
            <Feature>
                <Name className="java.lang.String">string</Name>
                <Value className="java.lang.String">Latin</Value>
            </Feature>
            <Feature>
                <Name className="java.lang.String">category</Name>
                <Value className="java.lang.String">NNP</Value>
            </Feature>
            <Feature>
                <Name className="java.lang.String">kind</Name>
                <Value className="java.lang.String">word</Value>
            </Feature>
        </Annotation>
        <Annotation Id="20" Type="SpaceToken" StartNode="50" EndNode="51">
            <Feature>
                <Name className="java.lang.String">string</Name>
                <Value className="java.lang.String"></Value>
            </Feature>
            <Feature>
                <Name className="java.lang.String">length</Name>
                <Value className="java.lang.String">1</Value>
            </Feature>
            <Feature>
                <Name className="java.lang.String">kind</Name>
                <Value className="java.lang.String">space</Value>
            </Feature>
        </Annotation>
        <Annotation Id="21" Type="Token" StartNode="51" EndNode="56">
            <Feature>
                <Name className="java.lang.String">length</Name>
                <Value className="java.lang.String">5</Value>
            </Feature>
            <Feature>
                <Name className="java.lang.String">orth</Name>
                <Value className="java.lang.String">lowercase</Value>
            </Feature>
            <Feature>
                <Name className="java.lang.String">string</Name>
                <Value className="java.lang.String">verse</Value>
            </Feature>
            <Feature>
                <Name className="java.lang.String">category</Name>
                <Value className="java.lang.String">NN</Value>
            </Feature>
            <Feature>
                <Name className="java.lang.String">kind</Name>
                <Value className="java.lang.String">word</Value>
            </Feature>
        </Annotation>
        <Annotation Id="22" Type="Token" StartNode="56" EndNode="57">
            <Feature>
                <Name className="java.lang.String">length</Name>
                <Value className="java.lang.String">1</Value>
            </Feature>
            <Feature>
                <Name className="java.lang.String">string</Name>
                <Value className="java.lang.String">,</Value>
            </Feature>
            <Feature>
                <Name className="java.lang.String">category</Name>
                <Value className="java.lang.String">,</Value>
            </Feature>
            <Feature>
                <Name className="java.lang.String">kind</Name>
                <Value className="java.lang.String">punctuation</Value>
            </Feature>
        </Annotation>
        <Annotation Id="23" Type="SpaceToken" StartNode="57" EndNode="58">
            <Feature>
                <Name className="java.lang.String">string</Name>
                <Value className="java.lang.String"></Value>
            </Feature>
            <Feature>
                <Name className="java.lang.String">length</Name>
                <Value className="java.lang.String">1</Value>
            </Feature>
            <Feature>
                <Name className="java.lang.String">kind</Name>
                <Value className="java.lang.String">space</Value>
            </Feature>
        </Annotation>
        <Annotation Id="24" Type="Token" StartNode="58" EndNode="63">
            <Feature>
                <Name className="java.lang.String">length</Name>
                <Value className="java.lang.String">5</Value>
            </Feature>
            <Feature>
                <Name className="java.lang.String">orth</Name>
                <Value className="java.lang.String">lowercase</Value>
            </Feature>
            <Feature>
                <Name className="java.lang.String">string</Name>
                <Value className="java.lang.String">which</Value>
            </Feature>
            <Feature>
                <Name className="java.lang.String">category</Name>
                <Value className="java.lang.String">WDT</Value>
            </Feature>
            <Feature>
                <Name className="java.lang.String">kind</Name>
                <Value className="java.lang.String">word</Value>
            </Feature>
        </Annotation>
        <Annotation Id="25" Type="SpaceToken" StartNode="63" EndNode="64">
            <Feature>
                <Name className="java.lang.String">string</Name>
                <Value className="java.lang.String"></Value>
            </Feature>
            <Feature>
                <Name className="java.lang.String">length</Name>
                <Value className="java.lang.String">1</Value>
            </Feature>
            <Feature>
                <Name className="java.lang.String">kind</Name>
                <Value className="java.lang.String">space</Value>
            </Feature>
        </Annotation>
        <Annotation Id="26" Type="Token" StartNode="64" EndNode="70">
            <Feature>
                <Name className="java.lang.String">length</Name>
                <Value className="java.lang.String">6</Value>
            </Feature>
            <Feature>
                <Name className="java.lang.String">orth</Name>
                <Value className="java.lang.String">lowercase</Value>
            </Feature>
            <Feature>
                <Name className="java.lang.String">string</Name>
                <Value className="java.lang.String">begins</Value>
            </Feature>
            <Feature>
                <Name className="java.lang.String">category</Name>
                <Value className="java.lang.String">VBZ</Value>
            </Feature>
            <Feature>
                <Name className="java.lang.String">kind</Name>
                <Value className="java.lang.String">word</Value>
            </Feature>
        </Annotation>
        <Annotation Id="27" Type="SpaceToken" StartNode="70" EndNode="71">
            <Feature>
                <Name className="java.lang.String">string</Name>
                <Value className="java.lang.String"></Value>
            </Feature>
            <Feature>
                <Name className="java.lang.String">length</Name>
                <Value className="java.lang.String">1</Value>
            </Feature>
            <Feature>
                <Name className="java.lang.String">kind</Name>
                <Value className="java.lang.String">space</Value>
            </Feature>
        </Annotation>
        <Annotation Id="28" Type="Token" StartNode="71" EndNode="76">
            <Feature>
                <Name className="java.lang.String">length</Name>
                <Value className="java.lang.String">5</Value>
            </Feature>
            <Feature>
                <Name className="java.lang.String">orth</Name>
                <Value className="java.lang.String">upperInitial</Value>
            </Feature>
            <Feature>
                <Name className="java.lang.String">string</Name>
                <Value className="java.lang.String">Beati</Value>
            </Feature>
            <Feature>
                <Name className="java.lang.String">category</Name>
                <Value className="java.lang.String">NNP</Value>
            </Feature>
            <Feature>
                <Name className="java.lang.String">kind</Name>
                <Value className="java.lang.String">word</Value>
            </Feature>
        </Annotation>
        <Annotation Id="29" Type="SpaceToken" StartNode="76" EndNode="77">
            <Feature>
                <Name className="java.lang.String">string</Name>
                <Value className="java.lang.String"></Value>
            </Feature>
            <Feature>
                <Name className="java.lang.String">length</Name>
                <Value className="java.lang.String">1</Value>
            </Feature>
            <Feature>
                <Name className="java.lang.String">kind</Name>
                <Value className="java.lang.String">space</Value>
            </Feature>
        </Annotation>
        <Annotation Id="30" Type="Token" StartNode="77" EndNode="80">
            <Feature>
                <Name className="java.lang.String">length</Name>
                <Value className="java.lang.String">3</Value>
            </Feature>
            <Feature>
                <Name className="java.lang.String">orth</Name>
                <Value className="java.lang.String">lowercase</Value>
            </Feature>
            <Feature>
                <Name className="java.lang.String">string</Name>
                <Value className="java.lang.String">qui</Value>
            </Feature>
            <Feature>
                <Name className="java.lang.String">category</Name>
                <Value className="java.lang.String">NN</Value>
            </Feature>
            <Feature>
                <Name className="java.lang.String">kind</Name>
                <Value className="java.lang.String">word</Value>
            </Feature>
        </Annotation>
        <Annotation Id="31" Type="SpaceToken" StartNode="80" EndNode="81">
            <Feature>
                <Name className="java.lang.String">string</Name>
                <Value className="java.lang.String"></Value>
            </Feature>
            <Feature>
                <Name className="java.lang.String">length</Name>
                <Value className="java.lang.String">1</Value>
            </Feature>
            <Feature>
                <Name className="java.lang.String">kind</Name>
                <Value className="java.lang.String">space</Value>
            </Feature>
        </Annotation>
        <Annotation Id="32" Type="Token" StartNode="81" EndNode="89">
            <Feature>
                <Name className="java.lang.String">length</Name>
                <Value className="java.lang.String">8</Value>
            </Feature>
            <Feature>
                <Name className="java.lang.String">orth</Name>
                <Value className="java.lang.String">lowercase</Value>
            </Feature>
            <Feature>
                <Name className="java.lang.String">string</Name>
                <Value className="java.lang.String">esuriunt</Value>
            </Feature>
            <Feature>
                <Name className="java.lang.String">category</Name>
                <Value className="java.lang.String">NN</Value>
            </Feature>
            <Feature>
                <Name className="java.lang.String">kind</Name>
                <Value className="java.lang.String">word</Value>
            </Feature>
        </Annotation>
        <Annotation Id="33" Type="SpaceToken" StartNode="89" EndNode="90">
            <Feature>
                <Name className="java.lang.String">string</Name>
                <Value className="java.lang.String"></Value>
            </Feature>
            <Feature>
                <Name className="java.lang.String">length</Name>
                <Value className="java.lang.String">1</Value>
            </Feature>
            <Feature>
                <Name className="java.lang.String">kind</Name>
                <Value className="java.lang.String">space</Value>
            </Feature>
        </Annotation>
        <Annotation Id="34" Type="Token" StartNode="90" EndNode="91">
            <Feature>
                <Name className="java.lang.String">length</Name>
                <Value className="java.lang.String">1</Value>
            </Feature>
            <Feature>
                <Name className="java.lang.String">string</Name>
                <Value className="java.lang.String">/</Value>
            </Feature>
            <Feature>
                <Name className="java.lang.String">category</Name>
                <Value className="java.lang.String">NN</Value>
            </Feature>
            <Feature>
                <Name className="java.lang.String">kind</Name>
                <Value className="java.lang.String">punctuation</Value>
            </Feature>
        </Annotation>
        <Annotation Id="35" Type="SpaceToken" StartNode="91" EndNode="92">
            <Feature>
                <Name className="java.lang.String">string</Name>
                <Value className="java.lang.String"></Value>
            </Feature>
            <Feature>
                <Name className="java.lang.String">length</Name>
                <Value className="java.lang.String">1</Value>
            </Feature>
            <Feature>
                <Name className="java.lang.String">kind</Name>
                <Value className="java.lang.String">space</Value>
            </Feature>
        </Annotation>
        <Annotation Id="36" Type="Token" StartNode="92" EndNode="94">
            <Feature>
                <Name className="java.lang.String">length</Name>
                <Value className="java.lang.String">2</Value>
            </Feature>
            <Feature>
                <Name className="java.lang.String">orth</Name>
                <Value className="java.lang.String">upperInitial</Value>
            </Feature>
            <Feature>
                <Name className="java.lang.String">string</Name>
                <Value className="java.lang.String">Et</Value>
            </Feature>
            <Feature>
                <Name className="java.lang.String">category</Name>
                <Value className="java.lang.String">NNP</Value>
            </Feature>
            <Feature>
                <Name className="java.lang.String">kind</Name>
                <Value className="java.lang.String">word</Value>
            </Feature>
        </Annotation>
        <Annotation Id="37" Type="SpaceToken" StartNode="94" EndNode="95">
            <Feature>
                <Name className="java.lang.String">string</Name>
                <Value className="java.lang.String"></Value>
            </Feature>
            <Feature>
                <Name className="java.lang.String">length</Name>
                <Value className="java.lang.String">1</Value>
            </Feature>
            <Feature>
                <Name className="java.lang.String">kind</Name>
                <Value className="java.lang.String">space</Value>
            </Feature>
        </Annotation>
        <Annotation Id="38" Type="Token" StartNode="95" EndNode="102">
            <Feature>
                <Name className="java.lang.String">length</Name>
                <Value className="java.lang.String">7</Value>
            </Feature>
            <Feature>
                <Name className="java.lang.String">orth</Name>
                <Value className="java.lang.String">lowercase</Value>
            </Feature>
            <Feature>
                <Name className="java.lang.String">string</Name>
                <Value className="java.lang.String">sitiunt</Value>
            </Feature>
            <Feature>
                <Name className="java.lang.String">category</Name>
                <Value className="java.lang.String">NN</Value>
            </Feature>
            <Feature>
                <Name className="java.lang.String">kind</Name>
                <Value className="java.lang.String">word</Value>
            </Feature>
        </Annotation>
        <Annotation Id="39" Type="SpaceToken" StartNode="102" EndNode="103">
            <Feature>
                <Name className="java.lang.String">string</Name>
                <Value className="java.lang.String"></Value>
            </Feature>
            <Feature>
                <Name className="java.lang.String">length</Name>
                <Value className="java.lang.String">1</Value>
            </Feature>
            <Feature>
                <Name className="java.lang.String">kind</Name>
                <Value className="java.lang.String">space</Value>
            </Feature>
        </Annotation>
        <Annotation Id="40" Type="Token" StartNode="103" EndNode="104">
            <Feature>
                <Name className="java.lang.String">length</Name>
                <Value className="java.lang.String">1</Value>
            </Feature>
            <Feature>
                <Name className="java.lang.String">position</Name>
                <Value className="java.lang.String">startpunct</Value>
            </Feature>
            <Feature>
                <Name className="java.lang.String">string</Name>
                <Value className="java.lang.String">(</Value>
            </Feature>
            <Feature>
                <Name className="java.lang.String">category</Name>
                <Value className="java.lang.String">(</Value>
            </Feature>
            <Feature>
                <Name className="java.lang.String">kind</Name>
                <Value className="java.lang.String">punctuation</Value>
            </Feature>
        </Annotation>
        <Annotation Id="41" Type="Token" StartNode="104" EndNode="108">
            <Feature>
                <Name className="java.lang.String">length</Name>
                <Value className="java.lang.String">4</Value>
            </Feature>
            <Feature>
                <Name className="java.lang.String">orth</Name>
                <Value className="java.lang.String">lowercase</Value>
            </Feature>
            <Feature>
                <Name className="java.lang.String">string</Name>
                <Value className="java.lang.String">from</Value>
            </Feature>
            <Feature>
                <Name className="java.lang.String">category</Name>
                <Value className="java.lang.String">IN</Value>
            </Feature>
            <Feature>
                <Name className="java.lang.String">kind</Name>
                <Value className="java.lang.String">word</Value>
            </Feature>
        </Annotation>
        <Annotation Id="42" Type="SpaceToken" StartNode="108" EndNode="109">
            <Feature>
                <Name className="java.lang.String">string</Name>
                <Value className="java.lang.String"></Value>
            </Feature>
            <Feature>
                <Name className="java.lang.String">length</Name>
                <Value className="java.lang.String">1</Value>
            </Feature>
            <Feature>
                <Name className="java.lang.String">kind</Name>
                <Value className="java.lang.String">space</Value>
            </Feature>
        </Annotation>
        <Annotation Id="43" Type="Token" StartNode="109" EndNode="116">
            <Feature>
                <Name className="java.lang.String">length</Name>
                <Value className="java.lang.String">7</Value>
            </Feature>
            <Feature>
                <Name className="java.lang.String">orth</Name>
                <Value className="java.lang.String">upperInitial</Value>
            </Feature>
            <Feature>
                <Name className="java.lang.String">string</Name>
                <Value className="java.lang.String">British</Value>
            </Feature>
            <Feature>
                <Name className="java.lang.String">category</Name>
                <Value className="java.lang.String">NNP</Value>
            </Feature>
            <Feature>
                <Name className="java.lang.String">kind</Name>
                <Value className="java.lang.String">word</Value>
            </Feature>
        </Annotation>
        <Annotation Id="44" Type="SpaceToken" StartNode="116" EndNode="117">
            <Feature>
                <Name className="java.lang.String">string</Name>
                <Value className="java.lang.String"></Value>
            </Feature>
            <Feature>
                <Name className="java.lang.String">length</Name>
                <Value className="java.lang.String">1</Value>
            </Feature>
            <Feature>
                <Name className="java.lang.String">kind</Name>
                <Value className="java.lang.String">space</Value>
            </Feature>
        </Annotation>
        <Annotation Id="45" Type="Token" StartNode="117" EndNode="124">
            <Feature>
                <Name className="java.lang.String">length</Name>
                <Value className="java.lang.String">7</Value>
            </Feature>
            <Feature>
                <Name className="java.lang.String">orth</Name>
                <Value className="java.lang.String">upperInitial</Value>
            </Feature>
            <Feature>
                <Name className="java.lang.String">string</Name>
                <Value className="java.lang.String">Library</Value>
            </Feature>
            <Feature>
                <Name className="java.lang.String">category</Name>
                <Value className="java.lang.String">NNP</Value>
            </Feature>
            <Feature>
                <Name className="java.lang.String">kind</Name>
                <Value className="java.lang.String">word</Value>
            </Feature>
        </Annotation>
        <Annotation Id="46" Type="SpaceToken" StartNode="124" EndNode="125">
            <Feature>
                <Name className="java.lang.String">string</Name>
                <Value className="java.lang.String"></Value>
            </Feature>
            <Feature>
                <Name className="java.lang.String">length</Name>
                <Value className="java.lang.String">1</Value>
            </Feature>
            <Feature>
                <Name className="java.lang.String">kind</Name>
                <Value className="java.lang.String">space</Value>
            </Feature>
        </Annotation>
        <Annotation Id="47" Type="Token" StartNode="125" EndNode="127">
            <Feature>
                <Name className="java.lang.String">length</Name>
                <Value className="java.lang.String">2</Value>
            </Feature>
            <Feature>
                <Name className="java.lang.String">orth</Name>
                <Value className="java.lang.String">allCaps</Value>
            </Feature>
            <Feature>
                <Name className="java.lang.String">string</Name>
                <Value className="java.lang.String">MS</Value>
            </Feature>
            <Feature>
                <Name className="java.lang.String">category</Name>
                <Value className="java.lang.String">NNP</Value>
            </Feature>
            <Feature>
                <Name className="java.lang.String">kind</Name>
                <Value className="java.lang.String">word</Value>
            </Feature>
        </Annotation>
        <Annotation Id="48" Type="SpaceToken" StartNode="127" EndNode="128">
            <Feature>
                <Name className="java.lang.String">string</Name>
                <Value className="java.lang.String"></Value>
            </Feature>
            <Feature>
                <Name className="java.lang.String">length</Name>
                <Value className="java.lang.String">1</Value>
            </Feature>
            <Feature>
                <Name className="java.lang.String">kind</Name>
                <Value className="java.lang.String">space</Value>
            </Feature>
        </Annotation>
        <Annotation Id="49" Type="Token" StartNode="128" EndNode="134">
            <Feature>
                <Name className="java.lang.String">length</Name>
                <Value className="java.lang.String">6</Value>
            </Feature>
            <Feature>
                <Name className="java.lang.String">orth</Name>
                <Value className="java.lang.String">upperInitial</Value>
            </Feature>
            <Feature>
                <Name className="java.lang.String">string</Name>
                <Value className="java.lang.String">Harley</Value>
            </Feature>
            <Feature>
                <Name className="java.lang.String">category</Name>
                <Value className="java.lang.String">NNP</Value>
            </Feature>
            <Feature>
                <Name className="java.lang.String">kind</Name>
                <Value className="java.lang.String">word</Value>
            </Feature>
        </Annotation>
        <Annotation Id="50" Type="SpaceToken" StartNode="134" EndNode="135">
            <Feature>
                <Name className="java.lang.String">string</Name>
                <Value className="java.lang.String"></Value>
            </Feature>
            <Feature>
                <Name className="java.lang.String">length</Name>
                <Value className="java.lang.String">1</Value>
            </Feature>
            <Feature>
                <Name className="java.lang.String">kind</Name>
                <Value className="java.lang.String">space</Value>
            </Feature>
        </Annotation>
        <Annotation Id="51" Type="Token" StartNode="135" EndNode="138">
            <Feature>
                <Name className="java.lang.String">length</Name>
                <Value className="java.lang.String">3</Value>
            </Feature>
            <Feature>
                <Name className="java.lang.String">string</Name>
                <Value className="java.lang.String">913</Value>
            </Feature>
            <Feature>
                <Name className="java.lang.String">category</Name>
                <Value className="java.lang.String">CD</Value>
            </Feature>
            <Feature>
                <Name className="java.lang.String">kind</Name>
                <Value className="java.lang.String">number</Value>
            </Feature>
        </Annotation>
        <Annotation Id="52" Type="SpaceToken" StartNode="138" EndNode="139">
            <Feature>
                <Name className="java.lang.String">string</Name>
                <Value className="java.lang.String"></Value>
            </Feature>
            <Feature>
                <Name className="java.lang.String">length</Name>
                <Value className="java.lang.String">1</Value>
            </Feature>
            <Feature>
                <Name className="java.lang.String">kind</Name>
                <Value className="java.lang.String">space</Value>
            </Feature>
        </Annotation>
        <Annotation Id="53" Type="Token" StartNode="139" EndNode="142">
            <Feature>
                <Name className="java.lang.String">length</Name>
                <Value className="java.lang.String">3</Value>
            </Feature>
            <Feature>
                <Name className="java.lang.String">orth</Name>
                <Value className="java.lang.String">lowercase</Value>
            </Feature>
            <Feature>
                <Name className="java.lang.String">string</Name>
                <Value className="java.lang.String">fol</Value>
            </Feature>
            <Feature>
                <Name className="java.lang.String">category</Name>
                <Value className="java.lang.String">NN</Value>
            </Feature>
            <Feature>
                <Name className="java.lang.String">kind</Name>
                <Value className="java.lang.String">word</Value>
            </Feature>
        </Annotation>
        <Annotation Id="54" Type="Token" StartNode="142" EndNode="143">
            <Feature>
                <Name className="java.lang.String">length</Name>
                <Value className="java.lang.String">1</Value>
            </Feature>
            <Feature>
                <Name className="java.lang.String">string</Name>
                <Value className="java.lang.String">.</Value>
            </Feature>
            <Feature>
                <Name className="java.lang.String">category</Name>
                <Value className="java.lang.String">.</Value>
            </Feature>
            <Feature>
                <Name className="java.lang.String">kind</Name>
                <Value className="java.lang.String">punctuation</Value>
            </Feature>
        </Annotation>
        <Annotation Id="55" Type="SpaceToken" StartNode="143" EndNode="144">
            <Feature>
                <Name className="java.lang.String">string</Name>
                <Value className="java.lang.String"></Value>
            </Feature>
            <Feature>
                <Name className="java.lang.String">length</Name>
                <Value className="java.lang.String">1</Value>
            </Feature>
            <Feature>
                <Name className="java.lang.String">kind</Name>
                <Value className="java.lang.String">space</Value>
            </Feature>
        </Annotation>
        <Annotation Id="56" Type="Token" StartNode="144" EndNode="146">
            <Feature>
                <Name className="java.lang.String">length</Name>
                <Value className="java.lang.String">2</Value>
            </Feature>
            <Feature>
                <Name className="java.lang.String">string</Name>
                <Value className="java.lang.String">59</Value>
            </Feature>
            <Feature>
                <Name className="java.lang.String">category</Name>
                <Value className="java.lang.String">CD</Value>
            </Feature>
            <Feature>
                <Name className="java.lang.String">kind</Name>
                <Value className="java.lang.String">number</Value>
            </Feature>
        </Annotation>
        <Annotation Id="57" Type="Token" StartNode="146" EndNode="148">
            <Feature>
                <Name className="java.lang.String">length</Name>
                <Value className="java.lang.String">2</Value>
            </Feature>
            <Feature>
                <Name className="java.lang.String">orth</Name>
                <Value className="java.lang.String">lowercase</Value>
            </Feature>
            <Feature>
                <Name className="java.lang.String">string</Name>
                <Value className="java.lang.String">r-</Value>
            </Feature>
            <Feature>
                <Name className="java.lang.String">category</Name>
                <Value className="java.lang.String">NN</Value>
            </Feature>
            <Feature>
                <Name className="java.lang.String">kind</Name>
                <Value className="java.lang.String">word</Value>
            </Feature>
        </Annotation>
        <Annotation Id="58" Type="Token" StartNode="148" EndNode="150">
            <Feature>
                <Name className="java.lang.String">length</Name>
                <Value className="java.lang.String">2</Value>
            </Feature>
            <Feature>
                <Name className="java.lang.String">string</Name>
                <Value className="java.lang.String">59</Value>
            </Feature>
            <Feature>
                <Name className="java.lang.String">category</Name>
                <Value className="java.lang.String">CD</Value>
            </Feature>
            <Feature>
                <Name className="java.lang.String">kind</Name>
                <Value className="java.lang.String">number</Value>
            </Feature>
        </Annotation>
        <Annotation Id="59" Type="Token" StartNode="150" EndNode="151">
            <Feature>
                <Name className="java.lang.String">length</Name>
                <Value className="java.lang.String">1</Value>
            </Feature>
            <Feature>
                <Name className="java.lang.String">orth</Name>
                <Value className="java.lang.String">lowercase</Value>
            </Feature>
            <Feature>
                <Name className="java.lang.String">string</Name>
                <Value className="java.lang.String">v</Value>
            </Feature>
            <Feature>
                <Name className="java.lang.String">category</Name>
                <Value className="java.lang.String">NN</Value>
            </Feature>
            <Feature>
                <Name className="java.lang.String">kind</Name>
                <Value className="java.lang.String">word</Value>
            </Feature>
        </Annotation>
        <Annotation Id="60" Type="Token" StartNode="151" EndNode="152">
            <Feature>
                <Name className="java.lang.String">length</Name>
                <Value className="java.lang.String">1</Value>
            </Feature>
            <Feature>
                <Name className="java.lang.String">position</Name>
                <Value className="java.lang.String">endpunct</Value>
            </Feature>
            <Feature>
                <Name className="java.lang.String">string</Name>
                <Value className="java.lang.String">)</Value>
            </Feature>
            <Feature>
                <Name className="java.lang.String">category</Name>
                <Value className="java.lang.String">)</Value>
            </Feature>
            <Feature>
                <Name className="java.lang.String">kind</Name>
                <Value className="java.lang.String">punctuation</Value>
            </Feature>
        </Annotation>
        <Annotation Id="61" Type="Token" StartNode="152" EndNode="153">
            <Feature>
                <Name className="java.lang.String">length</Name>
                <Value className="java.lang.String">1</Value>
            </Feature>
            <Feature>
                <Name className="java.lang.String">string</Name>
                <Value className="java.lang.String">,</Value>
            </Feature>
            <Feature>
                <Name className="java.lang.String">category</Name>
                <Value className="java.lang.String">,</Value>
            </Feature>
            <Feature>
                <Name className="java.lang.String">kind</Name>
                <Value className="java.lang.String">punctuation</Value>
            </Feature>
        </Annotation>
        <Annotation Id="62" Type="SpaceToken" StartNode="153" EndNode="154">
            <Feature>
                <Name className="java.lang.String">string</Name>
                <Value className="java.lang.String"></Value>
            </Feature>
            <Feature>
                <Name className="java.lang.String">length</Name>
                <Value className="java.lang.String">1</Value>
            </Feature>
            <Feature>
                <Name className="java.lang.String">kind</Name>
                <Value className="java.lang.String">space</Value>
            </Feature>
        </Annotation>
        <Annotation Id="63" Type="Token" StartNode="154" EndNode="156">
            <Feature>
                <Name className="java.lang.String">length</Name>
                <Value className="java.lang.String">2</Value>
            </Feature>
            <Feature>
                <Name className="java.lang.String">orth</Name>
                <Value className="java.lang.String">lowercase</Value>
            </Feature>
            <Feature>
                <Name className="java.lang.String">string</Name>
                <Value className="java.lang.String">as</Value>
            </Feature>
            <Feature>
                <Name className="java.lang.String">category</Name>
                <Value className="java.lang.String">IN</Value>
            </Feature>
            <Feature>
                <Name className="java.lang.String">kind</Name>
                <Value className="java.lang.String">word</Value>
            </Feature>
        </Annotation>
        <Annotation Id="64" Type="SpaceToken" StartNode="156" EndNode="157">
            <Feature>
                <Name className="java.lang.String">string</Name>
                <Value className="java.lang.String"></Value>
            </Feature>
            <Feature>
                <Name className="java.lang.String">length</Name>
                <Value className="java.lang.String">1</Value>
            </Feature>
            <Feature>
                <Name className="java.lang.String">kind</Name>
                <Value className="java.lang.String">space</Value>
            </Feature>
        </Annotation>
        <Annotation Id="65" Type="Token" StartNode="157" EndNode="163">
            <Feature>
                <Name className="java.lang.String">length</Name>
                <Value className="java.lang.String">6</Value>
            </Feature>
            <Feature>
                <Name className="java.lang.String">orth</Name>
                <Value className="java.lang.String">lowercase</Value>
            </Feature>
            <Feature>
                <Name className="java.lang.String">string</Name>
                <Value className="java.lang.String">edited</Value>
            </Feature>
            <Feature>
                <Name className="java.lang.String">category</Name>
                <Value className="java.lang.String">JJ</Value>
            </Feature>
            <Feature>
                <Name className="java.lang.String">kind</Name>
                <Value className="java.lang.String">word</Value>
            </Feature>
        </Annotation>
        <Annotation Id="66" Type="SpaceToken" StartNode="163" EndNode="164">
            <Feature>
                <Name className="java.lang.String">string</Name>
                <Value className="java.lang.String"></Value>
            </Feature>
            <Feature>
                <Name className="java.lang.String">length</Name>
                <Value className="java.lang.String">1</Value>
            </Feature>
            <Feature>
                <Name className="java.lang.String">kind</Name>
                <Value className="java.lang.String">space</Value>
            </Feature>
        </Annotation>
        <Annotation Id="67" Type="Token" StartNode="164" EndNode="167">
            <Feature>
                <Name className="java.lang.String">length</Name>
                <Value className="java.lang.String">3</Value>
            </Feature>
            <Feature>
                <Name className="java.lang.String">orth</Name>
                <Value className="java.lang.String">lowercase</Value>
            </Feature>
            <Feature>
                <Name className="java.lang.String">string</Name>
                <Value className="java.lang.String">and</Value>
            </Feature>
            <Feature>
                <Name className="java.lang.String">category</Name>
                <Value className="java.lang.String">CC</Value>
            </Feature>
            <Feature>
                <Name className="java.lang.String">kind</Name>
                <Value className="java.lang.String">word</Value>
            </Feature>
        </Annotation>
        <Annotation Id="68" Type="SpaceToken" StartNode="167" EndNode="168">
            <Feature>
                <Name className="java.lang.String">string</Name>
                <Value className="java.lang.String"></Value>
            </Feature>
            <Feature>
                <Name className="java.lang.String">length</Name>
                <Value className="java.lang.String">1</Value>
            </Feature>
            <Feature>
                <Name className="java.lang.String">kind</Name>
                <Value className="java.lang.String">space</Value>
            </Feature>
        </Annotation>
        <Annotation Id="69" Type="Token" StartNode="168" EndNode="178">
            <Feature>
                <Name className="java.lang.String">length</Name>
                <Value className="java.lang.String">10</Value>
            </Feature>
            <Feature>
                <Name className="java.lang.String">orth</Name>
                <Value className="java.lang.String">lowercase</Value>
            </Feature>
            <Feature>
                <Name className="java.lang.String">string</Name>
                <Value className="java.lang.String">translated</Value>
            </Feature>
            <Feature>
                <Name className="java.lang.String">category</Name>
                <Value className="java.lang.String">VBN</Value>
            </Feature>
            <Feature>
                <Name className="java.lang.String">kind</Name>
                <Value className="java.lang.String">word</Value>
            </Feature>
        </Annotation>
        <Annotation Id="70" Type="SpaceToken" StartNode="178" EndNode="179">
            <Feature>
                <Name className="java.lang.String">string</Name>
                <Value className="java.lang.String"></Value>
            </Feature>
            <Feature>
                <Name className="java.lang.String">length</Name>
                <Value className="java.lang.String">1</Value>
            </Feature>
            <Feature>
                <Name className="java.lang.String">kind</Name>
                <Value className="java.lang.String">space</Value>
            </Feature>
        </Annotation>
        <Annotation Id="71" Type="Token" StartNode="179" EndNode="181">
            <Feature>
                <Name className="java.lang.String">length</Name>
                <Value className="java.lang.String">2</Value>
            </Feature>
            <Feature>
                <Name className="java.lang.String">orth</Name>
                <Value className="java.lang.String">lowercase</Value>
            </Feature>
            <Feature>
                <Name className="java.lang.String">string</Name>
                <Value className="java.lang.String">in</Value>
            </Feature>
            <Feature>
                <Name className="java.lang.String">category</Name>
                <Value className="java.lang.String">IN</Value>
            </Feature>
            <Feature>
                <Name className="java.lang.String">kind</Name>
                <Value className="java.lang.String">word</Value>
            </Feature>
        </Annotation>
        <Annotation Id="72" Type="SpaceToken" StartNode="181" EndNode="182">
            <Feature>
                <Name className="java.lang.String">string</Name>
                <Value className="java.lang.String"></Value>
            </Feature>
            <Feature>
                <Name className="java.lang.String">length</Name>
                <Value className="java.lang.String">1</Value>
            </Feature>
            <Feature>
                <Name className="java.lang.String">kind</Name>
                <Value className="java.lang.String">space</Value>
            </Feature>
        </Annotation>
        <Annotation Id="73" Type="Token" StartNode="182" EndNode="184">
            <Feature>
                <Name className="java.lang.String">length</Name>
                <Value className="java.lang.String">2</Value>
            </Feature>
            <Feature>
                <Name className="java.lang.String">orth</Name>
                <Value className="java.lang.String">upperInitial</Value>
            </Feature>
            <Feature>
                <Name className="java.lang.String">string</Name>
                <Value className="java.lang.String">Wr</Value>
            </Feature>
            <Feature>
                <Name className="java.lang.String">category</Name>
                <Value className="java.lang.String">NNP</Value>
            </Feature>
            <Feature>
                <Name className="java.lang.String">kind</Name>
                <Value className="java.lang.String">word</Value>
            </Feature>
        </Annotation>
        <Annotation Id="74" Type="SpaceToken" StartNode="184" EndNode="185">
            <Feature>
                <Name className="java.lang.String">string</Name>
                <Value className="java.lang.String"></Value>
            </Feature>
            <Feature>
                <Name className="java.lang.String">length</Name>
                <Value className="java.lang.String">1</Value>
            </Feature>
            <Feature>
                <Name className="java.lang.String">kind</Name>
                <Value className="java.lang.String">space</Value>
            </Feature>
        </Annotation>
        <Annotation Id="75" Type="Token" StartNode="185" EndNode="188">
            <Feature>
                <Name className="java.lang.String">length</Name>
                <Value className="java.lang.String">3</Value>
            </Feature>
            <Feature>
                <Name className="java.lang.String">orth</Name>
                <Value className="java.lang.String">allCaps</Value>
            </Feature>
            <Feature>
                <Name className="java.lang.String">string</Name>
                <Value className="java.lang.String">PSE</Value>
            </Feature>
            <Feature>
                <Name className="java.lang.String">category</Name>
                <Value className="java.lang.String">NNP</Value>
            </Feature>
            <Feature>
                <Name className="java.lang.String">kind</Name>
                <Value className="java.lang.String">word</Value>
            </Feature>
        </Annotation>
        <Annotation Id="76" Type="SpaceToken" StartNode="188" EndNode="189">
            <Feature>
                <Name className="java.lang.String">string</Name>
                <Value className="java.lang.String"></Value>
            </Feature>
            <Feature>
                <Name className="java.lang.String">length</Name>
                <Value className="java.lang.String">1</Value>
            </Feature>
            <Feature>
                <Name className="java.lang.String">kind</Name>
                <Value className="java.lang.String">space</Value>
            </Feature>
        </Annotation>
        <Annotation Id="77" Type="Token" StartNode="189" EndNode="191">
            <Feature>
                <Name className="java.lang.String">length</Name>
                <Value className="java.lang.String">2</Value>
            </Feature>
            <Feature>
                <Name className="java.lang.String">orth</Name>
                <Value className="java.lang.String">lowercase</Value>
            </Feature>
            <Feature>
                <Name className="java.lang.String">string</Name>
                <Value className="java.lang.String">pp</Value>
            </Feature>
            <Feature>
                <Name className="java.lang.String">category</Name>
                <Value className="java.lang.String">NN</Value>
            </Feature>
            <Feature>
                <Name className="java.lang.String">kind</Name>
                <Value className="java.lang.String">word</Value>
            </Feature>
        </Annotation>
        <Annotation Id="78" Type="Token" StartNode="191" EndNode="192">
            <Feature>
                <Name className="java.lang.String">length</Name>
                <Value className="java.lang.String">1</Value>
            </Feature>
            <Feature>
                <Name className="java.lang.String">string</Name>
                <Value className="java.lang.String">.</Value>
            </Feature>
            <Feature>
                <Name className="java.lang.String">category</Name>
                <Value className="java.lang.String">.</Value>
            </Feature>
            <Feature>
                <Name className="java.lang.String">kind</Name>
                <Value className="java.lang.String">punctuation</Value>
            </Feature>
        </Annotation>
        <Annotation Id="79" Type="SpaceToken" StartNode="192" EndNode="193">
            <Feature>
                <Name className="java.lang.String">string</Name>
                <Value className="java.lang.String"></Value>
            </Feature>
            <Feature>
                <Name className="java.lang.String">length</Name>
                <Value className="java.lang.String">1</Value>
            </Feature>
            <Feature>
                <Name className="java.lang.String">kind</Name>
                <Value className="java.lang.String">space</Value>
            </Feature>
        </Annotation>
        <Annotation Id="80" Type="Token" StartNode="193" EndNode="196">
            <Feature>
                <Name className="java.lang.String">length</Name>
                <Value className="java.lang.String">3</Value>
            </Feature>
            <Feature>
                <Name className="java.lang.String">string</Name>
                <Value className="java.lang.String">224</Value>
            </Feature>
            <Feature>
                <Name className="java.lang.String">category</Name>
                <Value className="java.lang.String">CD</Value>
            </Feature>
            <Feature>
                <Name className="java.lang.String">kind</Name>
                <Value className="java.lang.String">number</Value>
            </Feature>
        </Annotation>
        <Annotation Id="81" Type="Token" StartNode="196" EndNode="197">
            <Feature>
                <Name className="java.lang.String">length</Name>
                <Value className="java.lang.String">1</Value>
            </Feature>
            <Feature>
                <Name className="java.lang.String">string</Name>
                <Value className="java.lang.String">-</Value>
            </Feature>
            <Feature>
                <Name className="java.lang.String">category</Name>
                <Value className="java.lang.String">:</Value>
            </Feature>
            <Feature>
                <Name className="java.lang.String">kind</Name>
                <Value className="java.lang.String">punctuation</Value>
            </Feature>
            <Feature>
                <Name className="java.lang.String">subkind</Name>
                <Value className="java.lang.String">dashpunct</Value>
            </Feature>
        </Annotation>
        <Annotation Id="82" Type="Token" StartNode="197" EndNode="199">
            <Feature>
                <Name className="java.lang.String">length</Name>
                <Value className="java.lang.String">2</Value>
            </Feature>
            <Feature>
                <Name className="java.lang.String">string</Name>
                <Value className="java.lang.String">30</Value>
            </Feature>
            <Feature>
                <Name className="java.lang.String">category</Name>
                <Value className="java.lang.String">CD</Value>
            </Feature>
            <Feature>
                <Name className="java.lang.String">kind</Name>
                <Value className="java.lang.String">number</Value>
            </Feature>
        </Annotation>
        <Annotation Id="83" Type="Token" StartNode="199" EndNode="200">
            <Feature>
                <Name className="java.lang.String">length</Name>
                <Value className="java.lang.String">1</Value>
            </Feature>
            <Feature>
                <Name className="java.lang.String">string</Name>
                <Value className="java.lang.String">.</Value>
            </Feature>
            <Feature>
                <Name className="java.lang.String">category</Name>
                <Value className="java.lang.String">.</Value>
            </Feature>
            <Feature>
                <Name className="java.lang.String">kind</Name>
                <Value className="java.lang.String">punctuation</Value>
            </Feature>
        </Annotation>
        <Annotation Id="84" Type="SpaceToken" StartNode="200" EndNode="201">
            <Feature>
                <Name className="java.lang.String">string</Name>
                <Value className="java.lang.String"></Value>
            </Feature>
            <Feature>
                <Name className="java.lang.String">length</Name>
                <Value className="java.lang.String">1</Value>
            </Feature>
            <Feature>
                <Name className="java.lang.String">kind</Name>
                <Value className="java.lang.String">space</Value>
            </Feature>
        </Annotation>
        <Annotation Id="85" Type="Token" StartNode="201" EndNode="205">
            <Feature>
                <Name className="java.lang.String">length</Name>
                <Value className="java.lang.String">4</Value>
            </Feature>
            <Feature>
                <Name className="java.lang.String">orth</Name>
                <Value className="java.lang.String">upperInitial</Value>
            </Feature>
            <Feature>
                <Name className="java.lang.String">string</Name>
                <Value className="java.lang.String">This</Value>
            </Feature>
            <Feature>
                <Name className="java.lang.String">category</Name>
                <Value className="java.lang.String">DT</Value>
            </Feature>
            <Feature>
                <Name className="java.lang.String">kind</Name>
                <Value className="java.lang.String">word</Value>
            </Feature>
        </Annotation>
        <Annotation Id="86" Type="SpaceToken" StartNode="205" EndNode="206">
            <Feature>
                <Name className="java.lang.String">string</Name>
                <Value className="java.lang.String"></Value>
            </Feature>
            <Feature>
                <Name className="java.lang.String">length</Name>
                <Value className="java.lang.String">1</Value>
            </Feature>
            <Feature>
                <Name className="java.lang.String">kind</Name>
                <Value className="java.lang.String">space</Value>
            </Feature>
        </Annotation>
        <Annotation Id="87" Type="Token" StartNode="206" EndNode="210">
            <Feature>
                <Name className="java.lang.String">length</Name>
                <Value className="java.lang.String">4</Value>
            </Feature>
            <Feature>
                <Name className="java.lang.String">orth</Name>
                <Value className="java.lang.String">lowercase</Value>
            </Feature>
            <Feature>
                <Name className="java.lang.String">string</Name>
                <Value className="java.lang.String">poem</Value>
            </Feature>
            <Feature>
                <Name className="java.lang.String">category</Name>
                <Value className="java.lang.String">NN</Value>
            </Feature>
            <Feature>
                <Name className="java.lang.String">kind</Name>
                <Value className="java.lang.String">word</Value>
            </Feature>
        </Annotation>
        <Annotation Id="88" Type="Token" StartNode="210" EndNode="211">
            <Feature>
                <Name className="java.lang.String">length</Name>
                <Value className="java.lang.String">1</Value>
            </Feature>
            <Feature>
                <Name className="java.lang.String">string</Name>
                <Value className="java.lang.String">,</Value>
            </Feature>
            <Feature>
                <Name className="java.lang.String">category</Name>
                <Value className="java.lang.String">,</Value>
            </Feature>
            <Feature>
                <Name className="java.lang.String">kind</Name>
                <Value className="java.lang.String">punctuation</Value>
            </Feature>
        </Annotation>
        <Annotation Id="89" Type="SpaceToken" StartNode="211" EndNode="212">
            <Feature>
                <Name className="java.lang.String">string</Name>
                <Value className="java.lang.String"></Value>
            </Feature>
            <Feature>
                <Name className="java.lang.String">length</Name>
                <Value className="java.lang.String">1</Value>
            </Feature>
            <Feature>
                <Name className="java.lang.String">kind</Name>
                <Value className="java.lang.String">space</Value>
            </Feature>
        </Annotation>
        <Annotation Id="90" Type="Token" StartNode="212" EndNode="219">
            <Feature>
                <Name className="java.lang.String">length</Name>
                <Value className="java.lang.String">7</Value>
            </Feature>
            <Feature>
                <Name className="java.lang.String">orth</Name>
                <Value className="java.lang.String">lowercase</Value>
            </Feature>
            <Feature>
                <Name className="java.lang.String">string</Name>
                <Value className="java.lang.String">written</Value>
            </Feature>
            <Feature>
                <Name className="java.lang.String">category</Name>
                <Value className="java.lang.String">VBN</Value>
            </Feature>
            <Feature>
                <Name className="java.lang.String">kind</Name>
                <Value className="java.lang.String">word</Value>
            </Feature>
        </Annotation>
        <Annotation Id="91" Type="SpaceToken" StartNode="219" EndNode="220">
            <Feature>
                <Name className="java.lang.String">string</Name>
                <Value className="java.lang.String"></Value>
            </Feature>
            <Feature>
                <Name className="java.lang.String">length</Name>
                <Value className="java.lang.String">1</Value>
            </Feature>
            <Feature>
                <Name className="java.lang.String">kind</Name>
                <Value className="java.lang.String">space</Value>
            </Feature>
        </Annotation>
        <Annotation Id="92" Type="Token" StartNode="220" EndNode="222">
            <Feature>
                <Name className="java.lang.String">length</Name>
                <Value className="java.lang.String">2</Value>
            </Feature>
            <Feature>
                <Name className="java.lang.String">orth</Name>
                <Value className="java.lang.String">lowercase</Value>
            </Feature>
            <Feature>
                <Name className="java.lang.String">string</Name>
                <Value className="java.lang.String">in</Value>
            </Feature>
            <Feature>
                <Name className="java.lang.String">category</Name>
                <Value className="java.lang.String">IN</Value>
            </Feature>
            <Feature>
                <Name className="java.lang.String">kind</Name>
                <Value className="java.lang.String">word</Value>
            </Feature>
        </Annotation>
        <Annotation Id="93" Type="SpaceToken" StartNode="222" EndNode="223">
            <Feature>
                <Name className="java.lang.String">string</Name>
                <Value className="java.lang.String"></Value>
            </Feature>
            <Feature>
                <Name className="java.lang.String">length</Name>
                <Value className="java.lang.String">1</Value>
            </Feature>
            <Feature>
                <Name className="java.lang.String">kind</Name>
                <Value className="java.lang.String">space</Value>
            </Feature>
        </Annotation>
        <Annotation Id="94" Type="Token" StartNode="223" EndNode="226">
            <Feature>
                <Name className="java.lang.String">length</Name>
                <Value className="java.lang.String">3</Value>
            </Feature>
            <Feature>
                <Name className="java.lang.String">orth</Name>
                <Value className="java.lang.String">lowercase</Value>
            </Feature>
            <Feature>
                <Name className="java.lang.String">string</Name>
                <Value className="java.lang.String">the</Value>
            </Feature>
            <Feature>
                <Name className="java.lang.String">category</Name>
                <Value className="java.lang.String">DT</Value>
            </Feature>
            <Feature>
                <Name className="java.lang.String">kind</Name>
                <Value className="java.lang.String">word</Value>
            </Feature>
        </Annotation>
        <Annotation Id="95" Type="SpaceToken" StartNode="226" EndNode="227">
            <Feature>
                <Name className="java.lang.String">string</Name>
                <Value className="java.lang.String"></Value>
            </Feature>
            <Feature>
                <Name className="java.lang.String">length</Name>
                <Value className="java.lang.String">1</Value>
            </Feature>
            <Feature>
                <Name className="java.lang.String">kind</Name>
                <Value className="java.lang.String">space</Value>
            </Feature>
        </Annotation>
        <Annotation Id="96" Type="Token" StartNode="227" EndNode="237">
            <Feature>
                <Name className="java.lang.String">length</Name>
                <Value className="java.lang.String">10</Value>
            </Feature>
            <Feature>
                <Name className="java.lang.String">orth</Name>
                <Value className="java.lang.String">lowercase</Value>
            </Feature>
            <Feature>
                <Name className="java.lang.String">string</Name>
                <Value className="java.lang.String">manuscript</Value>
            </Feature>
            <Feature>
                <Name className="java.lang.String">category</Name>
                <Value className="java.lang.String">NN</Value>
            </Feature>
            <Feature>
                <Name className="java.lang.String">kind</Name>
                <Value className="java.lang.String">word</Value>
            </Feature>
        </Annotation>
        <Annotation Id="97" Type="SpaceToken" StartNode="237" EndNode="238">
            <Feature>
                <Name className="java.lang.String">string</Name>
                <Value className="java.lang.String"></Value>
            </Feature>
            <Feature>
                <Name className="java.lang.String">length</Name>
                <Value className="java.lang.String">1</Value>
            </Feature>
            <Feature>
                <Name className="java.lang.String">kind</Name>
                <Value className="java.lang.String">space</Value>
            </Feature>
        </Annotation>
        <Annotation Id="98" Type="Token" StartNode="238" EndNode="240">
            <Feature>
                <Name className="java.lang.String">length</Name>
                <Value className="java.lang.String">2</Value>
            </Feature>
            <Feature>
                <Name className="java.lang.String">orth</Name>
                <Value className="java.lang.String">lowercase</Value>
            </Feature>
            <Feature>
                <Name className="java.lang.String">string</Name>
                <Value className="java.lang.String">as</Value>
            </Feature>
            <Feature>
                <Name className="java.lang.String">category</Name>
                <Value className="java.lang.String">IN</Value>
            </Feature>
            <Feature>
                <Name className="java.lang.String">kind</Name>
                <Value className="java.lang.String">word</Value>
            </Feature>
        </Annotation>
        <Annotation Id="99" Type="SpaceToken" StartNode="240" EndNode="241">
            <Feature>
                <Name className="java.lang.String">string</Name>
                <Value className="java.lang.String"></Value>
            </Feature>
            <Feature>
                <Name className="java.lang.String">length</Name>
                <Value className="java.lang.String">1</Value>
            </Feature>
            <Feature>
                <Name className="java.lang.String">kind</Name>
                <Value className="java.lang.String">space</Value>
            </Feature>
        </Annotation>
        <Annotation Id="100" Type="Token" StartNode="241" EndNode="246">
            <Feature>
                <Name className="java.lang.String">length</Name>
                <Value className="java.lang.String">5</Value>
            </Feature>
            <Feature>
                <Name className="java.lang.String">orth</Name>
                <Value className="java.lang.String">lowercase</Value>
            </Feature>
            <Feature>
                <Name className="java.lang.String">string</Name>
                <Value className="java.lang.String">prose</Value>
            </Feature>
            <Feature>
                <Name className="java.lang.String">category</Name>
                <Value className="java.lang.String">NN</Value>
            </Feature>
            <Feature>
                <Name className="java.lang.String">kind</Name>
                <Value className="java.lang.String">word</Value>
            </Feature>
        </Annotation>
        <Annotation Id="101" Type="SpaceToken" StartNode="246" EndNode="247">
            <Feature>
                <Name className="java.lang.String">string</Name>
                <Value className="java.lang.String"></Value>
            </Feature>
            <Feature>
                <Name className="java.lang.String">length</Name>
                <Value className="java.lang.String">1</Value>
            </Feature>
            <Feature>
                <Name className="java.lang.String">kind</Name>
                <Value className="java.lang.String">space</Value>
            </Feature>
        </Annotation>
        <Annotation Id="102" Type="Token" StartNode="247" EndNode="250">
            <Feature>
                <Name className="java.lang.String">length</Name>
                <Value className="java.lang.String">3</Value>
            </Feature>
            <Feature>
                <Name className="java.lang.String">orth</Name>
                <Value className="java.lang.String">lowercase</Value>
            </Feature>
            <Feature>
                <Name className="java.lang.String">string</Name>
                <Value className="java.lang.String">but</Value>
            </Feature>
            <Feature>
                <Name className="java.lang.String">category</Name>
                <Value className="java.lang.String">CC</Value>
            </Feature>
            <Feature>
                <Name className="java.lang.String">kind</Name>
                <Value className="java.lang.String">word</Value>
            </Feature>
        </Annotation>
        <Annotation Id="103" Type="SpaceToken" StartNode="250" EndNode="251">
            <Feature>
                <Name className="java.lang.String">string</Name>
                <Value className="java.lang.String"></Value>
            </Feature>
            <Feature>
                <Name className="java.lang.String">length</Name>
                <Value className="java.lang.String">1</Value>
            </Feature>
            <Feature>
                <Name className="java.lang.String">kind</Name>
                <Value className="java.lang.String">space</Value>
            </Feature>
        </Annotation>
        <Annotation Id="104" Type="Token" StartNode="251" EndNode="255">
            <Feature>
                <Name className="java.lang.String">length</Name>
                <Value className="java.lang.String">4</Value>
            </Feature>
            <Feature>
                <Name className="java.lang.String">orth</Name>
                <Value className="java.lang.String">lowercase</Value>
            </Feature>
            <Feature>
                <Name className="java.lang.String">string</Name>
                <Value className="java.lang.String">with</Value>
            </Feature>
            <Feature>
                <Name className="java.lang.String">category</Name>
                <Value className="java.lang.String">IN</Value>
            </Feature>
            <Feature>
                <Name className="java.lang.String">kind</Name>
                <Value className="java.lang.String">word</Value>
            </Feature>
        </Annotation>
        <Annotation Id="105" Type="SpaceToken" StartNode="255" EndNode="256">
            <Feature>
                <Name className="java.lang.String">string</Name>
                <Value className="java.lang.String"></Value>
            </Feature>
            <Feature>
                <Name className="java.lang.String">length</Name>
                <Value className="java.lang.String">1</Value>
            </Feature>
            <Feature>
                <Name className="java.lang.String">kind</Name>
                <Value className="java.lang.String">space</Value>
            </Feature>
        </Annotation>
        <Annotation Id="106" Type="Token" StartNode="256" EndNode="267">
            <Feature>
                <Name className="java.lang.String">length</Name>
                <Value className="java.lang.String">11</Value>
            </Feature>
            <Feature>
                <Name className="java.lang.String">orth</Name>
                <Value className="java.lang.String">lowercase</Value>
            </Feature>
            <Feature>
                <Name className="java.lang.String">string</Name>
                <Value className="java.lang.String">alternating</Value>
            </Feature>
            <Feature>
                <Name className="java.lang.String">category</Name>
                <Value className="java.lang.String">VBG</Value>
            </Feature>
            <Feature>
                <Name className="java.lang.String">kind</Name>
                <Value className="java.lang.String">word</Value>
            </Feature>
        </Annotation>
        <Annotation Id="107" Type="SpaceToken" StartNode="267" EndNode="268">
            <Feature>
                <Name className="java.lang.String">string</Name>
                <Value className="java.lang.String"></Value>
            </Feature>
            <Feature>
                <Name className="java.lang.String">length</Name>
                <Value className="java.lang.String">1</Value>
            </Feature>
            <Feature>
                <Name className="java.lang.String">kind</Name>
                <Value className="java.lang.String">space</Value>
            </Feature>
        </Annotation>
        <Annotation Id="108" Type="Token" StartNode="268" EndNode="273">
            <Feature>
                <Name className="java.lang.String">length</Name>
                <Value className="java.lang.String">5</Value>
            </Feature>
            <Feature>
                <Name className="java.lang.String">orth</Name>
                <Value className="java.lang.String">lowercase</Value>
            </Feature>
            <Feature>
                <Name className="java.lang.String">string</Name>
                <Value className="java.lang.String">four-</Value>
            </Feature>
            <Feature>
                <Name className="java.lang.String">category</Name>
                <Value className="java.lang.String">NN</Value>
            </Feature>
            <Feature>
                <Name className="java.lang.String">kind</Name>
                <Value className="java.lang.String">word</Value>
            </Feature>
        </Annotation>
        <Annotation Id="109" Type="SpaceToken" StartNode="273" EndNode="274">
            <Feature>
                <Name className="java.lang.String">string</Name>
                <Value className="java.lang.String"></Value>
            </Feature>
            <Feature>
                <Name className="java.lang.String">length</Name>
                <Value className="java.lang.String">1</Value>
            </Feature>
            <Feature>
                <Name className="java.lang.String">kind</Name>
                <Value className="java.lang.String">space</Value>
            </Feature>
        </Annotation>
        <Annotation Id="110" Type="Token" StartNode="274" EndNode="277">
            <Feature>
                <Name className="java.lang.String">length</Name>
                <Value className="java.lang.String">3</Value>
            </Feature>
            <Feature>
                <Name className="java.lang.String">orth</Name>
                <Value className="java.lang.String">lowercase</Value>
            </Feature>
            <Feature>
                <Name className="java.lang.String">string</Name>
                <Value className="java.lang.String">and</Value>
            </Feature>
            <Feature>
                <Name className="java.lang.String">category</Name>
                <Value className="java.lang.String">CC</Value>
            </Feature>
            <Feature>
                <Name className="java.lang.String">kind</Name>
                <Value className="java.lang.String">word</Value>
            </Feature>
        </Annotation>
        <Annotation Id="111" Type="SpaceToken" StartNode="277" EndNode="278">
            <Feature>
                <Name className="java.lang.String">string</Name>
                <Value className="java.lang.String"></Value>
            </Feature>
            <Feature>
                <Name className="java.lang.String">length</Name>
                <Value className="java.lang.String">1</Value>
            </Feature>
            <Feature>
                <Name className="java.lang.String">kind</Name>
                <Value className="java.lang.String">space</Value>
            </Feature>
        </Annotation>
        <Annotation Id="112" Type="Token" StartNode="278" EndNode="288">
            <Feature>
                <Name className="java.lang.String">length</Name>
                <Value className="java.lang.String">10</Value>
            </Feature>
            <Feature>
                <Name className="java.lang.String">orth</Name>
                <Value className="java.lang.String">lowercase</Value>
            </Feature>
            <Feature>
                <Name className="java.lang.String">string</Name>
                <Value className="java.lang.String">three-beat</Value>
            </Feature>
            <Feature>
                <Name className="java.lang.String">category</Name>
                <Value className="java.lang.String">JJ</Value>
            </Feature>
            <Feature>
                <Name className="java.lang.String">kind</Name>
                <Value className="java.lang.String">word</Value>
            </Feature>
        </Annotation>
        <Annotation Id="113" Type="SpaceToken" StartNode="288" EndNode="289">
            <Feature>
                <Name className="java.lang.String">string</Name>
                <Value className="java.lang.String"></Value>
            </Feature>
            <Feature>
                <Name className="java.lang.String">length</Name>
                <Value className="java.lang.String">1</Value>
            </Feature>
            <Feature>
                <Name className="java.lang.String">kind</Name>
                <Value className="java.lang.String">space</Value>
            </Feature>
        </Annotation>
        <Annotation Id="114" Type="Token" StartNode="289" EndNode="294">
            <Feature>
                <Name className="java.lang.String">length</Name>
                <Value className="java.lang.String">5</Value>
            </Feature>
            <Feature>
                <Name className="java.lang.String">orth</Name>
                <Value className="java.lang.String">lowercase</Value>
            </Feature>
            <Feature>
                <Name className="java.lang.String">string</Name>
                <Value className="java.lang.String">lines</Value>
            </Feature>
            <Feature>
                <Name className="java.lang.String">category</Name>
                <Value className="java.lang.String">NNS</Value>
            </Feature>
            <Feature>
                <Name className="java.lang.String">kind</Name>
                <Value className="java.lang.String">word</Value>
            </Feature>
        </Annotation>
        <Annotation Id="115" Type="SpaceToken" StartNode="294" EndNode="295">
            <Feature>
                <Name className="java.lang.String">string</Name>
                <Value className="java.lang.String"></Value>
            </Feature>
            <Feature>
                <Name className="java.lang.String">length</Name>
                <Value className="java.lang.String">1</Value>
            </Feature>
            <Feature>
                <Name className="java.lang.String">kind</Name>
                <Value className="java.lang.String">space</Value>
            </Feature>
        </Annotation>
        <Annotation Id="116" Type="Token" StartNode="295" EndNode="298">
            <Feature>
                <Name className="java.lang.String">length</Name>
                <Value className="java.lang.String">3</Value>
            </Feature>
            <Feature>
                <Name className="java.lang.String">orth</Name>
                <Value className="java.lang.String">lowercase</Value>
            </Feature>
            <Feature>
                <Name className="java.lang.String">string</Name>
                <Value className="java.lang.String">and</Value>
            </Feature>
            <Feature>
                <Name className="java.lang.String">category</Name>
                <Value className="java.lang.String">CC</Value>
            </Feature>
            <Feature>
                <Name className="java.lang.String">kind</Name>
                <Value className="java.lang.String">word</Value>
            </Feature>
        </Annotation>
        <Annotation Id="117" Type="SpaceToken" StartNode="298" EndNode="299">
            <Feature>
                <Name className="java.lang.String">string</Name>
                <Value className="java.lang.String"></Value>
            </Feature>
            <Feature>
                <Name className="java.lang.String">length</Name>
                <Value className="java.lang.String">1</Value>
            </Feature>
            <Feature>
                <Name className="java.lang.String">kind</Name>
                <Value className="java.lang.String">space</Value>
            </Feature>
        </Annotation>
        <Annotation Id="118" Type="Token" StartNode="299" EndNode="308">
            <Feature>
                <Name className="java.lang.String">length</Name>
                <Value className="java.lang.String">9</Value>
            </Feature>
            <Feature>
                <Name className="java.lang.String">orth</Name>
                <Value className="java.lang.String">lowercase</Value>
            </Feature>
            <Feature>
                <Name className="java.lang.String">string</Name>
                <Value className="java.lang.String">intricate</Value>
            </Feature>
            <Feature>
                <Name className="java.lang.String">category</Name>
                <Value className="java.lang.String">JJ</Value>
            </Feature>
            <Feature>
                <Name className="java.lang.String">kind</Name>
                <Value className="java.lang.String">word</Value>
            </Feature>
        </Annotation>
        <Annotation Id="119" Type="SpaceToken" StartNode="308" EndNode="309">
            <Feature>
                <Name className="java.lang.String">string</Name>
                <Value className="java.lang.String"></Value>
            </Feature>
            <Feature>
                <Name className="java.lang.String">length</Name>
                <Value className="java.lang.String">1</Value>
            </Feature>
            <Feature>
                <Name className="java.lang.String">kind</Name>
                <Value className="java.lang.String">space</Value>
            </Feature>
        </Annotation>
        <Annotation Id="120" Type="Token" StartNode="309" EndNode="314">
            <Feature>
                <Name className="java.lang.String">length</Name>
                <Value className="java.lang.String">5</Value>
            </Feature>
            <Feature>
                <Name className="java.lang.String">orth</Name>
                <Value className="java.lang.String">lowercase</Value>
            </Feature>
            <Feature>
                <Name className="java.lang.String">string</Name>
                <Value className="java.lang.String">rhyme</Value>
            </Feature>
            <Feature>
                <Name className="java.lang.String">category</Name>
                <Value className="java.lang.String">NN</Value>
            </Feature>
            <Feature>
                <Name className="java.lang.String">kind</Name>
                <Value className="java.lang.String">word</Value>
            </Feature>
        </Annotation>
        <Annotation Id="121" Type="SpaceToken" StartNode="314" EndNode="315">
            <Feature>
                <Name className="java.lang.String">string</Name>
                <Value className="java.lang.String"></Value>
            </Feature>
            <Feature>
                <Name className="java.lang.String">length</Name>
                <Value className="java.lang.String">1</Value>
            </Feature>
            <Feature>
                <Name className="java.lang.String">kind</Name>
                <Value className="java.lang.String">space</Value>
            </Feature>
        </Annotation>
        <Annotation Id="122" Type="Token" StartNode="315" EndNode="322">
            <Feature>
                <Name className="java.lang.String">length</Name>
                <Value className="java.lang.String">7</Value>
            </Feature>
            <Feature>
                <Name className="java.lang.String">orth</Name>
                <Value className="java.lang.String">lowercase</Value>
            </Feature>
            <Feature>
                <Name className="java.lang.String">string</Name>
                <Value className="java.lang.String">schemes</Value>
            </Feature>
            <Feature>
                <Name className="java.lang.String">category</Name>
                <Value className="java.lang.String">NNS</Value>
            </Feature>
            <Feature>
                <Name className="java.lang.String">kind</Name>
                <Value className="java.lang.String">word</Value>
            </Feature>
        </Annotation>
        <Annotation Id="123" Type="SpaceToken" StartNode="322" EndNode="323">
            <Feature>
                <Name className="java.lang.String">string</Name>
                <Value className="java.lang.String"></Value>
            </Feature>
            <Feature>
                <Name className="java.lang.String">length</Name>
                <Value className="java.lang.String">1</Value>
            </Feature>
            <Feature>
                <Name className="java.lang.String">kind</Name>
                <Value className="java.lang.String">space</Value>
            </Feature>
        </Annotation>
        <Annotation Id="124" Type="Token" StartNode="323" EndNode="337">
            <Feature>
                <Name className="java.lang.String">length</Name>
                <Value className="java.lang.String">14</Value>
            </Feature>
            <Feature>
                <Name className="java.lang.String">orth</Name>
                <Value className="java.lang.String">lowercase</Value>
            </Feature>
            <Feature>
                <Name className="java.lang.String">string</Name>
                <Value className="java.lang.String">characteristic</Value>
            </Feature>
            <Feature>
                <Name className="java.lang.String">category</Name>
                <Value className="java.lang.String">NN</Value>
            </Feature>
            <Feature>
                <Name className="java.lang.String">kind</Name>
                <Value className="java.lang.String">word</Value>
            </Feature>
        </Annotation>
        <Annotation Id="125" Type="SpaceToken" StartNode="337" EndNode="338">
            <Feature>
                <Name className="java.lang.String">string</Name>
                <Value className="java.lang.String"></Value>
            </Feature>
            <Feature>
                <Name className="java.lang.String">length</Name>
                <Value className="java.lang.String">1</Value>
            </Feature>
            <Feature>
                <Name className="java.lang.String">kind</Name>
                <Value className="java.lang.String">space</Value>
            </Feature>
        </Annotation>
        <Annotation Id="126" Type="Token" StartNode="338" EndNode="340">
            <Feature>
                <Name className="java.lang.String">length</Name>
                <Value className="java.lang.String">2</Value>
            </Feature>
            <Feature>
                <Name className="java.lang.String">orth</Name>
                <Value className="java.lang.String">lowercase</Value>
            </Feature>
            <Feature>
                <Name className="java.lang.String">string</Name>
                <Value className="java.lang.String">of</Value>
            </Feature>
            <Feature>
                <Name className="java.lang.String">category</Name>
                <Value className="java.lang.String">IN</Value>
            </Feature>
            <Feature>
                <Name className="java.lang.String">kind</Name>
                <Value className="java.lang.String">word</Value>
            </Feature>
        </Annotation>
        <Annotation Id="127" Type="SpaceToken" StartNode="340" EndNode="341">
            <Feature>
                <Name className="java.lang.String">string</Name>
                <Value className="java.lang.String"></Value>
            </Feature>
            <Feature>
                <Name className="java.lang.String">length</Name>
                <Value className="java.lang.String">1</Value>
            </Feature>
            <Feature>
                <Name className="java.lang.String">kind</Name>
                <Value className="java.lang.String">space</Value>
            </Feature>
        </Annotation>
        <Annotation Id="128" Type="Token" StartNode="341" EndNode="350">
            <Feature>
                <Name className="java.lang.String">length</Name>
                <Value className="java.lang.String">9</Value>
            </Feature>
            <Feature>
                <Name className="java.lang.String">orth</Name>
                <Value className="java.lang.String">lowercase</Value>
            </Feature>
            <Feature>
                <Name className="java.lang.String">string</Name>
                <Value className="java.lang.String">goliardic</Value>
            </Feature>
            <Feature>
                <Name className="java.lang.String">category</Name>
                <Value className="java.lang.String">JJ</Value>
            </Feature>
            <Feature>
                <Name className="java.lang.String">kind</Name>
                <Value className="java.lang.String">word</Value>
            </Feature>
        </Annotation>
        <Annotation Id="129" Type="SpaceToken" StartNode="350" EndNode="351">
            <Feature>
                <Name className="java.lang.String">string</Name>
                <Value className="java.lang.String"></Value>
            </Feature>
            <Feature>
                <Name className="java.lang.String">length</Name>
                <Value className="java.lang.String">1</Value>
            </Feature>
            <Feature>
                <Name className="java.lang.String">kind</Name>
                <Value className="java.lang.String">space</Value>
            </Feature>
        </Annotation>
        <Annotation Id="130" Type="Token" StartNode="351" EndNode="357">
            <Feature>
                <Name className="java.lang.String">length</Name>
                <Value className="java.lang.String">6</Value>
            </Feature>
            <Feature>
                <Name className="java.lang.String">orth</Name>
                <Value className="java.lang.String">lowercase</Value>
            </Feature>
            <Feature>
                <Name className="java.lang.String">string</Name>
                <Value className="java.lang.String">lyrics</Value>
            </Feature>
            <Feature>
                <Name className="java.lang.String">category</Name>
                <Value className="java.lang.String">NNS</Value>
            </Feature>
            <Feature>
                <Name className="java.lang.String">kind</Name>
                <Value className="java.lang.String">word</Value>
            </Feature>
        </Annotation>
        <Annotation Id="131" Type="Token" StartNode="357" EndNode="358">
            <Feature>
                <Name className="java.lang.String">length</Name>
                <Value className="java.lang.String">1</Value>
            </Feature>
            <Feature>
                <Name className="java.lang.String">string</Name>
                <Value className="java.lang.String">,</Value>
            </Feature>
            <Feature>
                <Name className="java.lang.String">category</Name>
                <Value className="java.lang.String">,</Value>
            </Feature>
            <Feature>
                <Name className="java.lang.String">kind</Name>
                <Value className="java.lang.String">punctuation</Value>
            </Feature>
        </Annotation>
        <Annotation Id="132" Type="SpaceToken" StartNode="358" EndNode="359">
            <Feature>
                <Name className="java.lang.String">string</Name>
                <Value className="java.lang.String"></Value>
            </Feature>
            <Feature>
                <Name className="java.lang.String">length</Name>
                <Value className="java.lang.String">1</Value>
            </Feature>
            <Feature>
                <Name className="java.lang.String">kind</Name>
                <Value className="java.lang.String">space</Value>
            </Feature>
        </Annotation>
        <Annotation Id="133" Type="Token" StartNode="359" EndNode="364">
            <Feature>
                <Name className="java.lang.String">length</Name>
                <Value className="java.lang.String">5</Value>
            </Feature>
            <Feature>
                <Name className="java.lang.String">orth</Name>
                <Value className="java.lang.String">lowercase</Value>
            </Feature>
            <Feature>
                <Name className="java.lang.String">string</Name>
                <Value className="java.lang.String">dates</Value>
            </Feature>
            <Feature>
                <Name className="java.lang.String">category</Name>
                <Value className="java.lang.String">NNS</Value>
            </Feature>
            <Feature>
                <Name className="java.lang.String">kind</Name>
                <Value className="java.lang.String">word</Value>
            </Feature>
        </Annotation>
        <Annotation Id="134" Type="SpaceToken" StartNode="364" EndNode="365">
            <Feature>
                <Name className="java.lang.String">string</Name>
                <Value className="java.lang.String"></Value>
            </Feature>
            <Feature>
                <Name className="java.lang.String">length</Name>
                <Value className="java.lang.String">1</Value>
            </Feature>
            <Feature>
                <Name className="java.lang.String">kind</Name>
                <Value className="java.lang.String">space</Value>
            </Feature>
        </Annotation>
        <Annotation Id="135" Type="Token" StartNode="365" EndNode="369">
            <Feature>
                <Name className="java.lang.String">length</Name>
                <Value className="java.lang.String">4</Value>
            </Feature>
            <Feature>
                <Name className="java.lang.String">orth</Name>
                <Value className="java.lang.String">lowercase</Value>
            </Feature>
            <Feature>
                <Name className="java.lang.String">string</Name>
                <Value className="java.lang.String">from</Value>
            </Feature>
            <Feature>
                <Name className="java.lang.String">category</Name>
                <Value className="java.lang.String">IN</Value>
            </Feature>
            <Feature>
                <Name className="java.lang.String">kind</Name>
                <Value className="java.lang.String">word</Value>
            </Feature>
        </Annotation>
        <Annotation Id="136" Type="SpaceToken" StartNode="369" EndNode="370">
            <Feature>
                <Name className="java.lang.String">string</Name>
                <Value className="java.lang.String"></Value>
            </Feature>
            <Feature>
                <Name className="java.lang.String">length</Name>
                <Value className="java.lang.String">1</Value>
            </Feature>
            <Feature>
                <Name className="java.lang.String">kind</Name>
                <Value className="java.lang.String">space</Value>
            </Feature>
        </Annotation>
        <Annotation Id="137" Type="Token" StartNode="370" EndNode="373">
            <Feature>
                <Name className="java.lang.String">length</Name>
                <Value className="java.lang.String">3</Value>
            </Feature>
            <Feature>
                <Name className="java.lang.String">orth</Name>
                <Value className="java.lang.String">lowercase</Value>
            </Feature>
            <Feature>
                <Name className="java.lang.String">string</Name>
                <Value className="java.lang.String">the</Value>
            </Feature>
            <Feature>
                <Name className="java.lang.String">category</Name>
                <Value className="java.lang.String">DT</Value>
            </Feature>
            <Feature>
                <Name className="java.lang.String">kind</Name>
                <Value className="java.lang.String">word</Value>
            </Feature>
        </Annotation>
        <Annotation Id="138" Type="SpaceToken" StartNode="373" EndNode="374">
            <Feature>
                <Name className="java.lang.String">string</Name>
                <Value className="java.lang.String"></Value>
            </Feature>
            <Feature>
                <Name className="java.lang.String">length</Name>
                <Value className="java.lang.String">1</Value>
            </Feature>
            <Feature>
                <Name className="java.lang.String">kind</Name>
                <Value className="java.lang.String">space</Value>
            </Feature>
        </Annotation>
        <Annotation Id="139" Type="Token" StartNode="374" EndNode="383">
            <Feature>
                <Name className="java.lang.String">length</Name>
                <Value className="java.lang.String">9</Value>
            </Feature>
            <Feature>
                <Name className="java.lang.String">orth</Name>
                <Value className="java.lang.String">lowercase</Value>
            </Feature>
            <Feature>
                <Name className="java.lang.String">string</Name>
                <Value className="java.lang.String">beginning</Value>
            </Feature>
            <Feature>
                <Name className="java.lang.String">category</Name>
                <Value className="java.lang.String">NN</Value>
            </Feature>
            <Feature>
                <Name className="java.lang.String">kind</Name>
                <Value className="java.lang.String">word</Value>
            </Feature>
        </Annotation>
        <Annotation Id="140" Type="SpaceToken" StartNode="383" EndNode="384">
            <Feature>
                <Name className="java.lang.String">string</Name>
                <Value className="java.lang.String"></Value>
            </Feature>
            <Feature>
                <Name className="java.lang.String">length</Name>
                <Value className="java.lang.String">1</Value>
            </Feature>
            <Feature>
                <Name className="java.lang.String">kind</Name>
                <Value className="java.lang.String">space</Value>
            </Feature>
        </Annotation>
        <Annotation Id="141" Type="Token" StartNode="384" EndNode="386">
            <Feature>
                <Name className="java.lang.String">length</Name>
                <Value className="java.lang.String">2</Value>
            </Feature>
            <Feature>
                <Name className="java.lang.String">orth</Name>
                <Value className="java.lang.String">lowercase</Value>
            </Feature>
            <Feature>
                <Name className="java.lang.String">string</Name>
                <Value className="java.lang.String">of</Value>
            </Feature>
            <Feature>
                <Name className="java.lang.String">category</Name>
                <Value className="java.lang.String">IN</Value>
            </Feature>
            <Feature>
                <Name className="java.lang.String">kind</Name>
                <Value className="java.lang.String">word</Value>
            </Feature>
        </Annotation>
        <Annotation Id="142" Type="SpaceToken" StartNode="386" EndNode="387">
            <Feature>
                <Name className="java.lang.String">string</Name>
                <Value className="java.lang.String"></Value>
            </Feature>
            <Feature>
                <Name className="java.lang.String">length</Name>
                <Value className="java.lang.String">1</Value>
            </Feature>
            <Feature>
                <Name className="java.lang.String">kind</Name>
                <Value className="java.lang.String">space</Value>
            </Feature>
        </Annotation>
        <Annotation Id="143" Type="Token" StartNode="387" EndNode="390">
            <Feature>
                <Name className="java.lang.String">length</Name>
                <Value className="java.lang.String">3</Value>
            </Feature>
            <Feature>
                <Name className="java.lang.String">orth</Name>
                <Value className="java.lang.String">lowercase</Value>
            </Feature>
            <Feature>
                <Name className="java.lang.String">string</Name>
                <Value className="java.lang.String">the</Value>
            </Feature>
            <Feature>
                <Name className="java.lang.String">category</Name>
                <Value className="java.lang.String">DT</Value>
            </Feature>
            <Feature>
                <Name className="java.lang.String">kind</Name>
                <Value className="java.lang.String">word</Value>
            </Feature>
        </Annotation>
        <Annotation Id="144" Type="SpaceToken" StartNode="390" EndNode="391">
            <Feature>
                <Name className="java.lang.String">string</Name>
                <Value className="java.lang.String"></Value>
            </Feature>
            <Feature>
                <Name className="java.lang.String">length</Name>
                <Value className="java.lang.String">1</Value>
            </Feature>
            <Feature>
                <Name className="java.lang.String">kind</Name>
                <Value className="java.lang.String">space</Value>
            </Feature>
        </Annotation>
        <Annotation Id="145" Type="Token" StartNode="391" EndNode="401">
            <Feature>
                <Name className="java.lang.String">length</Name>
                <Value className="java.lang.String">10</Value>
            </Feature>
            <Feature>
                <Name className="java.lang.String">orth</Name>
                <Value className="java.lang.String">lowercase</Value>
            </Feature>
            <Feature>
                <Name className="java.lang.String">string</Name>
                <Value className="java.lang.String">fourteenth</Value>
            </Feature>
            <Feature>
                <Name className="java.lang.String">category</Name>
                <Value className="java.lang.String">NN</Value>
            </Feature>
            <Feature>
                <Name className="java.lang.String">kind</Name>
                <Value className="java.lang.String">word</Value>
            </Feature>
        </Annotation>
        <Annotation Id="146" Type="SpaceToken" StartNode="401" EndNode="402">
            <Feature>
                <Name className="java.lang.String">string</Name>
                <Value className="java.lang.String"></Value>
            </Feature>
            <Feature>
                <Name className="java.lang.String">length</Name>
                <Value className="java.lang.String">1</Value>
            </Feature>
            <Feature>
                <Name className="java.lang.String">kind</Name>
                <Value className="java.lang.String">space</Value>
            </Feature>
        </Annotation>
        <Annotation Id="147" Type="Token" StartNode="402" EndNode="409">
            <Feature>
                <Name className="java.lang.String">length</Name>
                <Value className="java.lang.String">7</Value>
            </Feature>
            <Feature>
                <Name className="java.lang.String">orth</Name>
                <Value className="java.lang.String">lowercase</Value>
            </Feature>
            <Feature>
                <Name className="java.lang.String">string</Name>
                <Value className="java.lang.String">century</Value>
            </Feature>
            <Feature>
                <Name className="java.lang.String">category</Name>
                <Value className="java.lang.String">NN</Value>
            </Feature>
            <Feature>
                <Name className="java.lang.String">kind</Name>
                <Value className="java.lang.String">word</Value>
            </Feature>
        </Annotation>
        <Annotation Id="148" Type="SpaceToken" StartNode="409" EndNode="410">
            <Feature>
                <Name className="java.lang.String">string</Name>
                <Value className="java.lang.String"></Value>
            </Feature>
            <Feature>
                <Name className="java.lang.String">length</Name>
                <Value className="java.lang.String">1</Value>
            </Feature>
            <Feature>
                <Name className="java.lang.String">kind</Name>
                <Value className="java.lang.String">space</Value>
            </Feature>
        </Annotation>
        <Annotation Id="149" Type="Token" StartNode="410" EndNode="411">
            <Feature>
                <Name className="java.lang.String">length</Name>
                <Value className="java.lang.String">1</Value>
            </Feature>
            <Feature>
                <Name className="java.lang.String">position</Name>
                <Value className="java.lang.String">startpunct</Value>
            </Feature>
            <Feature>
                <Name className="java.lang.String">string</Name>
                <Value className="java.lang.String">(</Value>
            </Feature>
            <Feature>
                <Name className="java.lang.String">category</Name>
                <Value className="java.lang.String">(</Value>
            </Feature>
            <Feature>
                <Name className="java.lang.String">kind</Name>
                <Value className="java.lang.String">punctuation</Value>
            </Feature>
        </Annotation>
        <Annotation Id="150" Type="Token" StartNode="411" EndNode="416">
            <Feature>
                <Name className="java.lang.String">length</Name>
                <Value className="java.lang.String">5</Value>
            </Feature>
            <Feature>
                <Name className="java.lang.String">orth</Name>
                <Value className="java.lang.String">lowercase</Value>
            </Feature>
            <Feature>
                <Name className="java.lang.String">string</Name>
                <Value className="java.lang.String">reign</Value>
            </Feature>
            <Feature>
                <Name className="java.lang.String">category</Name>
                <Value className="java.lang.String">NN</Value>
            </Feature>
            <Feature>
                <Name className="java.lang.String">kind</Name>
                <Value className="java.lang.String">word</Value>
            </Feature>
        </Annotation>
        <Annotation Id="151" Type="SpaceToken" StartNode="416" EndNode="417">
            <Feature>
                <Name className="java.lang.String">string</Name>
                <Value className="java.lang.String"></Value>
            </Feature>
            <Feature>
                <Name className="java.lang.String">length</Name>
                <Value className="java.lang.String">1</Value>
            </Feature>
            <Feature>
                <Name className="java.lang.String">kind</Name>
                <Value className="java.lang.String">space</Value>
            </Feature>
        </Annotation>
        <Annotation Id="152" Type="Token" StartNode="417" EndNode="419">
            <Feature>
                <Name className="java.lang.String">length</Name>
                <Value className="java.lang.String">2</Value>
            </Feature>
            <Feature>
                <Name className="java.lang.String">orth</Name>
                <Value className="java.lang.String">lowercase</Value>
            </Feature>
            <Feature>
                <Name className="java.lang.String">string</Name>
                <Value className="java.lang.String">of</Value>
            </Feature>
            <Feature>
                <Name className="java.lang.String">category</Name>
                <Value className="java.lang.String">IN</Value>
            </Feature>
            <Feature>
                <Name className="java.lang.String">kind</Name>
                <Value className="java.lang.String">word</Value>
            </Feature>
        </Annotation>
        <Annotation Id="153" Type="SpaceToken" StartNode="419" EndNode="420">
            <Feature>
                <Name className="java.lang.String">string</Name>
                <Value className="java.lang.String"></Value>
            </Feature>
            <Feature>
                <Name className="java.lang.String">length</Name>
                <Value className="java.lang.String">1</Value>
            </Feature>
            <Feature>
                <Name className="java.lang.String">kind</Name>
                <Value className="java.lang.String">space</Value>
            </Feature>
        </Annotation>
        <Annotation Id="154" Type="Token" StartNode="420" EndNode="426">
            <Feature>
                <Name className="java.lang.String">length</Name>
                <Value className="java.lang.String">6</Value>
            </Feature>
            <Feature>
                <Name className="java.lang.String">orth</Name>
                <Value className="java.lang.String">upperInitial</Value>
            </Feature>
            <Feature>
                <Name className="java.lang.String">string</Name>
                <Value className="java.lang.String">Edward</Value>
            </Feature>
            <Feature>
                <Name className="java.lang.String">category</Name>
                <Value className="java.lang.String">NNP</Value>
            </Feature>
            <Feature>
                <Name className="java.lang.String">kind</Name>
                <Value className="java.lang.String">word</Value>
            </Feature>
        </Annotation>
        <Annotation Id="155" Type="SpaceToken" StartNode="426" EndNode="427">
            <Feature>
                <Name className="java.lang.String">string</Name>
                <Value className="java.lang.String"></Value>
            </Feature>
            <Feature>
                <Name className="java.lang.String">length</Name>
                <Value className="java.lang.String">1</Value>
            </Feature>
            <Feature>
                <Name className="java.lang.String">kind</Name>
                <Value className="java.lang.String">space</Value>
            </Feature>
        </Annotation>
        <Annotation Id="156" Type="Token" StartNode="427" EndNode="428">
            <Feature>
                <Name className="java.lang.String">length</Name>
                <Value className="java.lang.String">1</Value>
            </Feature>
            <Feature>
                <Name className="java.lang.String">orth</Name>
                <Value className="java.lang.String">upperInitial</Value>
            </Feature>
            <Feature>
                <Name className="java.lang.String">string</Name>
                <Value className="java.lang.String">I</Value>
            </Feature>
            <Feature>
                <Name className="java.lang.String">category</Name>
                <Value className="java.lang.String">PRP</Value>
            </Feature>
            <Feature>
                <Name className="java.lang.String">kind</Name>
                <Value className="java.lang.String">word</Value>
            </Feature>
        </Annotation>
        <Annotation Id="157" Type="Token" StartNode="428" EndNode="429">
            <Feature>
                <Name className="java.lang.String">length</Name>
                <Value className="java.lang.String">1</Value>
            </Feature>
            <Feature>
                <Name className="java.lang.String">position</Name>
                <Value className="java.lang.String">endpunct</Value>
            </Feature>
            <Feature>
                <Name className="java.lang.String">string</Name>
                <Value className="java.lang.String">)</Value>
            </Feature>
            <Feature>
                <Name className="java.lang.String">category</Name>
                <Value className="java.lang.String">)</Value>
            </Feature>
            <Feature>
                <Name className="java.lang.String">kind</Name>
                <Value className="java.lang.String">punctuation</Value>
            </Feature>
        </Annotation>
        <Annotation Id="158" Type="SpaceToken" StartNode="429" EndNode="430">
            <Feature>
                <Name className="java.lang.String">string</Name>
                <Value className="java.lang.String"></Value>
            </Feature>
            <Feature>
                <Name className="java.lang.String">length</Name>
                <Value className="java.lang.String">1</Value>
            </Feature>
            <Feature>
                <Name className="java.lang.String">kind</Name>
                <Value className="java.lang.String">space</Value>
            </Feature>
        </Annotation>
        <Annotation Id="159" Type="Token" StartNode="430" EndNode="433">
            <Feature>
                <Name className="java.lang.String">length</Name>
                <Value className="java.lang.String">3</Value>
            </Feature>
            <Feature>
                <Name className="java.lang.String">orth</Name>
                <Value className="java.lang.String">lowercase</Value>
            </Feature>
            <Feature>
                <Name className="java.lang.String">string</Name>
                <Value className="java.lang.String">and</Value>
            </Feature>
            <Feature>
                <Name className="java.lang.String">category</Name>
                <Value className="java.lang.String">CC</Value>
            </Feature>
            <Feature>
                <Name className="java.lang.String">kind</Name>
                <Value className="java.lang.String">word</Value>
            </Feature>
        </Annotation>
        <Annotation Id="160" Type="SpaceToken" StartNode="433" EndNode="434">
            <Feature>
                <Name className="java.lang.String">string</Name>
                <Value className="java.lang.String"></Value>
            </Feature>
            <Feature>
                <Name className="java.lang.String">length</Name>
                <Value className="java.lang.String">1</Value>
            </Feature>
            <Feature>
                <Name className="java.lang.String">kind</Name>
                <Value className="java.lang.String">space</Value>
            </Feature>
        </Annotation>
        <Annotation Id="161" Type="Token" StartNode="434" EndNode="436">
            <Feature>
                <Name className="java.lang.String">length</Name>
                <Value className="java.lang.String">2</Value>
            </Feature>
            <Feature>
                <Name className="java.lang.String">orth</Name>
                <Value className="java.lang.String">lowercase</Value>
            </Feature>
            <Feature>
                <Name className="java.lang.String">string</Name>
                <Value className="java.lang.String">is</Value>
            </Feature>
            <Feature>
                <Name className="java.lang.String">category</Name>
                <Value className="java.lang.String">VBZ</Value>
            </Feature>
            <Feature>
                <Name className="java.lang.String">kind</Name>
                <Value className="java.lang.String">word</Value>
            </Feature>
        </Annotation>
        <Annotation Id="162" Type="SpaceToken" StartNode="436" EndNode="437">
            <Feature>
                <Name className="java.lang.String">string</Name>
                <Value className="java.lang.String"></Value>
            </Feature>
            <Feature>
                <Name className="java.lang.String">length</Name>
                <Value className="java.lang.String">1</Value>
            </Feature>
            <Feature>
                <Name className="java.lang.String">kind</Name>
                <Value className="java.lang.String">space</Value>
            </Feature>
        </Annotation>
        <Annotation Id="163" Type="Token" StartNode="437" EndNode="445">
            <Feature>
                <Name className="java.lang.String">length</Name>
                <Value className="java.lang.String">8</Value>
            </Feature>
            <Feature>
                <Name className="java.lang.String">orth</Name>
                <Value className="java.lang.String">lowercase</Value>
            </Feature>
            <Feature>
                <Name className="java.lang.String">string</Name>
                <Value className="java.lang.String">entitled</Value>
            </Feature>
            <Feature>
                <Name className="java.lang.String">category</Name>
                <Value className="java.lang.String">VBN</Value>
            </Feature>
            <Feature>
                <Name className="java.lang.String">kind</Name>
                <Value className="java.lang.String">word</Value>
            </Feature>
        </Annotation>
        <Annotation Id="164" Type="SpaceToken" StartNode="445" EndNode="446">
            <Feature>
                <Name className="java.lang.String">string</Name>
                <Value className="java.lang.String"></Value>
            </Feature>
            <Feature>
                <Name className="java.lang.String">length</Name>
                <Value className="java.lang.String">1</Value>
            </Feature>
            <Feature>
                <Name className="java.lang.String">kind</Name>
                <Value className="java.lang.String">space</Value>
            </Feature>
        </Annotation>
        <Annotation Id="165" Type="Token" StartNode="446" EndNode="448">
            <Feature>
                <Name className="java.lang.String">length</Name>
                <Value className="java.lang.String">2</Value>
            </Feature>
            <Feature>
                <Name className="java.lang.String">orth</Name>
                <Value className="java.lang.String">lowercase</Value>
            </Feature>
            <Feature>
                <Name className="java.lang.String">string</Name>
                <Value className="java.lang.String">by</Value>
            </Feature>
            <Feature>
                <Name className="java.lang.String">category</Name>
                <Value className="java.lang.String">IN</Value>
            </Feature>
            <Feature>
                <Name className="java.lang.String">kind</Name>
                <Value className="java.lang.String">word</Value>
            </Feature>
        </Annotation>
        <Annotation Id="166" Type="SpaceToken" StartNode="448" EndNode="449">
            <Feature>
                <Name className="java.lang.String">string</Name>
                <Value className="java.lang.String"></Value>
            </Feature>
            <Feature>
                <Name className="java.lang.String">length</Name>
                <Value className="java.lang.String">1</Value>
            </Feature>
            <Feature>
                <Name className="java.lang.String">kind</Name>
                <Value className="java.lang.String">space</Value>
            </Feature>
        </Annotation>
        <Annotation Id="167" Type="Token" StartNode="449" EndNode="455">
            <Feature>
                <Name className="java.lang.String">length</Name>
                <Value className="java.lang.String">6</Value>
            </Feature>
            <Feature>
                <Name className="java.lang.String">orth</Name>
                <Value className="java.lang.String">upperInitial</Value>
            </Feature>
            <Feature>
                <Name className="java.lang.String">string</Name>
                <Value className="java.lang.String">Wright</Value>
            </Feature>
            <Feature>
                <Name className="java.lang.String">category</Name>
                <Value className="java.lang.String">NNP</Value>
            </Feature>
            <Feature>
                <Name className="java.lang.String">kind</Name>
                <Value className="java.lang.String">word</Value>
            </Feature>
        </Annotation>
        <Annotation Id="168" Type="SpaceToken" StartNode="455" EndNode="456">
            <Feature>
                <Name className="java.lang.String">string</Name>
                <Value className="java.lang.String"></Value>
            </Feature>
            <Feature>
                <Name className="java.lang.String">length</Name>
                <Value className="java.lang.String">1</Value>
            </Feature>
            <Feature>
                <Name className="java.lang.String">kind</Name>
                <Value className="java.lang.String">space</Value>
            </Feature>
        </Annotation>
        <Annotation Id="169" Type="Token" StartNode="456" EndNode="457">
            <Feature>
                <Name className="java.lang.String">length</Name>
                <Value className="java.lang.String">1</Value>
            </Feature>
            <Feature>
                <Name className="java.lang.String">string</Name>
                <Value className="java.lang.String">"</Value>
            </Feature>
            <Feature>
                <Name className="java.lang.String">category</Name>
                <Value className="java.lang.String">''</Value>
            </Feature>
            <Feature>
                <Name className="java.lang.String">kind</Name>
                <Value className="java.lang.String">punctuation</Value>
            </Feature>
        </Annotation>
        <Annotation Id="170" Type="Token" StartNode="457" EndNode="461">
            <Feature>
                <Name className="java.lang.String">length</Name>
                <Value className="java.lang.String">4</Value>
            </Feature>
            <Feature>
                <Name className="java.lang.String">orth</Name>
                <Value className="java.lang.String">upperInitial</Value>
            </Feature>
            <Feature>
                <Name className="java.lang.String">string</Name>
                <Value className="java.lang.String">Song</Value>
            </Feature>
            <Feature>
                <Name className="java.lang.String">category</Name>
                <Value className="java.lang.String">NN</Value>
            </Feature>
            <Feature>
                <Name className="java.lang.String">kind</Name>
                <Value className="java.lang.String">word</Value>
            </Feature>
        </Annotation>
        <Annotation Id="171" Type="SpaceToken" StartNode="461" EndNode="462">
            <Feature>
                <Name className="java.lang.String">string</Name>
                <Value className="java.lang.String"></Value>
            </Feature>
            <Feature>
                <Name className="java.lang.String">length</Name>
                <Value className="java.lang.String">1</Value>
            </Feature>
            <Feature>
                <Name className="java.lang.String">kind</Name>
                <Value className="java.lang.String">space</Value>
            </Feature>
        </Annotation>
        <Annotation Id="172" Type="Token" StartNode="462" EndNode="464">
            <Feature>
                <Name className="java.lang.String">length</Name>
                <Value className="java.lang.String">2</Value>
            </Feature>
            <Feature>
                <Name className="java.lang.String">orth</Name>
                <Value className="java.lang.String">lowercase</Value>
            </Feature>
            <Feature>
                <Name className="java.lang.String">string</Name>
                <Value className="java.lang.String">on</Value>
            </Feature>
            <Feature>
                <Name className="java.lang.String">category</Name>
                <Value className="java.lang.String">IN</Value>
            </Feature>
            <Feature>
                <Name className="java.lang.String">kind</Name>
                <Value className="java.lang.String">word</Value>
            </Feature>
        </Annotation>
        <Annotation Id="173" Type="SpaceToken" StartNode="464" EndNode="465">
            <Feature>
                <Name className="java.lang.String">string</Name>
                <Value className="java.lang.String"></Value>
            </Feature>
            <Feature>
                <Name className="java.lang.String">length</Name>
                <Value className="java.lang.String">1</Value>
            </Feature>
            <Feature>
                <Name className="java.lang.String">kind</Name>
                <Value className="java.lang.String">space</Value>
            </Feature>
        </Annotation>
        <Annotation Id="174" Type="Token" StartNode="465" EndNode="468">
            <Feature>
                <Name className="java.lang.String">length</Name>
                <Value className="java.lang.String">3</Value>
            </Feature>
            <Feature>
                <Name className="java.lang.String">orth</Name>
                <Value className="java.lang.String">lowercase</Value>
            </Feature>
            <Feature>
                <Name className="java.lang.String">string</Name>
                <Value className="java.lang.String">the</Value>
            </Feature>
            <Feature>
                <Name className="java.lang.String">category</Name>
                <Value className="java.lang.String">DT</Value>
            </Feature>
            <Feature>
                <Name className="java.lang.String">kind</Name>
                <Value className="java.lang.String">word</Value>
            </Feature>
        </Annotation>
        <Annotation Id="175" Type="SpaceToken" StartNode="468" EndNode="469">
            <Feature>
                <Name className="java.lang.String">string</Name>
                <Value className="java.lang.String"></Value>
            </Feature>
            <Feature>
                <Name className="java.lang.String">length</Name>
                <Value className="java.lang.String">1</Value>
            </Feature>
            <Feature>
                <Name className="java.lang.String">kind</Name>
                <Value className="java.lang.String">space</Value>
            </Feature>
        </Annotation>
        <Annotation Id="176" Type="Token" StartNode="469" EndNode="477">
            <Feature>
                <Name className="java.lang.String">length</Name>
                <Value className="java.lang.String">8</Value>
            </Feature>
            <Feature>
                <Name className="java.lang.String">orth</Name>
                <Value className="java.lang.String">upperInitial</Value>
            </Feature>
            <Feature>
                <Name className="java.lang.String">string</Name>
                <Value className="java.lang.String">Venality</Value>
            </Feature>
            <Feature>
                <Name className="java.lang.String">category</Name>
                <Value className="java.lang.String">NNP</Value>
            </Feature>
            <Feature>
                <Name className="java.lang.String">kind</Name>
                <Value className="java.lang.String">word</Value>
            </Feature>
        </Annotation>
        <Annotation Id="177" Type="SpaceToken" StartNode="477" EndNode="478">
            <Feature>
                <Name className="java.lang.String">string</Name>
                <Value className="java.lang.String"></Value>
            </Feature>
            <Feature>
                <Name className="java.lang.String">length</Name>
                <Value className="java.lang.String">1</Value>
            </Feature>
            <Feature>
                <Name className="java.lang.String">kind</Name>
                <Value className="java.lang.String">space</Value>
            </Feature>
        </Annotation>
        <Annotation Id="178" Type="Token" StartNode="478" EndNode="480">
            <Feature>
                <Name className="java.lang.String">length</Name>
                <Value className="java.lang.String">2</Value>
            </Feature>
            <Feature>
                <Name className="java.lang.String">orth</Name>
                <Value className="java.lang.String">lowercase</Value>
            </Feature>
            <Feature>
                <Name className="java.lang.String">string</Name>
                <Value className="java.lang.String">of</Value>
            </Feature>
            <Feature>
                <Name className="java.lang.String">category</Name>
                <Value className="java.lang.String">IN</Value>
            </Feature>
            <Feature>
                <Name className="java.lang.String">kind</Name>
                <Value className="java.lang.String">word</Value>
            </Feature>
        </Annotation>
        <Annotation Id="179" Type="SpaceToken" StartNode="480" EndNode="481">
            <Feature>
                <Name className="java.lang.String">string</Name>
                <Value className="java.lang.String"></Value>
            </Feature>
            <Feature>
                <Name className="java.lang.String">length</Name>
                <Value className="java.lang.String">1</Value>
            </Feature>
            <Feature>
                <Name className="java.lang.String">kind</Name>
                <Value className="java.lang.String">space</Value>
            </Feature>
        </Annotation>
        <Annotation Id="180" Type="Token" StartNode="481" EndNode="484">
            <Feature>
                <Name className="java.lang.String">length</Name>
                <Value className="java.lang.String">3</Value>
            </Feature>
            <Feature>
                <Name className="java.lang.String">orth</Name>
                <Value className="java.lang.String">lowercase</Value>
            </Feature>
            <Feature>
                <Name className="java.lang.String">string</Name>
                <Value className="java.lang.String">the</Value>
            </Feature>
            <Feature>
                <Name className="java.lang.String">category</Name>
                <Value className="java.lang.String">DT</Value>
            </Feature>
            <Feature>
                <Name className="java.lang.String">kind</Name>
                <Value className="java.lang.String">word</Value>
            </Feature>
        </Annotation>
        <Annotation Id="181" Type="SpaceToken" StartNode="484" EndNode="485">
            <Feature>
                <Name className="java.lang.String">string</Name>
                <Value className="java.lang.String"></Value>
            </Feature>
            <Feature>
                <Name className="java.lang.String">length</Name>
                <Value className="java.lang.String">1</Value>
            </Feature>
            <Feature>
                <Name className="java.lang.String">kind</Name>
                <Value className="java.lang.String">space</Value>
            </Feature>
        </Annotation>
        <Annotation Id="182" Type="Token" StartNode="485" EndNode="491">
            <Feature>
                <Name className="java.lang.String">length</Name>
                <Value className="java.lang.String">6</Value>
            </Feature>
            <Feature>
                <Name className="java.lang.String">orth</Name>
                <Value className="java.lang.String">upperInitial</Value>
            </Feature>
            <Feature>
                <Name className="java.lang.String">string</Name>
                <Value className="java.lang.String">Judges</Value>
            </Feature>
            <Feature>
                <Name className="java.lang.String">category</Name>
                <Value className="java.lang.String">NNPS</Value>
            </Feature>
            <Feature>
                <Name className="java.lang.String">kind</Name>
                <Value className="java.lang.String">word</Value>
            </Feature>
        </Annotation>
        <Annotation Id="183" Type="Token" StartNode="491" EndNode="492">
            <Feature>
                <Name className="java.lang.String">length</Name>
                <Value className="java.lang.String">1</Value>
            </Feature>
            <Feature>
                <Name className="java.lang.String">string</Name>
                <Value className="java.lang.String">.</Value>
            </Feature>
            <Feature>
                <Name className="java.lang.String">category</Name>
                <Value className="java.lang.String">.</Value>
            </Feature>
            <Feature>
                <Name className="java.lang.String">kind</Name>
                <Value className="java.lang.String">punctuation</Value>
            </Feature>
        </Annotation>
        <Annotation Id="184" Type="Token" StartNode="492" EndNode="493">
            <Feature>
                <Name className="java.lang.String">length</Name>
                <Value className="java.lang.String">1</Value>
            </Feature>
            <Feature>
                <Name className="java.lang.String">string</Name>
                <Value className="java.lang.String">"</Value>
            </Feature>
            <Feature>
                <Name className="java.lang.String">category</Name>
                <Value className="java.lang.String">''</Value>
            </Feature>
            <Feature>
                <Name className="java.lang.String">kind</Name>
                <Value className="java.lang.String">punctuation</Value>
            </Feature>
        </Annotation>
        <Annotation Id="185" Type="SpaceToken" StartNode="493" EndNode="494">
            <Feature>
                <Name className="java.lang.String">string</Name>
                <Value className="java.lang.String"></Value>
            </Feature>
            <Feature>
                <Name className="java.lang.String">length</Name>
                <Value className="java.lang.String">1</Value>
            </Feature>
            <Feature>
                <Name className="java.lang.String">kind</Name>
                <Value className="java.lang.String">space</Value>
            </Feature>
        </Annotation>
        <Annotation Id="186" Type="Token" StartNode="494" EndNode="495">
            <Feature>
                <Name className="java.lang.String">length</Name>
                <Value className="java.lang.String">1</Value>
            </Feature>
            <Feature>
                <Name className="java.lang.String">orth</Name>
                <Value className="java.lang.String">upperInitial</Value>
            </Feature>
            <Feature>
                <Name className="java.lang.String">string</Name>
                <Value className="java.lang.String">I</Value>
            </Feature>
            <Feature>
                <Name className="java.lang.String">category</Name>
                <Value className="java.lang.String">PRP</Value>
            </Feature>
            <Feature>
                <Name className="java.lang.String">kind</Name>
                <Value className="java.lang.String">word</Value>
            </Feature>
        </Annotation>
        <Annotation Id="187" Type="SpaceToken" StartNode="495" EndNode="496">
            <Feature>
                <Name className="java.lang.String">string</Name>
                <Value className="java.lang.String"></Value>
            </Feature>
            <Feature>
                <Name className="java.lang.String">length</Name>
                <Value className="java.lang.String">1</Value>
            </Feature>
            <Feature>
                <Name className="java.lang.String">kind</Name>
                <Value className="java.lang.String">space</Value>
            </Feature>
        </Annotation>
        <Annotation Id="188" Type="Token" StartNode="496" EndNode="500">
            <Feature>
                <Name className="java.lang.String">length</Name>
                <Value className="java.lang.String">4</Value>
            </Feature>
            <Feature>
                <Name className="java.lang.String">orth</Name>
                <Value className="java.lang.String">lowercase</Value>
            </Feature>
            <Feature>
                <Name className="java.lang.String">string</Name>
                <Value className="java.lang.String">have</Value>
            </Feature>
            <Feature>
                <Name className="java.lang.String">category</Name>
                <Value className="java.lang.String">VBP</Value>
            </Feature>
            <Feature>
                <Name className="java.lang.String">kind</Name>
                <Value className="java.lang.String">word</Value>
            </Feature>
        </Annotation>
        <Annotation Id="189" Type="SpaceToken" StartNode="500" EndNode="501">
            <Feature>
                <Name className="java.lang.String">string</Name>
                <Value className="java.lang.String"></Value>
            </Feature>
            <Feature>
                <Name className="java.lang.String">length</Name>
                <Value className="java.lang.String">1</Value>
            </Feature>
            <Feature>
                <Name className="java.lang.String">kind</Name>
                <Value className="java.lang.String">space</Value>
            </Feature>
        </Annotation>
        <Annotation Id="190" Type="Token" StartNode="501" EndNode="508">
            <Feature>
                <Name className="java.lang.String">length</Name>
                <Value className="java.lang.String">7</Value>
            </Feature>
            <Feature>
                <Name className="java.lang.String">orth</Name>
                <Value className="java.lang.String">lowercase</Value>
            </Feature>
            <Feature>
                <Name className="java.lang.String">string</Name>
                <Value className="java.lang.String">checked</Value>
            </Feature>
            <Feature>
                <Name className="java.lang.String">category</Name>
                <Value className="java.lang.String">VBN</Value>
            </Feature>
            <Feature>
                <Name className="java.lang.String">kind</Name>
                <Value className="java.lang.String">word</Value>
            </Feature>
        </Annotation>
        <Annotation Id="191" Type="SpaceToken" StartNode="508" EndNode="509">
            <Feature>
                <Name className="java.lang.String">string</Name>
                <Value className="java.lang.String"></Value>
            </Feature>
            <Feature>
                <Name className="java.lang.String">length</Name>
                <Value className="java.lang.String">1</Value>
            </Feature>
            <Feature>
                <Name className="java.lang.String">kind</Name>
                <Value className="java.lang.String">space</Value>
            </Feature>
        </Annotation>
        <Annotation Id="192" Type="Token" StartNode="509" EndNode="515">
            <Feature>
                <Name className="java.lang.String">length</Name>
                <Value className="java.lang.String">6</Value>
            </Feature>
            <Feature>
                <Name className="java.lang.String">orth</Name>
                <Value className="java.lang.String">upperInitial</Value>
            </Feature>
            <Feature>
                <Name className="java.lang.String">string</Name>
                <Value className="java.lang.String">Wright</Value>
            </Feature>
            <Feature>
                <Name className="java.lang.String">category</Name>
                <Value className="java.lang.String">NNP</Value>
            </Feature>
            <Feature>
                <Name className="java.lang.String">kind</Name>
                <Value className="java.lang.String">word</Value>
            </Feature>
        </Annotation>
        <Annotation Id="195" Type="SpaceToken" StartNode="517" EndNode="518">
            <Feature>
                <Name className="java.lang.String">string</Name>
                <Value className="java.lang.String"></Value>
            </Feature>
            <Feature>
                <Name className="java.lang.String">length</Name>
                <Value className="java.lang.String">1</Value>
            </Feature>
            <Feature>
                <Name className="java.lang.String">kind</Name>
                <Value className="java.lang.String">space</Value>
            </Feature>
        </Annotation>
        <Annotation Id="196" Type="Token" StartNode="518" EndNode="525">
            <Feature>
                <Name className="java.lang.String">length</Name>
                <Value className="java.lang.String">7</Value>
            </Feature>
            <Feature>
                <Name className="java.lang.String">orth</Name>
                <Value className="java.lang.String">lowercase</Value>
            </Feature>
            <Feature>
                <Name className="java.lang.String">string</Name>
                <Value className="java.lang.String">edition</Value>
            </Feature>
            <Feature>
                <Name className="java.lang.String">category</Name>
                <Value className="java.lang.String">NN</Value>
            </Feature>
            <Feature>
                <Name className="java.lang.String">kind</Name>
                <Value className="java.lang.String">word</Value>
            </Feature>
        </Annotation>
        <Annotation Id="197" Type="SpaceToken" StartNode="525" EndNode="526">
            <Feature>
                <Name className="java.lang.String">string</Name>
                <Value className="java.lang.String"></Value>
            </Feature>
            <Feature>
                <Name className="java.lang.String">length</Name>
                <Value className="java.lang.String">1</Value>
            </Feature>
            <Feature>
                <Name className="java.lang.String">kind</Name>
                <Value className="java.lang.String">space</Value>
            </Feature>
        </Annotation>
        <Annotation Id="198" Type="Token" StartNode="526" EndNode="533">
            <Feature>
                <Name className="java.lang.String">length</Name>
                <Value className="java.lang.String">7</Value>
            </Feature>
            <Feature>
                <Name className="java.lang.String">orth</Name>
                <Value className="java.lang.String">lowercase</Value>
            </Feature>
            <Feature>
                <Name className="java.lang.String">string</Name>
                <Value className="java.lang.String">against</Value>
            </Feature>
            <Feature>
                <Name className="java.lang.String">category</Name>
                <Value className="java.lang.String">IN</Value>
            </Feature>
            <Feature>
                <Name className="java.lang.String">kind</Name>
                <Value className="java.lang.String">word</Value>
            </Feature>
        </Annotation>
        <Annotation Id="199" Type="SpaceToken" StartNode="533" EndNode="534">
            <Feature>
                <Name className="java.lang.String">string</Name>
                <Value className="java.lang.String"></Value>
            </Feature>
            <Feature>
                <Name className="java.lang.String">length</Name>
                <Value className="java.lang.String">1</Value>
            </Feature>
            <Feature>
                <Name className="java.lang.String">kind</Name>
                <Value className="java.lang.String">space</Value>
            </Feature>
        </Annotation>
        <Annotation Id="200" Type="Token" StartNode="534" EndNode="535">
            <Feature>
                <Name className="java.lang.String">length</Name>
                <Value className="java.lang.String">1</Value>
            </Feature>
            <Feature>
                <Name className="java.lang.String">orth</Name>
                <Value className="java.lang.String">lowercase</Value>
            </Feature>
            <Feature>
                <Name className="java.lang.String">string</Name>
                <Value className="java.lang.String">a</Value>
            </Feature>
            <Feature>
                <Name className="java.lang.String">category</Name>
                <Value className="java.lang.String">DT</Value>
            </Feature>
            <Feature>
                <Name className="java.lang.String">kind</Name>
                <Value className="java.lang.String">word</Value>
            </Feature>
        </Annotation>
        <Annotation Id="201" Type="SpaceToken" StartNode="535" EndNode="536">
            <Feature>
                <Name className="java.lang.String">string</Name>
                <Value className="java.lang.String"></Value>
            </Feature>
            <Feature>
                <Name className="java.lang.String">length</Name>
                <Value className="java.lang.String">1</Value>
            </Feature>
            <Feature>
                <Name className="java.lang.String">kind</Name>
                <Value className="java.lang.String">space</Value>
            </Feature>
        </Annotation>
        <Annotation Id="202" Type="Token" StartNode="536" EndNode="545">
            <Feature>
                <Name className="java.lang.String">length</Name>
                <Value className="java.lang.String">9</Value>
            </Feature>
            <Feature>
                <Name className="java.lang.String">orth</Name>
                <Value className="java.lang.String">lowercase</Value>
            </Feature>
            <Feature>
                <Name className="java.lang.String">string</Name>
                <Value className="java.lang.String">photostat</Value>
            </Feature>
            <Feature>
                <Name className="java.lang.String">category</Name>
                <Value className="java.lang.String">NN</Value>
            </Feature>
            <Feature>
                <Name className="java.lang.String">kind</Name>
                <Value className="java.lang.String">word</Value>
            </Feature>
        </Annotation>
        <Annotation Id="203" Type="SpaceToken" StartNode="545" EndNode="546">
            <Feature>
                <Name className="java.lang.String">string</Name>
                <Value className="java.lang.String"></Value>
            </Feature>
            <Feature>
                <Name className="java.lang.String">length</Name>
                <Value className="java.lang.String">1</Value>
            </Feature>
            <Feature>
                <Name className="java.lang.String">kind</Name>
                <Value className="java.lang.String">space</Value>
            </Feature>
        </Annotation>
        <Annotation Id="204" Type="Token" StartNode="546" EndNode="548">
            <Feature>
                <Name className="java.lang.String">length</Name>
                <Value className="java.lang.String">2</Value>
            </Feature>
            <Feature>
                <Name className="java.lang.String">orth</Name>
                <Value className="java.lang.String">lowercase</Value>
            </Feature>
            <Feature>
                <Name className="java.lang.String">string</Name>
                <Value className="java.lang.String">of</Value>
            </Feature>
            <Feature>
                <Name className="java.lang.String">category</Name>
                <Value className="java.lang.String">IN</Value>
            </Feature>
            <Feature>
                <Name className="java.lang.String">kind</Name>
                <Value className="java.lang.String">word</Value>
            </Feature>
        </Annotation>
        <Annotation Id="205" Type="SpaceToken" StartNode="548" EndNode="549">
            <Feature>
                <Name className="java.lang.String">string</Name>
                <Value className="java.lang.String"></Value>
            </Feature>
            <Feature>
                <Name className="java.lang.String">length</Name>
                <Value className="java.lang.String">1</Value>
            </Feature>
            <Feature>
                <Name className="java.lang.String">kind</Name>
                <Value className="java.lang.String">space</Value>
            </Feature>
        </Annotation>
        <Annotation Id="206" Type="Token" StartNode="549" EndNode="552">
            <Feature>
                <Name className="java.lang.String">length</Name>
                <Value className="java.lang.String">3</Value>
            </Feature>
            <Feature>
                <Name className="java.lang.String">orth</Name>
                <Value className="java.lang.String">lowercase</Value>
            </Feature>
            <Feature>
                <Name className="java.lang.String">string</Name>
                <Value className="java.lang.String">the</Value>
            </Feature>
            <Feature>
                <Name className="java.lang.String">category</Name>
                <Value className="java.lang.String">DT</Value>
            </Feature>
            <Feature>
                <Name className="java.lang.String">kind</Name>
                <Value className="java.lang.String">word</Value>
            </Feature>
        </Annotation>
        <Annotation Id="207" Type="SpaceToken" StartNode="552" EndNode="553">
            <Feature>
                <Name className="java.lang.String">string</Name>
                <Value className="java.lang.String"></Value>
            </Feature>
            <Feature>
                <Name className="java.lang.String">length</Name>
                <Value className="java.lang.String">1</Value>
            </Feature>
            <Feature>
                <Name className="java.lang.String">kind</Name>
                <Value className="java.lang.String">space</Value>
            </Feature>
        </Annotation>
        <Annotation Id="208" Type="Token" StartNode="553" EndNode="563">
            <Feature>
                <Name className="java.lang.String">length</Name>
                <Value className="java.lang.String">10</Value>
            </Feature>
            <Feature>
                <Name className="java.lang.String">orth</Name>
                <Value className="java.lang.String">lowercase</Value>
            </Feature>
            <Feature>
                <Name className="java.lang.String">string</Name>
                <Value className="java.lang.String">manuscript</Value>
            </Feature>
            <Feature>
                <Name className="java.lang.String">category</Name>
                <Value className="java.lang.String">NN</Value>
            </Feature>
            <Feature>
                <Name className="java.lang.String">kind</Name>
                <Value className="java.lang.String">word</Value>
            </Feature>
        </Annotation>
        <Annotation Id="209" Type="Token" StartNode="563" EndNode="564">
            <Feature>
                <Name className="java.lang.String">length</Name>
                <Value className="java.lang.String">1</Value>
            </Feature>
            <Feature>
                <Name className="java.lang.String">string</Name>
                <Value className="java.lang.String">.</Value>
            </Feature>
            <Feature>
                <Name className="java.lang.String">category</Name>
                <Value className="java.lang.String">.</Value>
            </Feature>
            <Feature>
                <Name className="java.lang.String">kind</Name>
                <Value className="java.lang.String">punctuation</Value>
            </Feature>
        </Annotation>
        <Annotation Id="210" Type="SpaceToken" StartNode="564" EndNode="565">
            <Feature>
                <Name className="java.lang.String">string</Name>
                <Value className="java.lang.String"></Value>
            </Feature>
            <Feature>
                <Name className="java.lang.String">length</Name>
                <Value className="java.lang.String">1</Value>
            </Feature>
            <Feature>
                <Name className="java.lang.String">kind</Name>
                <Value className="java.lang.String">space</Value>
            </Feature>
        </Annotation>
        <Annotation Id="211" Type="Token" StartNode="565" EndNode="566">
            <Feature>
                <Name className="java.lang.String">length</Name>
                <Value className="java.lang.String">1</Value>
            </Feature>
            <Feature>
                <Name className="java.lang.String">orth</Name>
                <Value className="java.lang.String">upperInitial</Value>
            </Feature>
            <Feature>
                <Name className="java.lang.String">string</Name>
                <Value className="java.lang.String">I</Value>
            </Feature>
            <Feature>
                <Name className="java.lang.String">category</Name>
                <Value className="java.lang.String">PRP</Value>
            </Feature>
            <Feature>
                <Name className="java.lang.String">kind</Name>
                <Value className="java.lang.String">word</Value>
            </Feature>
        </Annotation>
        <Annotation Id="212" Type="SpaceToken" StartNode="566" EndNode="567">
            <Feature>
                <Name className="java.lang.String">string</Name>
                <Value className="java.lang.String"></Value>
            </Feature>
            <Feature>
                <Name className="java.lang.String">length</Name>
                <Value className="java.lang.String">1</Value>
            </Feature>
            <Feature>
                <Name className="java.lang.String">kind</Name>
                <Value className="java.lang.String">space</Value>
            </Feature>
        </Annotation>
        <Annotation Id="213" Type="Token" StartNode="567" EndNode="574">
            <Feature>
                <Name className="java.lang.String">length</Name>
                <Value className="java.lang.String">7</Value>
            </Feature>
            <Feature>
                <Name className="java.lang.String">orth</Name>
                <Value className="java.lang.String">lowercase</Value>
            </Feature>
            <Feature>
                <Name className="java.lang.String">string</Name>
                <Value className="java.lang.String">include</Value>
            </Feature>
            <Feature>
                <Name className="java.lang.String">category</Name>
                <Value className="java.lang.String">VBP</Value>
            </Feature>
            <Feature>
                <Name className="java.lang.String">kind</Name>
                <Value className="java.lang.String">word</Value>
            </Feature>
        </Annotation>
        <Annotation Id="214" Type="SpaceToken" StartNode="574" EndNode="575">
            <Feature>
                <Name className="java.lang.String">string</Name>
                <Value className="java.lang.String"></Value>
            </Feature>
            <Feature>
                <Name className="java.lang.String">length</Name>
                <Value className="java.lang.String">1</Value>
            </Feature>
            <Feature>
                <Name className="java.lang.String">kind</Name>
                <Value className="java.lang.String">space</Value>
            </Feature>
        </Annotation>
        <Annotation Id="215" Type="Token" StartNode="575" EndNode="578">
            <Feature>
                <Name className="java.lang.String">length</Name>
                <Value className="java.lang.String">3</Value>
            </Feature>
            <Feature>
                <Name className="java.lang.String">orth</Name>
                <Value className="java.lang.String">lowercase</Value>
            </Feature>
            <Feature>
                <Name className="java.lang.String">string</Name>
                <Value className="java.lang.String">but</Value>
            </Feature>
            <Feature>
                <Name className="java.lang.String">category</Name>
                <Value className="java.lang.String">CC</Value>
            </Feature>
            <Feature>
                <Name className="java.lang.String">kind</Name>
                <Value className="java.lang.String">word</Value>
            </Feature>
        </Annotation>
        <Annotation Id="216" Type="SpaceToken" StartNode="578" EndNode="579">
            <Feature>
                <Name className="java.lang.String">string</Name>
                <Value className="java.lang.String"></Value>
            </Feature>
            <Feature>
                <Name className="java.lang.String">length</Name>
                <Value className="java.lang.String">1</Value>
            </Feature>
            <Feature>
                <Name className="java.lang.String">kind</Name>
                <Value className="java.lang.String">space</Value>
            </Feature>
        </Annotation>
        <Annotation Id="217" Type="Token" StartNode="579" EndNode="587">
            <Feature>
                <Name className="java.lang.String">length</Name>
                <Value className="java.lang.String">8</Value>
            </Feature>
            <Feature>
                <Name className="java.lang.String">orth</Name>
                <Value className="java.lang.String">lowercase</Value>
            </Feature>
            <Feature>
                <Name className="java.lang.String">string</Name>
                <Value className="java.lang.String">slightly</Value>
            </Feature>
            <Feature>
                <Name className="java.lang.String">category</Name>
                <Value className="java.lang.String">RB</Value>
            </Feature>
            <Feature>
                <Name className="java.lang.String">kind</Name>
                <Value className="java.lang.String">word</Value>
            </Feature>
        </Annotation>
        <Annotation Id="218" Type="SpaceToken" StartNode="587" EndNode="588">
            <Feature>
                <Name className="java.lang.String">string</Name>
                <Value className="java.lang.String"></Value>
            </Feature>
            <Feature>
                <Name className="java.lang.String">length</Name>
                <Value className="java.lang.String">1</Value>
            </Feature>
            <Feature>
                <Name className="java.lang.String">kind</Name>
                <Value className="java.lang.String">space</Value>
            </Feature>
        </Annotation>
        <Annotation Id="219" Type="Token" StartNode="588" EndNode="597">
            <Feature>
                <Name className="java.lang.String">length</Name>
                <Value className="java.lang.String">9</Value>
            </Feature>
            <Feature>
                <Name className="java.lang.String">orth</Name>
                <Value className="java.lang.String">lowercase</Value>
            </Feature>
            <Feature>
                <Name className="java.lang.String">string</Name>
                <Value className="java.lang.String">modernize</Value>
            </Feature>
            <Feature>
                <Name className="java.lang.String">category</Name>
                <Value className="java.lang.String">VB</Value>
            </Feature>
            <Feature>
                <Name className="java.lang.String">kind</Name>
                <Value className="java.lang.String">word</Value>
            </Feature>
        </Annotation>
        <Annotation Id="220" Type="SpaceToken" StartNode="597" EndNode="598">
            <Feature>
                <Name className="java.lang.String">string</Name>
                <Value className="java.lang.String"></Value>
            </Feature>
            <Feature>
                <Name className="java.lang.String">length</Name>
                <Value className="java.lang.String">1</Value>
            </Feature>
            <Feature>
                <Name className="java.lang.String">kind</Name>
                <Value className="java.lang.String">space</Value>
            </Feature>
        </Annotation>
        <Annotation Id="221" Type="Token" StartNode="598" EndNode="604">
            <Feature>
                <Name className="java.lang.String">length</Name>
                <Value className="java.lang.String">6</Value>
            </Feature>
            <Feature>
                <Name className="java.lang.String">orth</Name>
                <Value className="java.lang.String">upperInitial</Value>
            </Feature>
            <Feature>
                <Name className="java.lang.String">string</Name>
                <Value className="java.lang.String">Wright</Value>
            </Feature>
            <Feature>
                <Name className="java.lang.String">category</Name>
                <Value className="java.lang.String">NNP</Value>
            </Feature>
            <Feature>
                <Name className="java.lang.String">kind</Name>
                <Value className="java.lang.String">word</Value>
            </Feature>
        </Annotation>
        <Annotation Id="224" Type="SpaceToken" StartNode="606" EndNode="607">
            <Feature>
                <Name className="java.lang.String">string</Name>
                <Value className="java.lang.String"></Value>
            </Feature>
            <Feature>
                <Name className="java.lang.String">length</Name>
                <Value className="java.lang.String">1</Value>
            </Feature>
            <Feature>
                <Name className="java.lang.String">kind</Name>
                <Value className="java.lang.String">space</Value>
            </Feature>
        </Annotation>
        <Annotation Id="225" Type="Token" StartNode="607" EndNode="618">
            <Feature>
                <Name className="java.lang.String">length</Name>
                <Value className="java.lang.String">11</Value>
            </Feature>
            <Feature>
                <Name className="java.lang.String">orth</Name>
                <Value className="java.lang.String">lowercase</Value>
            </Feature>
            <Feature>
                <Name className="java.lang.String">string</Name>
                <Value className="java.lang.String">translation</Value>
            </Feature>
            <Feature>
                <Name className="java.lang.String">category</Name>
                <Value className="java.lang.String">NN</Value>
            </Feature>
            <Feature>
                <Name className="java.lang.String">kind</Name>
                <Value className="java.lang.String">word</Value>
            </Feature>
        </Annotation>
        <Annotation Id="226" Type="Token" StartNode="618" EndNode="619">
            <Feature>
                <Name className="java.lang.String">length</Name>
                <Value className="java.lang.String">1</Value>
            </Feature>
            <Feature>
                <Name className="java.lang.String">string</Name>
                <Value className="java.lang.String">.</Value>
            </Feature>
            <Feature>
                <Name className="java.lang.String">category</Name>
                <Value className="java.lang.String">.</Value>
            </Feature>
            <Feature>
                <Name className="java.lang.String">kind</Name>
                <Value className="java.lang.String">punctuation</Value>
            </Feature>
        </Annotation>
        <Annotation Id="229" Type="Token" StartNode="621" EndNode="624">
            <Feature>
                <Name className="java.lang.String">length</Name>
                <Value className="java.lang.String">3</Value>
            </Feature>
            <Feature>
                <Name className="java.lang.String">orth</Name>
                <Value className="java.lang.String">upperInitial</Value>
            </Feature>
            <Feature>
                <Name className="java.lang.String">string</Name>
                <Value className="java.lang.String">One</Value>
            </Feature>
            <Feature>
                <Name className="java.lang.String">category</Name>
                <Value className="java.lang.String">CD</Value>
            </Feature>
            <Feature>
                <Name className="java.lang.String">kind</Name>
                <Value className="java.lang.String">word</Value>
            </Feature>
        </Annotation>
        <Annotation Id="230" Type="SpaceToken" StartNode="624" EndNode="625">
            <Feature>
                <Name className="java.lang.String">string</Name>
                <Value className="java.lang.String"></Value>
            </Feature>
            <Feature>
                <Name className="java.lang.String">length</Name>
                <Value className="java.lang.String">1</Value>
            </Feature>
            <Feature>
                <Name className="java.lang.String">kind</Name>
                <Value className="java.lang.String">space</Value>
            </Feature>
        </Annotation>
        <Annotation Id="231" Type="Token" StartNode="625" EndNode="627">
            <Feature>
                <Name className="java.lang.String">length</Name>
                <Value className="java.lang.String">2</Value>
            </Feature>
            <Feature>
                <Name className="java.lang.String">orth</Name>
                <Value className="java.lang.String">lowercase</Value>
            </Feature>
            <Feature>
                <Name className="java.lang.String">string</Name>
                <Value className="java.lang.String">of</Value>
            </Feature>
            <Feature>
                <Name className="java.lang.String">category</Name>
                <Value className="java.lang.String">IN</Value>
            </Feature>
            <Feature>
                <Name className="java.lang.String">kind</Name>
                <Value className="java.lang.String">word</Value>
            </Feature>
        </Annotation>
        <Annotation Id="232" Type="SpaceToken" StartNode="627" EndNode="628">
            <Feature>
                <Name className="java.lang.String">string</Name>
                <Value className="java.lang.String"></Value>
            </Feature>
            <Feature>
                <Name className="java.lang.String">length</Name>
                <Value className="java.lang.String">1</Value>
            </Feature>
            <Feature>
                <Name className="java.lang.String">kind</Name>
                <Value className="java.lang.String">space</Value>
            </Feature>
        </Annotation>
        <Annotation Id="233" Type="Token" StartNode="628" EndNode="631">
            <Feature>
                <Name className="java.lang.String">length</Name>
                <Value className="java.lang.String">3</Value>
            </Feature>
            <Feature>
                <Name className="java.lang.String">orth</Name>
                <Value className="java.lang.String">lowercase</Value>
            </Feature>
            <Feature>
                <Name className="java.lang.String">string</Name>
                <Value className="java.lang.String">the</Value>
            </Feature>
            <Feature>
                <Name className="java.lang.String">category</Name>
                <Value className="java.lang.String">DT</Value>
            </Feature>
            <Feature>
                <Name className="java.lang.String">kind</Name>
                <Value className="java.lang.String">word</Value>
            </Feature>
        </Annotation>
        <Annotation Id="234" Type="SpaceToken" StartNode="631" EndNode="632">
            <Feature>
                <Name className="java.lang.String">string</Name>
                <Value className="java.lang.String"></Value>
            </Feature>
            <Feature>
                <Name className="java.lang.String">length</Name>
                <Value className="java.lang.String">1</Value>
            </Feature>
            <Feature>
                <Name className="java.lang.String">kind</Name>
                <Value className="java.lang.String">space</Value>
            </Feature>
        </Annotation>
        <Annotation Id="235" Type="Token" StartNode="632" EndNode="637">
            <Feature>
                <Name className="java.lang.String">length</Name>
                <Value className="java.lang.String">5</Value>
            </Feature>
            <Feature>
                <Name className="java.lang.String">orth</Name>
                <Value className="java.lang.String">lowercase</Value>
            </Feature>
            <Feature>
                <Name className="java.lang.String">string</Name>
                <Value className="java.lang.String">chief</Value>
            </Feature>
            <Feature>
                <Name className="java.lang.String">category</Name>
                <Value className="java.lang.String">NN</Value>
            </Feature>
            <Feature>
                <Name className="java.lang.String">kind</Name>
                <Value className="java.lang.String">word</Value>
            </Feature>
        </Annotation>
        <Annotation Id="236" Type="SpaceToken" StartNode="637" EndNode="638">
            <Feature>
                <Name className="java.lang.String">string</Name>
                <Value className="java.lang.String"></Value>
            </Feature>
            <Feature>
                <Name className="java.lang.String">length</Name>
                <Value className="java.lang.String">1</Value>
            </Feature>
            <Feature>
                <Name className="java.lang.String">kind</Name>
                <Value className="java.lang.String">space</Value>
            </Feature>
        </Annotation>
        <Annotation Id="237" Type="Token" StartNode="638" EndNode="647">
            <Feature>
                <Name className="java.lang.String">length</Name>
                <Value className="java.lang.String">9</Value>
            </Feature>
            <Feature>
                <Name className="java.lang.String">orth</Name>
                <Value className="java.lang.String">lowercase</Value>
            </Feature>
            <Feature>
                <Name className="java.lang.String">string</Name>
                <Value className="java.lang.String">documents</Value>
            </Feature>
            <Feature>
                <Name className="java.lang.String">category</Name>
                <Value className="java.lang.String">NNS</Value>
            </Feature>
            <Feature>
                <Name className="java.lang.String">kind</Name>
                <Value className="java.lang.String">word</Value>
            </Feature>
        </Annotation>
        <Annotation Id="238" Type="SpaceToken" StartNode="647" EndNode="648">
            <Feature>
                <Name className="java.lang.String">string</Name>
                <Value className="java.lang.String"></Value>
            </Feature>
            <Feature>
                <Name className="java.lang.String">length</Name>
                <Value className="java.lang.String">1</Value>
            </Feature>
            <Feature>
                <Name className="java.lang.String">kind</Name>
                <Value className="java.lang.String">space</Value>
            </Feature>
        </Annotation>
        <Annotation Id="239" Type="Token" StartNode="648" EndNode="650">
            <Feature>
                <Name className="java.lang.String">length</Name>
                <Value className="java.lang.String">2</Value>
            </Feature>
            <Feature>
                <Name className="java.lang.String">orth</Name>
                <Value className="java.lang.String">lowercase</Value>
            </Feature>
            <Feature>
                <Name className="java.lang.String">string</Name>
                <Value className="java.lang.String">in</Value>
            </Feature>
            <Feature>
                <Name className="java.lang.String">category</Name>
                <Value className="java.lang.String">IN</Value>
            </Feature>
            <Feature>
                <Name className="java.lang.String">kind</Name>
                <Value className="java.lang.String">word</Value>
            </Feature>
        </Annotation>
        <Annotation Id="240" Type="SpaceToken" StartNode="650" EndNode="651">
            <Feature>
                <Name className="java.lang.String">string</Name>
                <Value className="java.lang.String"></Value>
            </Feature>
            <Feature>
                <Name className="java.lang.String">length</Name>
                <Value className="java.lang.String">1</Value>
            </Feature>
            <Feature>
                <Name className="java.lang.String">kind</Name>
                <Value className="java.lang.String">space</Value>
            </Feature>
        </Annotation>
        <Annotation Id="241" Type="Token" StartNode="651" EndNode="654">
            <Feature>
                <Name className="java.lang.String">length</Name>
                <Value className="java.lang.String">3</Value>
            </Feature>
            <Feature>
                <Name className="java.lang.String">orth</Name>
                <Value className="java.lang.String">lowercase</Value>
            </Feature>
            <Feature>
                <Name className="java.lang.String">string</Name>
                <Value className="java.lang.String">the</Value>
            </Feature>
            <Feature>
                <Name className="java.lang.String">category</Name>
                <Value className="java.lang.String">DT</Value>
            </Feature>
            <Feature>
                <Name className="java.lang.String">kind</Name>
                <Value className="java.lang.String">word</Value>
            </Feature>
        </Annotation>
        <Annotation Id="242" Type="SpaceToken" StartNode="654" EndNode="655">
            <Feature>
                <Name className="java.lang.String">string</Name>
                <Value className="java.lang.String"></Value>
            </Feature>
            <Feature>
                <Name className="java.lang.String">length</Name>
                <Value className="java.lang.String">1</Value>
            </Feature>
            <Feature>
                <Name className="java.lang.String">kind</Name>
                <Value className="java.lang.String">space</Value>
            </Feature>
        </Annotation>
        <Annotation Id="243" Type="Token" StartNode="655" EndNode="661">
            <Feature>
                <Name className="java.lang.String">length</Name>
                <Value className="java.lang.String">6</Value>
            </Feature>
            <Feature>
                <Name className="java.lang.String">orth</Name>
                <Value className="java.lang.String">upperInitial</Value>
            </Feature>
            <Feature>
                <Name className="java.lang.String">string</Name>
                <Value className="java.lang.String">Middle</Value>
            </Feature>
            <Feature>
                <Name className="java.lang.String">category</Name>
                <Value className="java.lang.String">NNP</Value>
            </Feature>
            <Feature>
                <Name className="java.lang.String">kind</Name>
                <Value className="java.lang.String">word</Value>
            </Feature>
        </Annotation>
        <Annotation Id="244" Type="SpaceToken" StartNode="661" EndNode="662">
            <Feature>
                <Name className="java.lang.String">string</Name>
                <Value className="java.lang.String"></Value>
            </Feature>
            <Feature>
                <Name className="java.lang.String">length</Name>
                <Value className="java.lang.String">1</Value>
            </Feature>
            <Feature>
                <Name className="java.lang.String">kind</Name>
                <Value className="java.lang.String">space</Value>
            </Feature>
        </Annotation>
        <Annotation Id="245" Type="Token" StartNode="662" EndNode="669">
            <Feature>
                <Name className="java.lang.String">length</Name>
                <Value className="java.lang.String">7</Value>
            </Feature>
            <Feature>
                <Name className="java.lang.String">orth</Name>
                <Value className="java.lang.String">upperInitial</Value>
            </Feature>
            <Feature>
                <Name className="java.lang.String">string</Name>
                <Value className="java.lang.String">English</Value>
            </Feature>
            <Feature>
                <Name className="java.lang.String">category</Name>
                <Value className="java.lang.String">NNP</Value>
            </Feature>
            <Feature>
                <Name className="java.lang.String">kind</Name>
                <Value className="java.lang.String">word</Value>
            </Feature>
        </Annotation>
        <Annotation Id="246" Type="SpaceToken" StartNode="669" EndNode="670">
            <Feature>
                <Name className="java.lang.String">string</Name>
                <Value className="java.lang.String"></Value>
            </Feature>
            <Feature>
                <Name className="java.lang.String">length</Name>
                <Value className="java.lang.String">1</Value>
            </Feature>
            <Feature>
                <Name className="java.lang.String">kind</Name>
                <Value className="java.lang.String">space</Value>
            </Feature>
        </Annotation>
        <Annotation Id="247" Type="Token" StartNode="670" EndNode="675">
            <Feature>
                <Name className="java.lang.String">length</Name>
                <Value className="java.lang.String">5</Value>
            </Feature>
            <Feature>
                <Name className="java.lang.String">orth</Name>
                <Value className="java.lang.String">upperInitial</Value>
            </Feature>
            <Feature>
                <Name className="java.lang.String">string</Name>
                <Value className="java.lang.String">Abuse</Value>
            </Feature>
            <Feature>
                <Name className="java.lang.String">category</Name>
                <Value className="java.lang.String">NNP</Value>
            </Feature>
            <Feature>
                <Name className="java.lang.String">kind</Name>
                <Value className="java.lang.String">word</Value>
            </Feature>
        </Annotation>
        <Annotation Id="248" Type="SpaceToken" StartNode="675" EndNode="676">
            <Feature>
                <Name className="java.lang.String">string</Name>
                <Value className="java.lang.String"></Value>
            </Feature>
            <Feature>
                <Name className="java.lang.String">length</Name>
                <Value className="java.lang.String">1</Value>
            </Feature>
            <Feature>
                <Name className="java.lang.String">kind</Name>
                <Value className="java.lang.String">space</Value>
            </Feature>
        </Annotation>
        <Annotation Id="249" Type="Token" StartNode="676" EndNode="678">
            <Feature>
                <Name className="java.lang.String">length</Name>
                <Value className="java.lang.String">2</Value>
            </Feature>
            <Feature>
                <Name className="java.lang.String">orth</Name>
                <Value className="java.lang.String">lowercase</Value>
            </Feature>
            <Feature>
                <Name className="java.lang.String">string</Name>
                <Value className="java.lang.String">of</Value>
            </Feature>
            <Feature>
                <Name className="java.lang.String">category</Name>
                <Value className="java.lang.String">IN</Value>
            </Feature>
            <Feature>
                <Name className="java.lang.String">kind</Name>
                <Value className="java.lang.String">word</Value>
            </Feature>
        </Annotation>
        <Annotation Id="250" Type="SpaceToken" StartNode="678" EndNode="679">
            <Feature>
                <Name className="java.lang.String">string</Name>
                <Value className="java.lang.String"></Value>
            </Feature>
            <Feature>
                <Name className="java.lang.String">length</Name>
                <Value className="java.lang.String">1</Value>
            </Feature>
            <Feature>
                <Name className="java.lang.String">kind</Name>
                <Value className="java.lang.String">space</Value>
            </Feature>
        </Annotation>
        <Annotation Id="251" Type="Token" StartNode="679" EndNode="684">
            <Feature>
                <Name className="java.lang.String">length</Name>
                <Value className="java.lang.String">5</Value>
            </Feature>
            <Feature>
                <Name className="java.lang.String">orth</Name>
                <Value className="java.lang.String">upperInitial</Value>
            </Feature>
            <Feature>
                <Name className="java.lang.String">string</Name>
                <Value className="java.lang.String">Money</Value>
            </Feature>
            <Feature>
                <Name className="java.lang.String">category</Name>
                <Value className="java.lang.String">NNP</Value>
            </Feature>
            <Feature>
                <Name className="java.lang.String">kind</Name>
                <Value className="java.lang.String">word</Value>
            </Feature>
        </Annotation>
        <Annotation Id="252" Type="SpaceToken" StartNode="684" EndNode="685">
            <Feature>
                <Name className="java.lang.String">string</Name>
                <Value className="java.lang.String"></Value>
            </Feature>
            <Feature>
                <Name className="java.lang.String">length</Name>
                <Value className="java.lang.String">1</Value>
            </Feature>
            <Feature>
                <Name className="java.lang.String">kind</Name>
                <Value className="java.lang.String">space</Value>
            </Feature>
        </Annotation>
        <Annotation Id="253" Type="Token" StartNode="685" EndNode="694">
            <Feature>
                <Name className="java.lang.String">length</Name>
                <Value className="java.lang.String">9</Value>
            </Feature>
            <Feature>
                <Name className="java.lang.String">orth</Name>
                <Value className="java.lang.String">lowercase</Value>
            </Feature>
            <Feature>
                <Name className="java.lang.String">string</Name>
                <Value className="java.lang.String">tradition</Value>
            </Feature>
            <Feature>
                <Name className="java.lang.String">category</Name>
                <Value className="java.lang.String">NN</Value>
            </Feature>
            <Feature>
                <Name className="java.lang.String">kind</Name>
                <Value className="java.lang.String">word</Value>
            </Feature>
        </Annotation>
        <Annotation Id="254" Type="SpaceToken" StartNode="694" EndNode="695">
            <Feature>
                <Name className="java.lang.String">string</Name>
                <Value className="java.lang.String"></Value>
            </Feature>
            <Feature>
                <Name className="java.lang.String">length</Name>
                <Value className="java.lang.String">1</Value>
            </Feature>
            <Feature>
                <Name className="java.lang.String">kind</Name>
                <Value className="java.lang.String">space</Value>
            </Feature>
        </Annotation>
        <Annotation Id="255" Type="Token" StartNode="695" EndNode="697">
            <Feature>
                <Name className="java.lang.String">length</Name>
                <Value className="java.lang.String">2</Value>
            </Feature>
            <Feature>
                <Name className="java.lang.String">orth</Name>
                <Value className="java.lang.String">lowercase</Value>
            </Feature>
            <Feature>
                <Name className="java.lang.String">string</Name>
                <Value className="java.lang.String">is</Value>
            </Feature>
            <Feature>
                <Name className="java.lang.String">category</Name>
                <Value className="java.lang.String">VBZ</Value>
            </Feature>
            <Feature>
                <Name className="java.lang.String">kind</Name>
                <Value className="java.lang.String">word</Value>
            </Feature>
        </Annotation>
        <Annotation Id="256" Type="SpaceToken" StartNode="697" EndNode="698">
            <Feature>
                <Name className="java.lang.String">string</Name>
                <Value className="java.lang.String"></Value>
            </Feature>
            <Feature>
                <Name className="java.lang.String">length</Name>
                <Value className="java.lang.String">1</Value>
            </Feature>
            <Feature>
                <Name className="java.lang.String">kind</Name>
                <Value className="java.lang.String">space</Value>
            </Feature>
        </Annotation>
        <Annotation Id="257" Type="Token" StartNode="698" EndNode="701">
            <Feature>
                <Name className="java.lang.String">length</Name>
                <Value className="java.lang.String">3</Value>
            </Feature>
            <Feature>
                <Name className="java.lang.String">orth</Name>
                <Value className="java.lang.String">upperInitial</Value>
            </Feature>
            <Feature>
                <Name className="java.lang.String">string</Name>
                <Value className="java.lang.String">The</Value>
            </Feature>
            <Feature>
                <Name className="java.lang.String">category</Name>
                <Value className="java.lang.String">DT</Value>
            </Feature>
            <Feature>
                <Name className="java.lang.String">kind</Name>
                <Value className="java.lang.String">word</Value>
            </Feature>
        </Annotation>
        <Annotation Id="258" Type="SpaceToken" StartNode="701" EndNode="702">
            <Feature>
                <Name className="java.lang.String">string</Name>
                <Value className="java.lang.String"></Value>
            </Feature>
            <Feature>
                <Name className="java.lang.String">length</Name>
                <Value className="java.lang.String">1</Value>
            </Feature>
            <Feature>
                <Name className="java.lang.String">kind</Name>
                <Value className="java.lang.String">space</Value>
            </Feature>
        </Annotation>
        <Annotation Id="259" Type="Token" StartNode="702" EndNode="709">
            <Feature>
                <Name className="java.lang.String">length</Name>
                <Value className="java.lang.String">7</Value>
            </Feature>
            <Feature>
                <Name className="java.lang.String">orth</Name>
                <Value className="java.lang.String">upperInitial</Value>
            </Feature>
            <Feature>
                <Name className="java.lang.String">string</Name>
                <Value className="java.lang.String">Simonie</Value>
            </Feature>
            <Feature>
                <Name className="java.lang.String">category</Name>
                <Value className="java.lang.String">NNP</Value>
            </Feature>
            <Feature>
                <Name className="java.lang.String">kind</Name>
                <Value className="java.lang.String">word</Value>
            </Feature>
        </Annotation>
        <Annotation Id="260" Type="Token" StartNode="709" EndNode="710">
            <Feature>
                <Name className="java.lang.String">length</Name>
                <Value className="java.lang.String">1</Value>
            </Feature>
            <Feature>
                <Name className="java.lang.String">string</Name>
                <Value className="java.lang.String">,</Value>
            </Feature>
            <Feature>
                <Name className="java.lang.String">category</Name>
                <Value className="java.lang.String">,</Value>
            </Feature>
            <Feature>
                <Name className="java.lang.String">kind</Name>
                <Value className="java.lang.String">punctuation</Value>
            </Feature>
        </Annotation>
        <Annotation Id="261" Type="SpaceToken" StartNode="710" EndNode="711">
            <Feature>
                <Name className="java.lang.String">string</Name>
                <Value className="java.lang.String"></Value>
            </Feature>
            <Feature>
                <Name className="java.lang.String">length</Name>
                <Value className="java.lang.String">1</Value>
            </Feature>
            <Feature>
                <Name className="java.lang.String">kind</Name>
                <Value className="java.lang.String">space</Value>
            </Feature>
        </Annotation>
        <Annotation Id="262" Type="Token" StartNode="711" EndNode="715">
            <Feature>
                <Name className="java.lang.String">length</Name>
                <Value className="java.lang.String">4</Value>
            </Feature>
            <Feature>
                <Name className="java.lang.String">orth</Name>
                <Value className="java.lang.String">lowercase</Value>
            </Feature>
            <Feature>
                <Name className="java.lang.String">string</Name>
                <Value className="java.lang.String">also</Value>
            </Feature>
            <Feature>
                <Name className="java.lang.String">category</Name>
                <Value className="java.lang.String">RB</Value>
            </Feature>
            <Feature>
                <Name className="java.lang.String">kind</Name>
                <Value className="java.lang.String">word</Value>
            </Feature>
        </Annotation>
        <Annotation Id="263" Type="SpaceToken" StartNode="715" EndNode="716">
            <Feature>
                <Name className="java.lang.String">string</Name>
                <Value className="java.lang.String"></Value>
            </Feature>
            <Feature>
                <Name className="java.lang.String">length</Name>
                <Value className="java.lang.String">1</Value>
            </Feature>
            <Feature>
                <Name className="java.lang.String">kind</Name>
                <Value className="java.lang.String">space</Value>
            </Feature>
        </Annotation>
        <Annotation Id="264" Type="Token" StartNode="716" EndNode="721">
            <Feature>
                <Name className="java.lang.String">length</Name>
                <Value className="java.lang.String">5</Value>
            </Feature>
            <Feature>
                <Name className="java.lang.String">orth</Name>
                <Value className="java.lang.String">lowercase</Value>
            </Feature>
            <Feature>
                <Name className="java.lang.String">string</Name>
                <Value className="java.lang.String">known</Value>
            </Feature>
            <Feature>
                <Name className="java.lang.String">category</Name>
                <Value className="java.lang.String">VBN</Value>
            </Feature>
            <Feature>
                <Name className="java.lang.String">kind</Name>
                <Value className="java.lang.String">word</Value>
            </Feature>
        </Annotation>
        <Annotation Id="265" Type="SpaceToken" StartNode="721" EndNode="722">
            <Feature>
                <Name className="java.lang.String">string</Name>
                <Value className="java.lang.String"></Value>
            </Feature>
            <Feature>
                <Name className="java.lang.String">length</Name>
                <Value className="java.lang.String">1</Value>
            </Feature>
            <Feature>
                <Name className="java.lang.String">kind</Name>
                <Value className="java.lang.String">space</Value>
            </Feature>
        </Annotation>
        <Annotation Id="266" Type="Token" StartNode="722" EndNode="724">
            <Feature>
                <Name className="java.lang.String">length</Name>
                <Value className="java.lang.String">2</Value>
            </Feature>
            <Feature>
                <Name className="java.lang.String">orth</Name>
                <Value className="java.lang.String">lowercase</Value>
            </Feature>
            <Feature>
                <Name className="java.lang.String">string</Name>
                <Value className="java.lang.String">as</Value>
            </Feature>
            <Feature>
                <Name className="java.lang.String">category</Name>
                <Value className="java.lang.String">IN</Value>
            </Feature>
            <Feature>
                <Name className="java.lang.String">kind</Name>
                <Value className="java.lang.String">word</Value>
            </Feature>
        </Annotation>
        <Annotation Id="267" Type="SpaceToken" StartNode="724" EndNode="725">
            <Feature>
                <Name className="java.lang.String">string</Name>
                <Value className="java.lang.String"></Value>
            </Feature>
            <Feature>
                <Name className="java.lang.String">length</Name>
                <Value className="java.lang.String">1</Value>
            </Feature>
            <Feature>
                <Name className="java.lang.String">kind</Name>
                <Value className="java.lang.String">space</Value>
            </Feature>
        </Annotation>
        <Annotation Id="268" Type="Token" StartNode="725" EndNode="726">
            <Feature>
                <Name className="java.lang.String">length</Name>
                <Value className="java.lang.String">1</Value>
            </Feature>
            <Feature>
                <Name className="java.lang.String">string</Name>
                <Value className="java.lang.String">"</Value>
            </Feature>
            <Feature>
                <Name className="java.lang.String">category</Name>
                <Value className="java.lang.String">''</Value>
            </Feature>
            <Feature>
                <Name className="java.lang.String">kind</Name>
                <Value className="java.lang.String">punctuation</Value>
            </Feature>
        </Annotation>
        <Annotation Id="269" Type="Token" StartNode="726" EndNode="728">
            <Feature>
                <Name className="java.lang.String">length</Name>
                <Value className="java.lang.String">2</Value>
            </Feature>
            <Feature>
                <Name className="java.lang.String">orth</Name>
                <Value className="java.lang.String">upperInitial</Value>
            </Feature>
            <Feature>
                <Name className="java.lang.String">string</Name>
                <Value className="java.lang.String">On</Value>
            </Feature>
            <Feature>
                <Name className="java.lang.String">category</Name>
                <Value className="java.lang.String">IN</Value>
            </Feature>
            <Feature>
                <Name className="java.lang.String">kind</Name>
                <Value className="java.lang.String">word</Value>
            </Feature>
        </Annotation>
        <Annotation Id="270" Type="SpaceToken" StartNode="728" EndNode="729">
            <Feature>
                <Name className="java.lang.String">string</Name>
                <Value className="java.lang.String"></Value>
            </Feature>
            <Feature>
                <Name className="java.lang.String">length</Name>
                <Value className="java.lang.String">1</Value>
            </Feature>
            <Feature>
                <Name className="java.lang.String">kind</Name>
                <Value className="java.lang.String">space</Value>
            </Feature>
        </Annotation>
        <Annotation Id="271" Type="Token" StartNode="729" EndNode="732">
            <Feature>
                <Name className="java.lang.String">length</Name>
                <Value className="java.lang.String">3</Value>
            </Feature>
            <Feature>
                <Name className="java.lang.String">orth</Name>
                <Value className="java.lang.String">lowercase</Value>
            </Feature>
            <Feature>
                <Name className="java.lang.String">string</Name>
                <Value className="java.lang.String">the</Value>
            </Feature>
            <Feature>
                <Name className="java.lang.String">category</Name>
                <Value className="java.lang.String">DT</Value>
            </Feature>
            <Feature>
                <Name className="java.lang.String">kind</Name>
                <Value className="java.lang.String">word</Value>
            </Feature>
        </Annotation>
        <Annotation Id="272" Type="SpaceToken" StartNode="732" EndNode="733">
            <Feature>
                <Name className="java.lang.String">string</Name>
                <Value className="java.lang.String"></Value>
            </Feature>
            <Feature>
                <Name className="java.lang.String">length</Name>
                <Value className="java.lang.String">1</Value>
            </Feature>
            <Feature>
                <Name className="java.lang.String">kind</Name>
                <Value className="java.lang.String">space</Value>
            </Feature>
        </Annotation>
        <Annotation Id="273" Type="Token" StartNode="733" EndNode="737">
            <Feature>
                <Name className="java.lang.String">length</Name>
                <Value className="java.lang.String">4</Value>
            </Feature>
            <Feature>
                <Name className="java.lang.String">orth</Name>
                <Value className="java.lang.String">upperInitial</Value>
            </Feature>
            <Feature>
                <Name className="java.lang.String">string</Name>
                <Value className="java.lang.String">Evil</Value>
            </Feature>
            <Feature>
                <Name className="java.lang.String">category</Name>
                <Value className="java.lang.String">NNP</Value>
            </Feature>
            <Feature>
                <Name className="java.lang.String">kind</Name>
                <Value className="java.lang.String">word</Value>
            </Feature>
        </Annotation>
        <Annotation Id="274" Type="SpaceToken" StartNode="737" EndNode="738">
            <Feature>
                <Name className="java.lang.String">string</Name>
                <Value className="java.lang.String"></Value>
            </Feature>
            <Feature>
                <Name className="java.lang.String">length</Name>
                <Value className="java.lang.String">1</Value>
            </Feature>
            <Feature>
                <Name className="java.lang.String">kind</Name>
                <Value className="java.lang.String">space</Value>
            </Feature>
        </Annotation>
        <Annotation Id="275" Type="Token" StartNode="738" EndNode="743">
            <Feature>
                <Name className="java.lang.String">length</Name>
                <Value className="java.lang.String">5</Value>
            </Feature>
            <Feature>
                <Name className="java.lang.String">orth</Name>
                <Value className="java.lang.String">upperInitial</Value>
            </Feature>
            <Feature>
                <Name className="java.lang.String">string</Name>
                <Value className="java.lang.String">Times</Value>
            </Feature>
            <Feature>
                <Name className="java.lang.String">category</Name>
                <Value className="java.lang.String">NNP</Value>
            </Feature>
            <Feature>
                <Name className="java.lang.String">kind</Name>
                <Value className="java.lang.String">word</Value>
            </Feature>
        </Annotation>
        <Annotation Id="276" Type="SpaceToken" StartNode="743" EndNode="744">
            <Feature>
                <Name className="java.lang.String">string</Name>
                <Value className="java.lang.String"></Value>
            </Feature>
            <Feature>
                <Name className="java.lang.String">length</Name>
                <Value className="java.lang.String">1</Value>
            </Feature>
            <Feature>
                <Name className="java.lang.String">kind</Name>
                <Value className="java.lang.String">space</Value>
            </Feature>
        </Annotation>
        <Annotation Id="277" Type="Token" StartNode="744" EndNode="746">
            <Feature>
                <Name className="java.lang.String">length</Name>
                <Value className="java.lang.String">2</Value>
            </Feature>
            <Feature>
                <Name className="java.lang.String">orth</Name>
                <Value className="java.lang.String">lowercase</Value>
            </Feature>
            <Feature>
                <Name className="java.lang.String">string</Name>
                <Value className="java.lang.String">of</Value>
            </Feature>
            <Feature>
                <Name className="java.lang.String">category</Name>
                <Value className="java.lang.String">IN</Value>
            </Feature>
            <Feature>
                <Name className="java.lang.String">kind</Name>
                <Value className="java.lang.String">word</Value>
            </Feature>
        </Annotation>
        <Annotation Id="278" Type="SpaceToken" StartNode="746" EndNode="747">
            <Feature>
                <Name className="java.lang.String">string</Name>
                <Value className="java.lang.String"></Value>
            </Feature>
            <Feature>
                <Name className="java.lang.String">length</Name>
                <Value className="java.lang.String">1</Value>
            </Feature>
            <Feature>
                <Name className="java.lang.String">kind</Name>
                <Value className="java.lang.String">space</Value>
            </Feature>
        </Annotation>
        <Annotation Id="279" Type="Token" StartNode="747" EndNode="753">
            <Feature>
                <Name className="java.lang.String">length</Name>
                <Value className="java.lang.String">6</Value>
            </Feature>
            <Feature>
                <Name className="java.lang.String">orth</Name>
                <Value className="java.lang.String">upperInitial</Value>
            </Feature>
            <Feature>
                <Name className="java.lang.String">string</Name>
                <Value className="java.lang.String">Edward</Value>
            </Feature>
            <Feature>
                <Name className="java.lang.String">category</Name>
                <Value className="java.lang.String">NNP</Value>
            </Feature>
            <Feature>
                <Name className="java.lang.String">kind</Name>
                <Value className="java.lang.String">word</Value>
            </Feature>
        </Annotation>
        <Annotation Id="280" Type="SpaceToken" StartNode="753" EndNode="754">
            <Feature>
                <Name className="java.lang.String">string</Name>
                <Value className="java.lang.String"></Value>
            </Feature>
            <Feature>
                <Name className="java.lang.String">length</Name>
                <Value className="java.lang.String">1</Value>
            </Feature>
            <Feature>
                <Name className="java.lang.String">kind</Name>
                <Value className="java.lang.String">space</Value>
            </Feature>
        </Annotation>
        <Annotation Id="281" Type="Token" StartNode="754" EndNode="756">
            <Feature>
                <Name className="java.lang.String">length</Name>
                <Value className="java.lang.String">2</Value>
            </Feature>
            <Feature>
                <Name className="java.lang.String">orth</Name>
                <Value className="java.lang.String">allCaps</Value>
            </Feature>
            <Feature>
                <Name className="java.lang.String">string</Name>
                <Value className="java.lang.String">II</Value>
            </Feature>
            <Feature>
                <Name className="java.lang.String">category</Name>
                <Value className="java.lang.String">NNP</Value>
            </Feature>
            <Feature>
                <Name className="java.lang.String">kind</Name>
                <Value className="java.lang.String">word</Value>
            </Feature>
        </Annotation>
        <Annotation Id="282" Type="Token" StartNode="756" EndNode="757">
            <Feature>
                <Name className="java.lang.String">length</Name>
                <Value className="java.lang.String">1</Value>
            </Feature>
            <Feature>
                <Name className="java.lang.String">string</Name>
                <Value className="java.lang.String">"</Value>
            </Feature>
            <Feature>
                <Name className="java.lang.String">category</Name>
                <Value className="java.lang.String">''</Value>
            </Feature>
            <Feature>
                <Name className="java.lang.String">kind</Name>
                <Value className="java.lang.String">punctuation</Value>
            </Feature>
        </Annotation>
        <Annotation Id="283" Type="SpaceToken" StartNode="757" EndNode="758">
            <Feature>
                <Name className="java.lang.String">string</Name>
                <Value className="java.lang.String"></Value>
            </Feature>
            <Feature>
                <Name className="java.lang.String">length</Name>
                <Value className="java.lang.String">1</Value>
            </Feature>
            <Feature>
                <Name className="java.lang.String">kind</Name>
                <Value className="java.lang.String">space</Value>
            </Feature>
        </Annotation>
        <Annotation Id="284" Type="Token" StartNode="758" EndNode="761">
            <Feature>
                <Name className="java.lang.String">length</Name>
                <Value className="java.lang.String">3</Value>
            </Feature>
            <Feature>
                <Name className="java.lang.String">orth</Name>
                <Value className="java.lang.String">lowercase</Value>
            </Feature>
            <Feature>
                <Name className="java.lang.String">string</Name>
                <Value className="java.lang.String">and</Value>
            </Feature>
            <Feature>
                <Name className="java.lang.String">category</Name>
                <Value className="java.lang.String">CC</Value>
            </Feature>
            <Feature>
                <Name className="java.lang.String">kind</Name>
                <Value className="java.lang.String">word</Value>
            </Feature>
        </Annotation>
        <Annotation Id="285" Type="SpaceToken" StartNode="761" EndNode="762">
            <Feature>
                <Name className="java.lang.String">string</Name>
                <Value className="java.lang.String"></Value>
            </Feature>
            <Feature>
                <Name className="java.lang.String">length</Name>
                <Value className="java.lang.String">1</Value>
            </Feature>
            <Feature>
                <Name className="java.lang.String">kind</Name>
                <Value className="java.lang.String">space</Value>
            </Feature>
        </Annotation>
        <Annotation Id="286" Type="Token" StartNode="762" EndNode="763">
            <Feature>
                <Name className="java.lang.String">length</Name>
                <Value className="java.lang.String">1</Value>
            </Feature>
            <Feature>
                <Name className="java.lang.String">string</Name>
                <Value className="java.lang.String">"</Value>
            </Feature>
            <Feature>
                <Name className="java.lang.String">category</Name>
                <Value className="java.lang.String">''</Value>
            </Feature>
            <Feature>
                <Name className="java.lang.String">kind</Name>
                <Value className="java.lang.String">punctuation</Value>
            </Feature>
        </Annotation>
        <Annotation Id="287" Type="Token" StartNode="763" EndNode="770">
            <Feature>
                <Name className="java.lang.String">length</Name>
                <Value className="java.lang.String">7</Value>
            </Feature>
            <Feature>
                <Name className="java.lang.String">orth</Name>
                <Value className="java.lang.String">upperInitial</Value>
            </Feature>
            <Feature>
                <Name className="java.lang.String">string</Name>
                <Value className="java.lang.String">Symonie</Value>
            </Feature>
            <Feature>
                <Name className="java.lang.String">category</Name>
                <Value className="java.lang.String">NNP</Value>
            </Feature>
            <Feature>
                <Name className="java.lang.String">kind</Name>
                <Value className="java.lang.String">word</Value>
            </Feature>
        </Annotation>
        <Annotation Id="288" Type="SpaceToken" StartNode="770" EndNode="771">
            <Feature>
                <Name className="java.lang.String">string</Name>
                <Value className="java.lang.String"></Value>
            </Feature>
            <Feature>
                <Name className="java.lang.String">length</Name>
                <Value className="java.lang.String">1</Value>
            </Feature>
            <Feature>
                <Name className="java.lang.String">kind</Name>
                <Value className="java.lang.String">space</Value>
            </Feature>
        </Annotation>
        <Annotation Id="289" Type="Token" StartNode="771" EndNode="774">
            <Feature>
                <Name className="java.lang.String">length</Name>
                <Value className="java.lang.String">3</Value>
            </Feature>
            <Feature>
                <Name className="java.lang.String">orth</Name>
                <Value className="java.lang.String">lowercase</Value>
            </Feature>
            <Feature>
                <Name className="java.lang.String">string</Name>
                <Value className="java.lang.String">and</Value>
            </Feature>
            <Feature>
                <Name className="java.lang.String">category</Name>
                <Value className="java.lang.String">CC</Value>
            </Feature>
            <Feature>
                <Name className="java.lang.String">kind</Name>
                <Value className="java.lang.String">word</Value>
            </Feature>
        </Annotation>
        <Annotation Id="290" Type="SpaceToken" StartNode="774" EndNode="775">
            <Feature>
                <Name className="java.lang.String">string</Name>
                <Value className="java.lang.String"></Value>
            </Feature>
            <Feature>
                <Name className="java.lang.String">length</Name>
                <Value className="java.lang.String">1</Value>
            </Feature>
            <Feature>
                <Name className="java.lang.String">kind</Name>
                <Value className="java.lang.String">space</Value>
            </Feature>
        </Annotation>
        <Annotation Id="291" Type="Token" StartNode="775" EndNode="783">
            <Feature>
                <Name className="java.lang.String">length</Name>
                <Value className="java.lang.String">8</Value>
            </Feature>
            <Feature>
                <Name className="java.lang.String">orth</Name>
                <Value className="java.lang.String">upperInitial</Value>
            </Feature>
            <Feature>
                <Name className="java.lang.String">string</Name>
                <Value className="java.lang.String">Couetise</Value>
            </Feature>
            <Feature>
                <Name className="java.lang.String">category</Name>
                <Value className="java.lang.String">NNP</Value>
            </Feature>
            <Feature>
                <Name className="java.lang.String">kind</Name>
                <Value className="java.lang.String">word</Value>
            </Feature>
        </Annotation>
        <Annotation Id="292" Type="Token" StartNode="783" EndNode="784">
            <Feature>
                <Name className="java.lang.String">length</Name>
                <Value className="java.lang.String">1</Value>
            </Feature>
            <Feature>
                <Name className="java.lang.String">string</Name>
                <Value className="java.lang.String">"</Value>
            </Feature>
            <Feature>
                <Name className="java.lang.String">category</Name>
                <Value className="java.lang.String">''</Value>
            </Feature>
            <Feature>
                <Name className="java.lang.String">kind</Name>
                <Value className="java.lang.String">punctuation</Value>
            </Feature>
        </Annotation>
        <Annotation Id="293" Type="SpaceToken" StartNode="784" EndNode="785">
            <Feature>
                <Name className="java.lang.String">string</Name>
                <Value className="java.lang.String"></Value>
            </Feature>
            <Feature>
                <Name className="java.lang.String">length</Name>
                <Value className="java.lang.String">1</Value>
            </Feature>
            <Feature>
                <Name className="java.lang.String">kind</Name>
                <Value className="java.lang.String">space</Value>
            </Feature>
        </Annotation>
        <Annotation Id="294" Type="Token" StartNode="785" EndNode="786">
            <Feature>
                <Name className="java.lang.String">length</Name>
                <Value className="java.lang.String">1</Value>
            </Feature>
            <Feature>
                <Name className="java.lang.String">position</Name>
                <Value className="java.lang.String">startpunct</Value>
            </Feature>
            <Feature>
                <Name className="java.lang.String">string</Name>
                <Value className="java.lang.String">(</Value>
            </Feature>
            <Feature>
                <Name className="java.lang.String">category</Name>
                <Value className="java.lang.String">(</Value>
            </Feature>
            <Feature>
                <Name className="java.lang.String">kind</Name>
                <Value className="java.lang.String">punctuation</Value>
            </Feature>
        </Annotation>
        <Annotation Id="295" Type="Token" StartNode="786" EndNode="791">
            <Feature>
                <Name className="java.lang.String">length</Name>
                <Value className="java.lang.String">5</Value>
            </Feature>
            <Feature>
                <Name className="java.lang.String">orth</Name>
                <Value className="java.lang.String">upperInitial</Value>
            </Feature>
            <Feature>
                <Name className="java.lang.String">string</Name>
                <Value className="java.lang.String">Index</Value>
            </Feature>
            <Feature>
                <Name className="java.lang.String">category</Name>
                <Value className="java.lang.String">NNP</Value>
            </Feature>
            <Feature>
                <Name className="java.lang.String">kind</Name>
                <Value className="java.lang.String">word</Value>
            </Feature>
        </Annotation>
        <Annotation Id="296" Type="SpaceToken" StartNode="791" EndNode="792">
            <Feature>
                <Name className="java.lang.String">string</Name>
                <Value className="java.lang.String"></Value>
            </Feature>
            <Feature>
                <Name className="java.lang.String">length</Name>
                <Value className="java.lang.String">1</Value>
            </Feature>
            <Feature>
                <Name className="java.lang.String">kind</Name>
                <Value className="java.lang.String">space</Value>
            </Feature>
        </Annotation>
        <Annotation Id="297" Type="Token" StartNode="792" EndNode="793">
            <Feature>
                <Name className="java.lang.String">length</Name>
                <Value className="java.lang.String">1</Value>
            </Feature>
            <Feature>
                <Name className="java.lang.String">string</Name>
                <Value className="java.lang.String">ยง</Value>
            </Feature>
            <Feature>
                <Name className="java.lang.String">category</Name>
                <Value className="java.lang.String">NN</Value>
            </Feature>
            <Feature>
                <Name className="java.lang.String">kind</Name>
                <Value className="java.lang.String">punctuation</Value>
            </Feature>
        </Annotation>
        <Annotation Id="298" Type="SpaceToken" StartNode="793" EndNode="794">
            <Feature>
                <Name className="java.lang.String">string</Name>
                <Value className="java.lang.String"></Value>
            </Feature>
            <Feature>
                <Name className="java.lang.String">length</Name>
                <Value className="java.lang.String">1</Value>
            </Feature>
            <Feature>
                <Name className="java.lang.String">kind</Name>
                <Value className="java.lang.String">space</Value>
            </Feature>
        </Annotation>
        <Annotation Id="299" Type="Token" StartNode="794" EndNode="798">
            <Feature>
                <Name className="java.lang.String">length</Name>
                <Value className="java.lang.String">4</Value>
            </Feature>
            <Feature>
                <Name className="java.lang.String">string</Name>
                <Value className="java.lang.String">4165</Value>
            </Feature>
            <Feature>
                <Name className="java.lang.String">category</Name>
                <Value className="java.lang.String">CD</Value>
            </Feature>
            <Feature>
                <Name className="java.lang.String">kind</Name>
                <Value className="java.lang.String">number</Value>
            </Feature>
        </Annotation>
        <Annotation Id="300" Type="Token" StartNode="798" EndNode="799">
            <Feature>
                <Name className="java.lang.String">length</Name>
                <Value className="java.lang.String">1</Value>
            </Feature>
            <Feature>
                <Name className="java.lang.String">string</Name>
                <Value className="java.lang.String">;</Value>
            </Feature>
            <Feature>
                <Name className="java.lang.String">category</Name>
                <Value className="java.lang.String">:</Value>
            </Feature>
            <Feature>
                <Name className="java.lang.String">kind</Name>
                <Value className="java.lang.String">punctuation</Value>
            </Feature>
        </Annotation>
        <Annotation Id="301" Type="SpaceToken" StartNode="799" EndNode="800">
            <Feature>
                <Name className="java.lang.String">string</Name>
                <Value className="java.lang.String"></Value>
            </Feature>
            <Feature>
                <Name className="java.lang.String">length</Name>
                <Value className="java.lang.String">1</Value>
            </Feature>
            <Feature>
                <Name className="java.lang.String">kind</Name>
                <Value className="java.lang.String">space</Value>
            </Feature>
        </Annotation>
        <Annotation Id="302" Type="Token" StartNode="800" EndNode="810">
            <Feature>
                <Name className="java.lang.String">length</Name>
                <Value className="java.lang.String">10</Value>
            </Feature>
            <Feature>
                <Name className="java.lang.String">orth</Name>
                <Value className="java.lang.String">upperInitial</Value>
            </Feature>
            <Feature>
                <Name className="java.lang.String">string</Name>
                <Value className="java.lang.String">Supplement</Value>
            </Feature>
            <Feature>
                <Name className="java.lang.String">category</Name>
                <Value className="java.lang.String">NNP</Value>
            </Feature>
            <Feature>
                <Name className="java.lang.String">kind</Name>
                <Value className="java.lang.String">word</Value>
            </Feature>
        </Annotation>
        <Annotation Id="303" Type="SpaceToken" StartNode="810" EndNode="811">
            <Feature>
                <Name className="java.lang.String">string</Name>
                <Value className="java.lang.String"></Value>
            </Feature>
            <Feature>
                <Name className="java.lang.String">length</Name>
                <Value className="java.lang.String">1</Value>
            </Feature>
            <Feature>
                <Name className="java.lang.String">kind</Name>
                <Value className="java.lang.String">space</Value>
            </Feature>
        </Annotation>
        <Annotation Id="304" Type="Token" StartNode="811" EndNode="812">
            <Feature>
                <Name className="java.lang.String">length</Name>
                <Value className="java.lang.String">1</Value>
            </Feature>
            <Feature>
                <Name className="java.lang.String">string</Name>
                <Value className="java.lang.String">ยง</Value>
            </Feature>
            <Feature>
                <Name className="java.lang.String">category</Name>
                <Value className="java.lang.String">NN</Value>
            </Feature>
            <Feature>
                <Name className="java.lang.String">kind</Name>
                <Value className="java.lang.String">punctuation</Value>
            </Feature>
        </Annotation>
        <Annotation Id="305" Type="SpaceToken" StartNode="812" EndNode="813">
            <Feature>
                <Name className="java.lang.String">string</Name>
                <Value className="java.lang.String"></Value>
            </Feature>
            <Feature>
                <Name className="java.lang.String">length</Name>
                <Value className="java.lang.String">1</Value>
            </Feature>
            <Feature>
                <Name className="java.lang.String">kind</Name>
                <Value className="java.lang.String">space</Value>
            </Feature>
        </Annotation>
        <Annotation Id="306" Type="Token" StartNode="813" EndNode="817">
            <Feature>
                <Name className="java.lang.String">length</Name>
                <Value className="java.lang.String">4</Value>
            </Feature>
            <Feature>
                <Name className="java.lang.String">string</Name>
                <Value className="java.lang.String">1992</Value>
            </Feature>
            <Feature>
                <Name className="java.lang.String">category</Name>
                <Value className="java.lang.String">CD</Value>
            </Feature>
            <Feature>
                <Name className="java.lang.String">kind</Name>
                <Value className="java.lang.String">number</Value>
            </Feature>
        </Annotation>
        <Annotation Id="307" Type="Token" StartNode="817" EndNode="818">
            <Feature>
                <Name className="java.lang.String">length</Name>
                <Value className="java.lang.String">1</Value>
            </Feature>
            <Feature>
                <Name className="java.lang.String">position</Name>
                <Value className="java.lang.String">endpunct</Value>
            </Feature>
            <Feature>
                <Name className="java.lang.String">string</Name>
                <Value className="java.lang.String">)</Value>
            </Feature>
            <Feature>
                <Name className="java.lang.String">category</Name>
                <Value className="java.lang.String">)</Value>
            </Feature>
            <Feature>
                <Name className="java.lang.String">kind</Name>
                <Value className="java.lang.String">punctuation</Value>
            </Feature>
        </Annotation>
        <Annotation Id="308" Type="Token" StartNode="818" EndNode="819">
            <Feature>
                <Name className="java.lang.String">length</Name>
                <Value className="java.lang.String">1</Value>
            </Feature>
            <Feature>
                <Name className="java.lang.String">string</Name>
                <Value className="java.lang.String">.</Value>
            </Feature>
            <Feature>
                <Name className="java.lang.String">category</Name>
                <Value className="java.lang.String">.</Value>
            </Feature>
            <Feature>
                <Name className="java.lang.String">kind</Name>
                <Value className="java.lang.String">punctuation</Value>
            </Feature>
        </Annotation>
        <Annotation Id="309" Type="SpaceToken" StartNode="819" EndNode="820">
            <Feature>
                <Name className="java.lang.String">string</Name>
                <Value className="java.lang.String"></Value>
            </Feature>
            <Feature>
                <Name className="java.lang.String">length</Name>
                <Value className="java.lang.String">1</Value>
            </Feature>
            <Feature>
                <Name className="java.lang.String">kind</Name>
                <Value className="java.lang.String">space</Value>
            </Feature>
        </Annotation>
        <Annotation Id="310" Type="Token" StartNode="820" EndNode="823">
            <Feature>
                <Name className="java.lang.String">length</Name>
                <Value className="java.lang.String">3</Value>
            </Feature>
            <Feature>
                <Name className="java.lang.String">orth</Name>
                <Value className="java.lang.String">upperInitial</Value>
            </Feature>
            <Feature>
                <Name className="java.lang.String">string</Name>
                <Value className="java.lang.String">The</Value>
            </Feature>
            <Feature>
                <Name className="java.lang.String">category</Name>
                <Value className="java.lang.String">DT</Value>
            </Feature>
            <Feature>
                <Name className="java.lang.String">kind</Name>
                <Value className="java.lang.String">word</Value>
            </Feature>
        </Annotation>
        <Annotation Id="311" Type="SpaceToken" StartNode="823" EndNode="824">
            <Feature>
                <Name className="java.lang.String">string</Name>
                <Value className="java.lang.String"></Value>
            </Feature>
            <Feature>
                <Name className="java.lang.String">length</Name>
                <Value className="java.lang.String">1</Value>
            </Feature>
            <Feature>
                <Name className="java.lang.String">kind</Name>
                <Value className="java.lang.String">space</Value>
            </Feature>
        </Annotation>
        <Annotation Id="312" Type="Token" StartNode="824" EndNode="833">
            <Feature>
                <Name className="java.lang.String">length</Name>
                <Value className="java.lang.String">9</Value>
            </Feature>
            <Feature>
                <Name className="java.lang.String">orth</Name>
                <Value className="java.lang.String">lowercase</Value>
            </Feature>
            <Feature>
                <Name className="java.lang.String">string</Name>
                <Value className="java.lang.String">anonymous</Value>
            </Feature>
            <Feature>
                <Name className="java.lang.String">category</Name>
                <Value className="java.lang.String">JJ</Value>
            </Feature>
            <Feature>
                <Name className="java.lang.String">kind</Name>
                <Value className="java.lang.String">word</Value>
            </Feature>
        </Annotation>
        <Annotation Id="313" Type="SpaceToken" StartNode="833" EndNode="834">
            <Feature>
                <Name className="java.lang.String">string</Name>
                <Value className="java.lang.String"></Value>
            </Feature>
            <Feature>
                <Name className="java.lang.String">length</Name>
                <Value className="java.lang.String">1</Value>
            </Feature>
            <Feature>
                <Name className="java.lang.String">kind</Name>
                <Value className="java.lang.String">space</Value>
            </Feature>
        </Annotation>
        <Annotation Id="314" Type="Token" StartNode="834" EndNode="840">
            <Feature>
                <Name className="java.lang.String">length</Name>
                <Value className="java.lang.String">6</Value>
            </Feature>
            <Feature>
                <Name className="java.lang.String">orth</Name>
                <Value className="java.lang.String">lowercase</Value>
            </Feature>
            <Feature>
                <Name className="java.lang.String">string</Name>
                <Value className="java.lang.String">author</Value>
            </Feature>
            <Feature>
                <Name className="java.lang.String">category</Name>
                <Value className="java.lang.String">NN</Value>
            </Feature>
            <Feature>
                <Name className="java.lang.String">kind</Name>
                <Value className="java.lang.String">word</Value>
            </Feature>
        </Annotation>
        <Annotation Id="315" Type="SpaceToken" StartNode="840" EndNode="841">
            <Feature>
                <Name className="java.lang.String">string</Name>
                <Value className="java.lang.String"></Value>
            </Feature>
            <Feature>
                <Name className="java.lang.String">length</Name>
                <Value className="java.lang.String">1</Value>
            </Feature>
            <Feature>
                <Name className="java.lang.String">kind</Name>
                <Value className="java.lang.String">space</Value>
            </Feature>
        </Annotation>
        <Annotation Id="316" Type="Token" StartNode="841" EndNode="843">
            <Feature>
                <Name className="java.lang.String">length</Name>
                <Value className="java.lang.String">2</Value>
            </Feature>
            <Feature>
                <Name className="java.lang.String">orth</Name>
                <Value className="java.lang.String">lowercase</Value>
            </Feature>
            <Feature>
                <Name className="java.lang.String">string</Name>
                <Value className="java.lang.String">of</Value>
            </Feature>
            <Feature>
                <Name className="java.lang.String">category</Name>
                <Value className="java.lang.String">IN</Value>
            </Feature>
            <Feature>
                <Name className="java.lang.String">kind</Name>
                <Value className="java.lang.String">word</Value>
            </Feature>
        </Annotation>
        <Annotation Id="317" Type="SpaceToken" StartNode="843" EndNode="844">
            <Feature>
                <Name className="java.lang.String">string</Name>
                <Value className="java.lang.String"></Value>
            </Feature>
            <Feature>
                <Name className="java.lang.String">length</Name>
                <Value className="java.lang.String">1</Value>
            </Feature>
            <Feature>
                <Name className="java.lang.String">kind</Name>
                <Value className="java.lang.String">space</Value>
            </Feature>
        </Annotation>
        <Annotation Id="318" Type="Token" StartNode="844" EndNode="847">
            <Feature>
                <Name className="java.lang.String">length</Name>
                <Value className="java.lang.String">3</Value>
            </Feature>
            <Feature>
                <Name className="java.lang.String">orth</Name>
                <Value className="java.lang.String">upperInitial</Value>
            </Feature>
            <Feature>
                <Name className="java.lang.String">string</Name>
                <Value className="java.lang.String">The</Value>
            </Feature>
            <Feature>
                <Name className="java.lang.String">category</Name>
                <Value className="java.lang.String">DT</Value>
            </Feature>
            <Feature>
                <Name className="java.lang.String">kind</Name>
                <Value className="java.lang.String">word</Value>
            </Feature>
        </Annotation>
        <Annotation Id="319" Type="SpaceToken" StartNode="847" EndNode="848">
            <Feature>
                <Name className="java.lang.String">string</Name>
                <Value className="java.lang.String"></Value>
            </Feature>
            <Feature>
                <Name className="java.lang.String">length</Name>
                <Value className="java.lang.String">1</Value>
            </Feature>
            <Feature>
                <Name className="java.lang.String">kind</Name>
                <Value className="java.lang.String">space</Value>
            </Feature>
        </Annotation>
        <Annotation Id="320" Type="Token" StartNode="848" EndNode="855">
            <Feature>
                <Name className="java.lang.String">length</Name>
                <Value className="java.lang.String">7</Value>
            </Feature>
            <Feature>
                <Name className="java.lang.String">orth</Name>
                <Value className="java.lang.String">upperInitial</Value>
            </Feature>
            <Feature>
                <Name className="java.lang.String">string</Name>
                <Value className="java.lang.String">Simonie</Value>
            </Feature>
            <Feature>
                <Name className="java.lang.String">category</Name>
                <Value className="java.lang.String">NNP</Value>
            </Feature>
            <Feature>
                <Name className="java.lang.String">kind</Name>
                <Value className="java.lang.String">word</Value>
            </Feature>
        </Annotation>
        <Annotation Id="321" Type="Token" StartNode="855" EndNode="856">
            <Feature>
                <Name className="java.lang.String">length</Name>
                <Value className="java.lang.String">1</Value>
            </Feature>
            <Feature>
                <Name className="java.lang.String">string</Name>
                <Value className="java.lang.String">,</Value>
            </Feature>
            <Feature>
                <Name className="java.lang.String">category</Name>
                <Value className="java.lang.String">,</Value>
            </Feature>
            <Feature>
                <Name className="java.lang.String">kind</Name>
                <Value className="java.lang.String">punctuation</Value>
            </Feature>
        </Annotation>
        <Annotation Id="322" Type="SpaceToken" StartNode="856" EndNode="857">
            <Feature>
                <Name className="java.lang.String">string</Name>
                <Value className="java.lang.String"></Value>
            </Feature>
            <Feature>
                <Name className="java.lang.String">length</Name>
                <Value className="java.lang.String">1</Value>
            </Feature>
            <Feature>
                <Name className="java.lang.String">kind</Name>
                <Value className="java.lang.String">space</Value>
            </Feature>
        </Annotation>
        <Annotation Id="323" Type="Token" StartNode="857" EndNode="862">
            <Feature>
                <Name className="java.lang.String">length</Name>
                <Value className="java.lang.String">5</Value>
            </Feature>
            <Feature>
                <Name className="java.lang.String">orth</Name>
                <Value className="java.lang.String">lowercase</Value>
            </Feature>
            <Feature>
                <Name className="java.lang.String">string</Name>
                <Value className="java.lang.String">which</Value>
            </Feature>
            <Feature>
                <Name className="java.lang.String">category</Name>
                <Value className="java.lang.String">WDT</Value>
            </Feature>
            <Feature>
                <Name className="java.lang.String">kind</Name>
                <Value className="java.lang.String">word</Value>
            </Feature>
        </Annotation>
        <Annotation Id="324" Type="SpaceToken" StartNode="862" EndNode="863">
            <Feature>
                <Name className="java.lang.String">string</Name>
                <Value className="java.lang.String"></Value>
            </Feature>
            <Feature>
                <Name className="java.lang.String">length</Name>
                <Value className="java.lang.String">1</Value>
            </Feature>
            <Feature>
                <Name className="java.lang.String">kind</Name>
                <Value className="java.lang.String">space</Value>
            </Feature>
        </Annotation>
        <Annotation Id="325" Type="Token" StartNode="863" EndNode="869">
            <Feature>
                <Name className="java.lang.String">length</Name>
                <Value className="java.lang.String">6</Value>
            </Feature>
            <Feature>
                <Name className="java.lang.String">orth</Name>
                <Value className="java.lang.String">upperInitial</Value>
            </Feature>
            <Feature>
                <Name className="java.lang.String">string</Name>
                <Value className="java.lang.String">Wright</Value>
            </Feature>
            <Feature>
                <Name className="java.lang.String">category</Name>
                <Value className="java.lang.String">NNP</Value>
            </Feature>
            <Feature>
                <Name className="java.lang.String">kind</Name>
                <Value className="java.lang.String">word</Value>
            </Feature>
        </Annotation>
        <Annotation Id="326" Type="SpaceToken" StartNode="869" EndNode="870">
            <Feature>
                <Name className="java.lang.String">string</Name>
                <Value className="java.lang.String"></Value>
            </Feature>
            <Feature>
                <Name className="java.lang.String">length</Name>
                <Value className="java.lang.String">1</Value>
            </Feature>
            <Feature>
                <Name className="java.lang.String">kind</Name>
                <Value className="java.lang.String">space</Value>
            </Feature>
        </Annotation>
        <Annotation Id="327" Type="Token" StartNode="870" EndNode="875">
            <Feature>
                <Name className="java.lang.String">length</Name>
                <Value className="java.lang.String">5</Value>
            </Feature>
            <Feature>
                <Name className="java.lang.String">orth</Name>
                <Value className="java.lang.String">lowercase</Value>
            </Feature>
            <Feature>
                <Name className="java.lang.String">string</Name>
                <Value className="java.lang.String">dates</Value>
            </Feature>
            <Feature>
                <Name className="java.lang.String">category</Name>
                <Value className="java.lang.String">NNS</Value>
            </Feature>
            <Feature>
                <Name className="java.lang.String">kind</Name>
                <Value className="java.lang.String">word</Value>
            </Feature>
        </Annotation>
        <Annotation Id="328" Type="SpaceToken" StartNode="875" EndNode="876">
            <Feature>
                <Name className="java.lang.String">string</Name>
                <Value className="java.lang.String"></Value>
            </Feature>
            <Feature>
                <Name className="java.lang.String">length</Name>
                <Value className="java.lang.String">1</Value>
            </Feature>
            <Feature>
                <Name className="java.lang.String">kind</Name>
                <Value className="java.lang.String">space</Value>
            </Feature>
        </Annotation>
        <Annotation Id="329" Type="Token" StartNode="876" EndNode="878">
            <Feature>
                <Name className="java.lang.String">length</Name>
                <Value className="java.lang.String">2</Value>
            </Feature>
            <Feature>
                <Name className="java.lang.String">orth</Name>
                <Value className="java.lang.String">lowercase</Value>
            </Feature>
            <Feature>
                <Name className="java.lang.String">string</Name>
                <Value className="java.lang.String">to</Value>
            </Feature>
            <Feature>
                <Name className="java.lang.String">category</Name>
                <Value className="java.lang.String">TO</Value>
            </Feature>
            <Feature>
                <Name className="java.lang.String">kind</Name>
                <Value className="java.lang.String">word</Value>
            </Feature>
        </Annotation>
        <Annotation Id="330" Type="SpaceToken" StartNode="878" EndNode="879">
            <Feature>
                <Name className="java.lang.String">string</Name>
                <Value className="java.lang.String"></Value>
            </Feature>
            <Feature>
                <Name className="java.lang.String">length</Name>
                <Value className="java.lang.String">1</Value>
            </Feature>
            <Feature>
                <Name className="java.lang.String">kind</Name>
                <Value className="java.lang.String">space</Value>
            </Feature>
        </Annotation>
        <Annotation Id="331" Type="Token" StartNode="879" EndNode="884">
            <Feature>
                <Name className="java.lang.String">length</Name>
                <Value className="java.lang.String">5</Value>
            </Feature>
            <Feature>
                <Name className="java.lang.String">orth</Name>
                <Value className="java.lang.String">lowercase</Value>
            </Feature>
            <Feature>
                <Name className="java.lang.String">string</Name>
                <Value className="java.lang.String">about</Value>
            </Feature>
            <Feature>
                <Name className="java.lang.String">category</Name>
                <Value className="java.lang.String">IN</Value>
            </Feature>
            <Feature>
                <Name className="java.lang.String">kind</Name>
                <Value className="java.lang.String">word</Value>
            </Feature>
        </Annotation>
        <Annotation Id="332" Type="SpaceToken" StartNode="884" EndNode="885">
            <Feature>
                <Name className="java.lang.String">string</Name>
                <Value className="java.lang.String"></Value>
            </Feature>
            <Feature>
                <Name className="java.lang.String">length</Name>
                <Value className="java.lang.String">1</Value>
            </Feature>
            <Feature>
                <Name className="java.lang.String">kind</Name>
                <Value className="java.lang.String">space</Value>
            </Feature>
        </Annotation>
        <Annotation Id="333" Type="Token" StartNode="885" EndNode="889">
            <Feature>
                <Name className="java.lang.String">length</Name>
                <Value className="java.lang.String">4</Value>
            </Feature>
            <Feature>
                <Name className="java.lang.String">string</Name>
                <Value className="java.lang.String">1321</Value>
            </Feature>
            <Feature>
                <Name className="java.lang.String">category</Name>
                <Value className="java.lang.String">CD</Value>
            </Feature>
            <Feature>
                <Name className="java.lang.String">kind</Name>
                <Value className="java.lang.String">number</Value>
            </Feature>
        </Annotation>
        <Annotation Id="334" Type="Token" StartNode="889" EndNode="890">
            <Feature>
                <Name className="java.lang.String">length</Name>
                <Value className="java.lang.String">1</Value>
            </Feature>
            <Feature>
                <Name className="java.lang.String">string</Name>
                <Value className="java.lang.String">,</Value>
            </Feature>
            <Feature>
                <Name className="java.lang.String">category</Name>
                <Value className="java.lang.String">,</Value>
            </Feature>
            <Feature>
                <Name className="java.lang.String">kind</Name>
                <Value className="java.lang.String">punctuation</Value>
            </Feature>
        </Annotation>
        <Annotation Id="335" Type="SpaceToken" StartNode="890" EndNode="891">
            <Feature>
                <Name className="java.lang.String">string</Name>
                <Value className="java.lang.String"></Value>
            </Feature>
            <Feature>
                <Name className="java.lang.String">length</Name>
                <Value className="java.lang.String">1</Value>
            </Feature>
            <Feature>
                <Name className="java.lang.String">kind</Name>
                <Value className="java.lang.String">space</Value>
            </Feature>
        </Annotation>
        <Annotation Id="336" Type="Token" StartNode="891" EndNode="900">
            <Feature>
                <Name className="java.lang.String">length</Name>
                <Value className="java.lang.String">9</Value>
            </Feature>
            <Feature>
                <Name className="java.lang.String">orth</Name>
                <Value className="java.lang.String">lowercase</Value>
            </Feature>
            <Feature>
                <Name className="java.lang.String">string</Name>
                <Value className="java.lang.String">complains</Value>
            </Feature>
            <Feature>
                <Name className="java.lang.String">category</Name>
                <Value className="java.lang.String">VBZ</Value>
            </Feature>
            <Feature>
                <Name className="java.lang.String">kind</Name>
                <Value className="java.lang.String">word</Value>
            </Feature>
        </Annotation>
        <Annotation Id="337" Type="SpaceToken" StartNode="900" EndNode="901">
            <Feature>
                <Name className="java.lang.String">string</Name>
                <Value className="java.lang.String"></Value>
            </Feature>
            <Feature>
                <Name className="java.lang.String">length</Name>
                <Value className="java.lang.String">1</Value>
            </Feature>
            <Feature>
                <Name className="java.lang.String">kind</Name>
                <Value className="java.lang.String">space</Value>
            </Feature>
        </Annotation>
        <Annotation Id="338" Type="Token" StartNode="901" EndNode="905">
            <Feature>
                <Name className="java.lang.String">length</Name>
                <Value className="java.lang.String">4</Value>
            </Feature>
            <Feature>
                <Name className="java.lang.String">orth</Name>
                <Value className="java.lang.String">lowercase</Value>
            </Feature>
            <Feature>
                <Name className="java.lang.String">string</Name>
                <Value className="java.lang.String">that</Value>
            </Feature>
            <Feature>
                <Name className="java.lang.String">category</Name>
                <Value className="java.lang.String">IN</Value>
            </Feature>
            <Feature>
                <Name className="java.lang.String">kind</Name>
                <Value className="java.lang.String">word</Value>
            </Feature>
        </Annotation>
        <Annotation Id="339" Type="SpaceToken" StartNode="905" EndNode="906">
            <Feature>
                <Name className="java.lang.String">string</Name>
                <Value className="java.lang.String"></Value>
            </Feature>
            <Feature>
                <Name className="java.lang.String">length</Name>
                <Value className="java.lang.String">1</Value>
            </Feature>
            <Feature>
                <Name className="java.lang.String">kind</Name>
                <Value className="java.lang.String">space</Value>
            </Feature>
        </Annotation>
        <Annotation Id="340" Type="Token" StartNode="906" EndNode="911">
            <Feature>
                <Name className="java.lang.String">length</Name>
                <Value className="java.lang.String">5</Value>
            </Feature>
            <Feature>
                <Name className="java.lang.String">orth</Name>
                <Value className="java.lang.String">lowercase</Value>
            </Feature>
            <Feature>
                <Name className="java.lang.String">string</Name>
                <Value className="java.lang.String">those</Value>
            </Feature>
            <Feature>
                <Name className="java.lang.String">category</Name>
                <Value className="java.lang.String">DT</Value>
            </Feature>
            <Feature>
                <Name className="java.lang.String">kind</Name>
                <Value className="java.lang.String">word</Value>
            </Feature>
        </Annotation>
        <Annotation Id="341" Type="SpaceToken" StartNode="911" EndNode="912">
            <Feature>
                <Name className="java.lang.String">string</Name>
                <Value className="java.lang.String"></Value>
            </Feature>
            <Feature>
                <Name className="java.lang.String">length</Name>
                <Value className="java.lang.String">1</Value>
            </Feature>
            <Feature>
                <Name className="java.lang.String">kind</Name>
                <Value className="java.lang.String">space</Value>
            </Feature>
        </Annotation>
        <Annotation Id="342" Type="Token" StartNode="912" EndNode="915">
            <Feature>
                <Name className="java.lang.String">length</Name>
                <Value className="java.lang.String">3</Value>
            </Feature>
            <Feature>
                <Name className="java.lang.String">orth</Name>
                <Value className="java.lang.String">lowercase</Value>
            </Feature>
            <Feature>
                <Name className="java.lang.String">string</Name>
                <Value className="java.lang.String">who</Value>
            </Feature>
            <Feature>
                <Name className="java.lang.String">category</Name>
                <Value className="java.lang.String">WP</Value>
            </Feature>
            <Feature>
                <Name className="java.lang.String">kind</Name>
                <Value className="java.lang.String">word</Value>
            </Feature>
        </Annotation>
        <Annotation Id="343" Type="SpaceToken" StartNode="915" EndNode="916">
            <Feature>
                <Name className="java.lang.String">string</Name>
                <Value className="java.lang.String"></Value>
            </Feature>
            <Feature>
                <Name className="java.lang.String">length</Name>
                <Value className="java.lang.String">1</Value>
            </Feature>
            <Feature>
                <Name className="java.lang.String">kind</Name>
                <Value className="java.lang.String">space</Value>
            </Feature>
        </Annotation>
        <Annotation Id="344" Type="Token" StartNode="916" EndNode="922">
            <Feature>
                <Name className="java.lang.String">length</Name>
                <Value className="java.lang.String">6</Value>
            </Feature>
            <Feature>
                <Name className="java.lang.String">orth</Name>
                <Value className="java.lang.String">lowercase</Value>
            </Feature>
            <Feature>
                <Name className="java.lang.String">string</Name>
                <Value className="java.lang.String">govern</Value>
            </Feature>
            <Feature>
                <Name className="java.lang.String">category</Name>
                <Value className="java.lang.String">VBP</Value>
            </Feature>
            <Feature>
                <Name className="java.lang.String">kind</Name>
                <Value className="java.lang.String">word</Value>
            </Feature>
        </Annotation>
        <Annotation Id="345" Type="SpaceToken" StartNode="922" EndNode="923">
            <Feature>
                <Name className="java.lang.String">string</Name>
                <Value className="java.lang.String"></Value>
            </Feature>
            <Feature>
                <Name className="java.lang.String">length</Name>
                <Value className="java.lang.String">1</Value>
            </Feature>
            <Feature>
                <Name className="java.lang.String">kind</Name>
                <Value className="java.lang.String">space</Value>
            </Feature>
        </Annotation>
        <Annotation Id="346" Type="Token" StartNode="923" EndNode="928">
            <Feature>
                <Name className="java.lang.String">length</Name>
                <Value className="java.lang.String">5</Value>
            </Feature>
            <Feature>
                <Name className="java.lang.String">orth</Name>
                <Value className="java.lang.String">lowercase</Value>
            </Feature>
            <Feature>
                <Name className="java.lang.String">string</Name>
                <Value className="java.lang.String">abuse</Value>
            </Feature>
            <Feature>
                <Name className="java.lang.String">category</Name>
                <Value className="java.lang.String">NN</Value>
            </Feature>
            <Feature>
                <Name className="java.lang.String">kind</Name>
                <Value className="java.lang.String">word</Value>
            </Feature>
        </Annotation>
        <Annotation Id="347" Type="SpaceToken" StartNode="928" EndNode="929">
            <Feature>
                <Name className="java.lang.String">string</Name>
                <Value className="java.lang.String"></Value>
            </Feature>
            <Feature>
                <Name className="java.lang.String">length</Name>
                <Value className="java.lang.String">1</Value>
            </Feature>
            <Feature>
                <Name className="java.lang.String">kind</Name>
                <Value className="java.lang.String">space</Value>
            </Feature>
        </Annotation>
        <Annotation Id="348" Type="Token" StartNode="929" EndNode="934">
            <Feature>
                <Name className="java.lang.String">length</Name>
                <Value className="java.lang.String">5</Value>
            </Feature>
            <Feature>
                <Name className="java.lang.String">orth</Name>
                <Value className="java.lang.String">lowercase</Value>
            </Feature>
            <Feature>
                <Name className="java.lang.String">string</Name>
                <Value className="java.lang.String">their</Value>
            </Feature>
            <Feature>
                <Name className="java.lang.String">category</Name>
                <Value className="java.lang.String">PRP$</Value>
            </Feature>
            <Feature>
                <Name className="java.lang.String">kind</Name>
                <Value className="java.lang.String">word</Value>
            </Feature>
        </Annotation>
        <Annotation Id="349" Type="SpaceToken" StartNode="934" EndNode="935">
            <Feature>
                <Name className="java.lang.String">string</Name>
                <Value className="java.lang.String"></Value>
            </Feature>
            <Feature>
                <Name className="java.lang.String">length</Name>
                <Value className="java.lang.String">1</Value>
            </Feature>
            <Feature>
                <Name className="java.lang.String">kind</Name>
                <Value className="java.lang.String">space</Value>
            </Feature>
        </Annotation>
        <Annotation Id="350" Type="Token" StartNode="935" EndNode="940">
            <Feature>
                <Name className="java.lang.String">length</Name>
                <Value className="java.lang.String">5</Value>
            </Feature>
            <Feature>
                <Name className="java.lang.String">orth</Name>
                <Value className="java.lang.String">lowercase</Value>
            </Feature>
            <Feature>
                <Name className="java.lang.String">string</Name>
                <Value className="java.lang.String">power</Value>
            </Feature>
            <Feature>
                <Name className="java.lang.String">category</Name>
                <Value className="java.lang.String">NN</Value>
            </Feature>
            <Feature>
                <Name className="java.lang.String">kind</Name>
                <Value className="java.lang.String">word</Value>
            </Feature>
        </Annotation>
        <Annotation Id="351" Type="SpaceToken" StartNode="940" EndNode="941">
            <Feature>
                <Name className="java.lang.String">string</Name>
                <Value className="java.lang.String"></Value>
            </Feature>
            <Feature>
                <Name className="java.lang.String">length</Name>
                <Value className="java.lang.String">1</Value>
            </Feature>
            <Feature>
                <Name className="java.lang.String">kind</Name>
                <Value className="java.lang.String">space</Value>
            </Feature>
        </Annotation>
        <Annotation Id="352" Type="Token" StartNode="941" EndNode="952">
            <Feature>
                <Name className="java.lang.String">length</Name>
                <Value className="java.lang.String">11</Value>
            </Feature>
            <Feature>
                <Name className="java.lang.String">orth</Name>
                <Value className="java.lang.String">lowercase</Value>
            </Feature>
            <Feature>
                <Name className="java.lang.String">string</Name>
                <Value className="java.lang.String">egregiously</Value>
            </Feature>
            <Feature>
                <Name className="java.lang.String">category</Name>
                <Value className="java.lang.String">RB</Value>
            </Feature>
            <Feature>
                <Name className="java.lang.String">kind</Name>
                <Value className="java.lang.String">word</Value>
            </Feature>
        </Annotation>
        <Annotation Id="353" Type="SpaceToken" StartNode="952" EndNode="953">
            <Feature>
                <Name className="java.lang.String">string</Name>
                <Value className="java.lang.String"></Value>
            </Feature>
            <Feature>
                <Name className="java.lang.String">length</Name>
                <Value className="java.lang.String">1</Value>
            </Feature>
            <Feature>
                <Name className="java.lang.String">kind</Name>
                <Value className="java.lang.String">space</Value>
            </Feature>
        </Annotation>
        <Annotation Id="354" Type="Token" StartNode="953" EndNode="954">
            <Feature>
                <Name className="java.lang.String">length</Name>
                <Value className="java.lang.String">1</Value>
            </Feature>
            <Feature>
                <Name className="java.lang.String">string</Name>
                <Value className="java.lang.String">-</Value>
            </Feature>
            <Feature>
                <Name className="java.lang.String">category</Name>
                <Value className="java.lang.String">:</Value>
            </Feature>
            <Feature>
                <Name className="java.lang.String">kind</Name>
                <Value className="java.lang.String">punctuation</Value>
            </Feature>
            <Feature>
                <Name className="java.lang.String">subkind</Name>
                <Value className="java.lang.String">dashpunct</Value>
            </Feature>
        </Annotation>
        <Annotation Id="355" Type="Token" StartNode="954" EndNode="955">
            <Feature>
                <Name className="java.lang.String">length</Name>
                <Value className="java.lang.String">1</Value>
            </Feature>
            <Feature>
                <Name className="java.lang.String">string</Name>
                <Value className="java.lang.String">-</Value>
            </Feature>
            <Feature>
                <Name className="java.lang.String">category</Name>
                <Value className="java.lang.String">:</Value>
            </Feature>
            <Feature>
                <Name className="java.lang.String">kind</Name>
                <Value className="java.lang.String">punctuation</Value>
            </Feature>
            <Feature>
                <Name className="java.lang.String">subkind</Name>
                <Value className="java.lang.String">dashpunct</Value>
            </Feature>
        </Annotation>
        <Annotation Id="356" Type="SpaceToken" StartNode="955" EndNode="956">
            <Feature>
                <Name className="java.lang.String">string</Name>
                <Value className="java.lang.String"></Value>
            </Feature>
            <Feature>
                <Name className="java.lang.String">length</Name>
                <Value className="java.lang.String">1</Value>
            </Feature>
            <Feature>
                <Name className="java.lang.String">kind</Name>
                <Value className="java.lang.String">space</Value>
            </Feature>
        </Annotation>
        <Annotation Id="357" Type="Token" StartNode="956" EndNode="958">
            <Feature>
                <Name className="java.lang.String">length</Name>
                <Value className="java.lang.String">2</Value>
            </Feature>
            <Feature>
                <Name className="java.lang.String">orth</Name>
                <Value className="java.lang.String">lowercase</Value>
            </Feature>
            <Feature>
                <Name className="java.lang.String">string</Name>
                <Value className="java.lang.String">so</Value>
            </Feature>
            <Feature>
                <Name className="java.lang.String">category</Name>
                <Value className="java.lang.String">RB</Value>
            </Feature>
            <Feature>
                <Name className="java.lang.String">kind</Name>
                <Value className="java.lang.String">word</Value>
            </Feature>
        </Annotation>
        <Annotation Id="358" Type="SpaceToken" StartNode="958" EndNode="959">
            <Feature>
                <Name className="java.lang.String">string</Name>
                <Value className="java.lang.String"></Value>
            </Feature>
            <Feature>
                <Name className="java.lang.String">length</Name>
                <Value className="java.lang.String">1</Value>
            </Feature>
            <Feature>
                <Name className="java.lang.String">kind</Name>
                <Value className="java.lang.String">space</Value>
            </Feature>
        </Annotation>
        <Annotation Id="359" Type="Token" StartNode="959" EndNode="963">
            <Feature>
                <Name className="java.lang.String">length</Name>
                <Value className="java.lang.String">4</Value>
            </Feature>
            <Feature>
                <Name className="java.lang.String">orth</Name>
                <Value className="java.lang.String">lowercase</Value>
            </Feature>
            <Feature>
                <Name className="java.lang.String">string</Name>
                <Value className="java.lang.String">much</Value>
            </Feature>
            <Feature>
                <Name className="java.lang.String">category</Name>
                <Value className="java.lang.String">JJ</Value>
            </Feature>
            <Feature>
                <Name className="java.lang.String">kind</Name>
                <Value className="java.lang.String">word</Value>
            </Feature>
        </Annotation>
        <Annotation Id="360" Type="SpaceToken" StartNode="963" EndNode="964">
            <Feature>
                <Name className="java.lang.String">string</Name>
                <Value className="java.lang.String"></Value>
            </Feature>
            <Feature>
                <Name className="java.lang.String">length</Name>
                <Value className="java.lang.String">1</Value>
            </Feature>
            <Feature>
                <Name className="java.lang.String">kind</Name>
                <Value className="java.lang.String">space</Value>
            </Feature>
        </Annotation>
        <Annotation Id="361" Type="Token" StartNode="964" EndNode="966">
            <Feature>
                <Name className="java.lang.String">length</Name>
                <Value className="java.lang.String">2</Value>
            </Feature>
            <Feature>
                <Name className="java.lang.String">orth</Name>
                <Value className="java.lang.String">lowercase</Value>
            </Feature>
            <Feature>
                <Name className="java.lang.String">string</Name>
                <Value className="java.lang.String">so</Value>
            </Feature>
            <Feature>
                <Name className="java.lang.String">category</Name>
                <Value className="java.lang.String">IN</Value>
            </Feature>
            <Feature>
                <Name className="java.lang.String">kind</Name>
                <Value className="java.lang.String">word</Value>
            </Feature>
        </Annotation>
        <Annotation Id="362" Type="SpaceToken" StartNode="966" EndNode="967">
            <Feature>
                <Name className="java.lang.String">string</Name>
                <Value className="java.lang.String"></Value>
            </Feature>
            <Feature>
                <Name className="java.lang.String">length</Name>
                <Value className="java.lang.String">1</Value>
            </Feature>
            <Feature>
                <Name className="java.lang.String">kind</Name>
                <Value className="java.lang.String">space</Value>
            </Feature>
        </Annotation>
        <Annotation Id="363" Type="Token" StartNode="967" EndNode="971">
            <Feature>
                <Name className="java.lang.String">length</Name>
                <Value className="java.lang.String">4</Value>
            </Feature>
            <Feature>
                <Name className="java.lang.String">orth</Name>
                <Value className="java.lang.String">lowercase</Value>
            </Feature>
            <Feature>
                <Name className="java.lang.String">string</Name>
                <Value className="java.lang.String">that</Value>
            </Feature>
            <Feature>
                <Name className="java.lang.String">category</Name>
                <Value className="java.lang.String">IN</Value>
            </Feature>
            <Feature>
                <Name className="java.lang.String">kind</Name>
                <Value className="java.lang.String">word</Value>
            </Feature>
        </Annotation>
        <Annotation Id="364" Type="SpaceToken" StartNode="971" EndNode="972">
            <Feature>
                <Name className="java.lang.String">string</Name>
                <Value className="java.lang.String"></Value>
            </Feature>
            <Feature>
                <Name className="java.lang.String">length</Name>
                <Value className="java.lang.String">1</Value>
            </Feature>
            <Feature>
                <Name className="java.lang.String">kind</Name>
                <Value className="java.lang.String">space</Value>
            </Feature>
        </Annotation>
        <Annotation Id="365" Type="Token" StartNode="972" EndNode="975">
            <Feature>
                <Name className="java.lang.String">length</Name>
                <Value className="java.lang.String">3</Value>
            </Feature>
            <Feature>
                <Name className="java.lang.String">orth</Name>
                <Value className="java.lang.String">upperInitial</Value>
            </Feature>
            <Feature>
                <Name className="java.lang.String">string</Name>
                <Value className="java.lang.String">God</Value>
            </Feature>
            <Feature>
                <Name className="java.lang.String">category</Name>
                <Value className="java.lang.String">NNP</Value>
            </Feature>
            <Feature>
                <Name className="java.lang.String">kind</Name>
                <Value className="java.lang.String">word</Value>
            </Feature>
        </Annotation>
        <Annotation Id="366" Type="SpaceToken" StartNode="975" EndNode="976">
            <Feature>
                <Name className="java.lang.String">string</Name>
                <Value className="java.lang.String"></Value>
            </Feature>
            <Feature>
                <Name className="java.lang.String">length</Name>
                <Value className="java.lang.String">1</Value>
            </Feature>
            <Feature>
                <Name className="java.lang.String">kind</Name>
                <Value className="java.lang.String">space</Value>
            </Feature>
        </Annotation>
        <Annotation Id="367" Type="Token" StartNode="976" EndNode="979">
            <Feature>
                <Name className="java.lang.String">length</Name>
                <Value className="java.lang.String">3</Value>
            </Feature>
            <Feature>
                <Name className="java.lang.String">orth</Name>
                <Value className="java.lang.String">lowercase</Value>
            </Feature>
            <Feature>
                <Name className="java.lang.String">string</Name>
                <Value className="java.lang.String">has</Value>
            </Feature>
            <Feature>
                <Name className="java.lang.String">category</Name>
                <Value className="java.lang.String">VBZ</Value>
            </Feature>
            <Feature>
                <Name className="java.lang.String">kind</Name>
                <Value className="java.lang.String">word</Value>
            </Feature>
        </Annotation>
        <Annotation Id="368" Type="SpaceToken" StartNode="979" EndNode="980">
            <Feature>
                <Name className="java.lang.String">string</Name>
                <Value className="java.lang.String"></Value>
            </Feature>
            <Feature>
                <Name className="java.lang.String">length</Name>
                <Value className="java.lang.String">1</Value>
            </Feature>
            <Feature>
                <Name className="java.lang.String">kind</Name>
                <Value className="java.lang.String">space</Value>
            </Feature>
        </Annotation>
        <Annotation Id="369" Type="Token" StartNode="980" EndNode="984">
            <Feature>
                <Name className="java.lang.String">length</Name>
                <Value className="java.lang.String">4</Value>
            </Feature>
            <Feature>
                <Name className="java.lang.String">orth</Name>
                <Value className="java.lang.String">lowercase</Value>
            </Feature>
            <Feature>
                <Name className="java.lang.String">string</Name>
                <Value className="java.lang.String">sent</Value>
            </Feature>
            <Feature>
                <Name className="java.lang.String">category</Name>
                <Value className="java.lang.String">VBN</Value>
            </Feature>
            <Feature>
                <Name className="java.lang.String">kind</Name>
                <Value className="java.lang.String">word</Value>
            </Feature>
        </Annotation>
        <Annotation Id="370" Type="SpaceToken" StartNode="984" EndNode="985">
            <Feature>
                <Name className="java.lang.String">string</Name>
                <Value className="java.lang.String"></Value>
            </Feature>
            <Feature>
                <Name className="java.lang.String">length</Name>
                <Value className="java.lang.String">1</Value>
            </Feature>
            <Feature>
                <Name className="java.lang.String">kind</Name>
                <Value className="java.lang.String">space</Value>
            </Feature>
        </Annotation>
        <Annotation Id="371" Type="Token" StartNode="985" EndNode="992">
            <Feature>
                <Name className="java.lang.String">length</Name>
                <Value className="java.lang.String">7</Value>
            </Feature>
            <Feature>
                <Name className="java.lang.String">orth</Name>
                <Value className="java.lang.String">lowercase</Value>
            </Feature>
            <Feature>
                <Name className="java.lang.String">string</Name>
                <Value className="java.lang.String">famines</Value>
            </Feature>
            <Feature>
                <Name className="java.lang.String">category</Name>
                <Value className="java.lang.String">NNS</Value>
            </Feature>
            <Feature>
                <Name className="java.lang.String">kind</Name>
                <Value className="java.lang.String">word</Value>
            </Feature>
        </Annotation>
        <Annotation Id="372" Type="SpaceToken" StartNode="992" EndNode="993">
            <Feature>
                <Name className="java.lang.String">string</Name>
                <Value className="java.lang.String"></Value>
            </Feature>
            <Feature>
                <Name className="java.lang.String">length</Name>
                <Value className="java.lang.String">1</Value>
            </Feature>
            <Feature>
                <Name className="java.lang.String">kind</Name>
                <Value className="java.lang.String">space</Value>
            </Feature>
        </Annotation>
        <Annotation Id="373" Type="Token" StartNode="993" EndNode="996">
            <Feature>
                <Name className="java.lang.String">length</Name>
                <Value className="java.lang.String">3</Value>
            </Feature>
            <Feature>
                <Name className="java.lang.String">orth</Name>
                <Value className="java.lang.String">lowercase</Value>
            </Feature>
            <Feature>
                <Name className="java.lang.String">string</Name>
                <Value className="java.lang.String">and</Value>
            </Feature>
            <Feature>
                <Name className="java.lang.String">category</Name>
                <Value className="java.lang.String">CC</Value>
            </Feature>
            <Feature>
                <Name className="java.lang.String">kind</Name>
                <Value className="java.lang.String">word</Value>
            </Feature>
        </Annotation>
        <Annotation Id="374" Type="SpaceToken" StartNode="996" EndNode="997">
            <Feature>
                <Name className="java.lang.String">string</Name>
                <Value className="java.lang.String"></Value>
            </Feature>
            <Feature>
                <Name className="java.lang.String">length</Name>
                <Value className="java.lang.String">1</Value>
            </Feature>
            <Feature>
                <Name className="java.lang.String">kind</Name>
                <Value className="java.lang.String">space</Value>
            </Feature>
        </Annotation>
        <Annotation Id="375" Type="Token" StartNode="997" EndNode="1004">
            <Feature>
                <Name className="java.lang.String">length</Name>
                <Value className="java.lang.String">7</Value>
            </Feature>
            <Feature>
                <Name className="java.lang.String">orth</Name>
                <Value className="java.lang.String">lowercase</Value>
            </Feature>
            <Feature>
                <Name className="java.lang.String">string</Name>
                <Value className="java.lang.String">plagues</Value>
            </Feature>
            <Feature>
                <Name className="java.lang.String">category</Name>
                <Value className="java.lang.String">NNS</Value>
            </Feature>
            <Feature>
                <Name className="java.lang.String">kind</Name>
                <Value className="java.lang.String">word</Value>
            </Feature>
        </Annotation>
        <Annotation Id="376" Type="SpaceToken" StartNode="1004" EndNode="1005">
            <Feature>
                <Name className="java.lang.String">string</Name>
                <Value className="java.lang.String"></Value>
            </Feature>
            <Feature>
                <Name className="java.lang.String">length</Name>
                <Value className="java.lang.String">1</Value>
            </Feature>
            <Feature>
                <Name className="java.lang.String">kind</Name>
                <Value className="java.lang.String">space</Value>
            </Feature>
        </Annotation>
        <Annotation Id="377" Type="Token" StartNode="1005" EndNode="1007">
            <Feature>
                <Name className="java.lang.String">length</Name>
                <Value className="java.lang.String">2</Value>
            </Feature>
            <Feature>
                <Name className="java.lang.String">orth</Name>
                <Value className="java.lang.String">lowercase</Value>
            </Feature>
            <Feature>
                <Name className="java.lang.String">string</Name>
                <Value className="java.lang.String">as</Value>
            </Feature>
            <Feature>
                <Name className="java.lang.String">category</Name>
                <Value className="java.lang.String">IN</Value>
            </Feature>
            <Feature>
                <Name className="java.lang.String">kind</Name>
                <Value className="java.lang.String">word</Value>
            </Feature>
        </Annotation>
        <Annotation Id="378" Type="SpaceToken" StartNode="1007" EndNode="1008">
            <Feature>
                <Name className="java.lang.String">string</Name>
                <Value className="java.lang.String"></Value>
            </Feature>
            <Feature>
                <Name className="java.lang.String">length</Name>
                <Value className="java.lang.String">1</Value>
            </Feature>
            <Feature>
                <Name className="java.lang.String">kind</Name>
                <Value className="java.lang.String">space</Value>
            </Feature>
        </Annotation>
        <Annotation Id="379" Type="Token" StartNode="1008" EndNode="1019">
            <Feature>
                <Name className="java.lang.String">length</Name>
                <Value className="java.lang.String">11</Value>
            </Feature>
            <Feature>
                <Name className="java.lang.String">orth</Name>
                <Value className="java.lang.String">lowercase</Value>
            </Feature>
            <Feature>
                <Name className="java.lang.String">string</Name>
                <Value className="java.lang.String">punishments</Value>
            </Feature>
            <Feature>
                <Name className="java.lang.String">category</Name>
                <Value className="java.lang.String">NNS</Value>
            </Feature>
            <Feature>
                <Name className="java.lang.String">kind</Name>
                <Value className="java.lang.String">word</Value>
            </Feature>
        </Annotation>
        <Annotation Id="380" Type="SpaceToken" StartNode="1019" EndNode="1020">
            <Feature>
                <Name className="java.lang.String">string</Name>
                <Value className="java.lang.String"></Value>
            </Feature>
            <Feature>
                <Name className="java.lang.String">length</Name>
                <Value className="java.lang.String">1</Value>
            </Feature>
            <Feature>
                <Name className="java.lang.String">kind</Name>
                <Value className="java.lang.String">space</Value>
            </Feature>
        </Annotation>
        <Annotation Id="381" Type="Token" StartNode="1020" EndNode="1023">
            <Feature>
                <Name className="java.lang.String">length</Name>
                <Value className="java.lang.String">3</Value>
            </Feature>
            <Feature>
                <Name className="java.lang.String">orth</Name>
                <Value className="java.lang.String">lowercase</Value>
            </Feature>
            <Feature>
                <Name className="java.lang.String">string</Name>
                <Value className="java.lang.String">for</Value>
            </Feature>
            <Feature>
                <Name className="java.lang.String">category</Name>
                <Value className="java.lang.String">IN</Value>
            </Feature>
            <Feature>
                <Name className="java.lang.String">kind</Name>
                <Value className="java.lang.String">word</Value>
            </Feature>
        </Annotation>
        <Annotation Id="382" Type="SpaceToken" StartNode="1023" EndNode="1024">
            <Feature>
                <Name className="java.lang.String">string</Name>
                <Value className="java.lang.String"></Value>
            </Feature>
            <Feature>
                <Name className="java.lang.String">length</Name>
                <Value className="java.lang.String">1</Value>
            </Feature>
            <Feature>
                <Name className="java.lang.String">kind</Name>
                <Value className="java.lang.String">space</Value>
            </Feature>
        </Annotation>
        <Annotation Id="383" Type="Token" StartNode="1024" EndNode="1034">
            <Feature>
                <Name className="java.lang.String">length</Name>
                <Value className="java.lang.String">10</Value>
            </Feature>
            <Feature>
                <Name className="java.lang.String">orth</Name>
                <Value className="java.lang.String">lowercase</Value>
            </Feature>
            <Feature>
                <Name className="java.lang.String">string</Name>
                <Value className="java.lang.String">wrongdoing</Value>
            </Feature>
            <Feature>
                <Name className="java.lang.String">category</Name>
                <Value className="java.lang.String">NN</Value>
            </Feature>
            <Feature>
                <Name className="java.lang.String">kind</Name>
                <Value className="java.lang.String">word</Value>
            </Feature>
        </Annotation>
        <Annotation Id="384" Type="Token" StartNode="1034" EndNode="1035">
            <Feature>
                <Name className="java.lang.String">length</Name>
                <Value className="java.lang.String">1</Value>
            </Feature>
            <Feature>
                <Name className="java.lang.String">string</Name>
                <Value className="java.lang.String">.</Value>
            </Feature>
            <Feature>
                <Name className="java.lang.String">category</Name>
                <Value className="java.lang.String">.</Value>
            </Feature>
            <Feature>
                <Name className="java.lang.String">kind</Name>
                <Value className="java.lang.String">punctuation</Value>
            </Feature>
        </Annotation>
        <Annotation Id="385" Type="SpaceToken" StartNode="1035" EndNode="1036">
            <Feature>
                <Name className="java.lang.String">string</Name>
                <Value className="java.lang.String"></Value>
            </Feature>
            <Feature>
                <Name className="java.lang.String">length</Name>
                <Value className="java.lang.String">1</Value>
            </Feature>
            <Feature>
                <Name className="java.lang.String">kind</Name>
                <Value className="java.lang.String">space</Value>
            </Feature>
        </Annotation>
        <Annotation Id="386" Type="Token" StartNode="1036" EndNode="1037">
            <Feature>
                <Name className="java.lang.String">length</Name>
                <Value className="java.lang.String">1</Value>
            </Feature>
            <Feature>
                <Name className="java.lang.String">orth</Name>
                <Value className="java.lang.String">upperInitial</Value>
            </Feature>
            <Feature>
                <Name className="java.lang.String">string</Name>
                <Value className="java.lang.String">A</Value>
            </Feature>
            <Feature>
                <Name className="java.lang.String">category</Name>
                <Value className="java.lang.String">DT</Value>
            </Feature>
            <Feature>
                <Name className="java.lang.String">kind</Name>
                <Value className="java.lang.String">word</Value>
            </Feature>
        </Annotation>
        <Annotation Id="387" Type="SpaceToken" StartNode="1037" EndNode="1038">
            <Feature>
                <Name className="java.lang.String">string</Name>
                <Value className="java.lang.String"></Value>
            </Feature>
            <Feature>
                <Name className="java.lang.String">length</Name>
                <Value className="java.lang.String">1</Value>
            </Feature>
            <Feature>
                <Name className="java.lang.String">kind</Name>
                <Value className="java.lang.String">space</Value>
            </Feature>
        </Annotation>
        <Annotation Id="388" Type="Token" StartNode="1038" EndNode="1046">
            <Feature>
                <Name className="java.lang.String">length</Name>
                <Value className="java.lang.String">8</Value>
            </Feature>
            <Feature>
                <Name className="java.lang.String">orth</Name>
                <Value className="java.lang.String">lowercase</Value>
            </Feature>
            <Feature>
                <Name className="java.lang.String">string</Name>
                <Value className="java.lang.String">dominant</Value>
            </Feature>
            <Feature>
                <Name className="java.lang.String">category</Name>
                <Value className="java.lang.String">JJ</Value>
            </Feature>
            <Feature>
                <Name className="java.lang.String">kind</Name>
                <Value className="java.lang.String">word</Value>
            </Feature>
        </Annotation>
        <Annotation Id="389" Type="SpaceToken" StartNode="1046" EndNode="1047">
            <Feature>
                <Name className="java.lang.String">string</Name>
                <Value className="java.lang.String"></Value>
            </Feature>
            <Feature>
                <Name className="java.lang.String">length</Name>
                <Value className="java.lang.String">1</Value>
            </Feature>
            <Feature>
                <Name className="java.lang.String">kind</Name>
                <Value className="java.lang.String">space</Value>
            </Feature>
        </Annotation>
        <Annotation Id="390" Type="Token" StartNode="1047" EndNode="1052">
            <Feature>
                <Name className="java.lang.String">length</Name>
                <Value className="java.lang.String">5</Value>
            </Feature>
            <Feature>
                <Name className="java.lang.String">orth</Name>
                <Value className="java.lang.String">lowercase</Value>
            </Feature>
            <Feature>
                <Name className="java.lang.String">string</Name>
                <Value className="java.lang.String">motif</Value>
            </Feature>
            <Feature>
                <Name className="java.lang.String">category</Name>
                <Value className="java.lang.String">NN</Value>
            </Feature>
            <Feature>
                <Name className="java.lang.String">kind</Name>
                <Value className="java.lang.String">word</Value>
            </Feature>
        </Annotation>
        <Annotation Id="391" Type="SpaceToken" StartNode="1052" EndNode="1053">
            <Feature>
                <Name className="java.lang.String">string</Name>
                <Value className="java.lang.String"></Value>
            </Feature>
            <Feature>
                <Name className="java.lang.String">length</Name>
                <Value className="java.lang.String">1</Value>
            </Feature>
            <Feature>
                <Name className="java.lang.String">kind</Name>
                <Value className="java.lang.String">space</Value>
            </Feature>
        </Annotation>
        <Annotation Id="392" Type="Token" StartNode="1053" EndNode="1055">
            <Feature>
                <Name className="java.lang.String">length</Name>
                <Value className="java.lang.String">2</Value>
            </Feature>
            <Feature>
                <Name className="java.lang.String">orth</Name>
                <Value className="java.lang.String">lowercase</Value>
            </Feature>
            <Feature>
                <Name className="java.lang.String">string</Name>
                <Value className="java.lang.String">of</Value>
            </Feature>
            <Feature>
                <Name className="java.lang.String">category</Name>
                <Value className="java.lang.String">IN</Value>
            </Feature>
            <Feature>
                <Name className="java.lang.String">kind</Name>
                <Value className="java.lang.String">word</Value>
            </Feature>
        </Annotation>
        <Annotation Id="393" Type="SpaceToken" StartNode="1055" EndNode="1056">
            <Feature>
                <Name className="java.lang.String">string</Name>
                <Value className="java.lang.String"></Value>
            </Feature>
            <Feature>
                <Name className="java.lang.String">length</Name>
                <Value className="java.lang.String">1</Value>
            </Feature>
            <Feature>
                <Name className="java.lang.String">kind</Name>
                <Value className="java.lang.String">space</Value>
            </Feature>
        </Annotation>
        <Annotation Id="394" Type="Token" StartNode="1056" EndNode="1059">
            <Feature>
                <Name className="java.lang.String">length</Name>
                <Value className="java.lang.String">3</Value>
            </Feature>
            <Feature>
                <Name className="java.lang.String">orth</Name>
                <Value className="java.lang.String">lowercase</Value>
            </Feature>
            <Feature>
                <Name className="java.lang.String">string</Name>
                <Value className="java.lang.String">the</Value>
            </Feature>
            <Feature>
                <Name className="java.lang.String">category</Name>
                <Value className="java.lang.String">DT</Value>
            </Feature>
            <Feature>
                <Name className="java.lang.String">kind</Name>
                <Value className="java.lang.String">word</Value>
            </Feature>
        </Annotation>
        <Annotation Id="395" Type="SpaceToken" StartNode="1059" EndNode="1060">
            <Feature>
                <Name className="java.lang.String">string</Name>
                <Value className="java.lang.String"></Value>
            </Feature>
            <Feature>
                <Name className="java.lang.String">length</Name>
                <Value className="java.lang.String">1</Value>
            </Feature>
            <Feature>
                <Name className="java.lang.String">kind</Name>
                <Value className="java.lang.String">space</Value>
            </Feature>
        </Annotation>
        <Annotation Id="396" Type="Token" StartNode="1060" EndNode="1064">
            <Feature>
                <Name className="java.lang.String">length</Name>
                <Value className="java.lang.String">4</Value>
            </Feature>
            <Feature>
                <Name className="java.lang.String">orth</Name>
                <Value className="java.lang.String">lowercase</Value>
            </Feature>
            <Feature>
                <Name className="java.lang.String">string</Name>
                <Value className="java.lang.String">poem</Value>
            </Feature>
            <Feature>
                <Name className="java.lang.String">category</Name>
                <Value className="java.lang.String">NN</Value>
            </Feature>
            <Feature>
                <Name className="java.lang.String">kind</Name>
                <Value className="java.lang.String">word</Value>
            </Feature>
        </Annotation>
        <Annotation Id="397" Type="SpaceToken" StartNode="1064" EndNode="1065">
            <Feature>
                <Name className="java.lang.String">string</Name>
                <Value className="java.lang.String"></Value>
            </Feature>
            <Feature>
                <Name className="java.lang.String">length</Name>
                <Value className="java.lang.String">1</Value>
            </Feature>
            <Feature>
                <Name className="java.lang.String">kind</Name>
                <Value className="java.lang.String">space</Value>
            </Feature>
        </Annotation>
        <Annotation Id="398" Type="Token" StartNode="1065" EndNode="1067">
            <Feature>
                <Name className="java.lang.String">length</Name>
                <Value className="java.lang.String">2</Value>
            </Feature>
            <Feature>
                <Name className="java.lang.String">orth</Name>
                <Value className="java.lang.String">lowercase</Value>
            </Feature>
            <Feature>
                <Name className="java.lang.String">string</Name>
                <Value className="java.lang.String">is</Value>
            </Feature>
            <Feature>
                <Name className="java.lang.String">category</Name>
                <Value className="java.lang.String">VBZ</Value>
            </Feature>
            <Feature>
                <Name className="java.lang.String">kind</Name>
                <Value className="java.lang.String">word</Value>
            </Feature>
        </Annotation>
        <Annotation Id="399" Type="SpaceToken" StartNode="1067" EndNode="1068">
            <Feature>
                <Name className="java.lang.String">string</Name>
                <Value className="java.lang.String"></Value>
            </Feature>
            <Feature>
                <Name className="java.lang.String">length</Name>
                <Value className="java.lang.String">1</Value>
            </Feature>
            <Feature>
                <Name className="java.lang.String">kind</Name>
                <Value className="java.lang.String">space</Value>
            </Feature>
        </Annotation>
        <Annotation Id="400" Type="Token" StartNode="1068" EndNode="1072">
            <Feature>
                <Name className="java.lang.String">length</Name>
                <Value className="java.lang.String">4</Value>
            </Feature>
            <Feature>
                <Name className="java.lang.String">orth</Name>
                <Value className="java.lang.String">lowercase</Value>
            </Feature>
            <Feature>
                <Name className="java.lang.String">string</Name>
                <Value className="java.lang.String">that</Value>
            </Feature>
            <Feature>
                <Name className="java.lang.String">category</Name>
                <Value className="java.lang.String">IN</Value>
            </Feature>
            <Feature>
                <Name className="java.lang.String">kind</Name>
                <Value className="java.lang.String">word</Value>
            </Feature>
        </Annotation>
        <Annotation Id="401" Type="SpaceToken" StartNode="1072" EndNode="1073">
            <Feature>
                <Name className="java.lang.String">string</Name>
                <Value className="java.lang.String"></Value>
            </Feature>
            <Feature>
                <Name className="java.lang.String">length</Name>
                <Value className="java.lang.String">1</Value>
            </Feature>
            <Feature>
                <Name className="java.lang.String">kind</Name>
                <Value className="java.lang.String">space</Value>
            </Feature>
        </Annotation>
        <Annotation Id="402" Type="Token" StartNode="1073" EndNode="1076">
            <Feature>
                <Name className="java.lang.String">length</Name>
                <Value className="java.lang.String">3</Value>
            </Feature>
            <Feature>
                <Name className="java.lang.String">orth</Name>
                <Value className="java.lang.String">lowercase</Value>
            </Feature>
            <Feature>
                <Name className="java.lang.String">string</Name>
                <Value className="java.lang.String">the</Value>
            </Feature>
            <Feature>
                <Name className="java.lang.String">category</Name>
                <Value className="java.lang.String">DT</Value>
            </Feature>
            <Feature>
                <Name className="java.lang.String">kind</Name>
                <Value className="java.lang.String">word</Value>
            </Feature>
        </Annotation>
        <Annotation Id="403" Type="SpaceToken" StartNode="1076" EndNode="1077">
            <Feature>
                <Name className="java.lang.String">string</Name>
                <Value className="java.lang.String"></Value>
            </Feature>
            <Feature>
                <Name className="java.lang.String">length</Name>
                <Value className="java.lang.String">1</Value>
            </Feature>
            <Feature>
                <Name className="java.lang.String">kind</Name>
                <Value className="java.lang.String">space</Value>
            </Feature>
        </Annotation>
        <Annotation Id="404" Type="Token" StartNode="1077" EndNode="1081">
            <Feature>
                <Name className="java.lang.String">length</Name>
                <Value className="java.lang.String">4</Value>
            </Feature>
            <Feature>
                <Name className="java.lang.String">orth</Name>
                <Value className="java.lang.String">lowercase</Value>
            </Feature>
            <Feature>
                <Name className="java.lang.String">string</Name>
                <Value className="java.lang.String">poor</Value>
            </Feature>
            <Feature>
                <Name className="java.lang.String">category</Name>
                <Value className="java.lang.String">JJ</Value>
            </Feature>
            <Feature>
                <Name className="java.lang.String">kind</Name>
                <Value className="java.lang.String">word</Value>
            </Feature>
        </Annotation>
        <Annotation Id="405" Type="SpaceToken" StartNode="1081" EndNode="1082">
            <Feature>
                <Name className="java.lang.String">string</Name>
                <Value className="java.lang.String"></Value>
            </Feature>
            <Feature>
                <Name className="java.lang.String">length</Name>
                <Value className="java.lang.String">1</Value>
            </Feature>
            <Feature>
                <Name className="java.lang.String">kind</Name>
                <Value className="java.lang.String">space</Value>
            </Feature>
        </Annotation>
        <Annotation Id="406" Type="Token" StartNode="1082" EndNode="1085">
            <Feature>
                <Name className="java.lang.String">length</Name>
                <Value className="java.lang.String">3</Value>
            </Feature>
            <Feature>
                <Name className="java.lang.String">orth</Name>
                <Value className="java.lang.String">lowercase</Value>
            </Feature>
            <Feature>
                <Name className="java.lang.String">string</Name>
                <Value className="java.lang.String">man</Value>
            </Feature>
            <Feature>
                <Name className="java.lang.String">category</Name>
                <Value className="java.lang.String">NN</Value>
            </Feature>
            <Feature>
                <Name className="java.lang.String">kind</Name>
                <Value className="java.lang.String">word</Value>
            </Feature>
        </Annotation>
        <Annotation Id="407" Type="SpaceToken" StartNode="1085" EndNode="1086">
            <Feature>
                <Name className="java.lang.String">string</Name>
                <Value className="java.lang.String"></Value>
            </Feature>
            <Feature>
                <Name className="java.lang.String">length</Name>
                <Value className="java.lang.String">1</Value>
            </Feature>
            <Feature>
                <Name className="java.lang.String">kind</Name>
                <Value className="java.lang.String">space</Value>
            </Feature>
        </Annotation>
        <Annotation Id="408" Type="Token" StartNode="1086" EndNode="1087">
            <Feature>
                <Name className="java.lang.String">length</Name>
                <Value className="java.lang.String">1</Value>
            </Feature>
            <Feature>
                <Name className="java.lang.String">string</Name>
                <Value className="java.lang.String">-</Value>
            </Feature>
            <Feature>
                <Name className="java.lang.String">category</Name>
                <Value className="java.lang.String">:</Value>
            </Feature>
            <Feature>
                <Name className="java.lang.String">kind</Name>
                <Value className="java.lang.String">punctuation</Value>
            </Feature>
            <Feature>
                <Name className="java.lang.String">subkind</Name>
                <Value className="java.lang.String">dashpunct</Value>
            </Feature>
        </Annotation>
        <Annotation Id="409" Type="Token" StartNode="1087" EndNode="1088">
            <Feature>
                <Name className="java.lang.String">length</Name>
                <Value className="java.lang.String">1</Value>
            </Feature>
            <Feature>
                <Name className="java.lang.String">string</Name>
                <Value className="java.lang.String">-</Value>
            </Feature>
            <Feature>
                <Name className="java.lang.String">category</Name>
                <Value className="java.lang.String">:</Value>
            </Feature>
            <Feature>
                <Name className="java.lang.String">kind</Name>
                <Value className="java.lang.String">punctuation</Value>
            </Feature>
            <Feature>
                <Name className="java.lang.String">subkind</Name>
                <Value className="java.lang.String">dashpunct</Value>
            </Feature>
        </Annotation>
        <Annotation Id="410" Type="SpaceToken" StartNode="1088" EndNode="1089">
            <Feature>
                <Name className="java.lang.String">string</Name>
                <Value className="java.lang.String"></Value>
            </Feature>
            <Feature>
                <Name className="java.lang.String">length</Name>
                <Value className="java.lang.String">1</Value>
            </Feature>
            <Feature>
                <Name className="java.lang.String">kind</Name>
                <Value className="java.lang.String">space</Value>
            </Feature>
        </Annotation>
        <Annotation Id="411" Type="Token" StartNode="1089" EndNode="1090">
            <Feature>
                <Name className="java.lang.String">length</Name>
                <Value className="java.lang.String">1</Value>
            </Feature>
            <Feature>
                <Name className="java.lang.String">string</Name>
                <Value className="java.lang.String">"</Value>
            </Feature>
            <Feature>
                <Name className="java.lang.String">category</Name>
                <Value className="java.lang.String">''</Value>
            </Feature>
            <Feature>
                <Name className="java.lang.String">kind</Name>
                <Value className="java.lang.String">punctuation</Value>
            </Feature>
        </Annotation>
        <Annotation Id="412" Type="Token" StartNode="1090" EndNode="1095">
            <Feature>
                <Name className="java.lang.String">length</Name>
                <Value className="java.lang.String">5</Value>
            </Feature>
            <Feature>
                <Name className="java.lang.String">orth</Name>
                <Value className="java.lang.String">upperInitial</Value>
            </Feature>
            <Feature>
                <Name className="java.lang.String">string</Name>
                <Value className="java.lang.String">Godes</Value>
            </Feature>
            <Feature>
                <Name className="java.lang.String">category</Name>
                <Value className="java.lang.String">NNP</Value>
            </Feature>
            <Feature>
                <Name className="java.lang.String">kind</Name>
                <Value className="java.lang.String">word</Value>
            </Feature>
        </Annotation>
        <Annotation Id="413" Type="SpaceToken" StartNode="1095" EndNode="1096">
            <Feature>
                <Name className="java.lang.String">string</Name>
                <Value className="java.lang.String"></Value>
            </Feature>
            <Feature>
                <Name className="java.lang.String">length</Name>
                <Value className="java.lang.String">1</Value>
            </Feature>
            <Feature>
                <Name className="java.lang.String">kind</Name>
                <Value className="java.lang.String">space</Value>
            </Feature>
        </Annotation>
        <Annotation Id="414" Type="Token" StartNode="1096" EndNode="1099">
            <Feature>
                <Name className="java.lang.String">length</Name>
                <Value className="java.lang.String">3</Value>
            </Feature>
            <Feature>
                <Name className="java.lang.String">orth</Name>
                <Value className="java.lang.String">lowercase</Value>
            </Feature>
            <Feature>
                <Name className="java.lang.String">string</Name>
                <Value className="java.lang.String">man</Value>
            </Feature>
            <Feature>
                <Name className="java.lang.String">category</Name>
                <Value className="java.lang.String">NN</Value>
            </Feature>
            <Feature>
                <Name className="java.lang.String">kind</Name>
                <Value className="java.lang.String">word</Value>
            </Feature>
        </Annotation>
        <Annotation Id="415" Type="Token" StartNode="1099" EndNode="1100">
            <Feature>
                <Name className="java.lang.String">length</Name>
                <Value className="java.lang.String">1</Value>
            </Feature>
            <Feature>
                <Name className="java.lang.String">string</Name>
                <Value className="java.lang.String">"</Value>
            </Feature>
            <Feature>
                <Name className="java.lang.String">category</Name>
                <Value className="java.lang.String">''</Value>
            </Feature>
            <Feature>
                <Name className="java.lang.String">kind</Name>
                <Value className="java.lang.String">punctuation</Value>
            </Feature>
        </Annotation>
        <Annotation Id="416" Type="SpaceToken" StartNode="1100" EndNode="1101">
            <Feature>
                <Name className="java.lang.String">string</Name>
                <Value className="java.lang.String"></Value>
            </Feature>
            <Feature>
                <Name className="java.lang.String">length</Name>
                <Value className="java.lang.String">1</Value>
            </Feature>
            <Feature>
                <Name className="java.lang.String">kind</Name>
                <Value className="java.lang.String">space</Value>
            </Feature>
        </Annotation>
        <Annotation Id="417" Type="Token" StartNode="1101" EndNode="1102">
            <Feature>
                <Name className="java.lang.String">length</Name>
                <Value className="java.lang.String">1</Value>
            </Feature>
            <Feature>
                <Name className="java.lang.String">string</Name>
                <Value className="java.lang.String">-</Value>
            </Feature>
            <Feature>
                <Name className="java.lang.String">category</Name>
                <Value className="java.lang.String">:</Value>
            </Feature>
            <Feature>
                <Name className="java.lang.String">kind</Name>
                <Value className="java.lang.String">punctuation</Value>
            </Feature>
            <Feature>
                <Name className="java.lang.String">subkind</Name>
                <Value className="java.lang.String">dashpunct</Value>
            </Feature>
        </Annotation>
        <Annotation Id="418" Type="Token" StartNode="1102" EndNode="1103">
            <Feature>
                <Name className="java.lang.String">length</Name>
                <Value className="java.lang.String">1</Value>
            </Feature>
            <Feature>
                <Name className="java.lang.String">string</Name>
                <Value className="java.lang.String">-</Value>
            </Feature>
            <Feature>
                <Name className="java.lang.String">category</Name>
                <Value className="java.lang.String">:</Value>
            </Feature>
            <Feature>
                <Name className="java.lang.String">kind</Name>
                <Value className="java.lang.String">punctuation</Value>
            </Feature>
            <Feature>
                <Name className="java.lang.String">subkind</Name>
                <Value className="java.lang.String">dashpunct</Value>
            </Feature>
        </Annotation>
        <Annotation Id="419" Type="SpaceToken" StartNode="1103" EndNode="1104">
            <Feature>
                <Name className="java.lang.String">string</Name>
                <Value className="java.lang.String"></Value>
            </Feature>
            <Feature>
                <Name className="java.lang.String">length</Name>
                <Value className="java.lang.String">1</Value>
            </Feature>
            <Feature>
                <Name className="java.lang.String">kind</Name>
                <Value className="java.lang.String">space</Value>
            </Feature>
        </Annotation>
        <Annotation Id="420" Type="Token" StartNode="1104" EndNode="1110">
            <Feature>
                <Name className="java.lang.String">length</Name>
                <Value className="java.lang.String">6</Value>
            </Feature>
            <Feature>
                <Name className="java.lang.String">orth</Name>
                <Value className="java.lang.String">lowercase</Value>
            </Feature>
            <Feature>
                <Name className="java.lang.String">string</Name>
                <Value className="java.lang.String">stands</Value>
            </Feature>
            <Feature>
                <Name className="java.lang.String">category</Name>
                <Value className="java.lang.String">VBZ</Value>
            </Feature>
            <Feature>
                <Name className="java.lang.String">kind</Name>
                <Value className="java.lang.String">word</Value>
            </Feature>
        </Annotation>
        <Annotation Id="421" Type="SpaceToken" StartNode="1110" EndNode="1111">
            <Feature>
                <Name className="java.lang.String">string</Name>
                <Value className="java.lang.String"></Value>
            </Feature>
            <Feature>
                <Name className="java.lang.String">length</Name>
                <Value className="java.lang.String">1</Value>
            </Feature>
            <Feature>
                <Name className="java.lang.String">kind</Name>
                <Value className="java.lang.String">space</Value>
            </Feature>
        </Annotation>
        <Annotation Id="422" Type="Token" StartNode="1111" EndNode="1118">
            <Feature>
                <Name className="java.lang.String">length</Name>
                <Value className="java.lang.String">7</Value>
            </Feature>
            <Feature>
                <Name className="java.lang.String">orth</Name>
                <Value className="java.lang.String">lowercase</Value>
            </Feature>
            <Feature>
                <Name className="java.lang.String">string</Name>
                <Value className="java.lang.String">outside</Value>
            </Feature>
            <Feature>
                <Name className="java.lang.String">category</Name>
                <Value className="java.lang.String">IN</Value>
            </Feature>
            <Feature>
                <Name className="java.lang.String">kind</Name>
                <Value className="java.lang.String">word</Value>
            </Feature>
        </Annotation>
        <Annotation Id="423" Type="SpaceToken" StartNode="1118" EndNode="1119">
            <Feature>
                <Name className="java.lang.String">string</Name>
                <Value className="java.lang.String"></Value>
            </Feature>
            <Feature>
                <Name className="java.lang.String">length</Name>
                <Value className="java.lang.String">1</Value>
            </Feature>
            <Feature>
                <Name className="java.lang.String">kind</Name>
                <Value className="java.lang.String">space</Value>
            </Feature>
        </Annotation>
        <Annotation Id="424" Type="Token" StartNode="1119" EndNode="1122">
            <Feature>
                <Name className="java.lang.String">length</Name>
                <Value className="java.lang.String">3</Value>
            </Feature>
            <Feature>
                <Name className="java.lang.String">orth</Name>
                <Value className="java.lang.String">lowercase</Value>
            </Feature>
            <Feature>
                <Name className="java.lang.String">string</Name>
                <Value className="java.lang.String">the</Value>
            </Feature>
            <Feature>
                <Name className="java.lang.String">category</Name>
                <Value className="java.lang.String">DT</Value>
            </Feature>
            <Feature>
                <Name className="java.lang.String">kind</Name>
                <Value className="java.lang.String">word</Value>
            </Feature>
        </Annotation>
        <Annotation Id="425" Type="SpaceToken" StartNode="1122" EndNode="1123">
            <Feature>
                <Name className="java.lang.String">string</Name>
                <Value className="java.lang.String"></Value>
            </Feature>
            <Feature>
                <Name className="java.lang.String">length</Name>
                <Value className="java.lang.String">1</Value>
            </Feature>
            <Feature>
                <Name className="java.lang.String">kind</Name>
                <Value className="java.lang.String">space</Value>
            </Feature>
        </Annotation>
        <Annotation Id="426" Type="Token" StartNode="1123" EndNode="1128">
            <Feature>
                <Name className="java.lang.String">length</Name>
                <Value className="java.lang.String">5</Value>
            </Feature>
            <Feature>
                <Name className="java.lang.String">orth</Name>
                <Value className="java.lang.String">lowercase</Value>
            </Feature>
            <Feature>
                <Name className="java.lang.String">string</Name>
                <Value className="java.lang.String">doors</Value>
            </Feature>
            <Feature>
                <Name className="java.lang.String">category</Name>
                <Value className="java.lang.String">NNS</Value>
            </Feature>
            <Feature>
                <Name className="java.lang.String">kind</Name>
                <Value className="java.lang.String">word</Value>
            </Feature>
        </Annotation>
        <Annotation Id="427" Type="SpaceToken" StartNode="1128" EndNode="1129">
            <Feature>
                <Name className="java.lang.String">string</Name>
                <Value className="java.lang.String"></Value>
            </Feature>
            <Feature>
                <Name className="java.lang.String">length</Name>
                <Value className="java.lang.String">1</Value>
            </Feature>
            <Feature>
                <Name className="java.lang.String">kind</Name>
                <Value className="java.lang.String">space</Value>
            </Feature>
        </Annotation>
        <Annotation Id="428" Type="Token" StartNode="1129" EndNode="1131">
            <Feature>
                <Name className="java.lang.String">length</Name>
                <Value className="java.lang.String">2</Value>
            </Feature>
            <Feature>
                <Name className="java.lang.String">orth</Name>
                <Value className="java.lang.String">lowercase</Value>
            </Feature>
            <Feature>
                <Name className="java.lang.String">string</Name>
                <Value className="java.lang.String">of</Value>
            </Feature>
            <Feature>
                <Name className="java.lang.String">category</Name>
                <Value className="java.lang.String">IN</Value>
            </Feature>
            <Feature>
                <Name className="java.lang.String">kind</Name>
                <Value className="java.lang.String">word</Value>
            </Feature>
        </Annotation>
        <Annotation Id="429" Type="SpaceToken" StartNode="1131" EndNode="1132">
            <Feature>
                <Name className="java.lang.String">string</Name>
                <Value className="java.lang.String"></Value>
            </Feature>
            <Feature>
                <Name className="java.lang.String">length</Name>
                <Value className="java.lang.String">1</Value>
            </Feature>
            <Feature>
                <Name className="java.lang.String">kind</Name>
                <Value className="java.lang.String">space</Value>
            </Feature>
        </Annotation>
        <Annotation Id="430" Type="Token" StartNode="1132" EndNode="1137">
            <Feature>
                <Name className="java.lang.String">length</Name>
                <Value className="java.lang.String">5</Value>
            </Feature>
            <Feature>
                <Name className="java.lang.String">orth</Name>
                <Value className="java.lang.String">lowercase</Value>
            </Feature>
            <Feature>
                <Name className="java.lang.String">string</Name>
                <Value className="java.lang.String">court</Value>
            </Feature>
            <Feature>
                <Name className="java.lang.String">category</Name>
                <Value className="java.lang.String">NN</Value>
            </Feature>
            <Feature>
                <Name className="java.lang.String">kind</Name>
                <Value className="java.lang.String">word</Value>
            </Feature>
        </Annotation>
        <Annotation Id="431" Type="SpaceToken" StartNode="1137" EndNode="1138">
            <Feature>
                <Name className="java.lang.String">string</Name>
                <Value className="java.lang.String"></Value>
            </Feature>
            <Feature>
                <Name className="java.lang.String">length</Name>
                <Value className="java.lang.String">1</Value>
            </Feature>
            <Feature>
                <Name className="java.lang.String">kind</Name>
                <Value className="java.lang.String">space</Value>
            </Feature>
        </Annotation>
        <Annotation Id="432" Type="Token" StartNode="1138" EndNode="1143">
            <Feature>
                <Name className="java.lang.String">length</Name>
                <Value className="java.lang.String">5</Value>
            </Feature>
            <Feature>
                <Name className="java.lang.String">orth</Name>
                <Value className="java.lang.String">lowercase</Value>
            </Feature>
            <Feature>
                <Name className="java.lang.String">string</Name>
                <Value className="java.lang.String">while</Value>
            </Feature>
            <Feature>
                <Name className="java.lang.String">category</Name>
                <Value className="java.lang.String">IN</Value>
            </Feature>
            <Feature>
                <Name className="java.lang.String">kind</Name>
                <Value className="java.lang.String">word</Value>
            </Feature>
        </Annotation>
        <Annotation Id="433" Type="SpaceToken" StartNode="1143" EndNode="1144">
            <Feature>
                <Name className="java.lang.String">string</Name>
                <Value className="java.lang.String"></Value>
            </Feature>
            <Feature>
                <Name className="java.lang.String">length</Name>
                <Value className="java.lang.String">1</Value>
            </Feature>
            <Feature>
                <Name className="java.lang.String">kind</Name>
                <Value className="java.lang.String">space</Value>
            </Feature>
        </Annotation>
        <Annotation Id="434" Type="Token" StartNode="1144" EndNode="1147">
            <Feature>
                <Name className="java.lang.String">length</Name>
                <Value className="java.lang.String">3</Value>
            </Feature>
            <Feature>
                <Name className="java.lang.String">orth</Name>
                <Value className="java.lang.String">lowercase</Value>
            </Feature>
            <Feature>
                <Name className="java.lang.String">string</Name>
                <Value className="java.lang.String">the</Value>
            </Feature>
            <Feature>
                <Name className="java.lang.String">category</Name>
                <Value className="java.lang.String">DT</Value>
            </Feature>
            <Feature>
                <Name className="java.lang.String">kind</Name>
                <Value className="java.lang.String">word</Value>
            </Feature>
        </Annotation>
        <Annotation Id="435" Type="SpaceToken" StartNode="1147" EndNode="1148">
            <Feature>
                <Name className="java.lang.String">string</Name>
                <Value className="java.lang.String"></Value>
            </Feature>
            <Feature>
                <Name className="java.lang.String">length</Name>
                <Value className="java.lang.String">1</Value>
            </Feature>
            <Feature>
                <Name className="java.lang.String">kind</Name>
                <Value className="java.lang.String">space</Value>
            </Feature>
        </Annotation>
        <Annotation Id="436" Type="Token" StartNode="1148" EndNode="1152">
            <Feature>
                <Name className="java.lang.String">length</Name>
                <Value className="java.lang.String">4</Value>
            </Feature>
            <Feature>
                <Name className="java.lang.String">orth</Name>
                <Value className="java.lang.String">lowercase</Value>
            </Feature>
            <Feature>
                <Name className="java.lang.String">string</Name>
                <Value className="java.lang.String">rich</Value>
            </Feature>
            <Feature>
                <Name className="java.lang.String">category</Name>
                <Value className="java.lang.String">JJ</Value>
            </Feature>
            <Feature>
                <Name className="java.lang.String">kind</Name>
                <Value className="java.lang.String">word</Value>
            </Feature>
        </Annotation>
        <Annotation Id="437" Type="SpaceToken" StartNode="1152" EndNode="1153">
            <Feature>
                <Name className="java.lang.String">string</Name>
                <Value className="java.lang.String"></Value>
            </Feature>
            <Feature>
                <Name className="java.lang.String">length</Name>
                <Value className="java.lang.String">1</Value>
            </Feature>
            <Feature>
                <Name className="java.lang.String">kind</Name>
                <Value className="java.lang.String">space</Value>
            </Feature>
        </Annotation>
        <Annotation Id="438" Type="Token" StartNode="1153" EndNode="1156">
            <Feature>
                <Name className="java.lang.String">length</Name>
                <Value className="java.lang.String">3</Value>
            </Feature>
            <Feature>
                <Name className="java.lang.String">orth</Name>
                <Value className="java.lang.String">lowercase</Value>
            </Feature>
            <Feature>
                <Name className="java.lang.String">string</Name>
                <Value className="java.lang.String">man</Value>
            </Feature>
            <Feature>
                <Name className="java.lang.String">category</Name>
                <Value className="java.lang.String">NN</Value>
            </Feature>
            <Feature>
                <Name className="java.lang.String">kind</Name>
                <Value className="java.lang.String">word</Value>
            </Feature>
        </Annotation>
        <Annotation Id="439" Type="Token" StartNode="1156" EndNode="1157">
            <Feature>
                <Name className="java.lang.String">length</Name>
                <Value className="java.lang.String">1</Value>
            </Feature>
            <Feature>
                <Name className="java.lang.String">string</Name>
                <Value className="java.lang.String">,</Value>
            </Feature>
            <Feature>
                <Name className="java.lang.String">category</Name>
                <Value className="java.lang.String">,</Value>
            </Feature>
            <Feature>
                <Name className="java.lang.String">kind</Name>
                <Value className="java.lang.String">punctuation</Value>
            </Feature>
        </Annotation>
        <Annotation Id="440" Type="SpaceToken" StartNode="1157" EndNode="1158">
            <Feature>
                <Name className="java.lang.String">string</Name>
                <Value className="java.lang.String"></Value>
            </Feature>
            <Feature>
                <Name className="java.lang.String">length</Name>
                <Value className="java.lang.String">1</Value>
            </Feature>
            <Feature>
                <Name className="java.lang.String">kind</Name>
                <Value className="java.lang.String">space</Value>
            </Feature>
        </Annotation>
        <Annotation Id="441" Type="Token" StartNode="1158" EndNode="1165">
            <Feature>
                <Name className="java.lang.String">length</Name>
                <Value className="java.lang.String">7</Value>
            </Feature>
            <Feature>
                <Name className="java.lang.String">orth</Name>
                <Value className="java.lang.String">lowercase</Value>
            </Feature>
            <Feature>
                <Name className="java.lang.String">string</Name>
                <Value className="java.lang.String">bearing</Value>
            </Feature>
            <Feature>
                <Name className="java.lang.String">category</Name>
                <Value className="java.lang.String">NN</Value>
            </Feature>
            <Feature>
                <Name className="java.lang.String">kind</Name>
                <Value className="java.lang.String">word</Value>
            </Feature>
        </Annotation>
        <Annotation Id="442" Type="SpaceToken" StartNode="1165" EndNode="1166">
            <Feature>
                <Name className="java.lang.String">string</Name>
                <Value className="java.lang.String"></Value>
            </Feature>
            <Feature>
                <Name className="java.lang.String">length</Name>
                <Value className="java.lang.String">1</Value>
            </Feature>
            <Feature>
                <Name className="java.lang.String">kind</Name>
                <Value className="java.lang.String">space</Value>
            </Feature>
        </Annotation>
        <Annotation Id="443" Type="Token" StartNode="1166" EndNode="1171">
            <Feature>
                <Name className="java.lang.String">length</Name>
                <Value className="java.lang.String">5</Value>
            </Feature>
            <Feature>
                <Name className="java.lang.String">orth</Name>
                <Value className="java.lang.String">lowercase</Value>
            </Feature>
            <Feature>
                <Name className="java.lang.String">string</Name>
                <Value className="java.lang.String">gifts</Value>
            </Feature>
            <Feature>
                <Name className="java.lang.String">category</Name>
                <Value className="java.lang.String">NNS</Value>
            </Feature>
            <Feature>
                <Name className="java.lang.String">kind</Name>
                <Value className="java.lang.String">word</Value>
            </Feature>
        </Annotation>
        <Annotation Id="444" Type="Token" StartNode="1171" EndNode="1172">
            <Feature>
                <Name className="java.lang.String">length</Name>
                <Value className="java.lang.String">1</Value>
            </Feature>
            <Feature>
                <Name className="java.lang.String">string</Name>
                <Value className="java.lang.String">,</Value>
            </Feature>
            <Feature>
                <Name className="java.lang.String">category</Name>
                <Value className="java.lang.String">,</Value>
            </Feature>
            <Feature>
                <Name className="java.lang.String">kind</Name>
                <Value className="java.lang.String">punctuation</Value>
            </Feature>
        </Annotation>
        <Annotation Id="445" Type="SpaceToken" StartNode="1172" EndNode="1173">
            <Feature>
                <Name className="java.lang.String">string</Name>
                <Value className="java.lang.String"></Value>
            </Feature>
            <Feature>
                <Name className="java.lang.String">length</Name>
                <Value className="java.lang.String">1</Value>
            </Feature>
            <Feature>
                <Name className="java.lang.String">kind</Name>
                <Value className="java.lang.String">space</Value>
            </Feature>
        </Annotation>
        <Annotation Id="446" Type="Token" StartNode="1173" EndNode="1175">
            <Feature>
                <Name className="java.lang.String">length</Name>
                <Value className="java.lang.String">2</Value>
            </Feature>
            <Feature>
                <Name className="java.lang.String">orth</Name>
                <Value className="java.lang.String">lowercase</Value>
            </Feature>
            <Feature>
                <Name className="java.lang.String">string</Name>
                <Value className="java.lang.String">is</Value>
            </Feature>
            <Feature>
                <Name className="java.lang.String">category</Name>
                <Value className="java.lang.String">VBZ</Value>
            </Feature>
            <Feature>
                <Name className="java.lang.String">kind</Name>
                <Value className="java.lang.String">word</Value>
            </Feature>
        </Annotation>
        <Annotation Id="447" Type="SpaceToken" StartNode="1175" EndNode="1176">
            <Feature>
                <Name className="java.lang.String">string</Name>
                <Value className="java.lang.String"></Value>
            </Feature>
            <Feature>
                <Name className="java.lang.String">length</Name>
                <Value className="java.lang.String">1</Value>
            </Feature>
            <Feature>
                <Name className="java.lang.String">kind</Name>
                <Value className="java.lang.String">space</Value>
            </Feature>
        </Annotation>
        <Annotation Id="448" Type="Token" StartNode="1176" EndNode="1184">
            <Feature>
                <Name className="java.lang.String">length</Name>
                <Value className="java.lang.String">8</Value>
            </Feature>
            <Feature>
                <Name className="java.lang.String">orth</Name>
                <Value className="java.lang.String">lowercase</Value>
            </Feature>
            <Feature>
                <Name className="java.lang.String">string</Name>
                <Value className="java.lang.String">welcomed</Value>
            </Feature>
            <Feature>
                <Name className="java.lang.String">category</Name>
                <Value className="java.lang.String">VBN</Value>
            </Feature>
            <Feature>
                <Name className="java.lang.String">kind</Name>
                <Value className="java.lang.String">word</Value>
            </Feature>
        </Annotation>
        <Annotation Id="449" Type="SpaceToken" StartNode="1184" EndNode="1185">
            <Feature>
                <Name className="java.lang.String">string</Name>
                <Value className="java.lang.String"></Value>
            </Feature>
            <Feature>
                <Name className="java.lang.String">length</Name>
                <Value className="java.lang.String">1</Value>
            </Feature>
            <Feature>
                <Name className="java.lang.String">kind</Name>
                <Value className="java.lang.String">space</Value>
            </Feature>
        </Annotation>
        <Annotation Id="450" Type="Token" StartNode="1185" EndNode="1191">
            <Feature>
                <Name className="java.lang.String">length</Name>
                <Value className="java.lang.String">6</Value>
            </Feature>
            <Feature>
                <Name className="java.lang.String">orth</Name>
                <Value className="java.lang.String">lowercase</Value>
            </Feature>
            <Feature>
                <Name className="java.lang.String">string</Name>
                <Value className="java.lang.String">inside</Value>
            </Feature>
            <Feature>
                <Name className="java.lang.String">category</Name>
                <Value className="java.lang.String">IN</Value>
            </Feature>
            <Feature>
                <Name className="java.lang.String">kind</Name>
                <Value className="java.lang.String">word</Value>
            </Feature>
        </Annotation>
        <Annotation Id="451" Type="SpaceToken" StartNode="1191" EndNode="1192">
            <Feature>
                <Name className="java.lang.String">string</Name>
                <Value className="java.lang.String"></Value>
            </Feature>
            <Feature>
                <Name className="java.lang.String">length</Name>
                <Value className="java.lang.String">1</Value>
            </Feature>
            <Feature>
                <Name className="java.lang.String">kind</Name>
                <Value className="java.lang.String">space</Value>
            </Feature>
        </Annotation>
        <Annotation Id="452" Type="Token" StartNode="1192" EndNode="1193">
            <Feature>
                <Name className="java.lang.String">length</Name>
                <Value className="java.lang.String">1</Value>
            </Feature>
            <Feature>
                <Name className="java.lang.String">position</Name>
                <Value className="java.lang.String">startpunct</Value>
            </Feature>
            <Feature>
                <Name className="java.lang.String">string</Name>
                <Value className="java.lang.String">(</Value>
            </Feature>
            <Feature>
                <Name className="java.lang.String">category</Name>
                <Value className="java.lang.String">(</Value>
            </Feature>
            <Feature>
                <Name className="java.lang.String">kind</Name>
                <Value className="java.lang.String">punctuation</Value>
            </Feature>
        </Annotation>
        <Annotation Id="453" Type="Token" StartNode="1193" EndNode="1198">
            <Feature>
                <Name className="java.lang.String">length</Name>
                <Value className="java.lang.String">5</Value>
            </Feature>
            <Feature>
                <Name className="java.lang.String">orth</Name>
                <Value className="java.lang.String">lowercase</Value>
            </Feature>
            <Feature>
                <Name className="java.lang.String">string</Name>
                <Value className="java.lang.String">lines</Value>
            </Feature>
            <Feature>
                <Name className="java.lang.String">category</Name>
                <Value className="java.lang.String">NNS</Value>
            </Feature>
            <Feature>
                <Name className="java.lang.String">kind</Name>
                <Value className="java.lang.String">word</Value>
            </Feature>
        </Annotation>
        <Annotation Id="454" Type="SpaceToken" StartNode="1198" EndNode="1199">
            <Feature>
                <Name className="java.lang.String">string</Name>
                <Value className="java.lang.String"></Value>
            </Feature>
            <Feature>
                <Name className="java.lang.String">length</Name>
                <Value className="java.lang.String">1</Value>
            </Feature>
            <Feature>
                <Name className="java.lang.String">kind</Name>
                <Value className="java.lang.String">space</Value>
            </Feature>
        </Annotation>
        <Annotation Id="455" Type="Token" StartNode="1199" EndNode="1200">
            <Feature>
                <Name className="java.lang.String">length</Name>
                <Value className="java.lang.String">1</Value>
            </Feature>
            <Feature>
                <Name className="java.lang.String">string</Name>
                <Value className="java.lang.String">9</Value>
            </Feature>
            <Feature>
                <Name className="java.lang.String">category</Name>
                <Value className="java.lang.String">CD</Value>
            </Feature>
            <Feature>
                <Name className="java.lang.String">kind</Name>
                <Value className="java.lang.String">number</Value>
            </Feature>
        </Annotation>
        <Annotation Id="456" Type="Token" StartNode="1200" EndNode="1201">
            <Feature>
                <Name className="java.lang.String">length</Name>
                <Value className="java.lang.String">1</Value>
            </Feature>
            <Feature>
                <Name className="java.lang.String">string</Name>
                <Value className="java.lang.String">-</Value>
            </Feature>
            <Feature>
                <Name className="java.lang.String">category</Name>
                <Value className="java.lang.String">:</Value>
            </Feature>
            <Feature>
                <Name className="java.lang.String">kind</Name>
                <Value className="java.lang.String">punctuation</Value>
            </Feature>
            <Feature>
                <Name className="java.lang.String">subkind</Name>
                <Value className="java.lang.String">dashpunct</Value>
            </Feature>
        </Annotation>
        <Annotation Id="457" Type="Token" StartNode="1201" EndNode="1203">
            <Feature>
                <Name className="java.lang.String">length</Name>
                <Value className="java.lang.String">2</Value>
            </Feature>
            <Feature>
                <Name className="java.lang.String">string</Name>
                <Value className="java.lang.String">30</Value>
            </Feature>
            <Feature>
                <Name className="java.lang.String">category</Name>
                <Value className="java.lang.String">CD</Value>
            </Feature>
            <Feature>
                <Name className="java.lang.String">kind</Name>
                <Value className="java.lang.String">number</Value>
            </Feature>
        </Annotation>
        <Annotation Id="458" Type="Token" StartNode="1203" EndNode="1204">
            <Feature>
                <Name className="java.lang.String">length</Name>
                <Value className="java.lang.String">1</Value>
            </Feature>
            <Feature>
                <Name className="java.lang.String">string</Name>
                <Value className="java.lang.String">,</Value>
            </Feature>
            <Feature>
                <Name className="java.lang.String">category</Name>
                <Value className="java.lang.String">,</Value>
            </Feature>
            <Feature>
                <Name className="java.lang.String">kind</Name>
                <Value className="java.lang.String">punctuation</Value>
            </Feature>
        </Annotation>
        <Annotation Id="459" Type="SpaceToken" StartNode="1204" EndNode="1205">
            <Feature>
                <Name className="java.lang.String">string</Name>
                <Value className="java.lang.String"></Value>
            </Feature>
            <Feature>
                <Name className="java.lang.String">length</Name>
                <Value className="java.lang.String">1</Value>
            </Feature>
            <Feature>
                <Name className="java.lang.String">kind</Name>
                <Value className="java.lang.String">space</Value>
            </Feature>
        </Annotation>
        <Annotation Id="460" Type="Token" StartNode="1205" EndNode="1207">
            <Feature>
                <Name className="java.lang.String">length</Name>
                <Value className="java.lang.String">2</Value>
            </Feature>
            <Feature>
                <Name className="java.lang.String">string</Name>
                <Value className="java.lang.String">55</Value>
            </Feature>
            <Feature>
                <Name className="java.lang.String">category</Name>
                <Value className="java.lang.String">CD</Value>
            </Feature>
            <Feature>
                <Name className="java.lang.String">kind</Name>
                <Value className="java.lang.String">number</Value>
            </Feature>
        </Annotation>
        <Annotation Id="461" Type="Token" StartNode="1207" EndNode="1208">
            <Feature>
                <Name className="java.lang.String">length</Name>
                <Value className="java.lang.String">1</Value>
            </Feature>
            <Feature>
                <Name className="java.lang.String">string</Name>
                <Value className="java.lang.String">-</Value>
            </Feature>
            <Feature>
                <Name className="java.lang.String">category</Name>
                <Value className="java.lang.String">:</Value>
            </Feature>
            <Feature>
                <Name className="java.lang.String">kind</Name>
                <Value className="java.lang.String">punctuation</Value>
            </Feature>
            <Feature>
                <Name className="java.lang.String">subkind</Name>
                <Value className="java.lang.String">dashpunct</Value>
            </Feature>
        </Annotation>
        <Annotation Id="462" Type="Token" StartNode="1208" EndNode="1210">
            <Feature>
                <Name className="java.lang.String">length</Name>
                <Value className="java.lang.String">2</Value>
            </Feature>
            <Feature>
                <Name className="java.lang.String">string</Name>
                <Value className="java.lang.String">66</Value>
            </Feature>
            <Feature>
                <Name className="java.lang.String">category</Name>
                <Value className="java.lang.String">CD</Value>
            </Feature>
            <Feature>
                <Name className="java.lang.String">kind</Name>
                <Value className="java.lang.String">number</Value>
            </Feature>
        </Annotation>
        <Annotation Id="463" Type="Token" StartNode="1210" EndNode="1211">
            <Feature>
                <Name className="java.lang.String">length</Name>
                <Value className="java.lang.String">1</Value>
            </Feature>
            <Feature>
                <Name className="java.lang.String">string</Name>
                <Value className="java.lang.String">,</Value>
            </Feature>
            <Feature>
                <Name className="java.lang.String">category</Name>
                <Value className="java.lang.String">,</Value>
            </Feature>
            <Feature>
                <Name className="java.lang.String">kind</Name>
                <Value className="java.lang.String">punctuation</Value>
            </Feature>
        </Annotation>
        <Annotation Id="464" Type="SpaceToken" StartNode="1211" EndNode="1212">
            <Feature>
                <Name className="java.lang.String">string</Name>
                <Value className="java.lang.String"></Value>
            </Feature>
            <Feature>
                <Name className="java.lang.String">length</Name>
                <Value className="java.lang.String">1</Value>
            </Feature>
            <Feature>
                <Name className="java.lang.String">kind</Name>
                <Value className="java.lang.String">space</Value>
            </Feature>
        </Annotation>
        <Annotation Id="465" Type="Token" StartNode="1212" EndNode="1215">
            <Feature>
                <Name className="java.lang.String">length</Name>
                <Value className="java.lang.String">3</Value>
            </Feature>
            <Feature>
                <Name className="java.lang.String">string</Name>
                <Value className="java.lang.String">121</Value>
            </Feature>
            <Feature>
                <Name className="java.lang.String">category</Name>
                <Value className="java.lang.String">CD</Value>
            </Feature>
            <Feature>
                <Name className="java.lang.String">kind</Name>
                <Value className="java.lang.String">number</Value>
            </Feature>
        </Annotation>
        <Annotation Id="466" Type="Token" StartNode="1215" EndNode="1216">
            <Feature>
                <Name className="java.lang.String">length</Name>
                <Value className="java.lang.String">1</Value>
            </Feature>
            <Feature>
                <Name className="java.lang.String">string</Name>
                <Value className="java.lang.String">-</Value>
            </Feature>
            <Feature>
                <Name className="java.lang.String">category</Name>
                <Value className="java.lang.String">:</Value>
            </Feature>
            <Feature>
                <Name className="java.lang.String">kind</Name>
                <Value className="java.lang.String">punctuation</Value>
            </Feature>
            <Feature>
                <Name className="java.lang.String">subkind</Name>
                <Value className="java.lang.String">dashpunct</Value>
            </Feature>
        </Annotation>
        <Annotation Id="467" Type="Token" StartNode="1216" EndNode="1218">
            <Feature>
                <Name className="java.lang.String">length</Name>
                <Value className="java.lang.String">2</Value>
            </Feature>
            <Feature>
                <Name className="java.lang.String">string</Name>
                <Value className="java.lang.String">44</Value>
            </Feature>
            <Feature>
                <Name className="java.lang.String">category</Name>
                <Value className="java.lang.String">CD</Value>
            </Feature>
            <Feature>
                <Name className="java.lang.String">kind</Name>
                <Value className="java.lang.String">number</Value>
            </Feature>
        </Annotation>
        <Annotation Id="468" Type="Token" StartNode="1218" EndNode="1219">
            <Feature>
                <Name className="java.lang.String">length</Name>
                <Value className="java.lang.String">1</Value>
            </Feature>
            <Feature>
                <Name className="java.lang.String">string</Name>
                <Value className="java.lang.String">,</Value>
            </Feature>
            <Feature>
                <Name className="java.lang.String">category</Name>
                <Value className="java.lang.String">,</Value>
            </Feature>
            <Feature>
                <Name className="java.lang.String">kind</Name>
                <Value className="java.lang.String">punctuation</Value>
            </Feature>
        </Annotation>
        <Annotation Id="469" Type="SpaceToken" StartNode="1219" EndNode="1220">
            <Feature>
                <Name className="java.lang.String">string</Name>
                <Value className="java.lang.String"></Value>
            </Feature>
            <Feature>
                <Name className="java.lang.String">length</Name>
                <Value className="java.lang.String">1</Value>
            </Feature>
            <Feature>
                <Name className="java.lang.String">kind</Name>
                <Value className="java.lang.String">space</Value>
            </Feature>
        </Annotation>
        <Annotation Id="470" Type="Token" StartNode="1220" EndNode="1223">
            <Feature>
                <Name className="java.lang.String">length</Name>
                <Value className="java.lang.String">3</Value>
            </Feature>
            <Feature>
                <Name className="java.lang.String">string</Name>
                <Value className="java.lang.String">169</Value>
            </Feature>
            <Feature>
                <Name className="java.lang.String">category</Name>
                <Value className="java.lang.String">CD</Value>
            </Feature>
            <Feature>
                <Name className="java.lang.String">kind</Name>
                <Value className="java.lang.String">number</Value>
            </Feature>
        </Annotation>
        <Annotation Id="471" Type="Token" StartNode="1223" EndNode="1224">
            <Feature>
                <Name className="java.lang.String">length</Name>
                <Value className="java.lang.String">1</Value>
            </Feature>
            <Feature>
                <Name className="java.lang.String">string</Name>
                <Value className="java.lang.String">-</Value>
            </Feature>
            <Feature>
                <Name className="java.lang.String">category</Name>
                <Value className="java.lang.String">:</Value>
            </Feature>
            <Feature>
                <Name className="java.lang.String">kind</Name>
                <Value className="java.lang.String">punctuation</Value>
            </Feature>
            <Feature>
                <Name className="java.lang.String">subkind</Name>
                <Value className="java.lang.String">dashpunct</Value>
            </Feature>
        </Annotation>
        <Annotation Id="472" Type="Token" StartNode="1224" EndNode="1226">
            <Feature>
                <Name className="java.lang.String">length</Name>
                <Value className="java.lang.String">2</Value>
            </Feature>
            <Feature>
                <Name className="java.lang.String">string</Name>
                <Value className="java.lang.String">80</Value>
            </Feature>
            <Feature>
                <Name className="java.lang.String">category</Name>
                <Value className="java.lang.String">CD</Value>
            </Feature>
            <Feature>
                <Name className="java.lang.String">kind</Name>
                <Value className="java.lang.String">number</Value>
            </Feature>
        </Annotation>
        <Annotation Id="473" Type="Token" StartNode="1226" EndNode="1227">
            <Feature>
                <Name className="java.lang.String">length</Name>
                <Value className="java.lang.String">1</Value>
            </Feature>
            <Feature>
                <Name className="java.lang.String">position</Name>
                <Value className="java.lang.String">endpunct</Value>
            </Feature>
            <Feature>
                <Name className="java.lang.String">string</Name>
                <Value className="java.lang.String">)</Value>
            </Feature>
            <Feature>
                <Name className="java.lang.String">category</Name>
                <Value className="java.lang.String">)</Value>
            </Feature>
            <Feature>
                <Name className="java.lang.String">kind</Name>
                <Value className="java.lang.String">punctuation</Value>
            </Feature>
        </Annotation>
        <Annotation Id="474" Type="Token" StartNode="1227" EndNode="1228">
            <Feature>
                <Name className="java.lang.String">length</Name>
                <Value className="java.lang.String">1</Value>
            </Feature>
            <Feature>
                <Name className="java.lang.String">string</Name>
                <Value className="java.lang.String">.</Value>
            </Feature>
            <Feature>
                <Name className="java.lang.String">category</Name>
                <Value className="java.lang.String">.</Value>
            </Feature>
            <Feature>
                <Name className="java.lang.String">kind</Name>
                <Value className="java.lang.String">punctuation</Value>
            </Feature>
        </Annotation>
        <Annotation Id="475" Type="SpaceToken" StartNode="1228" EndNode="1229">
            <Feature>
                <Name className="java.lang.String">string</Name>
                <Value className="java.lang.String"></Value>
            </Feature>
            <Feature>
                <Name className="java.lang.String">length</Name>
                <Value className="java.lang.String">1</Value>
            </Feature>
            <Feature>
                <Name className="java.lang.String">kind</Name>
                <Value className="java.lang.String">space</Value>
            </Feature>
        </Annotation>
        <Annotation Id="476" Type="Token" StartNode="1229" EndNode="1231">
            <Feature>
                <Name className="java.lang.String">length</Name>
                <Value className="java.lang.String">2</Value>
            </Feature>
            <Feature>
                <Name className="java.lang.String">orth</Name>
                <Value className="java.lang.String">upperInitial</Value>
            </Feature>
            <Feature>
                <Name className="java.lang.String">string</Name>
                <Value className="java.lang.String">It</Value>
            </Feature>
            <Feature>
                <Name className="java.lang.String">category</Name>
                <Value className="java.lang.String">PRP</Value>
            </Feature>
            <Feature>
                <Name className="java.lang.String">kind</Name>
                <Value className="java.lang.String">word</Value>
            </Feature>
        </Annotation>
        <Annotation Id="477" Type="SpaceToken" StartNode="1231" EndNode="1232">
            <Feature>
                <Name className="java.lang.String">string</Name>
                <Value className="java.lang.String"></Value>
            </Feature>
            <Feature>
                <Name className="java.lang.String">length</Name>
                <Value className="java.lang.String">1</Value>
            </Feature>
            <Feature>
                <Name className="java.lang.String">kind</Name>
                <Value className="java.lang.String">space</Value>
            </Feature>
        </Annotation>
        <Annotation Id="478" Type="Token" StartNode="1232" EndNode="1238">
            <Feature>
                <Name className="java.lang.String">length</Name>
                <Value className="java.lang.String">6</Value>
            </Feature>
            <Feature>
                <Name className="java.lang.String">orth</Name>
                <Value className="java.lang.String">lowercase</Value>
            </Feature>
            <Feature>
                <Name className="java.lang.String">string</Name>
                <Value className="java.lang.String">offers</Value>
            </Feature>
            <Feature>
                <Name className="java.lang.String">category</Name>
                <Value className="java.lang.String">VBZ</Value>
            </Feature>
            <Feature>
                <Name className="java.lang.String">kind</Name>
                <Value className="java.lang.String">word</Value>
            </Feature>
        </Annotation>
        <Annotation Id="479" Type="SpaceToken" StartNode="1238" EndNode="1239">
            <Feature>
                <Name className="java.lang.String">string</Name>
                <Value className="java.lang.String"></Value>
            </Feature>
            <Feature>
                <Name className="java.lang.String">length</Name>
                <Value className="java.lang.String">1</Value>
            </Feature>
            <Feature>
                <Name className="java.lang.String">kind</Name>
                <Value className="java.lang.String">space</Value>
            </Feature>
        </Annotation>
        <Annotation Id="480" Type="Token" StartNode="1239" EndNode="1250">
            <Feature>
                <Name className="java.lang.String">length</Name>
                <Value className="java.lang.String">11</Value>
            </Feature>
            <Feature>
                <Name className="java.lang.String">orth</Name>
                <Value className="java.lang.String">lowercase</Value>
            </Feature>
            <Feature>
                <Name className="java.lang.String">string</Name>
                <Value className="java.lang.String">traditional</Value>
            </Feature>
            <Feature>
                <Name className="java.lang.String">category</Name>
                <Value className="java.lang.String">JJ</Value>
            </Feature>
            <Feature>
                <Name className="java.lang.String">kind</Name>
                <Value className="java.lang.String">word</Value>
            </Feature>
        </Annotation>
        <Annotation Id="481" Type="SpaceToken" StartNode="1250" EndNode="1251">
            <Feature>
                <Name className="java.lang.String">string</Name>
                <Value className="java.lang.String"></Value>
            </Feature>
            <Feature>
                <Name className="java.lang.String">length</Name>
                <Value className="java.lang.String">1</Value>
            </Feature>
            <Feature>
                <Name className="java.lang.String">kind</Name>
                <Value className="java.lang.String">space</Value>
            </Feature>
        </Annotation>
        <Annotation Id="482" Type="Token" StartNode="1251" EndNode="1258">
            <Feature>
                <Name className="java.lang.String">length</Name>
                <Value className="java.lang.String">7</Value>
            </Feature>
            <Feature>
                <Name className="java.lang.String">orth</Name>
                <Value className="java.lang.String">lowercase</Value>
            </Feature>
            <Feature>
                <Name className="java.lang.String">string</Name>
                <Value className="java.lang.String">estates</Value>
            </Feature>
            <Feature>
                <Name className="java.lang.String">category</Name>
                <Value className="java.lang.String">NNS</Value>
            </Feature>
            <Feature>
                <Name className="java.lang.String">kind</Name>
                <Value className="java.lang.String">word</Value>
            </Feature>
        </Annotation>
        <Annotation Id="483" Type="SpaceToken" StartNode="1258" EndNode="1259">
            <Feature>
                <Name className="java.lang.String">string</Name>
                <Value className="java.lang.String"></Value>
            </Feature>
            <Feature>
                <Name className="java.lang.String">length</Name>
                <Value className="java.lang.String">1</Value>
            </Feature>
            <Feature>
                <Name className="java.lang.String">kind</Name>
                <Value className="java.lang.String">space</Value>
            </Feature>
        </Annotation>
        <Annotation Id="484" Type="Token" StartNode="1259" EndNode="1265">
            <Feature>
                <Name className="java.lang.String">length</Name>
                <Value className="java.lang.String">6</Value>
            </Feature>
            <Feature>
                <Name className="java.lang.String">orth</Name>
                <Value className="java.lang.String">lowercase</Value>
            </Feature>
            <Feature>
                <Name className="java.lang.String">string</Name>
                <Value className="java.lang.String">satire</Value>
            </Feature>
            <Feature>
                <Name className="java.lang.String">category</Name>
                <Value className="java.lang.String">NN</Value>
            </Feature>
            <Feature>
                <Name className="java.lang.String">kind</Name>
                <Value className="java.lang.String">word</Value>
            </Feature>
        </Annotation>
        <Annotation Id="485" Type="SpaceToken" StartNode="1265" EndNode="1266">
            <Feature>
                <Name className="java.lang.String">string</Name>
                <Value className="java.lang.String"></Value>
            </Feature>
            <Feature>
                <Name className="java.lang.String">length</Name>
                <Value className="java.lang.String">1</Value>
            </Feature>
            <Feature>
                <Name className="java.lang.String">kind</Name>
                <Value className="java.lang.String">space</Value>
            </Feature>
        </Annotation>
        <Annotation Id="486" Type="Token" StartNode="1266" EndNode="1270">
            <Feature>
                <Name className="java.lang.String">length</Name>
                <Value className="java.lang.String">4</Value>
            </Feature>
            <Feature>
                <Name className="java.lang.String">orth</Name>
                <Value className="java.lang.String">lowercase</Value>
            </Feature>
            <Feature>
                <Name className="java.lang.String">string</Name>
                <Value className="java.lang.String">that</Value>
            </Feature>
            <Feature>
                <Name className="java.lang.String">category</Name>
                <Value className="java.lang.String">WDT</Value>
            </Feature>
            <Feature>
                <Name className="java.lang.String">kind</Name>
                <Value className="java.lang.String">word</Value>
            </Feature>
        </Annotation>
        <Annotation Id="487" Type="SpaceToken" StartNode="1270" EndNode="1271">
            <Feature>
                <Name className="java.lang.String">string</Name>
                <Value className="java.lang.String"></Value>
            </Feature>
            <Feature>
                <Name className="java.lang.String">length</Name>
                <Value className="java.lang.String">1</Value>
            </Feature>
            <Feature>
                <Name className="java.lang.String">kind</Name>
                <Value className="java.lang.String">space</Value>
            </Feature>
        </Annotation>
        <Annotation Id="488" Type="Token" StartNode="1271" EndNode="1277">
            <Feature>
                <Name className="java.lang.String">length</Name>
                <Value className="java.lang.String">6</Value>
            </Feature>
            <Feature>
                <Name className="java.lang.String">orth</Name>
                <Value className="java.lang.String">lowercase</Value>
            </Feature>
            <Feature>
                <Name className="java.lang.String">string</Name>
                <Value className="java.lang.String">begins</Value>
            </Feature>
            <Feature>
                <Name className="java.lang.String">category</Name>
                <Value className="java.lang.String">VBZ</Value>
            </Feature>
            <Feature>
                <Name className="java.lang.String">kind</Name>
                <Value className="java.lang.String">word</Value>
            </Feature>
        </Annotation>
        <Annotation Id="489" Type="SpaceToken" StartNode="1277" EndNode="1278">
            <Feature>
                <Name className="java.lang.String">string</Name>
                <Value className="java.lang.String"></Value>
            </Feature>
            <Feature>
                <Name className="java.lang.String">length</Name>
                <Value className="java.lang.String">1</Value>
            </Feature>
            <Feature>
                <Name className="java.lang.String">kind</Name>
                <Value className="java.lang.String">space</Value>
            </Feature>
        </Annotation>
        <Annotation Id="490" Type="Token" StartNode="1278" EndNode="1282">
            <Feature>
                <Name className="java.lang.String">length</Name>
                <Value className="java.lang.String">4</Value>
            </Feature>
            <Feature>
                <Name className="java.lang.String">orth</Name>
                <Value className="java.lang.String">lowercase</Value>
            </Feature>
            <Feature>
                <Name className="java.lang.String">string</Name>
                <Value className="java.lang.String">with</Value>
            </Feature>
            <Feature>
                <Name className="java.lang.String">category</Name>
                <Value className="java.lang.String">IN</Value>
            </Feature>
            <Feature>
                <Name className="java.lang.String">kind</Name>
                <Value className="java.lang.String">word</Value>
            </Feature>
        </Annotation>
        <Annotation Id="491" Type="SpaceToken" StartNode="1282" EndNode="1283">
            <Feature>
                <Name className="java.lang.String">string</Name>
                <Value className="java.lang.String"></Value>
            </Feature>
            <Feature>
                <Name className="java.lang.String">length</Name>
                <Value className="java.lang.String">1</Value>
            </Feature>
            <Feature>
                <Name className="java.lang.String">kind</Name>
                <Value className="java.lang.String">space</Value>
            </Feature>
        </Annotation>
        <Annotation Id="492" Type="Token" StartNode="1283" EndNode="1286">
            <Feature>
                <Name className="java.lang.String">length</Name>
                <Value className="java.lang.String">3</Value>
            </Feature>
            <Feature>
                <Name className="java.lang.String">orth</Name>
                <Value className="java.lang.String">lowercase</Value>
            </Feature>
            <Feature>
                <Name className="java.lang.String">string</Name>
                <Value className="java.lang.String">the</Value>
            </Feature>
            <Feature>
                <Name className="java.lang.String">category</Name>
                <Value className="java.lang.String">DT</Value>
            </Feature>
            <Feature>
                <Name className="java.lang.String">kind</Name>
                <Value className="java.lang.String">word</Value>
            </Feature>
        </Annotation>
        <Annotation Id="493" Type="SpaceToken" StartNode="1286" EndNode="1287">
            <Feature>
                <Name className="java.lang.String">string</Name>
                <Value className="java.lang.String"></Value>
            </Feature>
            <Feature>
                <Name className="java.lang.String">length</Name>
                <Value className="java.lang.String">1</Value>
            </Feature>
            <Feature>
                <Name className="java.lang.String">kind</Name>
                <Value className="java.lang.String">space</Value>
            </Feature>
        </Annotation>
        <Annotation Id="494" Type="Token" StartNode="1287" EndNode="1292">
            <Feature>
                <Name className="java.lang.String">length</Name>
                <Value className="java.lang.String">5</Value>
            </Feature>
            <Feature>
                <Name className="java.lang.String">orth</Name>
                <Value className="java.lang.String">lowercase</Value>
            </Feature>
            <Feature>
                <Name className="java.lang.String">string</Name>
                <Value className="java.lang.String">court</Value>
            </Feature>
            <Feature>
                <Name className="java.lang.String">category</Name>
                <Value className="java.lang.String">NN</Value>
            </Feature>
            <Feature>
                <Name className="java.lang.String">kind</Name>
                <Value className="java.lang.String">word</Value>
            </Feature>
        </Annotation>
        <Annotation Id="495" Type="SpaceToken" StartNode="1292" EndNode="1293">
            <Feature>
                <Name className="java.lang.String">string</Name>
                <Value className="java.lang.String"></Value>
            </Feature>
            <Feature>
                <Name className="java.lang.String">length</Name>
                <Value className="java.lang.String">1</Value>
            </Feature>
            <Feature>
                <Name className="java.lang.String">kind</Name>
                <Value className="java.lang.String">space</Value>
            </Feature>
        </Annotation>
        <Annotation Id="496" Type="Token" StartNode="1293" EndNode="1295">
            <Feature>
                <Name className="java.lang.String">length</Name>
                <Value className="java.lang.String">2</Value>
            </Feature>
            <Feature>
                <Name className="java.lang.String">orth</Name>
                <Value className="java.lang.String">lowercase</Value>
            </Feature>
            <Feature>
                <Name className="java.lang.String">string</Name>
                <Value className="java.lang.String">of</Value>
            </Feature>
            <Feature>
                <Name className="java.lang.String">category</Name>
                <Value className="java.lang.String">IN</Value>
            </Feature>
            <Feature>
                <Name className="java.lang.String">kind</Name>
                <Value className="java.lang.String">word</Value>
            </Feature>
        </Annotation>
        <Annotation Id="497" Type="SpaceToken" StartNode="1295" EndNode="1296">
            <Feature>
                <Name className="java.lang.String">string</Name>
                <Value className="java.lang.String"></Value>
            </Feature>
            <Feature>
                <Name className="java.lang.String">length</Name>
                <Value className="java.lang.String">1</Value>
            </Feature>
            <Feature>
                <Name className="java.lang.String">kind</Name>
                <Value className="java.lang.String">space</Value>
            </Feature>
        </Annotation>
        <Annotation Id="498" Type="Token" StartNode="1296" EndNode="1300">
            <Feature>
                <Name className="java.lang.String">length</Name>
                <Value className="java.lang.String">4</Value>
            </Feature>
            <Feature>
                <Name className="java.lang.String">orth</Name>
                <Value className="java.lang.String">upperInitial</Value>
            </Feature>
            <Feature>
                <Name className="java.lang.String">string</Name>
                <Value className="java.lang.String">Rome</Value>
            </Feature>
            <Feature>
                <Name className="java.lang.String">category</Name>
                <Value className="java.lang.String">NNP</Value>
            </Feature>
            <Feature>
                <Name className="java.lang.String">kind</Name>
                <Value className="java.lang.String">word</Value>
            </Feature>
        </Annotation>
        <Annotation Id="499" Type="SpaceToken" StartNode="1300" EndNode="1301">
            <Feature>
                <Name className="java.lang.String">string</Name>
                <Value className="java.lang.String"></Value>
            </Feature>
            <Feature>
                <Name className="java.lang.String">length</Name>
                <Value className="java.lang.String">1</Value>
            </Feature>
            <Feature>
                <Name className="java.lang.String">kind</Name>
                <Value className="java.lang.String">space</Value>
            </Feature>
        </Annotation>
        <Annotation Id="500" Type="Token" StartNode="1301" EndNode="1304">
            <Feature>
                <Name className="java.lang.String">length</Name>
                <Value className="java.lang.String">3</Value>
            </Feature>
            <Feature>
                <Name className="java.lang.String">orth</Name>
                <Value className="java.lang.String">lowercase</Value>
            </Feature>
            <Feature>
                <Name className="java.lang.String">string</Name>
                <Value className="java.lang.String">and</Value>
            </Feature>
            <Feature>
                <Name className="java.lang.String">category</Name>
                <Value className="java.lang.String">CC</Value>
            </Feature>
            <Feature>
                <Name className="java.lang.String">kind</Name>
                <Value className="java.lang.String">word</Value>
            </Feature>
        </Annotation>
        <Annotation Id="501" Type="SpaceToken" StartNode="1304" EndNode="1305">
            <Feature>
                <Name className="java.lang.String">string</Name>
                <Value className="java.lang.String"></Value>
            </Feature>
            <Feature>
                <Name className="java.lang.String">length</Name>
                <Value className="java.lang.String">1</Value>
            </Feature>
            <Feature>
                <Name className="java.lang.String">kind</Name>
                <Value className="java.lang.String">space</Value>
            </Feature>
        </Annotation>
        <Annotation Id="502" Type="Token" StartNode="1305" EndNode="1309">
            <Feature>
                <Name className="java.lang.String">length</Name>
                <Value className="java.lang.String">4</Value>
            </Feature>
            <Feature>
                <Name className="java.lang.String">orth</Name>
                <Value className="java.lang.String">lowercase</Value>
            </Feature>
            <Feature>
                <Name className="java.lang.String">string</Name>
                <Value className="java.lang.String">high</Value>
            </Feature>
            <Feature>
                <Name className="java.lang.String">category</Name>
                <Value className="java.lang.String">JJ</Value>
            </Feature>
            <Feature>
                <Name className="java.lang.String">kind</Name>
                <Value className="java.lang.String">word</Value>
            </Feature>
        </Annotation>
        <Annotation Id="503" Type="SpaceToken" StartNode="1309" EndNode="1310">
            <Feature>
                <Name className="java.lang.String">string</Name>
                <Value className="java.lang.String"></Value>
            </Feature>
            <Feature>
                <Name className="java.lang.String">length</Name>
                <Value className="java.lang.String">1</Value>
            </Feature>
            <Feature>
                <Name className="java.lang.String">kind</Name>
                <Value className="java.lang.String">space</Value>
            </Feature>
        </Annotation>
        <Annotation Id="504" Type="Token" StartNode="1310" EndNode="1318">
            <Feature>
                <Name className="java.lang.String">length</Name>
                <Value className="java.lang.String">8</Value>
            </Feature>
            <Feature>
                <Name className="java.lang.String">orth</Name>
                <Value className="java.lang.String">lowercase</Value>
            </Feature>
            <Feature>
                <Name className="java.lang.String">string</Name>
                <Value className="java.lang.String">prelates</Value>
            </Feature>
            <Feature>
                <Name className="java.lang.String">category</Name>
                <Value className="java.lang.String">NNS</Value>
            </Feature>
            <Feature>
                <Name className="java.lang.String">kind</Name>
                <Value className="java.lang.String">word</Value>
            </Feature>
        </Annotation>
        <Annotation Id="505" Type="SpaceToken" StartNode="1318" EndNode="1319">
            <Feature>
                <Name className="java.lang.String">string</Name>
                <Value className="java.lang.String"></Value>
            </Feature>
            <Feature>
                <Name className="java.lang.String">length</Name>
                <Value className="java.lang.String">1</Value>
            </Feature>
            <Feature>
                <Name className="java.lang.String">kind</Name>
                <Value className="java.lang.String">space</Value>
            </Feature>
        </Annotation>
        <Annotation Id="506" Type="Token" StartNode="1319" EndNode="1322">
            <Feature>
                <Name className="java.lang.String">length</Name>
                <Value className="java.lang.String">3</Value>
            </Feature>
            <Feature>
                <Name className="java.lang.String">orth</Name>
                <Value className="java.lang.String">lowercase</Value>
            </Feature>
            <Feature>
                <Name className="java.lang.String">string</Name>
                <Value className="java.lang.String">and</Value>
            </Feature>
            <Feature>
                <Name className="java.lang.String">category</Name>
                <Value className="java.lang.String">CC</Value>
            </Feature>
            <Feature>
                <Name className="java.lang.String">kind</Name>
                <Value className="java.lang.String">word</Value>
            </Feature>
        </Annotation>
        <Annotation Id="507" Type="SpaceToken" StartNode="1322" EndNode="1323">
            <Feature>
                <Name className="java.lang.String">string</Name>
                <Value className="java.lang.String"></Value>
            </Feature>
            <Feature>
                <Name className="java.lang.String">length</Name>
                <Value className="java.lang.String">1</Value>
            </Feature>
            <Feature>
                <Name className="java.lang.String">kind</Name>
                <Value className="java.lang.String">space</Value>
            </Feature>
        </Annotation>
        <Annotation Id="508" Type="Token" StartNode="1323" EndNode="1331">
            <Feature>
                <Name className="java.lang.String">length</Name>
                <Value className="java.lang.String">8</Value>
            </Feature>
            <Feature>
                <Name className="java.lang.String">orth</Name>
                <Value className="java.lang.String">lowercase</Value>
            </Feature>
            <Feature>
                <Name className="java.lang.String">string</Name>
                <Value className="java.lang.String">proceeds</Value>
            </Feature>
            <Feature>
                <Name className="java.lang.String">category</Name>
                <Value className="java.lang.String">NNS</Value>
            </Feature>
            <Feature>
                <Name className="java.lang.String">kind</Name>
                <Value className="java.lang.String">word</Value>
            </Feature>
        </Annotation>
        <Annotation Id="509" Type="SpaceToken" StartNode="1331" EndNode="1332">
            <Feature>
                <Name className="java.lang.String">string</Name>
                <Value className="java.lang.String"></Value>
            </Feature>
            <Feature>
                <Name className="java.lang.String">length</Name>
                <Value className="java.lang.String">1</Value>
            </Feature>
            <Feature>
                <Name className="java.lang.String">kind</Name>
                <Value className="java.lang.String">space</Value>
            </Feature>
        </Annotation>
        <Annotation Id="510" Type="Token" StartNode="1332" EndNode="1339">
            <Feature>
                <Name className="java.lang.String">length</Name>
                <Value className="java.lang.String">7</Value>
            </Feature>
            <Feature>
                <Name className="java.lang.String">orth</Name>
                <Value className="java.lang.String">lowercase</Value>
            </Feature>
            <Feature>
                <Name className="java.lang.String">string</Name>
                <Value className="java.lang.String">through</Value>
            </Feature>
            <Feature>
                <Name className="java.lang.String">category</Name>
                <Value className="java.lang.String">IN</Value>
            </Feature>
            <Feature>
                <Name className="java.lang.String">kind</Name>
                <Value className="java.lang.String">word</Value>
            </Feature>
        </Annotation>
        <Annotation Id="511" Type="SpaceToken" StartNode="1339" EndNode="1340">
            <Feature>
                <Name className="java.lang.String">string</Name>
                <Value className="java.lang.String"></Value>
            </Feature>
            <Feature>
                <Name className="java.lang.String">length</Name>
                <Value className="java.lang.String">1</Value>
            </Feature>
            <Feature>
                <Name className="java.lang.String">kind</Name>
                <Value className="java.lang.String">space</Value>
            </Feature>
        </Annotation>
        <Annotation Id="512" Type="Token" StartNode="1340" EndNode="1343">
            <Feature>
                <Name className="java.lang.String">length</Name>
                <Value className="java.lang.String">3</Value>
            </Feature>
            <Feature>
                <Name className="java.lang.String">orth</Name>
                <Value className="java.lang.String">lowercase</Value>
            </Feature>
            <Feature>
                <Name className="java.lang.String">string</Name>
                <Value className="java.lang.String">the</Value>
            </Feature>
            <Feature>
                <Name className="java.lang.String">category</Name>
                <Value className="java.lang.String">DT</Value>
            </Feature>
            <Feature>
                <Name className="java.lang.String">kind</Name>
                <Value className="java.lang.String">word</Value>
            </Feature>
        </Annotation>
        <Annotation Id="513" Type="SpaceToken" StartNode="1343" EndNode="1344">
            <Feature>
                <Name className="java.lang.String">string</Name>
                <Value className="java.lang.String"></Value>
            </Feature>
            <Feature>
                <Name className="java.lang.String">length</Name>
                <Value className="java.lang.String">1</Value>
            </Feature>
            <Feature>
                <Name className="java.lang.String">kind</Name>
                <Value className="java.lang.String">space</Value>
            </Feature>
        </Annotation>
        <Annotation Id="514" Type="Token" StartNode="1344" EndNode="1352">
            <Feature>
                <Name className="java.lang.String">length</Name>
                <Value className="java.lang.String">8</Value>
            </Feature>
            <Feature>
                <Name className="java.lang.String">orth</Name>
                <Value className="java.lang.String">lowercase</Value>
            </Feature>
            <Feature>
                <Name className="java.lang.String">string</Name>
                <Value className="java.lang.String">clerical</Value>
            </Feature>
            <Feature>
                <Name className="java.lang.String">category</Name>
                <Value className="java.lang.String">JJ</Value>
            </Feature>
            <Feature>
                <Name className="java.lang.String">kind</Name>
                <Value className="java.lang.String">word</Value>
            </Feature>
        </Annotation>
        <Annotation Id="515" Type="SpaceToken" StartNode="1352" EndNode="1353">
            <Feature>
                <Name className="java.lang.String">string</Name>
                <Value className="java.lang.String"></Value>
            </Feature>
            <Feature>
                <Name className="java.lang.String">length</Name>
                <Value className="java.lang.String">1</Value>
            </Feature>
            <Feature>
                <Name className="java.lang.String">kind</Name>
                <Value className="java.lang.String">space</Value>
            </Feature>
        </Annotation>
        <Annotation Id="516" Type="Token" StartNode="1353" EndNode="1358">
            <Feature>
                <Name className="java.lang.String">length</Name>
                <Value className="java.lang.String">5</Value>
            </Feature>
            <Feature>
                <Name className="java.lang.String">orth</Name>
                <Value className="java.lang.String">lowercase</Value>
            </Feature>
            <Feature>
                <Name className="java.lang.String">string</Name>
                <Value className="java.lang.String">ranks</Value>
            </Feature>
            <Feature>
                <Name className="java.lang.String">category</Name>
                <Value className="java.lang.String">NNS</Value>
            </Feature>
            <Feature>
                <Name className="java.lang.String">kind</Name>
                <Value className="java.lang.String">word</Value>
            </Feature>
        </Annotation>
        <Annotation Id="517" Type="SpaceToken" StartNode="1358" EndNode="1359">
            <Feature>
                <Name className="java.lang.String">string</Name>
                <Value className="java.lang.String"></Value>
            </Feature>
            <Feature>
                <Name className="java.lang.String">length</Name>
                <Value className="java.lang.String">1</Value>
            </Feature>
            <Feature>
                <Name className="java.lang.String">kind</Name>
                <Value className="java.lang.String">space</Value>
            </Feature>
        </Annotation>
        <Annotation Id="518" Type="Token" StartNode="1359" EndNode="1360">
            <Feature>
                <Name className="java.lang.String">length</Name>
                <Value className="java.lang.String">1</Value>
            </Feature>
            <Feature>
                <Name className="java.lang.String">position</Name>
                <Value className="java.lang.String">startpunct</Value>
            </Feature>
            <Feature>
                <Name className="java.lang.String">string</Name>
                <Value className="java.lang.String">(</Value>
            </Feature>
            <Feature>
                <Name className="java.lang.String">category</Name>
                <Value className="java.lang.String">(</Value>
            </Feature>
            <Feature>
                <Name className="java.lang.String">kind</Name>
                <Value className="java.lang.String">punctuation</Value>
            </Feature>
        </Annotation>
        <Annotation Id="519" Type="Token" StartNode="1360" EndNode="1369">
            <Feature>
                <Name className="java.lang.String">length</Name>
                <Value className="java.lang.String">9</Value>
            </Feature>
            <Feature>
                <Name className="java.lang.String">orth</Name>
                <Value className="java.lang.String">lowercase</Value>
            </Feature>
            <Feature>
                <Name className="java.lang.String">string</Name>
                <Value className="java.lang.String">including</Value>
            </Feature>
            <Feature>
                <Name className="java.lang.String">category</Name>
                <Value className="java.lang.String">VBG</Value>
            </Feature>
            <Feature>
                <Name className="java.lang.String">kind</Name>
                <Value className="java.lang.String">word</Value>
            </Feature>
        </Annotation>
        <Annotation Id="520" Type="SpaceToken" StartNode="1369" EndNode="1370">
            <Feature>
                <Name className="java.lang.String">string</Name>
                <Value className="java.lang.String"></Value>
            </Feature>
            <Feature>
                <Name className="java.lang.String">length</Name>
                <Value className="java.lang.String">1</Value>
            </Feature>
            <Feature>
                <Name className="java.lang.String">kind</Name>
                <Value className="java.lang.String">space</Value>
            </Feature>
        </Annotation>
        <Annotation Id="521" Type="Token" StartNode="1370" EndNode="1375">
            <Feature>
                <Name className="java.lang.String">length</Name>
                <Value className="java.lang.String">5</Value>
            </Feature>
            <Feature>
                <Name className="java.lang.String">orth</Name>
                <Value className="java.lang.String">lowercase</Value>
            </Feature>
            <Feature>
                <Name className="java.lang.String">string</Name>
                <Value className="java.lang.String">monks</Value>
            </Feature>
            <Feature>
                <Name className="java.lang.String">category</Name>
                <Value className="java.lang.String">NNS</Value>
            </Feature>
            <Feature>
                <Name className="java.lang.String">kind</Name>
                <Value className="java.lang.String">word</Value>
            </Feature>
        </Annotation>
        <Annotation Id="522" Type="Token" StartNode="1375" EndNode="1376">
            <Feature>
                <Name className="java.lang.String">length</Name>
                <Value className="java.lang.String">1</Value>
            </Feature>
            <Feature>
                <Name className="java.lang.String">string</Name>
                <Value className="java.lang.String">,</Value>
            </Feature>
            <Feature>
                <Name className="java.lang.String">category</Name>
                <Value className="java.lang.String">,</Value>
            </Feature>
            <Feature>
                <Name className="java.lang.String">kind</Name>
                <Value className="java.lang.String">punctuation</Value>
            </Feature>
        </Annotation>
        <Annotation Id="523" Type="SpaceToken" StartNode="1376" EndNode="1377">
            <Feature>
                <Name className="java.lang.String">string</Name>
                <Value className="java.lang.String"></Value>
            </Feature>
            <Feature>
                <Name className="java.lang.String">length</Name>
                <Value className="java.lang.String">1</Value>
            </Feature>
            <Feature>
                <Name className="java.lang.String">kind</Name>
                <Value className="java.lang.String">space</Value>
            </Feature>
        </Annotation>
        <Annotation Id="524" Type="Token" StartNode="1377" EndNode="1384">
            <Feature>
                <Name className="java.lang.String">length</Name>
                <Value className="java.lang.String">7</Value>
            </Feature>
            <Feature>
                <Name className="java.lang.String">orth</Name>
                <Value className="java.lang.String">lowercase</Value>
            </Feature>
            <Feature>
                <Name className="java.lang.String">string</Name>
                <Value className="java.lang.String">parsons</Value>
            </Feature>
            <Feature>
                <Name className="java.lang.String">category</Name>
                <Value className="java.lang.String">NNS</Value>
            </Feature>
            <Feature>
                <Name className="java.lang.String">kind</Name>
                <Value className="java.lang.String">word</Value>
            </Feature>
        </Annotation>
        <Annotation Id="525" Type="Token" StartNode="1384" EndNode="1385">
            <Feature>
                <Name className="java.lang.String">length</Name>
                <Value className="java.lang.String">1</Value>
            </Feature>
            <Feature>
                <Name className="java.lang.String">string</Name>
                <Value className="java.lang.String">,</Value>
            </Feature>
            <Feature>
                <Name className="java.lang.String">category</Name>
                <Value className="java.lang.String">,</Value>
            </Feature>
            <Feature>
                <Name className="java.lang.String">kind</Name>
                <Value className="java.lang.String">punctuation</Value>
            </Feature>
        </Annotation>
        <Annotation Id="526" Type="SpaceToken" StartNode="1385" EndNode="1386">
            <Feature>
                <Name className="java.lang.String">string</Name>
                <Value className="java.lang.String"></Value>
            </Feature>
            <Feature>
                <Name className="java.lang.String">length</Name>
                <Value className="java.lang.String">1</Value>
            </Feature>
            <Feature>
                <Name className="java.lang.String">kind</Name>
                <Value className="java.lang.String">space</Value>
            </Feature>
        </Annotation>
        <Annotation Id="527" Type="Token" StartNode="1386" EndNode="1389">
            <Feature>
                <Name className="java.lang.String">length</Name>
                <Value className="java.lang.String">3</Value>
            </Feature>
            <Feature>
                <Name className="java.lang.String">orth</Name>
                <Value className="java.lang.String">lowercase</Value>
            </Feature>
            <Feature>
                <Name className="java.lang.String">string</Name>
                <Value className="java.lang.String">and</Value>
            </Feature>
            <Feature>
                <Name className="java.lang.String">category</Name>
                <Value className="java.lang.String">CC</Value>
            </Feature>
            <Feature>
                <Name className="java.lang.String">kind</Name>
                <Value className="java.lang.String">word</Value>
            </Feature>
        </Annotation>
        <Annotation Id="528" Type="SpaceToken" StartNode="1389" EndNode="1390">
            <Feature>
                <Name className="java.lang.String">string</Name>
                <Value className="java.lang.String"></Value>
            </Feature>
            <Feature>
                <Name className="java.lang.String">length</Name>
                <Value className="java.lang.String">1</Value>
            </Feature>
            <Feature>
                <Name className="java.lang.String">kind</Name>
                <Value className="java.lang.String">space</Value>
            </Feature>
        </Annotation>
        <Annotation Id="529" Type="Token" StartNode="1390" EndNode="1396">
            <Feature>
                <Name className="java.lang.String">length</Name>
                <Value className="java.lang.String">6</Value>
            </Feature>
            <Feature>
                <Name className="java.lang.String">orth</Name>
                <Value className="java.lang.String">lowercase</Value>
            </Feature>
            <Feature>
                <Name className="java.lang.String">string</Name>
                <Value className="java.lang.String">friars</Value>
            </Feature>
            <Feature>
                <Name className="java.lang.String">category</Name>
                <Value className="java.lang.String">NNS</Value>
            </Feature>
            <Feature>
                <Name className="java.lang.String">kind</Name>
                <Value className="java.lang.String">word</Value>
            </Feature>
        </Annotation>
        <Annotation Id="530" Type="Token" StartNode="1396" EndNode="1397">
            <Feature>
                <Name className="java.lang.String">length</Name>
                <Value className="java.lang.String">1</Value>
            </Feature>
            <Feature>
                <Name className="java.lang.String">position</Name>
                <Value className="java.lang.String">endpunct</Value>
            </Feature>
            <Feature>
                <Name className="java.lang.String">string</Name>
                <Value className="java.lang.String">)</Value>
            </Feature>
            <Feature>
                <Name className="java.lang.String">category</Name>
                <Value className="java.lang.String">)</Value>
            </Feature>
            <Feature>
                <Name className="java.lang.String">kind</Name>
                <Value className="java.lang.String">punctuation</Value>
            </Feature>
        </Annotation>
        <Annotation Id="531" Type="SpaceToken" StartNode="1397" EndNode="1398">
            <Feature>
                <Name className="java.lang.String">string</Name>
                <Value className="java.lang.String"></Value>
            </Feature>
            <Feature>
                <Name className="java.lang.String">length</Name>
                <Value className="java.lang.String">1</Value>
            </Feature>
            <Feature>
                <Name className="java.lang.String">kind</Name>
                <Value className="java.lang.String">space</Value>
            </Feature>
        </Annotation>
        <Annotation Id="532" Type="Token" StartNode="1398" EndNode="1400">
            <Feature>
                <Name className="java.lang.String">length</Name>
                <Value className="java.lang.String">2</Value>
            </Feature>
            <Feature>
                <Name className="java.lang.String">orth</Name>
                <Value className="java.lang.String">lowercase</Value>
            </Feature>
            <Feature>
                <Name className="java.lang.String">string</Name>
                <Value className="java.lang.String">to</Value>
            </Feature>
            <Feature>
                <Name className="java.lang.String">category</Name>
                <Value className="java.lang.String">TO</Value>
            </Feature>
            <Feature>
                <Name className="java.lang.String">kind</Name>
                <Value className="java.lang.String">word</Value>
            </Feature>
        </Annotation>
        <Annotation Id="533" Type="SpaceToken" StartNode="1400" EndNode="1401">
            <Feature>
                <Name className="java.lang.String">string</Name>
                <Value className="java.lang.String"></Value>
            </Feature>
            <Feature>
                <Name className="java.lang.String">length</Name>
                <Value className="java.lang.String">1</Value>
            </Feature>
            <Feature>
                <Name className="java.lang.String">kind</Name>
                <Value className="java.lang.String">space</Value>
            </Feature>
        </Annotation>
        <Annotation Id="534" Type="Token" StartNode="1401" EndNode="1408">
            <Feature>
                <Name className="java.lang.String">length</Name>
                <Value className="java.lang.String">7</Value>
            </Feature>
            <Feature>
                <Name className="java.lang.String">orth</Name>
                <Value className="java.lang.String">lowercase</Value>
            </Feature>
            <Feature>
                <Name className="java.lang.String">string</Name>
                <Value className="java.lang.String">knights</Value>
            </Feature>
            <Feature>
                <Name className="java.lang.String">category</Name>
                <Value className="java.lang.String">NNS</Value>
            </Feature>
            <Feature>
                <Name className="java.lang.String">kind</Name>
                <Value className="java.lang.String">word</Value>
            </Feature>
        </Annotation>
        <Annotation Id="535" Type="Token" StartNode="1408" EndNode="1409">
            <Feature>
                <Name className="java.lang.String">length</Name>
                <Value className="java.lang.String">1</Value>
            </Feature>
            <Feature>
                <Name className="java.lang.String">string</Name>
                <Value className="java.lang.String">,</Value>
            </Feature>
            <Feature>
                <Name className="java.lang.String">category</Name>
                <Value className="java.lang.String">,</Value>
            </Feature>
            <Feature>
                <Name className="java.lang.String">kind</Name>
                <Value className="java.lang.String">punctuation</Value>
            </Feature>
        </Annotation>
        <Annotation Id="536" Type="SpaceToken" StartNode="1409" EndNode="1410">
            <Feature>
                <Name className="java.lang.String">string</Name>
                <Value className="java.lang.String"></Value>
            </Feature>
            <Feature>
                <Name className="java.lang.String">length</Name>
                <Value className="java.lang.String">1</Value>
            </Feature>
            <Feature>
                <Name className="java.lang.String">kind</Name>
                <Value className="java.lang.String">space</Value>
            </Feature>
        </Annotation>
        <Annotation Id="537" Type="Token" StartNode="1410" EndNode="1417">
            <Feature>
                <Name className="java.lang.String">length</Name>
                <Value className="java.lang.String">7</Value>
            </Feature>
            <Feature>
                <Name className="java.lang.String">orth</Name>
                <Value className="java.lang.String">lowercase</Value>
            </Feature>
            <Feature>
                <Name className="java.lang.String">string</Name>
                <Value className="java.lang.String">squires</Value>
            </Feature>
            <Feature>
                <Name className="java.lang.String">category</Name>
                <Value className="java.lang.String">NNS</Value>
            </Feature>
            <Feature>
                <Name className="java.lang.String">kind</Name>
                <Value className="java.lang.String">word</Value>
            </Feature>
        </Annotation>
        <Annotation Id="538" Type="Token" StartNode="1417" EndNode="1418">
            <Feature>
                <Name className="java.lang.String">length</Name>
                <Value className="java.lang.String">1</Value>
            </Feature>
            <Feature>
                <Name className="java.lang.String">string</Name>
                <Value className="java.lang.String">,</Value>
            </Feature>
            <Feature>
                <Name className="java.lang.String">category</Name>
                <Value className="java.lang.String">,</Value>
            </Feature>
            <Feature>
                <Name className="java.lang.String">kind</Name>
                <Value className="java.lang.String">punctuation</Value>
            </Feature>
        </Annotation>
        <Annotation Id="539" Type="SpaceToken" StartNode="1418" EndNode="1419">
            <Feature>
                <Name className="java.lang.String">string</Name>
                <Value className="java.lang.String"></Value>
            </Feature>
            <Feature>
                <Name className="java.lang.String">length</Name>
                <Value className="java.lang.String">1</Value>
            </Feature>
            <Feature>
                <Name className="java.lang.String">kind</Name>
                <Value className="java.lang.String">space</Value>
            </Feature>
        </Annotation>
        <Annotation Id="540" Type="Token" StartNode="1419" EndNode="1427">
            <Feature>
                <Name className="java.lang.String">length</Name>
                <Value className="java.lang.String">8</Value>
            </Feature>
            <Feature>
                <Name className="java.lang.String">orth</Name>
                <Value className="java.lang.String">lowercase</Value>
            </Feature>
            <Feature>
                <Name className="java.lang.String">string</Name>
                <Value className="java.lang.String">justices</Value>
            </Feature>
            <Feature>
                <Name className="java.lang.String">category</Name>
                <Value className="java.lang.String">NNS</Value>
            </Feature>
            <Feature>
                <Name className="java.lang.String">kind</Name>
                <Value className="java.lang.String">word</Value>
            </Feature>
        </Annotation>
        <Annotation Id="541" Type="Token" StartNode="1427" EndNode="1428">
            <Feature>
                <Name className="java.lang.String">length</Name>
                <Value className="java.lang.String">1</Value>
            </Feature>
            <Feature>
                <Name className="java.lang.String">string</Name>
                <Value className="java.lang.String">,</Value>
            </Feature>
            <Feature>
                <Name className="java.lang.String">category</Name>
                <Value className="java.lang.String">,</Value>
            </Feature>
            <Feature>
                <Name className="java.lang.String">kind</Name>
                <Value className="java.lang.String">punctuation</Value>
            </Feature>
        </Annotation>
        <Annotation Id="542" Type="SpaceToken" StartNode="1428" EndNode="1429">
            <Feature>
                <Name className="java.lang.String">string</Name>
                <Value className="java.lang.String"></Value>
            </Feature>
            <Feature>
                <Name className="java.lang.String">length</Name>
                <Value className="java.lang.String">1</Value>
            </Feature>
            <Feature>
                <Name className="java.lang.String">kind</Name>
                <Value className="java.lang.String">space</Value>
            </Feature>
        </Annotation>
        <Annotation Id="543" Type="Token" StartNode="1429" EndNode="1437">
            <Feature>
                <Name className="java.lang.String">length</Name>
                <Value className="java.lang.String">8</Value>
            </Feature>
            <Feature>
                <Name className="java.lang.String">orth</Name>
                <Value className="java.lang.String">lowercase</Value>
            </Feature>
            <Feature>
                <Name className="java.lang.String">string</Name>
                <Value className="java.lang.String">bailiffs</Value>
            </Feature>
            <Feature>
                <Name className="java.lang.String">category</Name>
                <Value className="java.lang.String">NNS</Value>
            </Feature>
            <Feature>
                <Name className="java.lang.String">kind</Name>
                <Value className="java.lang.String">word</Value>
            </Feature>
        </Annotation>
        <Annotation Id="544" Type="Token" StartNode="1437" EndNode="1438">
            <Feature>
                <Name className="java.lang.String">length</Name>
                <Value className="java.lang.String">1</Value>
            </Feature>
            <Feature>
                <Name className="java.lang.String">string</Name>
                <Value className="java.lang.String">,</Value>
            </Feature>
            <Feature>
                <Name className="java.lang.String">category</Name>
                <Value className="java.lang.String">,</Value>
            </Feature>
            <Feature>
                <Name className="java.lang.String">kind</Name>
                <Value className="java.lang.String">punctuation</Value>
            </Feature>
        </Annotation>
        <Annotation Id="545" Type="SpaceToken" StartNode="1438" EndNode="1439">
            <Feature>
                <Name className="java.lang.String">string</Name>
                <Value className="java.lang.String"></Value>
            </Feature>
            <Feature>
                <Name className="java.lang.String">length</Name>
                <Value className="java.lang.String">1</Value>
            </Feature>
            <Feature>
                <Name className="java.lang.String">kind</Name>
                <Value className="java.lang.String">space</Value>
            </Feature>
        </Annotation>
        <Annotation Id="546" Type="Token" StartNode="1439" EndNode="1447">
            <Feature>
                <Name className="java.lang.String">length</Name>
                <Value className="java.lang.String">8</Value>
            </Feature>
            <Feature>
                <Name className="java.lang.String">orth</Name>
                <Value className="java.lang.String">lowercase</Value>
            </Feature>
            <Feature>
                <Name className="java.lang.String">string</Name>
                <Value className="java.lang.String">sheriffs</Value>
            </Feature>
            <Feature>
                <Name className="java.lang.String">category</Name>
                <Value className="java.lang.String">NNS</Value>
            </Feature>
            <Feature>
                <Name className="java.lang.String">kind</Name>
                <Value className="java.lang.String">word</Value>
            </Feature>
        </Annotation>
        <Annotation Id="547" Type="Token" StartNode="1447" EndNode="1448">
            <Feature>
                <Name className="java.lang.String">length</Name>
                <Value className="java.lang.String">1</Value>
            </Feature>
            <Feature>
                <Name className="java.lang.String">string</Name>
                <Value className="java.lang.String">,</Value>
            </Feature>
            <Feature>
                <Name className="java.lang.String">category</Name>
                <Value className="java.lang.String">,</Value>
            </Feature>
            <Feature>
                <Name className="java.lang.String">kind</Name>
                <Value className="java.lang.String">punctuation</Value>
            </Feature>
        </Annotation>
        <Annotation Id="548" Type="SpaceToken" StartNode="1448" EndNode="1449">
            <Feature>
                <Name className="java.lang.String">string</Name>
                <Value className="java.lang.String"></Value>
            </Feature>
            <Feature>
                <Name className="java.lang.String">length</Name>
                <Value className="java.lang.String">1</Value>
            </Feature>
            <Feature>
                <Name className="java.lang.String">kind</Name>
                <Value className="java.lang.String">space</Value>
            </Feature>
        </Annotation>
        <Annotation Id="549" Type="Token" StartNode="1449" EndNode="1456">
            <Feature>
                <Name className="java.lang.String">length</Name>
                <Value className="java.lang.String">7</Value>
            </Feature>
            <Feature>
                <Name className="java.lang.String">orth</Name>
                <Value className="java.lang.String">lowercase</Value>
            </Feature>
            <Feature>
                <Name className="java.lang.String">string</Name>
                <Value className="java.lang.String">beadles</Value>
            </Feature>
            <Feature>
                <Name className="java.lang.String">category</Name>
                <Value className="java.lang.String">NNS</Value>
            </Feature>
            <Feature>
                <Name className="java.lang.String">kind</Name>
                <Value className="java.lang.String">word</Value>
            </Feature>
        </Annotation>
        <Annotation Id="550" Type="Token" StartNode="1456" EndNode="1457">
            <Feature>
                <Name className="java.lang.String">length</Name>
                <Value className="java.lang.String">1</Value>
            </Feature>
            <Feature>
                <Name className="java.lang.String">string</Name>
                <Value className="java.lang.String">,</Value>
            </Feature>
            <Feature>
                <Name className="java.lang.String">category</Name>
                <Value className="java.lang.String">,</Value>
            </Feature>
            <Feature>
                <Name className="java.lang.String">kind</Name>
                <Value className="java.lang.String">punctuation</Value>
            </Feature>
        </Annotation>
        <Annotation Id="551" Type="SpaceToken" StartNode="1457" EndNode="1458">
            <Feature>
                <Name className="java.lang.String">string</Name>
                <Value className="java.lang.String"></Value>
            </Feature>
            <Feature>
                <Name className="java.lang.String">length</Name>
                <Value className="java.lang.String">1</Value>
            </Feature>
            <Feature>
                <Name className="java.lang.String">kind</Name>
                <Value className="java.lang.String">space</Value>
            </Feature>
        </Annotation>
        <Annotation Id="552" Type="Token" StartNode="1458" EndNode="1461">
            <Feature>
                <Name className="java.lang.String">length</Name>
                <Value className="java.lang.String">3</Value>
            </Feature>
            <Feature>
                <Name className="java.lang.String">orth</Name>
                <Value className="java.lang.String">lowercase</Value>
            </Feature>
            <Feature>
                <Name className="java.lang.String">string</Name>
                <Value className="java.lang.String">and</Value>
            </Feature>
            <Feature>
                <Name className="java.lang.String">category</Name>
                <Value className="java.lang.String">CC</Value>
            </Feature>
            <Feature>
                <Name className="java.lang.String">kind</Name>
                <Value className="java.lang.String">word</Value>
            </Feature>
        </Annotation>
        <Annotation Id="553" Type="SpaceToken" StartNode="1461" EndNode="1462">
            <Feature>
                <Name className="java.lang.String">string</Name>
                <Value className="java.lang.String"></Value>
            </Feature>
            <Feature>
                <Name className="java.lang.String">length</Name>
                <Value className="java.lang.String">1</Value>
            </Feature>
            <Feature>
                <Name className="java.lang.String">kind</Name>
                <Value className="java.lang.String">space</Value>
            </Feature>
        </Annotation>
        <Annotation Id="554" Type="Token" StartNode="1462" EndNode="1471">
            <Feature>
                <Name className="java.lang.String">length</Name>
                <Value className="java.lang.String">9</Value>
            </Feature>
            <Feature>
                <Name className="java.lang.String">orth</Name>
                <Value className="java.lang.String">lowercase</Value>
            </Feature>
            <Feature>
                <Name className="java.lang.String">string</Name>
                <Value className="java.lang.String">merchants</Value>
            </Feature>
            <Feature>
                <Name className="java.lang.String">category</Name>
                <Value className="java.lang.String">NNS</Value>
            </Feature>
            <Feature>
                <Name className="java.lang.String">kind</Name>
                <Value className="java.lang.String">word</Value>
            </Feature>
        </Annotation>
        <Annotation Id="555" Type="Token" StartNode="1471" EndNode="1472">
            <Feature>
                <Name className="java.lang.String">length</Name>
                <Value className="java.lang.String">1</Value>
            </Feature>
            <Feature>
                <Name className="java.lang.String">string</Name>
                <Value className="java.lang.String">.</Value>
            </Feature>
            <Feature>
                <Name className="java.lang.String">category</Name>
                <Value className="java.lang.String">.</Value>
            </Feature>
            <Feature>
                <Name className="java.lang.String">kind</Name>
                <Value className="java.lang.String">punctuation</Value>
            </Feature>
        </Annotation>
        <Annotation Id="556" Type="Token" StartNode="1472" EndNode="1473">
            <Feature>
                <Name className="java.lang.String">length</Name>
                <Value className="java.lang.String">1</Value>
            </Feature>
            <Feature>
                <Name className="java.lang.String">string</Name>
                <Value className="java.lang.String">3</Value>
            </Feature>
            <Feature>
                <Name className="java.lang.String">category</Name>
                <Value className="java.lang.String">CD</Value>
            </Feature>
            <Feature>
                <Name className="java.lang.String">kind</Name>
                <Value className="java.lang.String">number</Value>
            </Feature>
        </Annotation>
        <Annotation Id="557" Type="SpaceToken" StartNode="1473" EndNode="1474">
            <Feature>
                <Name className="java.lang.String">string</Name>
                <Value className="java.lang.String"></Value>
            </Feature>
            <Feature>
                <Name className="java.lang.String">length</Name>
                <Value className="java.lang.String">1</Value>
            </Feature>
            <Feature>
                <Name className="java.lang.String">kind</Name>
                <Value className="java.lang.String">space</Value>
            </Feature>
        </Annotation>
        <Annotation Id="558" Type="Token" StartNode="1474" EndNode="1477">
            <Feature>
                <Name className="java.lang.String">length</Name>
                <Value className="java.lang.String">3</Value>
            </Feature>
            <Feature>
                <Name className="java.lang.String">orth</Name>
                <Value className="java.lang.String">upperInitial</Value>
            </Feature>
            <Feature>
                <Name className="java.lang.String">string</Name>
                <Value className="java.lang.String">The</Value>
            </Feature>
            <Feature>
                <Name className="java.lang.String">category</Name>
                <Value className="java.lang.String">DT</Value>
            </Feature>
            <Feature>
                <Name className="java.lang.String">kind</Name>
                <Value className="java.lang.String">word</Value>
            </Feature>
        </Annotation>
        <Annotation Id="559" Type="SpaceToken" StartNode="1477" EndNode="1478">
            <Feature>
                <Name className="java.lang.String">string</Name>
                <Value className="java.lang.String"></Value>
            </Feature>
            <Feature>
                <Name className="java.lang.String">length</Name>
                <Value className="java.lang.String">1</Value>
            </Feature>
            <Feature>
                <Name className="java.lang.String">kind</Name>
                <Value className="java.lang.String">space</Value>
            </Feature>
        </Annotation>
        <Annotation Id="560" Type="Token" StartNode="1478" EndNode="1485">
            <Feature>
                <Name className="java.lang.String">length</Name>
                <Value className="java.lang.String">7</Value>
            </Feature>
            <Feature>
                <Name className="java.lang.String">orth</Name>
                <Value className="java.lang.String">lowercase</Value>
            </Feature>
            <Feature>
                <Name className="java.lang.String">string</Name>
                <Value className="java.lang.String">linking</Value>
            </Feature>
            <Feature>
                <Name className="java.lang.String">category</Name>
                <Value className="java.lang.String">VBG</Value>
            </Feature>
            <Feature>
                <Name className="java.lang.String">kind</Name>
                <Value className="java.lang.String">word</Value>
            </Feature>
        </Annotation>
        <Annotation Id="561" Type="SpaceToken" StartNode="1485" EndNode="1486">
            <Feature>
                <Name className="java.lang.String">string</Name>
                <Value className="java.lang.String"></Value>
            </Feature>
            <Feature>
                <Name className="java.lang.String">length</Name>
                <Value className="java.lang.String">1</Value>
            </Feature>
            <Feature>
                <Name className="java.lang.String">kind</Name>
                <Value className="java.lang.String">space</Value>
            </Feature>
        </Annotation>
        <Annotation Id="562" Type="Token" StartNode="1486" EndNode="1488">
            <Feature>
                <Name className="java.lang.String">length</Name>
                <Value className="java.lang.String">2</Value>
            </Feature>
            <Feature>
                <Name className="java.lang.String">orth</Name>
                <Value className="java.lang.String">lowercase</Value>
            </Feature>
            <Feature>
                <Name className="java.lang.String">string</Name>
                <Value className="java.lang.String">of</Value>
            </Feature>
            <Feature>
                <Name className="java.lang.String">category</Name>
                <Value className="java.lang.String">IN</Value>
            </Feature>
            <Feature>
                <Name className="java.lang.String">kind</Name>
                <Value className="java.lang.String">word</Value>
            </Feature>
        </Annotation>
        <Annotation Id="563" Type="SpaceToken" StartNode="1488" EndNode="1489">
            <Feature>
                <Name className="java.lang.String">string</Name>
                <Value className="java.lang.String"></Value>
            </Feature>
            <Feature>
                <Name className="java.lang.String">length</Name>
                <Value className="java.lang.String">1</Value>
            </Feature>
            <Feature>
                <Name className="java.lang.String">kind</Name>
                <Value className="java.lang.String">space</Value>
            </Feature>
        </Annotation>
        <Annotation Id="564" Type="Token" StartNode="1489" EndNode="1501">
            <Feature>
                <Name className="java.lang.String">length</Name>
                <Value className="java.lang.String">12</Value>
            </Feature>
            <Feature>
                <Name className="java.lang.String">orth</Name>
                <Value className="java.lang.String">lowercase</Value>
            </Feature>
            <Feature>
                <Name className="java.lang.String">string</Name>
                <Value className="java.lang.String">anticlerical</Value>
            </Feature>
            <Feature>
                <Name className="java.lang.String">category</Name>
                <Value className="java.lang.String">JJ</Value>
            </Feature>
            <Feature>
                <Name className="java.lang.String">kind</Name>
                <Value className="java.lang.String">word</Value>
            </Feature>
        </Annotation>
        <Annotation Id="565" Type="SpaceToken" StartNode="1501" EndNode="1502">
            <Feature>
                <Name className="java.lang.String">string</Name>
                <Value className="java.lang.String"></Value>
            </Feature>
            <Feature>
                <Name className="java.lang.String">length</Name>
                <Value className="java.lang.String">1</Value>
            </Feature>
            <Feature>
                <Name className="java.lang.String">kind</Name>
                <Value className="java.lang.String">space</Value>
            </Feature>
        </Annotation>
        <Annotation Id="566" Type="Token" StartNode="1502" EndNode="1508">
            <Feature>
                <Name className="java.lang.String">length</Name>
                <Value className="java.lang.String">6</Value>
            </Feature>
            <Feature>
                <Name className="java.lang.String">orth</Name>
                <Value className="java.lang.String">lowercase</Value>
            </Feature>
            <Feature>
                <Name className="java.lang.String">string</Name>
                <Value className="java.lang.String">satire</Value>
            </Feature>
            <Feature>
                <Name className="java.lang.String">category</Name>
                <Value className="java.lang.String">NN</Value>
            </Feature>
            <Feature>
                <Name className="java.lang.String">kind</Name>
                <Value className="java.lang.String">word</Value>
            </Feature>
        </Annotation>
        <Annotation Id="567" Type="SpaceToken" StartNode="1508" EndNode="1509">
            <Feature>
                <Name className="java.lang.String">string</Name>
                <Value className="java.lang.String"></Value>
            </Feature>
            <Feature>
                <Name className="java.lang.String">length</Name>
                <Value className="java.lang.String">1</Value>
            </Feature>
            <Feature>
                <Name className="java.lang.String">kind</Name>
                <Value className="java.lang.String">space</Value>
            </Feature>
        </Annotation>
        <Annotation Id="568" Type="Token" StartNode="1509" EndNode="1512">
            <Feature>
                <Name className="java.lang.String">length</Name>
                <Value className="java.lang.String">3</Value>
            </Feature>
            <Feature>
                <Name className="java.lang.String">orth</Name>
                <Value className="java.lang.String">lowercase</Value>
            </Feature>
            <Feature>
                <Name className="java.lang.String">string</Name>
                <Value className="java.lang.String">and</Value>
            </Feature>
            <Feature>
                <Name className="java.lang.String">category</Name>
                <Value className="java.lang.String">CC</Value>
            </Feature>
            <Feature>
                <Name className="java.lang.String">kind</Name>
                <Value className="java.lang.String">word</Value>
            </Feature>
        </Annotation>
        <Annotation Id="569" Type="SpaceToken" StartNode="1512" EndNode="1513">
            <Feature>
                <Name className="java.lang.String">string</Name>
                <Value className="java.lang.String"></Value>
            </Feature>
            <Feature>
                <Name className="java.lang.String">length</Name>
                <Value className="java.lang.String">1</Value>
            </Feature>
            <Feature>
                <Name className="java.lang.String">kind</Name>
                <Value className="java.lang.String">space</Value>
            </Feature>
        </Annotation>
        <Annotation Id="570" Type="Token" StartNode="1513" EndNode="1516">
            <Feature>
                <Name className="java.lang.String">length</Name>
                <Value className="java.lang.String">3</Value>
            </Feature>
            <Feature>
                <Name className="java.lang.String">orth</Name>
                <Value className="java.lang.String">lowercase</Value>
            </Feature>
            <Feature>
                <Name className="java.lang.String">string</Name>
                <Value className="java.lang.String">the</Value>
            </Feature>
            <Feature>
                <Name className="java.lang.String">category</Name>
                <Value className="java.lang.String">DT</Value>
            </Feature>
            <Feature>
                <Name className="java.lang.String">kind</Name>
                <Value className="java.lang.String">word</Value>
            </Feature>
        </Annotation>
        <Annotation Id="571" Type="SpaceToken" StartNode="1516" EndNode="1517">
            <Feature>
                <Name className="java.lang.String">string</Name>
                <Value className="java.lang.String"></Value>
            </Feature>
            <Feature>
                <Name className="java.lang.String">length</Name>
                <Value className="java.lang.String">1</Value>
            </Feature>
            <Feature>
                <Name className="java.lang.String">kind</Name>
                <Value className="java.lang.String">space</Value>
            </Feature>
        </Annotation>
        <Annotation Id="572" Type="Token" StartNode="1517" EndNode="1522">
            <Feature>
                <Name className="java.lang.String">length</Name>
                <Value className="java.lang.String">5</Value>
            </Feature>
            <Feature>
                <Name className="java.lang.String">orth</Name>
                <Value className="java.lang.String">lowercase</Value>
            </Feature>
            <Feature>
                <Name className="java.lang.String">string</Name>
                <Value className="java.lang.String">abuse</Value>
            </Feature>
            <Feature>
                <Name className="java.lang.String">category</Name>
                <Value className="java.lang.String">NN</Value>
            </Feature>
            <Feature>
                <Name className="java.lang.String">kind</Name>
                <Value className="java.lang.String">word</Value>
            </Feature>
        </Annotation>
        <Annotation Id="573" Type="SpaceToken" StartNode="1522" EndNode="1523">
            <Feature>
                <Name className="java.lang.String">string</Name>
                <Value className="java.lang.String"></Value>
            </Feature>
            <Feature>
                <Name className="java.lang.String">length</Name>
                <Value className="java.lang.String">1</Value>
            </Feature>
            <Feature>
                <Name className="java.lang.String">kind</Name>
                <Value className="java.lang.String">space</Value>
            </Feature>
        </Annotation>
        <Annotation Id="574" Type="Token" StartNode="1523" EndNode="1525">
            <Feature>
                <Name className="java.lang.String">length</Name>
                <Value className="java.lang.String">2</Value>
            </Feature>
            <Feature>
                <Name className="java.lang.String">orth</Name>
                <Value className="java.lang.String">lowercase</Value>
            </Feature>
            <Feature>
                <Name className="java.lang.String">string</Name>
                <Value className="java.lang.String">of</Value>
            </Feature>
            <Feature>
                <Name className="java.lang.String">category</Name>
                <Value className="java.lang.String">IN</Value>
            </Feature>
            <Feature>
                <Name className="java.lang.String">kind</Name>
                <Value className="java.lang.String">word</Value>
            </Feature>
        </Annotation>
        <Annotation Id="575" Type="SpaceToken" StartNode="1525" EndNode="1526">
            <Feature>
                <Name className="java.lang.String">string</Name>
                <Value className="java.lang.String"></Value>
            </Feature>
            <Feature>
                <Name className="java.lang.String">length</Name>
                <Value className="java.lang.String">1</Value>
            </Feature>
            <Feature>
                <Name className="java.lang.String">kind</Name>
                <Value className="java.lang.String">space</Value>
            </Feature>
        </Annotation>
        <Annotation Id="576" Type="Token" StartNode="1526" EndNode="1531">
            <Feature>
                <Name className="java.lang.String">length</Name>
                <Value className="java.lang.String">5</Value>
            </Feature>
            <Feature>
                <Name className="java.lang.String">orth</Name>
                <Value className="java.lang.String">lowercase</Value>
            </Feature>
            <Feature>
                <Name className="java.lang.String">string</Name>
                <Value className="java.lang.String">money</Value>
            </Feature>
            <Feature>
                <Name className="java.lang.String">category</Name>
                <Value className="java.lang.String">NN</Value>
            </Feature>
            <Feature>
                <Name className="java.lang.String">kind</Name>
                <Value className="java.lang.String">word</Value>
            </Feature>
        </Annotation>
        <Annotation Id="577" Type="SpaceToken" StartNode="1531" EndNode="1532">
            <Feature>
                <Name className="java.lang.String">string</Name>
                <Value className="java.lang.String"></Value>
            </Feature>
            <Feature>
                <Name className="java.lang.String">length</Name>
                <Value className="java.lang.String">1</Value>
            </Feature>
            <Feature>
                <Name className="java.lang.String">kind</Name>
                <Value className="java.lang.String">space</Value>
            </Feature>
        </Annotation>
        <Annotation Id="578" Type="Token" StartNode="1532" EndNode="1543">
            <Feature>
                <Name className="java.lang.String">length</Name>
                <Value className="java.lang.String">11</Value>
            </Feature>
            <Feature>
                <Name className="java.lang.String">orth</Name>
                <Value className="java.lang.String">lowercase</Value>
            </Feature>
            <Feature>
                <Name className="java.lang.String">string</Name>
                <Value className="java.lang.String">anticipates</Value>
            </Feature>
            <Feature>
                <Name className="java.lang.String">category</Name>
                <Value className="java.lang.String">VBZ</Value>
            </Feature>
            <Feature>
                <Name className="java.lang.String">kind</Name>
                <Value className="java.lang.String">word</Value>
            </Feature>
        </Annotation>
        <Annotation Id="579" Type="SpaceToken" StartNode="1543" EndNode="1544">
            <Feature>
                <Name className="java.lang.String">string</Name>
                <Value className="java.lang.String"></Value>
            </Feature>
            <Feature>
                <Name className="java.lang.String">length</Name>
                <Value className="java.lang.String">1</Value>
            </Feature>
            <Feature>
                <Name className="java.lang.String">kind</Name>
                <Value className="java.lang.String">space</Value>
            </Feature>
        </Annotation>
        <Annotation Id="580" Type="Token" StartNode="1544" EndNode="1549">
            <Feature>
                <Name className="java.lang.String">length</Name>
                <Value className="java.lang.String">5</Value>
            </Feature>
            <Feature>
                <Name className="java.lang.String">orth</Name>
                <Value className="java.lang.String">upperInitial</Value>
            </Feature>
            <Feature>
                <Name className="java.lang.String">string</Name>
                <Value className="java.lang.String">Piers</Value>
            </Feature>
            <Feature>
                <Name className="java.lang.String">category</Name>
                <Value className="java.lang.String">NNP</Value>
            </Feature>
            <Feature>
                <Name className="java.lang.String">kind</Name>
                <Value className="java.lang.String">word</Value>
            </Feature>
        </Annotation>
        <Annotation Id="581" Type="SpaceToken" StartNode="1549" EndNode="1550">
            <Feature>
                <Name className="java.lang.String">string</Name>
                <Value className="java.lang.String"></Value>
            </Feature>
            <Feature>
                <Name className="java.lang.String">length</Name>
                <Value className="java.lang.String">1</Value>
            </Feature>
            <Feature>
                <Name className="java.lang.String">kind</Name>
                <Value className="java.lang.String">space</Value>
            </Feature>
        </Annotation>
        <Annotation Id="582" Type="Token" StartNode="1550" EndNode="1557">
            <Feature>
                <Name className="java.lang.String">length</Name>
                <Value className="java.lang.String">7</Value>
            </Feature>
            <Feature>
                <Name className="java.lang.String">orth</Name>
                <Value className="java.lang.String">upperInitial</Value>
            </Feature>
            <Feature>
                <Name className="java.lang.String">string</Name>
                <Value className="java.lang.String">Plowman</Value>
            </Feature>
            <Feature>
                <Name className="java.lang.String">category</Name>
                <Value className="java.lang.String">NNP</Value>
            </Feature>
            <Feature>
                <Name className="java.lang.String">kind</Name>
                <Value className="java.lang.String">word</Value>
            </Feature>
        </Annotation>
        <Annotation Id="583" Type="Token" StartNode="1557" EndNode="1558">
            <Feature>
                <Name className="java.lang.String">length</Name>
                <Value className="java.lang.String">1</Value>
            </Feature>
            <Feature>
                <Name className="java.lang.String">string</Name>
                <Value className="java.lang.String">.</Value>
            </Feature>
            <Feature>
                <Name className="java.lang.String">category</Name>
                <Value className="java.lang.String">.</Value>
            </Feature>
            <Feature>
                <Name className="java.lang.String">kind</Name>
                <Value className="java.lang.String">punctuation</Value>
            </Feature>
        </Annotation>
        <Annotation Id="584" Type="SpaceToken" StartNode="1558" EndNode="1559">
            <Feature>
                <Name className="java.lang.String">string</Name>
                <Value className="java.lang.String"></Value>
            </Feature>
            <Feature>
                <Name className="java.lang.String">length</Name>
                <Value className="java.lang.String">1</Value>
            </Feature>
            <Feature>
                <Name className="java.lang.String">kind</Name>
                <Value className="java.lang.String">space</Value>
            </Feature>
        </Annotation>
        <Annotation Id="585" Type="Token" StartNode="1559" EndNode="1563">
            <Feature>
                <Name className="java.lang.String">length</Name>
                <Value className="java.lang.String">4</Value>
            </Feature>
            <Feature>
                <Name className="java.lang.String">orth</Name>
                <Value className="java.lang.String">upperInitial</Value>
            </Feature>
            <Feature>
                <Name className="java.lang.String">string</Name>
                <Value className="java.lang.String">Like</Value>
            </Feature>
            <Feature>
                <Name className="java.lang.String">category</Name>
                <Value className="java.lang.String">IN</Value>
            </Feature>
            <Feature>
                <Name className="java.lang.String">kind</Name>
                <Value className="java.lang.String">word</Value>
            </Feature>
        </Annotation>
        <Annotation Id="586" Type="SpaceToken" StartNode="1563" EndNode="1564">
            <Feature>
                <Name className="java.lang.String">string</Name>
                <Value className="java.lang.String"></Value>
            </Feature>
            <Feature>
                <Name className="java.lang.String">length</Name>
                <Value className="java.lang.String">1</Value>
            </Feature>
            <Feature>
                <Name className="java.lang.String">kind</Name>
                <Value className="java.lang.String">space</Value>
            </Feature>
        </Annotation>
        <Annotation Id="587" Type="Token" StartNode="1564" EndNode="1569">
            <Feature>
                <Name className="java.lang.String">length</Name>
                <Value className="java.lang.String">5</Value>
            </Feature>
            <Feature>
                <Name className="java.lang.String">orth</Name>
                <Value className="java.lang.String">upperInitial</Value>
            </Feature>
            <Feature>
                <Name className="java.lang.String">string</Name>
                <Value className="java.lang.String">Piers</Value>
            </Feature>
            <Feature>
                <Name className="java.lang.String">category</Name>
                <Value className="java.lang.String">NNP</Value>
            </Feature>
            <Feature>
                <Name className="java.lang.String">kind</Name>
                <Value className="java.lang.String">word</Value>
            </Feature>
        </Annotation>
        <Annotation Id="588" Type="SpaceToken" StartNode="1569" EndNode="1570">
            <Feature>
                <Name className="java.lang.String">string</Name>
                <Value className="java.lang.String"></Value>
            </Feature>
            <Feature>
                <Name className="java.lang.String">length</Name>
                <Value className="java.lang.String">1</Value>
            </Feature>
            <Feature>
                <Name className="java.lang.String">kind</Name>
                <Value className="java.lang.String">space</Value>
            </Feature>
        </Annotation>
        <Annotation Id="589" Type="Token" StartNode="1570" EndNode="1577">
            <Feature>
                <Name className="java.lang.String">length</Name>
                <Value className="java.lang.String">7</Value>
            </Feature>
            <Feature>
                <Name className="java.lang.String">orth</Name>
                <Value className="java.lang.String">upperInitial</Value>
            </Feature>
            <Feature>
                <Name className="java.lang.String">string</Name>
                <Value className="java.lang.String">Plowman</Value>
            </Feature>
            <Feature>
                <Name className="java.lang.String">category</Name>
                <Value className="java.lang.String">NNP</Value>
            </Feature>
            <Feature>
                <Name className="java.lang.String">kind</Name>
                <Value className="java.lang.String">word</Value>
            </Feature>
        </Annotation>
        <Annotation Id="590" Type="Token" StartNode="1577" EndNode="1578">
            <Feature>
                <Name className="java.lang.String">length</Name>
                <Value className="java.lang.String">1</Value>
            </Feature>
            <Feature>
                <Name className="java.lang.String">string</Name>
                <Value className="java.lang.String">,</Value>
            </Feature>
            <Feature>
                <Name className="java.lang.String">category</Name>
                <Value className="java.lang.String">,</Value>
            </Feature>
            <Feature>
                <Name className="java.lang.String">kind</Name>
                <Value className="java.lang.String">punctuation</Value>
            </Feature>
        </Annotation>
        <Annotation Id="591" Type="SpaceToken" StartNode="1578" EndNode="1579">
            <Feature>
                <Name className="java.lang.String">string</Name>
                <Value className="java.lang.String"></Value>
            </Feature>
            <Feature>
                <Name className="java.lang.String">length</Name>
                <Value className="java.lang.String">1</Value>
            </Feature>
            <Feature>
                <Name className="java.lang.String">kind</Name>
                <Value className="java.lang.String">space</Value>
            </Feature>
        </Annotation>
        <Annotation Id="592" Type="Token" StartNode="1579" EndNode="1582">
            <Feature>
                <Name className="java.lang.String">length</Name>
                <Value className="java.lang.String">3</Value>
            </Feature>
            <Feature>
                <Name className="java.lang.String">orth</Name>
                <Value className="java.lang.String">upperInitial</Value>
            </Feature>
            <Feature>
                <Name className="java.lang.String">string</Name>
                <Value className="java.lang.String">The</Value>
            </Feature>
            <Feature>
                <Name className="java.lang.String">category</Name>
                <Value className="java.lang.String">DT</Value>
            </Feature>
            <Feature>
                <Name className="java.lang.String">kind</Name>
                <Value className="java.lang.String">word</Value>
            </Feature>
        </Annotation>
        <Annotation Id="593" Type="SpaceToken" StartNode="1582" EndNode="1583">
            <Feature>
                <Name className="java.lang.String">string</Name>
                <Value className="java.lang.String"></Value>
            </Feature>
            <Feature>
                <Name className="java.lang.String">length</Name>
                <Value className="java.lang.String">1</Value>
            </Feature>
            <Feature>
                <Name className="java.lang.String">kind</Name>
                <Value className="java.lang.String">space</Value>
            </Feature>
        </Annotation>
        <Annotation Id="594" Type="Token" StartNode="1583" EndNode="1590">
            <Feature>
                <Name className="java.lang.String">length</Name>
                <Value className="java.lang.String">7</Value>
            </Feature>
            <Feature>
                <Name className="java.lang.String">orth</Name>
                <Value className="java.lang.String">upperInitial</Value>
            </Feature>
            <Feature>
                <Name className="java.lang.String">string</Name>
                <Value className="java.lang.String">Simonie</Value>
            </Feature>
            <Feature>
                <Name className="java.lang.String">category</Name>
                <Value className="java.lang.String">NNP</Value>
            </Feature>
            <Feature>
                <Name className="java.lang.String">kind</Name>
                <Value className="java.lang.String">word</Value>
            </Feature>
        </Annotation>
        <Annotation Id="595" Type="SpaceToken" StartNode="1590" EndNode="1591">
            <Feature>
                <Name className="java.lang.String">string</Name>
                <Value className="java.lang.String"></Value>
            </Feature>
            <Feature>
                <Name className="java.lang.String">length</Name>
                <Value className="java.lang.String">1</Value>
            </Feature>
            <Feature>
                <Name className="java.lang.String">kind</Name>
                <Value className="java.lang.String">space</Value>
            </Feature>
        </Annotation>
        <Annotation Id="596" Type="Token" StartNode="1591" EndNode="1593">
            <Feature>
                <Name className="java.lang.String">length</Name>
                <Value className="java.lang.String">2</Value>
            </Feature>
            <Feature>
                <Name className="java.lang.String">orth</Name>
                <Value className="java.lang.String">lowercase</Value>
            </Feature>
            <Feature>
                <Name className="java.lang.String">string</Name>
                <Value className="java.lang.String">is</Value>
            </Feature>
            <Feature>
                <Name className="java.lang.String">category</Name>
                <Value className="java.lang.String">VBZ</Value>
            </Feature>
            <Feature>
                <Name className="java.lang.String">kind</Name>
                <Value className="java.lang.String">word</Value>
            </Feature>
        </Annotation>
        <Annotation Id="597" Type="SpaceToken" StartNode="1593" EndNode="1594">
            <Feature>
                <Name className="java.lang.String">string</Name>
                <Value className="java.lang.String"></Value>
            </Feature>
            <Feature>
                <Name className="java.lang.String">length</Name>
                <Value className="java.lang.String">1</Value>
            </Feature>
            <Feature>
                <Name className="java.lang.String">kind</Name>
                <Value className="java.lang.String">space</Value>
            </Feature>
        </Annotation>
        <Annotation Id="598" Type="Token" StartNode="1594" EndNode="1600">
            <Feature>
                <Name className="java.lang.String">length</Name>
                <Value className="java.lang.String">6</Value>
            </Feature>
            <Feature>
                <Name className="java.lang.String">orth</Name>
                <Value className="java.lang.String">lowercase</Value>
            </Feature>
            <Feature>
                <Name className="java.lang.String">string</Name>
                <Value className="java.lang.String">lively</Value>
            </Feature>
            <Feature>
                <Name className="java.lang.String">category</Name>
                <Value className="java.lang.String">JJ</Value>
            </Feature>
            <Feature>
                <Name className="java.lang.String">kind</Name>
                <Value className="java.lang.String">word</Value>
            </Feature>
        </Annotation>
        <Annotation Id="599" Type="SpaceToken" StartNode="1600" EndNode="1601">
            <Feature>
                <Name className="java.lang.String">string</Name>
                <Value className="java.lang.String"></Value>
            </Feature>
            <Feature>
                <Name className="java.lang.String">length</Name>
                <Value className="java.lang.String">1</Value>
            </Feature>
            <Feature>
                <Name className="java.lang.String">kind</Name>
                <Value className="java.lang.String">space</Value>
            </Feature>
        </Annotation>
        <Annotation Id="600" Type="Token" StartNode="1601" EndNode="1604">
            <Feature>
                <Name className="java.lang.String">length</Name>
                <Value className="java.lang.String">3</Value>
            </Feature>
            <Feature>
                <Name className="java.lang.String">orth</Name>
                <Value className="java.lang.String">lowercase</Value>
            </Feature>
            <Feature>
                <Name className="java.lang.String">string</Name>
                <Value className="java.lang.String">and</Value>
            </Feature>
            <Feature>
                <Name className="java.lang.String">category</Name>
                <Value className="java.lang.String">CC</Value>
            </Feature>
            <Feature>
                <Name className="java.lang.String">kind</Name>
                <Value className="java.lang.String">word</Value>
            </Feature>
        </Annotation>
        <Annotation Id="601" Type="SpaceToken" StartNode="1604" EndNode="1605">
            <Feature>
                <Name className="java.lang.String">string</Name>
                <Value className="java.lang.String"></Value>
            </Feature>
            <Feature>
                <Name className="java.lang.String">length</Name>
                <Value className="java.lang.String">1</Value>
            </Feature>
            <Feature>
                <Name className="java.lang.String">kind</Name>
                <Value className="java.lang.String">space</Value>
            </Feature>
        </Annotation>
        <Annotation Id="602" Type="Token" StartNode="1605" EndNode="1610">
            <Feature>
                <Name className="java.lang.String">length</Name>
                <Value className="java.lang.String">5</Value>
            </Feature>
            <Feature>
                <Name className="java.lang.String">orth</Name>
                <Value className="java.lang.String">lowercase</Value>
            </Feature>
            <Feature>
                <Name className="java.lang.String">string</Name>
                <Value className="java.lang.String">vivid</Value>
            </Feature>
            <Feature>
                <Name className="java.lang.String">category</Name>
                <Value className="java.lang.String">JJ</Value>
            </Feature>
            <Feature>
                <Name className="java.lang.String">kind</Name>
                <Value className="java.lang.String">word</Value>
            </Feature>
        </Annotation>
        <Annotation Id="603" Type="Token" StartNode="1610" EndNode="1611">
            <Feature>
                <Name className="java.lang.String">length</Name>
                <Value className="java.lang.String">1</Value>
            </Feature>
            <Feature>
                <Name className="java.lang.String">string</Name>
                <Value className="java.lang.String">,</Value>
            </Feature>
            <Feature>
                <Name className="java.lang.String">category</Name>
                <Value className="java.lang.String">,</Value>
            </Feature>
            <Feature>
                <Name className="java.lang.String">kind</Name>
                <Value className="java.lang.String">punctuation</Value>
            </Feature>
        </Annotation>
        <Annotation Id="604" Type="SpaceToken" StartNode="1611" EndNode="1612">
            <Feature>
                <Name className="java.lang.String">string</Name>
                <Value className="java.lang.String"></Value>
            </Feature>
            <Feature>
                <Name className="java.lang.String">length</Name>
                <Value className="java.lang.String">1</Value>
            </Feature>
            <Feature>
                <Name className="java.lang.String">kind</Name>
                <Value className="java.lang.String">space</Value>
            </Feature>
        </Annotation>
        <Annotation Id="605" Type="Token" StartNode="1612" EndNode="1616">
            <Feature>
                <Name className="java.lang.String">length</Name>
                <Value className="java.lang.String">4</Value>
            </Feature>
            <Feature>
                <Name className="java.lang.String">orth</Name>
                <Value className="java.lang.String">lowercase</Value>
            </Feature>
            <Feature>
                <Name className="java.lang.String">string</Name>
                <Value className="java.lang.String">with</Value>
            </Feature>
            <Feature>
                <Name className="java.lang.String">category</Name>
                <Value className="java.lang.String">IN</Value>
            </Feature>
            <Feature>
                <Name className="java.lang.String">kind</Name>
                <Value className="java.lang.String">word</Value>
            </Feature>
        </Annotation>
        <Annotation Id="606" Type="SpaceToken" StartNode="1616" EndNode="1617">
            <Feature>
                <Name className="java.lang.String">string</Name>
                <Value className="java.lang.String"></Value>
            </Feature>
            <Feature>
                <Name className="java.lang.String">length</Name>
                <Value className="java.lang.String">1</Value>
            </Feature>
            <Feature>
                <Name className="java.lang.String">kind</Name>
                <Value className="java.lang.String">space</Value>
            </Feature>
        </Annotation>
        <Annotation Id="607" Type="Token" StartNode="1617" EndNode="1624">
            <Feature>
                <Name className="java.lang.String">length</Name>
                <Value className="java.lang.String">7</Value>
            </Feature>
            <Feature>
                <Name className="java.lang.String">orth</Name>
                <Value className="java.lang.String">lowercase</Value>
            </Feature>
            <Feature>
                <Name className="java.lang.String">string</Name>
                <Value className="java.lang.String">touches</Value>
            </Feature>
            <Feature>
                <Name className="java.lang.String">category</Name>
                <Value className="java.lang.String">NNS</Value>
            </Feature>
            <Feature>
                <Name className="java.lang.String">kind</Name>
                <Value className="java.lang.String">word</Value>
            </Feature>
        </Annotation>
        <Annotation Id="608" Type="SpaceToken" StartNode="1624" EndNode="1625">
            <Feature>
                <Name className="java.lang.String">string</Name>
                <Value className="java.lang.String"></Value>
            </Feature>
            <Feature>
                <Name className="java.lang.String">length</Name>
                <Value className="java.lang.String">1</Value>
            </Feature>
            <Feature>
                <Name className="java.lang.String">kind</Name>
                <Value className="java.lang.String">space</Value>
            </Feature>
        </Annotation>
        <Annotation Id="609" Type="Token" StartNode="1625" EndNode="1627">
            <Feature>
                <Name className="java.lang.String">length</Name>
                <Value className="java.lang.String">2</Value>
            </Feature>
            <Feature>
                <Name className="java.lang.String">orth</Name>
                <Value className="java.lang.String">lowercase</Value>
            </Feature>
            <Feature>
                <Name className="java.lang.String">string</Name>
                <Value className="java.lang.String">of</Value>
            </Feature>
            <Feature>
                <Name className="java.lang.String">category</Name>
                <Value className="java.lang.String">IN</Value>
            </Feature>
            <Feature>
                <Name className="java.lang.String">kind</Name>
                <Value className="java.lang.String">word</Value>
            </Feature>
        </Annotation>
        <Annotation Id="610" Type="SpaceToken" StartNode="1627" EndNode="1628">
            <Feature>
                <Name className="java.lang.String">string</Name>
                <Value className="java.lang.String"></Value>
            </Feature>
            <Feature>
                <Name className="java.lang.String">length</Name>
                <Value className="java.lang.String">1</Value>
            </Feature>
            <Feature>
                <Name className="java.lang.String">kind</Name>
                <Value className="java.lang.String">space</Value>
            </Feature>
        </Annotation>
        <Annotation Id="611" Type="Token" StartNode="1628" EndNode="1632">
            <Feature>
                <Name className="java.lang.String">length</Name>
                <Value className="java.lang.String">4</Value>
            </Feature>
            <Feature>
                <Name className="java.lang.String">orth</Name>
                <Value className="java.lang.String">lowercase</Value>
            </Feature>
            <Feature>
                <Name className="java.lang.String">string</Name>
                <Value className="java.lang.String">arch</Value>
            </Feature>
            <Feature>
                <Name className="java.lang.String">category</Name>
                <Value className="java.lang.String">VBP</Value>
            </Feature>
            <Feature>
                <Name className="java.lang.String">kind</Name>
                <Value className="java.lang.String">word</Value>
            </Feature>
        </Annotation>
        <Annotation Id="612" Type="SpaceToken" StartNode="1632" EndNode="1633">
            <Feature>
                <Name className="java.lang.String">string</Name>
                <Value className="java.lang.String"></Value>
            </Feature>
            <Feature>
                <Name className="java.lang.String">length</Name>
                <Value className="java.lang.String">1</Value>
            </Feature>
            <Feature>
                <Name className="java.lang.String">kind</Name>
                <Value className="java.lang.String">space</Value>
            </Feature>
        </Annotation>
        <Annotation Id="613" Type="Token" StartNode="1633" EndNode="1636">
            <Feature>
                <Name className="java.lang.String">length</Name>
                <Value className="java.lang.String">3</Value>
            </Feature>
            <Feature>
                <Name className="java.lang.String">orth</Name>
                <Value className="java.lang.String">lowercase</Value>
            </Feature>
            <Feature>
                <Name className="java.lang.String">string</Name>
                <Value className="java.lang.String">wit</Value>
            </Feature>
            <Feature>
                <Name className="java.lang.String">category</Name>
                <Value className="java.lang.String">NN</Value>
            </Feature>
            <Feature>
                <Name className="java.lang.String">kind</Name>
                <Value className="java.lang.String">word</Value>
            </Feature>
        </Annotation>
        <Annotation Id="614" Type="Token" StartNode="1636" EndNode="1637">
            <Feature>
                <Name className="java.lang.String">length</Name>
                <Value className="java.lang.String">1</Value>
            </Feature>
            <Feature>
                <Name className="java.lang.String">string</Name>
                <Value className="java.lang.String">.</Value>
            </Feature>
            <Feature>
                <Name className="java.lang.String">category</Name>
                <Value className="java.lang.String">.</Value>
            </Feature>
            <Feature>
                <Name className="java.lang.String">kind</Name>
                <Value className="java.lang.String">punctuation</Value>
            </Feature>
        </Annotation>
        <Annotation Id="615" Type="SpaceToken" StartNode="1637" EndNode="1638">
            <Feature>
                <Name className="java.lang.String">string</Name>
                <Value className="java.lang.String"></Value>
            </Feature>
            <Feature>
                <Name className="java.lang.String">length</Name>
                <Value className="java.lang.String">1</Value>
            </Feature>
            <Feature>
                <Name className="java.lang.String">kind</Name>
                <Value className="java.lang.String">space</Value>
            </Feature>
        </Annotation>
        <Annotation Id="616" Type="Token" StartNode="1638" EndNode="1639">
            <Feature>
                <Name className="java.lang.String">length</Name>
                <Value className="java.lang.String">1</Value>
            </Feature>
            <Feature>
                <Name className="java.lang.String">orth</Name>
                <Value className="java.lang.String">upperInitial</Value>
            </Feature>
            <Feature>
                <Name className="java.lang.String">string</Name>
                <Value className="java.lang.String">A</Value>
            </Feature>
            <Feature>
                <Name className="java.lang.String">category</Name>
                <Value className="java.lang.String">DT</Value>
            </Feature>
            <Feature>
                <Name className="java.lang.String">kind</Name>
                <Value className="java.lang.String">word</Value>
            </Feature>
        </Annotation>
        <Annotation Id="617" Type="SpaceToken" StartNode="1639" EndNode="1640">
            <Feature>
                <Name className="java.lang.String">string</Name>
                <Value className="java.lang.String"></Value>
            </Feature>
            <Feature>
                <Name className="java.lang.String">length</Name>
                <Value className="java.lang.String">1</Value>
            </Feature>
            <Feature>
                <Name className="java.lang.String">kind</Name>
                <Value className="java.lang.String">space</Value>
            </Feature>
        </Annotation>
        <Annotation Id="618" Type="Token" StartNode="1640" EndNode="1655">
            <Feature>
                <Name className="java.lang.String">length</Name>
                <Value className="java.lang.String">15</Value>
            </Feature>
            <Feature>
                <Name className="java.lang.String">orth</Name>
                <Value className="java.lang.String">lowercase</Value>
            </Feature>
            <Feature>
                <Name className="java.lang.String">string</Name>
                <Value className="java.lang.String">newly-installed</Value>
            </Feature>
            <Feature>
                <Name className="java.lang.String">category</Name>
                <Value className="java.lang.String">JJ</Value>
            </Feature>
            <Feature>
                <Name className="java.lang.String">kind</Name>
                <Value className="java.lang.String">word</Value>
            </Feature>
        </Annotation>
        <Annotation Id="619" Type="SpaceToken" StartNode="1655" EndNode="1656">
            <Feature>
                <Name className="java.lang.String">string</Name>
                <Value className="java.lang.String"></Value>
            </Feature>
            <Feature>
                <Name className="java.lang.String">length</Name>
                <Value className="java.lang.String">1</Value>
            </Feature>
            <Feature>
                <Name className="java.lang.String">kind</Name>
                <Value className="java.lang.String">space</Value>
            </Feature>
        </Annotation>
        <Annotation Id="620" Type="Token" StartNode="1656" EndNode="1662">
            <Feature>
                <Name className="java.lang.String">length</Name>
                <Value className="java.lang.String">6</Value>
            </Feature>
            <Feature>
                <Name className="java.lang.String">orth</Name>
                <Value className="java.lang.String">lowercase</Value>
            </Feature>
            <Feature>
                <Name className="java.lang.String">string</Name>
                <Value className="java.lang.String">parson</Value>
            </Feature>
            <Feature>
                <Name className="java.lang.String">category</Name>
                <Value className="java.lang.String">NN</Value>
            </Feature>
            <Feature>
                <Name className="java.lang.String">kind</Name>
                <Value className="java.lang.String">word</Value>
            </Feature>
        </Annotation>
        <Annotation Id="621" Type="SpaceToken" StartNode="1662" EndNode="1663">
            <Feature>
                <Name className="java.lang.String">string</Name>
                <Value className="java.lang.String"></Value>
            </Feature>
            <Feature>
                <Name className="java.lang.String">length</Name>
                <Value className="java.lang.String">1</Value>
            </Feature>
            <Feature>
                <Name className="java.lang.String">kind</Name>
                <Value className="java.lang.String">space</Value>
            </Feature>
        </Annotation>
        <Annotation Id="622" Type="Token" StartNode="1663" EndNode="1667">
            <Feature>
                <Name className="java.lang.String">length</Name>
                <Value className="java.lang.String">4</Value>
            </Feature>
            <Feature>
                <Name className="java.lang.String">orth</Name>
                <Value className="java.lang.String">lowercase</Value>
            </Feature>
            <Feature>
                <Name className="java.lang.String">string</Name>
                <Value className="java.lang.String">will</Value>
            </Feature>
            <Feature>
                <Name className="java.lang.String">category</Name>
                <Value className="java.lang.String">MD</Value>
            </Feature>
            <Feature>
                <Name className="java.lang.String">kind</Name>
                <Value className="java.lang.String">word</Value>
            </Feature>
        </Annotation>
        <Annotation Id="623" Type="SpaceToken" StartNode="1667" EndNode="1668">
            <Feature>
                <Name className="java.lang.String">string</Name>
                <Value className="java.lang.String"></Value>
            </Feature>
            <Feature>
                <Name className="java.lang.String">length</Name>
                <Value className="java.lang.String">1</Value>
            </Feature>
            <Feature>
                <Name className="java.lang.String">kind</Name>
                <Value className="java.lang.String">space</Value>
            </Feature>
        </Annotation>
        <Annotation Id="624" Type="Token" StartNode="1668" EndNode="1673">
            <Feature>
                <Name className="java.lang.String">length</Name>
                <Value className="java.lang.String">5</Value>
            </Feature>
            <Feature>
                <Name className="java.lang.String">orth</Name>
                <Value className="java.lang.String">lowercase</Value>
            </Feature>
            <Feature>
                <Name className="java.lang.String">string</Name>
                <Value className="java.lang.String">spend</Value>
            </Feature>
            <Feature>
                <Name className="java.lang.String">category</Name>
                <Value className="java.lang.String">VB</Value>
            </Feature>
            <Feature>
                <Name className="java.lang.String">kind</Name>
                <Value className="java.lang.String">word</Value>
            </Feature>
        </Annotation>
        <Annotation Id="625" Type="SpaceToken" StartNode="1673" EndNode="1674">
            <Feature>
                <Name className="java.lang.String">string</Name>
                <Value className="java.lang.String"></Value>
            </Feature>
            <Feature>
                <Name className="java.lang.String">length</Name>
                <Value className="java.lang.String">1</Value>
            </Feature>
            <Feature>
                <Name className="java.lang.String">kind</Name>
                <Value className="java.lang.String">space</Value>
            </Feature>
        </Annotation>
        <Annotation Id="626" Type="Token" StartNode="1674" EndNode="1679">
            <Feature>
                <Name className="java.lang.String">length</Name>
                <Value className="java.lang.String">5</Value>
            </Feature>
            <Feature>
                <Name className="java.lang.String">orth</Name>
                <Value className="java.lang.String">lowercase</Value>
            </Feature>
            <Feature>
                <Name className="java.lang.String">string</Name>
                <Value className="java.lang.String">money</Value>
            </Feature>
            <Feature>
                <Name className="java.lang.String">category</Name>
                <Value className="java.lang.String">NN</Value>
            </Feature>
            <Feature>
                <Name className="java.lang.String">kind</Name>
                <Value className="java.lang.String">word</Value>
            </Feature>
        </Annotation>
        <Annotation Id="627" Type="SpaceToken" StartNode="1679" EndNode="1680">
            <Feature>
                <Name className="java.lang.String">string</Name>
                <Value className="java.lang.String"></Value>
            </Feature>
            <Feature>
                <Name className="java.lang.String">length</Name>
                <Value className="java.lang.String">1</Value>
            </Feature>
            <Feature>
                <Name className="java.lang.String">kind</Name>
                <Value className="java.lang.String">space</Value>
            </Feature>
        </Annotation>
        <Annotation Id="628" Type="Token" StartNode="1680" EndNode="1682">
            <Feature>
                <Name className="java.lang.String">length</Name>
                <Value className="java.lang.String">2</Value>
            </Feature>
            <Feature>
                <Name className="java.lang.String">orth</Name>
                <Value className="java.lang.String">lowercase</Value>
            </Feature>
            <Feature>
                <Name className="java.lang.String">string</Name>
                <Value className="java.lang.String">so</Value>
            </Feature>
            <Feature>
                <Name className="java.lang.String">category</Name>
                <Value className="java.lang.String">RB</Value>
            </Feature>
            <Feature>
                <Name className="java.lang.String">kind</Name>
                <Value className="java.lang.String">word</Value>
            </Feature>
        </Annotation>
        <Annotation Id="629" Type="SpaceToken" StartNode="1682" EndNode="1683">
            <Feature>
                <Name className="java.lang.String">string</Name>
                <Value className="java.lang.String"></Value>
            </Feature>
            <Feature>
                <Name className="java.lang.String">length</Name>
                <Value className="java.lang.String">1</Value>
            </Feature>
            <Feature>
                <Name className="java.lang.String">kind</Name>
                <Value className="java.lang.String">space</Value>
            </Feature>
        </Annotation>
        <Annotation Id="630" Type="Token" StartNode="1683" EndNode="1690">
            <Feature>
                <Name className="java.lang.String">length</Name>
                <Value className="java.lang.String">7</Value>
            </Feature>
            <Feature>
                <Name className="java.lang.String">orth</Name>
                <Value className="java.lang.String">lowercase</Value>
            </Feature>
            <Feature>
                <Name className="java.lang.String">string</Name>
                <Value className="java.lang.String">quickly</Value>
            </Feature>
            <Feature>
                <Name className="java.lang.String">category</Name>
                <Value className="java.lang.String">RB</Value>
            </Feature>
            <Feature>
                <Name className="java.lang.String">kind</Name>
                <Value className="java.lang.String">word</Value>
            </Feature>
        </Annotation>
        <Annotation Id="631" Type="SpaceToken" StartNode="1690" EndNode="1691">
            <Feature>
                <Name className="java.lang.String">string</Name>
                <Value className="java.lang.String"></Value>
            </Feature>
            <Feature>
                <Name className="java.lang.String">length</Name>
                <Value className="java.lang.String">1</Value>
            </Feature>
            <Feature>
                <Name className="java.lang.String">kind</Name>
                <Value className="java.lang.String">space</Value>
            </Feature>
        </Annotation>
        <Annotation Id="632" Type="Token" StartNode="1691" EndNode="1695">
            <Feature>
                <Name className="java.lang.String">length</Name>
                <Value className="java.lang.String">4</Value>
            </Feature>
            <Feature>
                <Name className="java.lang.String">orth</Name>
                <Value className="java.lang.String">lowercase</Value>
            </Feature>
            <Feature>
                <Name className="java.lang.String">string</Name>
                <Value className="java.lang.String">that</Value>
            </Feature>
            <Feature>
                <Name className="java.lang.String">category</Name>
                <Value className="java.lang.String">IN</Value>
            </Feature>
            <Feature>
                <Name className="java.lang.String">kind</Name>
                <Value className="java.lang.String">word</Value>
            </Feature>
        </Annotation>
        <Annotation Id="633" Type="SpaceToken" StartNode="1695" EndNode="1696">
            <Feature>
                <Name className="java.lang.String">string</Name>
                <Value className="java.lang.String"></Value>
            </Feature>
            <Feature>
                <Name className="java.lang.String">length</Name>
                <Value className="java.lang.String">1</Value>
            </Feature>
            <Feature>
                <Name className="java.lang.String">kind</Name>
                <Value className="java.lang.String">space</Value>
            </Feature>
        </Annotation>
        <Annotation Id="634" Type="Token" StartNode="1696" EndNode="1699">
            <Feature>
                <Name className="java.lang.String">length</Name>
                <Value className="java.lang.String">3</Value>
            </Feature>
            <Feature>
                <Name className="java.lang.String">orth</Name>
                <Value className="java.lang.String">lowercase</Value>
            </Feature>
            <Feature>
                <Name className="java.lang.String">string</Name>
                <Value className="java.lang.String">the</Value>
            </Feature>
            <Feature>
                <Name className="java.lang.String">category</Name>
                <Value className="java.lang.String">DT</Value>
            </Feature>
            <Feature>
                <Name className="java.lang.String">kind</Name>
                <Value className="java.lang.String">word</Value>
            </Feature>
        </Annotation>
        <Annotation Id="635" Type="SpaceToken" StartNode="1699" EndNode="1700">
            <Feature>
                <Name className="java.lang.String">string</Name>
                <Value className="java.lang.String"></Value>
            </Feature>
            <Feature>
                <Name className="java.lang.String">length</Name>
                <Value className="java.lang.String">1</Value>
            </Feature>
            <Feature>
                <Name className="java.lang.String">kind</Name>
                <Value className="java.lang.String">space</Value>
            </Feature>
        </Annotation>
        <Annotation Id="636" Type="Token" StartNode="1700" EndNode="1704">
            <Feature>
                <Name className="java.lang.String">length</Name>
                <Value className="java.lang.String">4</Value>
            </Feature>
            <Feature>
                <Name className="java.lang.String">orth</Name>
                <Value className="java.lang.String">lowercase</Value>
            </Feature>
            <Feature>
                <Name className="java.lang.String">string</Name>
                <Value className="java.lang.String">corn</Value>
            </Feature>
            <Feature>
                <Name className="java.lang.String">category</Name>
                <Value className="java.lang.String">NN</Value>
            </Feature>
            <Feature>
                <Name className="java.lang.String">kind</Name>
                <Value className="java.lang.String">word</Value>
            </Feature>
        </Annotation>
        <Annotation Id="637" Type="SpaceToken" StartNode="1704" EndNode="1705">
            <Feature>
                <Name className="java.lang.String">string</Name>
                <Value className="java.lang.String"></Value>
            </Feature>
            <Feature>
                <Name className="java.lang.String">length</Name>
                <Value className="java.lang.String">1</Value>
            </Feature>
            <Feature>
                <Name className="java.lang.String">kind</Name>
                <Value className="java.lang.String">space</Value>
            </Feature>
        </Annotation>
        <Annotation Id="638" Type="Token" StartNode="1705" EndNode="1707">
            <Feature>
                <Name className="java.lang.String">length</Name>
                <Value className="java.lang.String">2</Value>
            </Feature>
            <Feature>
                <Name className="java.lang.String">orth</Name>
                <Value className="java.lang.String">lowercase</Value>
            </Feature>
            <Feature>
                <Name className="java.lang.String">string</Name>
                <Value className="java.lang.String">in</Value>
            </Feature>
            <Feature>
                <Name className="java.lang.String">category</Name>
                <Value className="java.lang.String">IN</Value>
            </Feature>
            <Feature>
                <Name className="java.lang.String">kind</Name>
                <Value className="java.lang.String">word</Value>
            </Feature>
        </Annotation>
        <Annotation Id="639" Type="SpaceToken" StartNode="1707" EndNode="1708">
            <Feature>
                <Name className="java.lang.String">string</Name>
                <Value className="java.lang.String"></Value>
            </Feature>
            <Feature>
                <Name className="java.lang.String">length</Name>
                <Value className="java.lang.String">1</Value>
            </Feature>
            <Feature>
                <Name className="java.lang.String">kind</Name>
                <Value className="java.lang.String">space</Value>
            </Feature>
        </Annotation>
        <Annotation Id="640" Type="Token" StartNode="1708" EndNode="1711">
            <Feature>
                <Name className="java.lang.String">length</Name>
                <Value className="java.lang.String">3</Value>
            </Feature>
            <Feature>
                <Name className="java.lang.String">orth</Name>
                <Value className="java.lang.String">lowercase</Value>
            </Feature>
            <Feature>
                <Name className="java.lang.String">string</Name>
                <Value className="java.lang.String">his</Value>
            </Feature>
            <Feature>
                <Name className="java.lang.String">category</Name>
                <Value className="java.lang.String">PRP$</Value>
            </Feature>
            <Feature>
                <Name className="java.lang.String">kind</Name>
                <Value className="java.lang.String">word</Value>
            </Feature>
        </Annotation>
        <Annotation Id="641" Type="SpaceToken" StartNode="1711" EndNode="1712">
            <Feature>
                <Name className="java.lang.String">string</Name>
                <Value className="java.lang.String"></Value>
            </Feature>
            <Feature>
                <Name className="java.lang.String">length</Name>
                <Value className="java.lang.String">1</Value>
            </Feature>
            <Feature>
                <Name className="java.lang.String">kind</Name>
                <Value className="java.lang.String">space</Value>
            </Feature>
        </Annotation>
        <Annotation Id="642" Type="Token" StartNode="1712" EndNode="1716">
            <Feature>
                <Name className="java.lang.String">length</Name>
                <Value className="java.lang.String">4</Value>
            </Feature>
            <Feature>
                <Name className="java.lang.String">orth</Name>
                <Value className="java.lang.String">lowercase</Value>
            </Feature>
            <Feature>
                <Name className="java.lang.String">string</Name>
                <Value className="java.lang.String">barn</Value>
            </Feature>
            <Feature>
                <Name className="java.lang.String">category</Name>
                <Value className="java.lang.String">NN</Value>
            </Feature>
            <Feature>
                <Name className="java.lang.String">kind</Name>
                <Value className="java.lang.String">word</Value>
            </Feature>
        </Annotation>
        <Annotation Id="643" Type="SpaceToken" StartNode="1716" EndNode="1717">
            <Feature>
                <Name className="java.lang.String">string</Name>
                <Value className="java.lang.String"></Value>
            </Feature>
            <Feature>
                <Name className="java.lang.String">length</Name>
                <Value className="java.lang.String">1</Value>
            </Feature>
            <Feature>
                <Name className="java.lang.String">kind</Name>
                <Value className="java.lang.String">space</Value>
            </Feature>
        </Annotation>
        <Annotation Id="644" Type="Token" StartNode="1717" EndNode="1721">
            <Feature>
                <Name className="java.lang.String">length</Name>
                <Value className="java.lang.String">4</Value>
            </Feature>
            <Feature>
                <Name className="java.lang.String">orth</Name>
                <Value className="java.lang.String">lowercase</Value>
            </Feature>
            <Feature>
                <Name className="java.lang.String">string</Name>
                <Value className="java.lang.String">will</Value>
            </Feature>
            <Feature>
                <Name className="java.lang.String">category</Name>
                <Value className="java.lang.String">MD</Value>
            </Feature>
            <Feature>
                <Name className="java.lang.String">kind</Name>
                <Value className="java.lang.String">word</Value>
            </Feature>
        </Annotation>
        <Annotation Id="645" Type="SpaceToken" StartNode="1721" EndNode="1722">
            <Feature>
                <Name className="java.lang.String">string</Name>
                <Value className="java.lang.String"></Value>
            </Feature>
            <Feature>
                <Name className="java.lang.String">length</Name>
                <Value className="java.lang.String">1</Value>
            </Feature>
            <Feature>
                <Name className="java.lang.String">kind</Name>
                <Value className="java.lang.String">space</Value>
            </Feature>
        </Annotation>
        <Annotation Id="646" Type="Token" StartNode="1722" EndNode="1725">
            <Feature>
                <Name className="java.lang.String">length</Name>
                <Value className="java.lang.String">3</Value>
            </Feature>
            <Feature>
                <Name className="java.lang.String">orth</Name>
                <Value className="java.lang.String">lowercase</Value>
            </Feature>
            <Feature>
                <Name className="java.lang.String">string</Name>
                <Value className="java.lang.String">not</Value>
            </Feature>
            <Feature>
                <Name className="java.lang.String">category</Name>
                <Value className="java.lang.String">RB</Value>
            </Feature>
            <Feature>
                <Name className="java.lang.String">kind</Name>
                <Value className="java.lang.String">word</Value>
            </Feature>
        </Annotation>
        <Annotation Id="647" Type="SpaceToken" StartNode="1725" EndNode="1726">
            <Feature>
                <Name className="java.lang.String">string</Name>
                <Value className="java.lang.String"></Value>
            </Feature>
            <Feature>
                <Name className="java.lang.String">length</Name>
                <Value className="java.lang.String">1</Value>
            </Feature>
            <Feature>
                <Name className="java.lang.String">kind</Name>
                <Value className="java.lang.String">space</Value>
            </Feature>
        </Annotation>
        <Annotation Id="648" Type="Token" StartNode="1726" EndNode="1728">
            <Feature>
                <Name className="java.lang.String">length</Name>
                <Value className="java.lang.String">2</Value>
            </Feature>
            <Feature>
                <Name className="java.lang.String">orth</Name>
                <Value className="java.lang.String">lowercase</Value>
            </Feature>
            <Feature>
                <Name className="java.lang.String">string</Name>
                <Value className="java.lang.String">be</Value>
            </Feature>
            <Feature>
                <Name className="java.lang.String">category</Name>
                <Value className="java.lang.String">VB</Value>
            </Feature>
            <Feature>
                <Name className="java.lang.String">kind</Name>
                <Value className="java.lang.String">word</Value>
            </Feature>
        </Annotation>
        <Annotation Id="649" Type="SpaceToken" StartNode="1728" EndNode="1729">
            <Feature>
                <Name className="java.lang.String">string</Name>
                <Value className="java.lang.String"></Value>
            </Feature>
            <Feature>
                <Name className="java.lang.String">length</Name>
                <Value className="java.lang.String">1</Value>
            </Feature>
            <Feature>
                <Name className="java.lang.String">kind</Name>
                <Value className="java.lang.String">space</Value>
            </Feature>
        </Annotation>
        <Annotation Id="650" Type="Token" StartNode="1729" EndNode="1734">
            <Feature>
                <Name className="java.lang.String">length</Name>
                <Value className="java.lang.String">5</Value>
            </Feature>
            <Feature>
                <Name className="java.lang.String">orth</Name>
                <Value className="java.lang.String">lowercase</Value>
            </Feature>
            <Feature>
                <Name className="java.lang.String">string</Name>
                <Value className="java.lang.String">eaten</Value>
            </Feature>
            <Feature>
                <Name className="java.lang.String">category</Name>
                <Value className="java.lang.String">VBN</Value>
            </Feature>
            <Feature>
                <Name className="java.lang.String">kind</Name>
                <Value className="java.lang.String">word</Value>
            </Feature>
        </Annotation>
        <Annotation Id="651" Type="SpaceToken" StartNode="1734" EndNode="1735">
            <Feature>
                <Name className="java.lang.String">string</Name>
                <Value className="java.lang.String"></Value>
            </Feature>
            <Feature>
                <Name className="java.lang.String">length</Name>
                <Value className="java.lang.String">1</Value>
            </Feature>
            <Feature>
                <Name className="java.lang.String">kind</Name>
                <Value className="java.lang.String">space</Value>
            </Feature>
        </Annotation>
        <Annotation Id="652" Type="Token" StartNode="1735" EndNode="1737">
            <Feature>
                <Name className="java.lang.String">length</Name>
                <Value className="java.lang.String">2</Value>
            </Feature>
            <Feature>
                <Name className="java.lang.String">orth</Name>
                <Value className="java.lang.String">lowercase</Value>
            </Feature>
            <Feature>
                <Name className="java.lang.String">string</Name>
                <Value className="java.lang.String">by</Value>
            </Feature>
            <Feature>
                <Name className="java.lang.String">category</Name>
                <Value className="java.lang.String">IN</Value>
            </Feature>
            <Feature>
                <Name className="java.lang.String">kind</Name>
                <Value className="java.lang.String">word</Value>
            </Feature>
        </Annotation>
        <Annotation Id="653" Type="SpaceToken" StartNode="1737" EndNode="1738">
            <Feature>
                <Name className="java.lang.String">string</Name>
                <Value className="java.lang.String"></Value>
            </Feature>
            <Feature>
                <Name className="java.lang.String">length</Name>
                <Value className="java.lang.String">1</Value>
            </Feature>
            <Feature>
                <Name className="java.lang.String">kind</Name>
                <Value className="java.lang.String">space</Value>
            </Feature>
        </Annotation>
        <Annotation Id="654" Type="Token" StartNode="1738" EndNode="1742">
            <Feature>
                <Name className="java.lang.String">length</Name>
                <Value className="java.lang.String">4</Value>
            </Feature>
            <Feature>
                <Name className="java.lang.String">orth</Name>
                <Value className="java.lang.String">lowercase</Value>
            </Feature>
            <Feature>
                <Name className="java.lang.String">string</Name>
                <Value className="java.lang.String">mice</Value>
            </Feature>
            <Feature>
                <Name className="java.lang.String">category</Name>
                <Value className="java.lang.String">NNS</Value>
            </Feature>
            <Feature>
                <Name className="java.lang.String">kind</Name>
                <Value className="java.lang.String">word</Value>
            </Feature>
        </Annotation>
        <Annotation Id="655" Type="SpaceToken" StartNode="1742" EndNode="1743">
            <Feature>
                <Name className="java.lang.String">string</Name>
                <Value className="java.lang.String"></Value>
            </Feature>
            <Feature>
                <Name className="java.lang.String">length</Name>
                <Value className="java.lang.String">1</Value>
            </Feature>
            <Feature>
                <Name className="java.lang.String">kind</Name>
                <Value className="java.lang.String">space</Value>
            </Feature>
        </Annotation>
        <Annotation Id="656" Type="Token" StartNode="1743" EndNode="1744">
            <Feature>
                <Name className="java.lang.String">length</Name>
                <Value className="java.lang.String">1</Value>
            </Feature>
            <Feature>
                <Name className="java.lang.String">position</Name>
                <Value className="java.lang.String">startpunct</Value>
            </Feature>
            <Feature>
                <Name className="java.lang.String">string</Name>
                <Value className="java.lang.String">(</Value>
            </Feature>
            <Feature>
                <Name className="java.lang.String">category</Name>
                <Value className="java.lang.String">(</Value>
            </Feature>
            <Feature>
                <Name className="java.lang.String">kind</Name>
                <Value className="java.lang.String">punctuation</Value>
            </Feature>
        </Annotation>
        <Annotation Id="657" Type="Token" StartNode="1744" EndNode="1749">
            <Feature>
                <Name className="java.lang.String">length</Name>
                <Value className="java.lang.String">5</Value>
            </Feature>
            <Feature>
                <Name className="java.lang.String">orth</Name>
                <Value className="java.lang.String">lowercase</Value>
            </Feature>
            <Feature>
                <Name className="java.lang.String">string</Name>
                <Value className="java.lang.String">lines</Value>
            </Feature>
            <Feature>
                <Name className="java.lang.String">category</Name>
                <Value className="java.lang.String">NNS</Value>
            </Feature>
            <Feature>
                <Name className="java.lang.String">kind</Name>
                <Value className="java.lang.String">word</Value>
            </Feature>
        </Annotation>
        <Annotation Id="658" Type="SpaceToken" StartNode="1749" EndNode="1750">
            <Feature>
                <Name className="java.lang.String">string</Name>
                <Value className="java.lang.String"></Value>
            </Feature>
            <Feature>
                <Name className="java.lang.String">length</Name>
                <Value className="java.lang.String">1</Value>
            </Feature>
            <Feature>
                <Name className="java.lang.String">kind</Name>
                <Value className="java.lang.String">space</Value>
            </Feature>
        </Annotation>
        <Annotation Id="659" Type="Token" StartNode="1750" EndNode="1752">
            <Feature>
                <Name className="java.lang.String">length</Name>
                <Value className="java.lang.String">2</Value>
            </Feature>
            <Feature>
                <Name className="java.lang.String">string</Name>
                <Value className="java.lang.String">69</Value>
            </Feature>
            <Feature>
                <Name className="java.lang.String">category</Name>
                <Value className="java.lang.String">CD</Value>
            </Feature>
            <Feature>
                <Name className="java.lang.String">kind</Name>
                <Value className="java.lang.String">number</Value>
            </Feature>
        </Annotation>
        <Annotation Id="660" Type="Token" StartNode="1752" EndNode="1753">
            <Feature>
                <Name className="java.lang.String">length</Name>
                <Value className="java.lang.String">1</Value>
            </Feature>
            <Feature>
                <Name className="java.lang.String">string</Name>
                <Value className="java.lang.String">-</Value>
            </Feature>
            <Feature>
                <Name className="java.lang.String">category</Name>
                <Value className="java.lang.String">:</Value>
            </Feature>
            <Feature>
                <Name className="java.lang.String">kind</Name>
                <Value className="java.lang.String">punctuation</Value>
            </Feature>
            <Feature>
                <Name className="java.lang.String">subkind</Name>
                <Value className="java.lang.String">dashpunct</Value>
            </Feature>
        </Annotation>
        <Annotation Id="661" Type="Token" StartNode="1753" EndNode="1755">
            <Feature>
                <Name className="java.lang.String">length</Name>
                <Value className="java.lang.String">2</Value>
            </Feature>
            <Feature>
                <Name className="java.lang.String">string</Name>
                <Value className="java.lang.String">70</Value>
            </Feature>
            <Feature>
                <Name className="java.lang.String">category</Name>
                <Value className="java.lang.String">CD</Value>
            </Feature>
            <Feature>
                <Name className="java.lang.String">kind</Name>
                <Value className="java.lang.String">number</Value>
            </Feature>
        </Annotation>
        <Annotation Id="662" Type="Token" StartNode="1755" EndNode="1756">
            <Feature>
                <Name className="java.lang.String">length</Name>
                <Value className="java.lang.String">1</Value>
            </Feature>
            <Feature>
                <Name className="java.lang.String">position</Name>
                <Value className="java.lang.String">endpunct</Value>
            </Feature>
            <Feature>
                <Name className="java.lang.String">string</Name>
                <Value className="java.lang.String">)</Value>
            </Feature>
            <Feature>
                <Name className="java.lang.String">category</Name>
                <Value className="java.lang.String">)</Value>
            </Feature>
            <Feature>
                <Name className="java.lang.String">kind</Name>
                <Value className="java.lang.String">punctuation</Value>
            </Feature>
        </Annotation>
        <Annotation Id="663" Type="Token" StartNode="1756" EndNode="1757">
            <Feature>
                <Name className="java.lang.String">length</Name>
                <Value className="java.lang.String">1</Value>
            </Feature>
            <Feature>
                <Name className="java.lang.String">string</Name>
                <Value className="java.lang.String">.</Value>
            </Feature>
            <Feature>
                <Name className="java.lang.String">category</Name>
                <Value className="java.lang.String">.</Value>
            </Feature>
            <Feature>
                <Name className="java.lang.String">kind</Name>
                <Value className="java.lang.String">punctuation</Value>
            </Feature>
        </Annotation>
        <Annotation Id="664" Type="SpaceToken" StartNode="1757" EndNode="1758">
            <Feature>
                <Name className="java.lang.String">string</Name>
                <Value className="java.lang.String"></Value>
            </Feature>
            <Feature>
                <Name className="java.lang.String">length</Name>
                <Value className="java.lang.String">1</Value>
            </Feature>
            <Feature>
                <Name className="java.lang.String">kind</Name>
                <Value className="java.lang.String">space</Value>
            </Feature>
        </Annotation>
        <Annotation Id="665" Type="Token" StartNode="1758" EndNode="1762">
            <Feature>
                <Name className="java.lang.String">length</Name>
                <Value className="java.lang.String">4</Value>
            </Feature>
            <Feature>
                <Name className="java.lang.String">orth</Name>
                <Value className="java.lang.String">upperInitial</Value>
            </Feature>
            <Feature>
                <Name className="java.lang.String">string</Name>
                <Value className="java.lang.String">What</Value>
            </Feature>
            <Feature>
                <Name className="java.lang.String">category</Name>
                <Value className="java.lang.String">WP</Value>
            </Feature>
            <Feature>
                <Name className="java.lang.String">kind</Name>
                <Value className="java.lang.String">word</Value>
            </Feature>
        </Annotation>
        <Annotation Id="666" Type="SpaceToken" StartNode="1762" EndNode="1763">
            <Feature>
                <Name className="java.lang.String">string</Name>
                <Value className="java.lang.String"></Value>
            </Feature>
            <Feature>
                <Name className="java.lang.String">length</Name>
                <Value className="java.lang.String">1</Value>
            </Feature>
            <Feature>
                <Name className="java.lang.String">kind</Name>
                <Value className="java.lang.String">space</Value>
            </Feature>
        </Annotation>
        <Annotation Id="667" Type="Token" StartNode="1763" EndNode="1767">
            <Feature>
                <Name className="java.lang.String">length</Name>
                <Value className="java.lang.String">4</Value>
            </Feature>
            <Feature>
                <Name className="java.lang.String">orth</Name>
                <Value className="java.lang.String">lowercase</Value>
            </Feature>
            <Feature>
                <Name className="java.lang.String">string</Name>
                <Value className="java.lang.String">kind</Value>
            </Feature>
            <Feature>
                <Name className="java.lang.String">category</Name>
                <Value className="java.lang.String">NN</Value>
            </Feature>
            <Feature>
                <Name className="java.lang.String">kind</Name>
                <Value className="java.lang.String">word</Value>
            </Feature>
        </Annotation>
        <Annotation Id="668" Type="SpaceToken" StartNode="1767" EndNode="1768">
            <Feature>
                <Name className="java.lang.String">string</Name>
                <Value className="java.lang.String"></Value>
            </Feature>
            <Feature>
                <Name className="java.lang.String">length</Name>
                <Value className="java.lang.String">1</Value>
            </Feature>
            <Feature>
                <Name className="java.lang.String">kind</Name>
                <Value className="java.lang.String">space</Value>
            </Feature>
        </Annotation>
        <Annotation Id="669" Type="Token" StartNode="1768" EndNode="1770">
            <Feature>
                <Name className="java.lang.String">length</Name>
                <Value className="java.lang.String">2</Value>
            </Feature>
            <Feature>
                <Name className="java.lang.String">orth</Name>
                <Value className="java.lang.String">lowercase</Value>
            </Feature>
            <Feature>
                <Name className="java.lang.String">string</Name>
                <Value className="java.lang.String">of</Value>
            </Feature>
            <Feature>
                <Name className="java.lang.String">category</Name>
                <Value className="java.lang.String">IN</Value>
            </Feature>
            <Feature>
                <Name className="java.lang.String">kind</Name>
                <Value className="java.lang.String">word</Value>
            </Feature>
        </Annotation>
        <Annotation Id="670" Type="SpaceToken" StartNode="1770" EndNode="1771">
            <Feature>
                <Name className="java.lang.String">string</Name>
                <Value className="java.lang.String"></Value>
            </Feature>
            <Feature>
                <Name className="java.lang.String">length</Name>
                <Value className="java.lang.String">1</Value>
            </Feature>
            <Feature>
                <Name className="java.lang.String">kind</Name>
                <Value className="java.lang.String">space</Value>
            </Feature>
        </Annotation>
        <Annotation Id="671" Type="Token" StartNode="1771" EndNode="1772">
            <Feature>
                <Name className="java.lang.String">length</Name>
                <Value className="java.lang.String">1</Value>
            </Feature>
            <Feature>
                <Name className="java.lang.String">string</Name>
                <Value className="java.lang.String">"</Value>
            </Feature>
            <Feature>
                <Name className="java.lang.String">category</Name>
                <Value className="java.lang.String">''</Value>
            </Feature>
            <Feature>
                <Name className="java.lang.String">kind</Name>
                <Value className="java.lang.String">punctuation</Value>
            </Feature>
        </Annotation>
        <Annotation Id="672" Type="Token" StartNode="1772" EndNode="1779">
            <Feature>
                <Name className="java.lang.String">length</Name>
                <Value className="java.lang.String">7</Value>
            </Feature>
            <Feature>
                <Name className="java.lang.String">orth</Name>
                <Value className="java.lang.String">lowercase</Value>
            </Feature>
            <Feature>
                <Name className="java.lang.String">string</Name>
                <Value className="java.lang.String">penance</Value>
            </Feature>
            <Feature>
                <Name className="java.lang.String">category</Name>
                <Value className="java.lang.String">NN</Value>
            </Feature>
            <Feature>
                <Name className="java.lang.String">kind</Name>
                <Value className="java.lang.String">word</Value>
            </Feature>
        </Annotation>
        <Annotation Id="673" Type="Token" StartNode="1779" EndNode="1780">
            <Feature>
                <Name className="java.lang.String">length</Name>
                <Value className="java.lang.String">1</Value>
            </Feature>
            <Feature>
                <Name className="java.lang.String">string</Name>
                <Value className="java.lang.String">"</Value>
            </Feature>
            <Feature>
                <Name className="java.lang.String">category</Name>
                <Value className="java.lang.String">''</Value>
            </Feature>
            <Feature>
                <Name className="java.lang.String">kind</Name>
                <Value className="java.lang.String">punctuation</Value>
            </Feature>
        </Annotation>
        <Annotation Id="674" Type="SpaceToken" StartNode="1780" EndNode="1781">
            <Feature>
                <Name className="java.lang.String">string</Name>
                <Value className="java.lang.String"></Value>
            </Feature>
            <Feature>
                <Name className="java.lang.String">length</Name>
                <Value className="java.lang.String">1</Value>
            </Feature>
            <Feature>
                <Name className="java.lang.String">kind</Name>
                <Value className="java.lang.String">space</Value>
            </Feature>
        </Annotation>
        <Annotation Id="675" Type="Token" StartNode="1781" EndNode="1783">
            <Feature>
                <Name className="java.lang.String">length</Name>
                <Value className="java.lang.String">2</Value>
            </Feature>
            <Feature>
                <Name className="java.lang.String">orth</Name>
                <Value className="java.lang.String">lowercase</Value>
            </Feature>
            <Feature>
                <Name className="java.lang.String">string</Name>
                <Value className="java.lang.String">do</Value>
            </Feature>
            <Feature>
                <Name className="java.lang.String">category</Name>
                <Value className="java.lang.String">VBP</Value>
            </Feature>
            <Feature>
                <Name className="java.lang.String">kind</Name>
                <Value className="java.lang.String">word</Value>
            </Feature>
        </Annotation>
        <Annotation Id="676" Type="SpaceToken" StartNode="1783" EndNode="1784">
            <Feature>
                <Name className="java.lang.String">string</Name>
                <Value className="java.lang.String"></Value>
            </Feature>
            <Feature>
                <Name className="java.lang.String">length</Name>
                <Value className="java.lang.String">1</Value>
            </Feature>
            <Feature>
                <Name className="java.lang.String">kind</Name>
                <Value className="java.lang.String">space</Value>
            </Feature>
        </Annotation>
        <Annotation Id="677" Type="Token" StartNode="1784" EndNode="1789">
            <Feature>
                <Name className="java.lang.String">length</Name>
                <Value className="java.lang.String">5</Value>
            </Feature>
            <Feature>
                <Name className="java.lang.String">orth</Name>
                <Value className="java.lang.String">lowercase</Value>
            </Feature>
            <Feature>
                <Name className="java.lang.String">string</Name>
                <Value className="java.lang.String">monks</Value>
            </Feature>
            <Feature>
                <Name className="java.lang.String">category</Name>
                <Value className="java.lang.String">NNS</Value>
            </Feature>
            <Feature>
                <Name className="java.lang.String">kind</Name>
                <Value className="java.lang.String">word</Value>
            </Feature>
        </Annotation>
        <Annotation Id="678" Type="SpaceToken" StartNode="1789" EndNode="1790">
            <Feature>
                <Name className="java.lang.String">string</Name>
                <Value className="java.lang.String"></Value>
            </Feature>
            <Feature>
                <Name className="java.lang.String">length</Name>
                <Value className="java.lang.String">1</Value>
            </Feature>
            <Feature>
                <Name className="java.lang.String">kind</Name>
                <Value className="java.lang.String">space</Value>
            </Feature>
        </Annotation>
        <Annotation Id="679" Type="Token" StartNode="1790" EndNode="1797">
            <Feature>
                <Name className="java.lang.String">length</Name>
                <Value className="java.lang.String">7</Value>
            </Feature>
            <Feature>
                <Name className="java.lang.String">orth</Name>
                <Value className="java.lang.String">lowercase</Value>
            </Feature>
            <Feature>
                <Name className="java.lang.String">string</Name>
                <Value className="java.lang.String">perform</Value>
            </Feature>
            <Feature>
                <Name className="java.lang.String">category</Name>
                <Value className="java.lang.String">VBP</Value>
            </Feature>
            <Feature>
                <Name className="java.lang.String">kind</Name>
                <Value className="java.lang.String">word</Value>
            </Feature>
        </Annotation>
        <Annotation Id="680" Type="Token" StartNode="1797" EndNode="1798">
            <Feature>
                <Name className="java.lang.String">length</Name>
                <Value className="java.lang.String">1</Value>
            </Feature>
            <Feature>
                <Name className="java.lang.String">string</Name>
                <Value className="java.lang.String">?</Value>
            </Feature>
            <Feature>
                <Name className="java.lang.String">category</Name>
                <Value className="java.lang.String">.</Value>
            </Feature>
            <Feature>
                <Name className="java.lang.String">kind</Name>
                <Value className="java.lang.String">punctuation</Value>
            </Feature>
        </Annotation>
        <Annotation Id="681" Type="SpaceToken" StartNode="1798" EndNode="1799">
            <Feature>
                <Name className="java.lang.String">string</Name>
                <Value className="java.lang.String"></Value>
            </Feature>
            <Feature>
                <Name className="java.lang.String">length</Name>
                <Value className="java.lang.String">1</Value>
            </Feature>
            <Feature>
                <Name className="java.lang.String">kind</Name>
                <Value className="java.lang.String">space</Value>
            </Feature>
        </Annotation>
        <Annotation Id="682" Type="Token" StartNode="1799" EndNode="1800">
            <Feature>
                <Name className="java.lang.String">length</Name>
                <Value className="java.lang.String">1</Value>
            </Feature>
            <Feature>
                <Name className="java.lang.String">string</Name>
                <Value className="java.lang.String">"</Value>
            </Feature>
            <Feature>
                <Name className="java.lang.String">category</Name>
                <Value className="java.lang.String">''</Value>
            </Feature>
            <Feature>
                <Name className="java.lang.String">kind</Name>
                <Value className="java.lang.String">punctuation</Value>
            </Feature>
        </Annotation>
        <Annotation Id="683" Type="Token" StartNode="1800" EndNode="1803">
            <Feature>
                <Name className="java.lang.String">length</Name>
                <Value className="java.lang.String">3</Value>
            </Feature>
            <Feature>
                <Name className="java.lang.String">orth</Name>
                <Value className="java.lang.String">upperInitial</Value>
            </Feature>
            <Feature>
                <Name className="java.lang.String">string</Name>
                <Value className="java.lang.String">Hii</Value>
            </Feature>
            <Feature>
                <Name className="java.lang.String">category</Name>
                <Value className="java.lang.String">NNP</Value>
            </Feature>
            <Feature>
                <Name className="java.lang.String">kind</Name>
                <Value className="java.lang.String">word</Value>
            </Feature>
        </Annotation>
        <Annotation Id="684" Type="SpaceToken" StartNode="1803" EndNode="1804">
            <Feature>
                <Name className="java.lang.String">string</Name>
                <Value className="java.lang.String"></Value>
            </Feature>
            <Feature>
                <Name className="java.lang.String">length</Name>
                <Value className="java.lang.String">1</Value>
            </Feature>
            <Feature>
                <Name className="java.lang.String">kind</Name>
                <Value className="java.lang.String">space</Value>
            </Feature>
        </Annotation>
        <Annotation Id="685" Type="Token" StartNode="1804" EndNode="1809">
            <Feature>
                <Name className="java.lang.String">length</Name>
                <Value className="java.lang.String">5</Value>
            </Feature>
            <Feature>
                <Name className="java.lang.String">orth</Name>
                <Value className="java.lang.String">lowercase</Value>
            </Feature>
            <Feature>
                <Name className="java.lang.String">string</Name>
                <Value className="java.lang.String">weren</Value>
            </Feature>
            <Feature>
                <Name className="java.lang.String">category</Name>
                <Value className="java.lang.String">NN</Value>
            </Feature>
            <Feature>
                <Name className="java.lang.String">kind</Name>
                <Value className="java.lang.String">word</Value>
            </Feature>
        </Annotation>
        <Annotation Id="686" Type="SpaceToken" StartNode="1809" EndNode="1810">
            <Feature>
                <Name className="java.lang.String">string</Name>
                <Value className="java.lang.String"></Value>
            </Feature>
            <Feature>
                <Name className="java.lang.String">length</Name>
                <Value className="java.lang.String">1</Value>
            </Feature>
            <Feature>
                <Name className="java.lang.String">kind</Name>
                <Value className="java.lang.String">space</Value>
            </Feature>
        </Annotation>
        <Annotation Id="687" Type="Token" StartNode="1810" EndNode="1816">
            <Feature>
                <Name className="java.lang.String">length</Name>
                <Value className="java.lang.String">6</Value>
            </Feature>
            <Feature>
                <Name className="java.lang.String">orth</Name>
                <Value className="java.lang.String">lowercase</Value>
            </Feature>
            <Feature>
                <Name className="java.lang.String">string</Name>
                <Value className="java.lang.String">sockes</Value>
            </Feature>
            <Feature>
                <Name className="java.lang.String">category</Name>
                <Value className="java.lang.String">NNS</Value>
            </Feature>
            <Feature>
                <Name className="java.lang.String">kind</Name>
                <Value className="java.lang.String">word</Value>
            </Feature>
        </Annotation>
        <Annotation Id="688" Type="SpaceToken" StartNode="1816" EndNode="1817">
            <Feature>
                <Name className="java.lang.String">string</Name>
                <Value className="java.lang.String"></Value>
            </Feature>
            <Feature>
                <Name className="java.lang.String">length</Name>
                <Value className="java.lang.String">1</Value>
            </Feature>
            <Feature>
                <Name className="java.lang.String">kind</Name>
                <Value className="java.lang.String">space</Value>
            </Feature>
        </Annotation>
        <Annotation Id="689" Type="Token" StartNode="1817" EndNode="1819">
            <Feature>
                <Name className="java.lang.String">length</Name>
                <Value className="java.lang.String">2</Value>
            </Feature>
            <Feature>
                <Name className="java.lang.String">orth</Name>
                <Value className="java.lang.String">lowercase</Value>
            </Feature>
            <Feature>
                <Name className="java.lang.String">string</Name>
                <Value className="java.lang.String">in</Value>
            </Feature>
            <Feature>
                <Name className="java.lang.String">category</Name>
                <Value className="java.lang.String">IN</Value>
            </Feature>
            <Feature>
                <Name className="java.lang.String">kind</Name>
                <Value className="java.lang.String">word</Value>
            </Feature>
        </Annotation>
        <Annotation Id="690" Type="SpaceToken" StartNode="1819" EndNode="1820">
            <Feature>
                <Name className="java.lang.String">string</Name>
                <Value className="java.lang.String"></Value>
            </Feature>
            <Feature>
                <Name className="java.lang.String">length</Name>
                <Value className="java.lang.String">1</Value>
            </Feature>
            <Feature>
                <Name className="java.lang.String">kind</Name>
                <Value className="java.lang.String">space</Value>
            </Feature>
        </Annotation>
        <Annotation Id="691" Type="Token" StartNode="1820" EndNode="1824">
            <Feature>
                <Name className="java.lang.String">length</Name>
                <Value className="java.lang.String">4</Value>
            </Feature>
            <Feature>
                <Name className="java.lang.String">orth</Name>
                <Value className="java.lang.String">lowercase</Value>
            </Feature>
            <Feature>
                <Name className="java.lang.String">string</Name>
                <Value className="java.lang.String">here</Value>
            </Feature>
            <Feature>
                <Name className="java.lang.String">category</Name>
                <Value className="java.lang.String">RB</Value>
            </Feature>
            <Feature>
                <Name className="java.lang.String">kind</Name>
                <Value className="java.lang.String">word</Value>
            </Feature>
        </Annotation>
        <Annotation Id="692" Type="SpaceToken" StartNode="1824" EndNode="1825">
            <Feature>
                <Name className="java.lang.String">string</Name>
                <Value className="java.lang.String"></Value>
            </Feature>
            <Feature>
                <Name className="java.lang.String">length</Name>
                <Value className="java.lang.String">1</Value>
            </Feature>
            <Feature>
                <Name className="java.lang.String">kind</Name>
                <Value className="java.lang.String">space</Value>
            </Feature>
        </Annotation>
        <Annotation Id="693" Type="Token" StartNode="1825" EndNode="1829">
            <Feature>
                <Name className="java.lang.String">length</Name>
                <Value className="java.lang.String">4</Value>
            </Feature>
            <Feature>
                <Name className="java.lang.String">orth</Name>
                <Value className="java.lang.String">lowercase</Value>
            </Feature>
            <Feature>
                <Name className="java.lang.String">string</Name>
                <Value className="java.lang.String">shon</Value>
            </Feature>
            <Feature>
                <Name className="java.lang.String">category</Name>
                <Value className="java.lang.String">NN</Value>
            </Feature>
            <Feature>
                <Name className="java.lang.String">kind</Name>
                <Value className="java.lang.String">word</Value>
            </Feature>
        </Annotation>
        <Annotation Id="694" Type="SpaceToken" StartNode="1829" EndNode="1830">
            <Feature>
                <Name className="java.lang.String">string</Name>
                <Value className="java.lang.String"></Value>
            </Feature>
            <Feature>
                <Name className="java.lang.String">length</Name>
                <Value className="java.lang.String">1</Value>
            </Feature>
            <Feature>
                <Name className="java.lang.String">kind</Name>
                <Value className="java.lang.String">space</Value>
            </Feature>
        </Annotation>
        <Annotation Id="695" Type="Token" StartNode="1830" EndNode="1831">
            <Feature>
                <Name className="java.lang.String">length</Name>
                <Value className="java.lang.String">1</Value>
            </Feature>
            <Feature>
                <Name className="java.lang.String">position</Name>
                <Value className="java.lang.String">startpunct</Value>
            </Feature>
            <Feature>
                <Name className="java.lang.String">string</Name>
                <Value className="java.lang.String">[</Value>
            </Feature>
            <Feature>
                <Name className="java.lang.String">category</Name>
                <Value className="java.lang.String">NN</Value>
            </Feature>
            <Feature>
                <Name className="java.lang.String">kind</Name>
                <Value className="java.lang.String">punctuation</Value>
            </Feature>
        </Annotation>
        <Annotation Id="696" Type="Token" StartNode="1831" EndNode="1836">
            <Feature>
                <Name className="java.lang.String">length</Name>
                <Value className="java.lang.String">5</Value>
            </Feature>
            <Feature>
                <Name className="java.lang.String">orth</Name>
                <Value className="java.lang.String">lowercase</Value>
            </Feature>
            <Feature>
                <Name className="java.lang.String">string</Name>
                <Value className="java.lang.String">shoes</Value>
            </Feature>
            <Feature>
                <Name className="java.lang.String">category</Name>
                <Value className="java.lang.String">NNS</Value>
            </Feature>
            <Feature>
                <Name className="java.lang.String">kind</Name>
                <Value className="java.lang.String">word</Value>
            </Feature>
        </Annotation>
        <Annotation Id="697" Type="Token" StartNode="1836" EndNode="1837">
            <Feature>
                <Name className="java.lang.String">length</Name>
                <Value className="java.lang.String">1</Value>
            </Feature>
            <Feature>
                <Name className="java.lang.String">position</Name>
                <Value className="java.lang.String">endpunct</Value>
            </Feature>
            <Feature>
                <Name className="java.lang.String">string</Name>
                <Value className="java.lang.String">]</Value>
            </Feature>
            <Feature>
                <Name className="java.lang.String">category</Name>
                <Value className="java.lang.String">NN</Value>
            </Feature>
            <Feature>
                <Name className="java.lang.String">kind</Name>
                <Value className="java.lang.String">punctuation</Value>
            </Feature>
        </Annotation>
        <Annotation Id="698" Type="Token" StartNode="1837" EndNode="1838">
            <Feature>
                <Name className="java.lang.String">length</Name>
                <Value className="java.lang.String">1</Value>
            </Feature>
            <Feature>
                <Name className="java.lang.String">string</Name>
                <Value className="java.lang.String">,</Value>
            </Feature>
            <Feature>
                <Name className="java.lang.String">category</Name>
                <Value className="java.lang.String">,</Value>
            </Feature>
            <Feature>
                <Name className="java.lang.String">kind</Name>
                <Value className="java.lang.String">punctuation</Value>
            </Feature>
        </Annotation>
        <Annotation Id="699" Type="SpaceToken" StartNode="1838" EndNode="1839">
            <Feature>
                <Name className="java.lang.String">string</Name>
                <Value className="java.lang.String"></Value>
            </Feature>
            <Feature>
                <Name className="java.lang.String">length</Name>
                <Value className="java.lang.String">1</Value>
            </Feature>
            <Feature>
                <Name className="java.lang.String">kind</Name>
                <Value className="java.lang.String">space</Value>
            </Feature>
        </Annotation>
        <Annotation Id="700" Type="Token" StartNode="1839" EndNode="1842">
            <Feature>
                <Name className="java.lang.String">length</Name>
                <Value className="java.lang.String">3</Value>
            </Feature>
            <Feature>
                <Name className="java.lang.String">orth</Name>
                <Value className="java.lang.String">lowercase</Value>
            </Feature>
            <Feature>
                <Name className="java.lang.String">string</Name>
                <Value className="java.lang.String">and</Value>
            </Feature>
            <Feature>
                <Name className="java.lang.String">category</Name>
                <Value className="java.lang.String">CC</Value>
            </Feature>
            <Feature>
                <Name className="java.lang.String">kind</Name>
                <Value className="java.lang.String">word</Value>
            </Feature>
        </Annotation>
        <Annotation Id="701" Type="SpaceToken" StartNode="1842" EndNode="1843">
            <Feature>
                <Name className="java.lang.String">string</Name>
                <Value className="java.lang.String"></Value>
            </Feature>
            <Feature>
                <Name className="java.lang.String">length</Name>
                <Value className="java.lang.String">1</Value>
            </Feature>
            <Feature>
                <Name className="java.lang.String">kind</Name>
                <Value className="java.lang.String">space</Value>
            </Feature>
        </Annotation>
        <Annotation Id="702" Type="Token" StartNode="1843" EndNode="1849">
            <Feature>
                <Name className="java.lang.String">length</Name>
                <Value className="java.lang.String">6</Value>
            </Feature>
            <Feature>
                <Name className="java.lang.String">orth</Name>
                <Value className="java.lang.String">lowercase</Value>
            </Feature>
            <Feature>
                <Name className="java.lang.String">string</Name>
                <Value className="java.lang.String">felted</Value>
            </Feature>
            <Feature>
                <Name className="java.lang.String">category</Name>
                <Value className="java.lang.String">JJ</Value>
            </Feature>
            <Feature>
                <Name className="java.lang.String">kind</Name>
                <Value className="java.lang.String">word</Value>
            </Feature>
        </Annotation>
        <Annotation Id="703" Type="SpaceToken" StartNode="1849" EndNode="1850">
            <Feature>
                <Name className="java.lang.String">string</Name>
                <Value className="java.lang.String"></Value>
            </Feature>
            <Feature>
                <Name className="java.lang.String">length</Name>
                <Value className="java.lang.String">1</Value>
            </Feature>
            <Feature>
                <Name className="java.lang.String">kind</Name>
                <Value className="java.lang.String">space</Value>
            </Feature>
        </Annotation>
        <Annotation Id="704" Type="Token" StartNode="1850" EndNode="1855">
            <Feature>
                <Name className="java.lang.String">length</Name>
                <Value className="java.lang.String">5</Value>
            </Feature>
            <Feature>
                <Name className="java.lang.String">orth</Name>
                <Value className="java.lang.String">lowercase</Value>
            </Feature>
            <Feature>
                <Name className="java.lang.String">string</Name>
                <Value className="java.lang.String">botes</Value>
            </Feature>
            <Feature>
                <Name className="java.lang.String">category</Name>
                <Value className="java.lang.String">NNS</Value>
            </Feature>
            <Feature>
                <Name className="java.lang.String">kind</Name>
                <Value className="java.lang.String">word</Value>
            </Feature>
        </Annotation>
        <Annotation Id="705" Type="SpaceToken" StartNode="1855" EndNode="1856">
            <Feature>
                <Name className="java.lang.String">string</Name>
                <Value className="java.lang.String"></Value>
            </Feature>
            <Feature>
                <Name className="java.lang.String">length</Name>
                <Value className="java.lang.String">1</Value>
            </Feature>
            <Feature>
                <Name className="java.lang.String">kind</Name>
                <Value className="java.lang.String">space</Value>
            </Feature>
        </Annotation>
        <Annotation Id="706" Type="Token" StartNode="1856" EndNode="1861">
            <Feature>
                <Name className="java.lang.String">length</Name>
                <Value className="java.lang.String">5</Value>
            </Feature>
            <Feature>
                <Name className="java.lang.String">orth</Name>
                <Value className="java.lang.String">lowercase</Value>
            </Feature>
            <Feature>
                <Name className="java.lang.String">string</Name>
                <Value className="java.lang.String">above</Value>
            </Feature>
            <Feature>
                <Name className="java.lang.String">category</Name>
                <Value className="java.lang.String">IN</Value>
            </Feature>
            <Feature>
                <Name className="java.lang.String">kind</Name>
                <Value className="java.lang.String">word</Value>
            </Feature>
        </Annotation>
        <Annotation Id="707" Type="Token" StartNode="1861" EndNode="1862">
            <Feature>
                <Name className="java.lang.String">length</Name>
                <Value className="java.lang.String">1</Value>
            </Feature>
            <Feature>
                <Name className="java.lang.String">string</Name>
                <Value className="java.lang.String">"</Value>
            </Feature>
            <Feature>
                <Name className="java.lang.String">category</Name>
                <Value className="java.lang.String">''</Value>
            </Feature>
            <Feature>
                <Name className="java.lang.String">kind</Name>
                <Value className="java.lang.String">punctuation</Value>
            </Feature>
        </Annotation>
        <Annotation Id="708" Type="SpaceToken" StartNode="1862" EndNode="1863">
            <Feature>
                <Name className="java.lang.String">string</Name>
                <Value className="java.lang.String"></Value>
            </Feature>
            <Feature>
                <Name className="java.lang.String">length</Name>
                <Value className="java.lang.String">1</Value>
            </Feature>
            <Feature>
                <Name className="java.lang.String">kind</Name>
                <Value className="java.lang.String">space</Value>
            </Feature>
        </Annotation>
        <Annotation Id="709" Type="Token" StartNode="1863" EndNode="1864">
            <Feature>
                <Name className="java.lang.String">length</Name>
                <Value className="java.lang.String">1</Value>
            </Feature>
            <Feature>
                <Name className="java.lang.String">position</Name>
                <Value className="java.lang.String">startpunct</Value>
            </Feature>
            <Feature>
                <Name className="java.lang.String">string</Name>
                <Value className="java.lang.String">(</Value>
            </Feature>
            <Feature>
                <Name className="java.lang.String">category</Name>
                <Value className="java.lang.String">(</Value>
            </Feature>
            <Feature>
                <Name className="java.lang.String">kind</Name>
                <Value className="java.lang.String">punctuation</Value>
            </Feature>
        </Annotation>
        <Annotation Id="710" Type="Token" StartNode="1864" EndNode="1868">
            <Feature>
                <Name className="java.lang.String">length</Name>
                <Value className="java.lang.String">4</Value>
            </Feature>
            <Feature>
                <Name className="java.lang.String">orth</Name>
                <Value className="java.lang.String">lowercase</Value>
            </Feature>
            <Feature>
                <Name className="java.lang.String">string</Name>
                <Value className="java.lang.String">line</Value>
            </Feature>
            <Feature>
                <Name className="java.lang.String">category</Name>
                <Value className="java.lang.String">NN</Value>
            </Feature>
            <Feature>
                <Name className="java.lang.String">kind</Name>
                <Value className="java.lang.String">word</Value>
            </Feature>
        </Annotation>
        <Annotation Id="711" Type="SpaceToken" StartNode="1868" EndNode="1869">
            <Feature>
                <Name className="java.lang.String">string</Name>
                <Value className="java.lang.String"></Value>
            </Feature>
            <Feature>
                <Name className="java.lang.String">length</Name>
                <Value className="java.lang.String">1</Value>
            </Feature>
            <Feature>
                <Name className="java.lang.String">kind</Name>
                <Value className="java.lang.String">space</Value>
            </Feature>
        </Annotation>
        <Annotation Id="712" Type="Token" StartNode="1869" EndNode="1872">
            <Feature>
                <Name className="java.lang.String">length</Name>
                <Value className="java.lang.String">3</Value>
            </Feature>
            <Feature>
                <Name className="java.lang.String">string</Name>
                <Value className="java.lang.String">146</Value>
            </Feature>
            <Feature>
                <Name className="java.lang.String">category</Name>
                <Value className="java.lang.String">CD</Value>
            </Feature>
            <Feature>
                <Name className="java.lang.String">kind</Name>
                <Value className="java.lang.String">number</Value>
            </Feature>
        </Annotation>
        <Annotation Id="713" Type="Token" StartNode="1872" EndNode="1873">
            <Feature>
                <Name className="java.lang.String">length</Name>
                <Value className="java.lang.String">1</Value>
            </Feature>
            <Feature>
                <Name className="java.lang.String">position</Name>
                <Value className="java.lang.String">endpunct</Value>
            </Feature>
            <Feature>
                <Name className="java.lang.String">string</Name>
                <Value className="java.lang.String">)</Value>
            </Feature>
            <Feature>
                <Name className="java.lang.String">category</Name>
                <Value className="java.lang.String">)</Value>
            </Feature>
            <Feature>
                <Name className="java.lang.String">kind</Name>
                <Value className="java.lang.String">punctuation</Value>
            </Feature>
        </Annotation>
        <Annotation Id="714" Type="Token" StartNode="1873" EndNode="1874">
            <Feature>
                <Name className="java.lang.String">length</Name>
                <Value className="java.lang.String">1</Value>
            </Feature>
            <Feature>
                <Name className="java.lang.String">string</Name>
                <Value className="java.lang.String">.</Value>
            </Feature>
            <Feature>
                <Name className="java.lang.String">category</Name>
                <Value className="java.lang.String">.</Value>
            </Feature>
            <Feature>
                <Name className="java.lang.String">kind</Name>
                <Value className="java.lang.String">punctuation</Value>
            </Feature>
        </Annotation>
        <Annotation Id="715" Type="SpaceToken" StartNode="1874" EndNode="1875">
            <Feature>
                <Name className="java.lang.String">string</Name>
                <Value className="java.lang.String"></Value>
            </Feature>
            <Feature>
                <Name className="java.lang.String">length</Name>
                <Value className="java.lang.String">1</Value>
            </Feature>
            <Feature>
                <Name className="java.lang.String">kind</Name>
                <Value className="java.lang.String">space</Value>
            </Feature>
        </Annotation>
        <Annotation Id="716" Type="Token" StartNode="1875" EndNode="1880">
            <Feature>
                <Name className="java.lang.String">length</Name>
                <Value className="java.lang.String">5</Value>
            </Feature>
            <Feature>
                <Name className="java.lang.String">orth</Name>
                <Value className="java.lang.String">upperInitial</Value>
            </Feature>
            <Feature>
                <Name className="java.lang.String">string</Name>
                <Value className="java.lang.String">Those</Value>
            </Feature>
            <Feature>
                <Name className="java.lang.String">category</Name>
                <Value className="java.lang.String">DT</Value>
            </Feature>
            <Feature>
                <Name className="java.lang.String">kind</Name>
                <Value className="java.lang.String">word</Value>
            </Feature>
        </Annotation>
        <Annotation Id="717" Type="SpaceToken" StartNode="1880" EndNode="1881">
            <Feature>
                <Name className="java.lang.String">string</Name>
                <Value className="java.lang.String"></Value>
            </Feature>
            <Feature>
                <Name className="java.lang.String">length</Name>
                <Value className="java.lang.String">1</Value>
            </Feature>
            <Feature>
                <Name className="java.lang.String">kind</Name>
                <Value className="java.lang.String">space</Value>
            </Feature>
        </Annotation>
        <Annotation Id="718" Type="Token" StartNode="1881" EndNode="1884">
            <Feature>
                <Name className="java.lang.String">length</Name>
                <Value className="java.lang.String">3</Value>
            </Feature>
            <Feature>
                <Name className="java.lang.String">orth</Name>
                <Value className="java.lang.String">lowercase</Value>
            </Feature>
            <Feature>
                <Name className="java.lang.String">string</Name>
                <Value className="java.lang.String">who</Value>
            </Feature>
            <Feature>
                <Name className="java.lang.String">category</Name>
                <Value className="java.lang.String">WP</Value>
            </Feature>
            <Feature>
                <Name className="java.lang.String">kind</Name>
                <Value className="java.lang.String">word</Value>
            </Feature>
        </Annotation>
        <Annotation Id="719" Type="SpaceToken" StartNode="1884" EndNode="1885">
            <Feature>
                <Name className="java.lang.String">string</Name>
                <Value className="java.lang.String"></Value>
            </Feature>
            <Feature>
                <Name className="java.lang.String">length</Name>
                <Value className="java.lang.String">1</Value>
            </Feature>
            <Feature>
                <Name className="java.lang.String">kind</Name>
                <Value className="java.lang.String">space</Value>
            </Feature>
        </Annotation>
        <Annotation Id="720" Type="Token" StartNode="1885" EndNode="1889">
            <Feature>
                <Name className="java.lang.String">length</Name>
                <Value className="java.lang.String">4</Value>
            </Feature>
            <Feature>
                <Name className="java.lang.String">orth</Name>
                <Value className="java.lang.String">lowercase</Value>
            </Feature>
            <Feature>
                <Name className="java.lang.String">string</Name>
                <Value className="java.lang.String">live</Value>
            </Feature>
            <Feature>
                <Name className="java.lang.String">category</Name>
                <Value className="java.lang.String">VBP</Value>
            </Feature>
            <Feature>
                <Name className="java.lang.String">kind</Name>
                <Value className="java.lang.String">word</Value>
            </Feature>
        </Annotation>
        <Annotation Id="721" Type="SpaceToken" StartNode="1889" EndNode="1890">
            <Feature>
                <Name className="java.lang.String">string</Name>
                <Value className="java.lang.String"></Value>
            </Feature>
            <Feature>
                <Name className="java.lang.String">length</Name>
                <Value className="java.lang.String">1</Value>
            </Feature>
            <Feature>
                <Name className="java.lang.String">kind</Name>
                <Value className="java.lang.String">space</Value>
            </Feature>
        </Annotation>
        <Annotation Id="722" Type="Token" StartNode="1890" EndNode="1899">
            <Feature>
                <Name className="java.lang.String">length</Name>
                <Value className="java.lang.String">9</Value>
            </Feature>
            <Feature>
                <Name className="java.lang.String">orth</Name>
                <Value className="java.lang.String">lowercase</Value>
            </Feature>
            <Feature>
                <Name className="java.lang.String">string</Name>
                <Value className="java.lang.String">according</Value>
            </Feature>
            <Feature>
                <Name className="java.lang.String">category</Name>
                <Value className="java.lang.String">VBG</Value>
            </Feature>
            <Feature>
                <Name className="java.lang.String">kind</Name>
                <Value className="java.lang.String">word</Value>
            </Feature>
        </Annotation>
        <Annotation Id="723" Type="SpaceToken" StartNode="1899" EndNode="1900">
            <Feature>
                <Name className="java.lang.String">string</Name>
                <Value className="java.lang.String"></Value>
            </Feature>
            <Feature>
                <Name className="java.lang.String">length</Name>
                <Value className="java.lang.String">1</Value>
            </Feature>
            <Feature>
                <Name className="java.lang.String">kind</Name>
                <Value className="java.lang.String">space</Value>
            </Feature>
        </Annotation>
        <Annotation Id="724" Type="Token" StartNode="1900" EndNode="1902">
            <Feature>
                <Name className="java.lang.String">length</Name>
                <Value className="java.lang.String">2</Value>
            </Feature>
            <Feature>
                <Name className="java.lang.String">orth</Name>
                <Value className="java.lang.String">lowercase</Value>
            </Feature>
            <Feature>
                <Name className="java.lang.String">string</Name>
                <Value className="java.lang.String">to</Value>
            </Feature>
            <Feature>
                <Name className="java.lang.String">category</Name>
                <Value className="java.lang.String">TO</Value>
            </Feature>
            <Feature>
                <Name className="java.lang.String">kind</Name>
                <Value className="java.lang.String">word</Value>
            </Feature>
        </Annotation>
        <Annotation Id="725" Type="SpaceToken" StartNode="1902" EndNode="1903">
            <Feature>
                <Name className="java.lang.String">string</Name>
                <Value className="java.lang.String"></Value>
            </Feature>
            <Feature>
                <Name className="java.lang.String">length</Name>
                <Value className="java.lang.String">1</Value>
            </Feature>
            <Feature>
                <Name className="java.lang.String">kind</Name>
                <Value className="java.lang.String">space</Value>
            </Feature>
        </Annotation>
        <Annotation Id="726" Type="Token" StartNode="1903" EndNode="1904">
            <Feature>
                <Name className="java.lang.String">length</Name>
                <Value className="java.lang.String">1</Value>
            </Feature>
            <Feature>
                <Name className="java.lang.String">orth</Name>
                <Value className="java.lang.String">lowercase</Value>
            </Feature>
            <Feature>
                <Name className="java.lang.String">string</Name>
                <Value className="java.lang.String">a</Value>
            </Feature>
            <Feature>
                <Name className="java.lang.String">category</Name>
                <Value className="java.lang.String">DT</Value>
            </Feature>
            <Feature>
                <Name className="java.lang.String">kind</Name>
                <Value className="java.lang.String">word</Value>
            </Feature>
        </Annotation>
        <Annotation Id="727" Type="SpaceToken" StartNode="1904" EndNode="1905">
            <Feature>
                <Name className="java.lang.String">string</Name>
                <Value className="java.lang.String"></Value>
            </Feature>
            <Feature>
                <Name className="java.lang.String">length</Name>
                <Value className="java.lang.String">1</Value>
            </Feature>
            <Feature>
                <Name className="java.lang.String">kind</Name>
                <Value className="java.lang.String">space</Value>
            </Feature>
        </Annotation>
        <Annotation Id="728" Type="Token" StartNode="1905" EndNode="1913">
            <Feature>
                <Name className="java.lang.String">length</Name>
                <Value className="java.lang.String">8</Value>
            </Feature>
            <Feature>
                <Name className="java.lang.String">orth</Name>
                <Value className="java.lang.String">lowercase</Value>
            </Feature>
            <Feature>
                <Name className="java.lang.String">string</Name>
                <Value className="java.lang.String">monastic</Value>
            </Feature>
            <Feature>
                <Name className="java.lang.String">category</Name>
                <Value className="java.lang.String">JJ</Value>
            </Feature>
            <Feature>
                <Name className="java.lang.String">kind</Name>
                <Value className="java.lang.String">word</Value>
            </Feature>
        </Annotation>
        <Annotation Id="729" Type="SpaceToken" StartNode="1913" EndNode="1914">
            <Feature>
                <Name className="java.lang.String">string</Name>
                <Value className="java.lang.String"></Value>
            </Feature>
            <Feature>
                <Name className="java.lang.String">length</Name>
                <Value className="java.lang.String">1</Value>
            </Feature>
            <Feature>
                <Name className="java.lang.String">kind</Name>
                <Value className="java.lang.String">space</Value>
            </Feature>
        </Annotation>
        <Annotation Id="730" Type="Token" StartNode="1914" EndNode="1918">
            <Feature>
                <Name className="java.lang.String">length</Name>
                <Value className="java.lang.String">4</Value>
            </Feature>
            <Feature>
                <Name className="java.lang.String">orth</Name>
                <Value className="java.lang.String">lowercase</Value>
            </Feature>
            <Feature>
                <Name className="java.lang.String">string</Name>
                <Value className="java.lang.String">rule</Value>
            </Feature>
            <Feature>
                <Name className="java.lang.String">category</Name>
                <Value className="java.lang.String">NN</Value>
            </Feature>
            <Feature>
                <Name className="java.lang.String">kind</Name>
                <Value className="java.lang.String">word</Value>
            </Feature>
        </Annotation>
        <Annotation Id="731" Type="SpaceToken" StartNode="1918" EndNode="1919">
            <Feature>
                <Name className="java.lang.String">string</Name>
                <Value className="java.lang.String"></Value>
            </Feature>
            <Feature>
                <Name className="java.lang.String">length</Name>
                <Value className="java.lang.String">1</Value>
            </Feature>
            <Feature>
                <Name className="java.lang.String">kind</Name>
                <Value className="java.lang.String">space</Value>
            </Feature>
        </Annotation>
        <Annotation Id="732" Type="Token" StartNode="1919" EndNode="1923">
            <Feature>
                <Name className="java.lang.String">length</Name>
                <Value className="java.lang.String">4</Value>
            </Feature>
            <Feature>
                <Name className="java.lang.String">orth</Name>
                <Value className="java.lang.String">lowercase</Value>
            </Feature>
            <Feature>
                <Name className="java.lang.String">string</Name>
                <Value className="java.lang.String">live</Value>
            </Feature>
            <Feature>
                <Name className="java.lang.String">category</Name>
                <Value className="java.lang.String">VBP</Value>
            </Feature>
            <Feature>
                <Name className="java.lang.String">kind</Name>
                <Value className="java.lang.String">word</Value>
            </Feature>
        </Annotation>
        <Annotation Id="733" Type="SpaceToken" StartNode="1923" EndNode="1924">
            <Feature>
                <Name className="java.lang.String">string</Name>
                <Value className="java.lang.String"></Value>
            </Feature>
            <Feature>
                <Name className="java.lang.String">length</Name>
                <Value className="java.lang.String">1</Value>
            </Feature>
            <Feature>
                <Name className="java.lang.String">kind</Name>
                <Value className="java.lang.String">space</Value>
            </Feature>
        </Annotation>
        <Annotation Id="734" Type="Token" StartNode="1924" EndNode="1925">
            <Feature>
                <Name className="java.lang.String">length</Name>
                <Value className="java.lang.String">1</Value>
            </Feature>
            <Feature>
                <Name className="java.lang.String">orth</Name>
                <Value className="java.lang.String">lowercase</Value>
            </Feature>
            <Feature>
                <Name className="java.lang.String">string</Name>
                <Value className="java.lang.String">a</Value>
            </Feature>
            <Feature>
                <Name className="java.lang.String">category</Name>
                <Value className="java.lang.String">DT</Value>
            </Feature>
            <Feature>
                <Name className="java.lang.String">kind</Name>
                <Value className="java.lang.String">word</Value>
            </Feature>
        </Annotation>
        <Annotation Id="735" Type="SpaceToken" StartNode="1925" EndNode="1926">
            <Feature>
                <Name className="java.lang.String">string</Name>
                <Value className="java.lang.String"></Value>
            </Feature>
            <Feature>
                <Name className="java.lang.String">length</Name>
                <Value className="java.lang.String">1</Value>
            </Feature>
            <Feature>
                <Name className="java.lang.String">kind</Name>
                <Value className="java.lang.String">space</Value>
            </Feature>
        </Annotation>
        <Annotation Id="736" Type="Token" StartNode="1926" EndNode="1930">
            <Feature>
                <Name className="java.lang.String">length</Name>
                <Value className="java.lang.String">4</Value>
            </Feature>
            <Feature>
                <Name className="java.lang.String">orth</Name>
                <Value className="java.lang.String">lowercase</Value>
            </Feature>
            <Feature>
                <Name className="java.lang.String">string</Name>
                <Value className="java.lang.String">life</Value>
            </Feature>
            <Feature>
                <Name className="java.lang.String">category</Name>
                <Value className="java.lang.String">NN</Value>
            </Feature>
            <Feature>
                <Name className="java.lang.String">kind</Name>
                <Value className="java.lang.String">word</Value>
            </Feature>
        </Annotation>
        <Annotation Id="737" Type="SpaceToken" StartNode="1930" EndNode="1931">
            <Feature>
                <Name className="java.lang.String">string</Name>
                <Value className="java.lang.String"></Value>
            </Feature>
            <Feature>
                <Name className="java.lang.String">length</Name>
                <Value className="java.lang.String">1</Value>
            </Feature>
            <Feature>
                <Name className="java.lang.String">kind</Name>
                <Value className="java.lang.String">space</Value>
            </Feature>
        </Annotation>
        <Annotation Id="738" Type="Token" StartNode="1931" EndNode="1933">
            <Feature>
                <Name className="java.lang.String">length</Name>
                <Value className="java.lang.String">2</Value>
            </Feature>
            <Feature>
                <Name className="java.lang.String">orth</Name>
                <Value className="java.lang.String">lowercase</Value>
            </Feature>
            <Feature>
                <Name className="java.lang.String">string</Name>
                <Value className="java.lang.String">of</Value>
            </Feature>
            <Feature>
                <Name className="java.lang.String">category</Name>
                <Value className="java.lang.String">IN</Value>
            </Feature>
            <Feature>
                <Name className="java.lang.String">kind</Name>
                <Value className="java.lang.String">word</Value>
            </Feature>
        </Annotation>
        <Annotation Id="739" Type="SpaceToken" StartNode="1933" EndNode="1934">
            <Feature>
                <Name className="java.lang.String">string</Name>
                <Value className="java.lang.String"></Value>
            </Feature>
            <Feature>
                <Name className="java.lang.String">length</Name>
                <Value className="java.lang.String">1</Value>
            </Feature>
            <Feature>
                <Name className="java.lang.String">kind</Name>
                <Value className="java.lang.String">space</Value>
            </Feature>
        </Annotation>
        <Annotation Id="740" Type="Token" StartNode="1934" EndNode="1938">
            <Feature>
                <Name className="java.lang.String">length</Name>
                <Value className="java.lang.String">4</Value>
            </Feature>
            <Feature>
                <Name className="java.lang.String">orth</Name>
                <Value className="java.lang.String">lowercase</Value>
            </Feature>
            <Feature>
                <Name className="java.lang.String">string</Name>
                <Value className="java.lang.String">ease</Value>
            </Feature>
            <Feature>
                <Name className="java.lang.String">category</Name>
                <Value className="java.lang.String">NN</Value>
            </Feature>
            <Feature>
                <Name className="java.lang.String">kind</Name>
                <Value className="java.lang.String">word</Value>
            </Feature>
        </Annotation>
        <Annotation Id="741" Type="SpaceToken" StartNode="1938" EndNode="1939">
            <Feature>
                <Name className="java.lang.String">string</Name>
                <Value className="java.lang.String"></Value>
            </Feature>
            <Feature>
                <Name className="java.lang.String">length</Name>
                <Value className="java.lang.String">1</Value>
            </Feature>
            <Feature>
                <Name className="java.lang.String">kind</Name>
                <Value className="java.lang.String">space</Value>
            </Feature>
        </Annotation>
        <Annotation Id="742" Type="Token" StartNode="1939" EndNode="1945">
            <Feature>
                <Name className="java.lang.String">length</Name>
                <Value className="java.lang.String">6</Value>
            </Feature>
            <Feature>
                <Name className="java.lang.String">orth</Name>
                <Value className="java.lang.String">lowercase</Value>
            </Feature>
            <Feature>
                <Name className="java.lang.String">string</Name>
                <Value className="java.lang.String">rather</Value>
            </Feature>
            <Feature>
                <Name className="java.lang.String">category</Name>
                <Value className="java.lang.String">RB</Value>
            </Feature>
            <Feature>
                <Name className="java.lang.String">kind</Name>
                <Value className="java.lang.String">word</Value>
            </Feature>
        </Annotation>
        <Annotation Id="743" Type="SpaceToken" StartNode="1945" EndNode="1946">
            <Feature>
                <Name className="java.lang.String">string</Name>
                <Value className="java.lang.String"></Value>
            </Feature>
            <Feature>
                <Name className="java.lang.String">length</Name>
                <Value className="java.lang.String">1</Value>
            </Feature>
            <Feature>
                <Name className="java.lang.String">kind</Name>
                <Value className="java.lang.String">space</Value>
            </Feature>
        </Annotation>
        <Annotation Id="744" Type="Token" StartNode="1946" EndNode="1950">
            <Feature>
                <Name className="java.lang.String">length</Name>
                <Value className="java.lang.String">4</Value>
            </Feature>
            <Feature>
                <Name className="java.lang.String">orth</Name>
                <Value className="java.lang.String">lowercase</Value>
            </Feature>
            <Feature>
                <Name className="java.lang.String">string</Name>
                <Value className="java.lang.String">than</Value>
            </Feature>
            <Feature>
                <Name className="java.lang.String">category</Name>
                <Value className="java.lang.String">IN</Value>
            </Feature>
            <Feature>
                <Name className="java.lang.String">kind</Name>
                <Value className="java.lang.String">word</Value>
            </Feature>
        </Annotation>
        <Annotation Id="745" Type="SpaceToken" StartNode="1950" EndNode="1951">
            <Feature>
                <Name className="java.lang.String">string</Name>
                <Value className="java.lang.String"></Value>
            </Feature>
            <Feature>
                <Name className="java.lang.String">length</Name>
                <Value className="java.lang.String">1</Value>
            </Feature>
            <Feature>
                <Name className="java.lang.String">kind</Name>
                <Value className="java.lang.String">space</Value>
            </Feature>
        </Annotation>
        <Annotation Id="746" Type="Token" StartNode="1951" EndNode="1957">
            <Feature>
                <Name className="java.lang.String">length</Name>
                <Value className="java.lang.String">6</Value>
            </Feature>
            <Feature>
                <Name className="java.lang.String">orth</Name>
                <Value className="java.lang.String">lowercase</Value>
            </Feature>
            <Feature>
                <Name className="java.lang.String">string</Name>
                <Value className="java.lang.String">easing</Value>
            </Feature>
            <Feature>
                <Name className="java.lang.String">category</Name>
                <Value className="java.lang.String">VBG</Value>
            </Feature>
            <Feature>
                <Name className="java.lang.String">kind</Name>
                <Value className="java.lang.String">word</Value>
            </Feature>
        </Annotation>
        <Annotation Id="747" Type="SpaceToken" StartNode="1957" EndNode="1958">
            <Feature>
                <Name className="java.lang.String">string</Name>
                <Value className="java.lang.String"></Value>
            </Feature>
            <Feature>
                <Name className="java.lang.String">length</Name>
                <Value className="java.lang.String">1</Value>
            </Feature>
            <Feature>
                <Name className="java.lang.String">kind</Name>
                <Value className="java.lang.String">space</Value>
            </Feature>
        </Annotation>
        <Annotation Id="748" Type="Token" StartNode="1958" EndNode="1961">
            <Feature>
                <Name className="java.lang.String">length</Name>
                <Value className="java.lang.String">3</Value>
            </Feature>
            <Feature>
                <Name className="java.lang.String">orth</Name>
                <Value className="java.lang.String">lowercase</Value>
            </Feature>
            <Feature>
                <Name className="java.lang.String">string</Name>
                <Value className="java.lang.String">the</Value>
            </Feature>
            <Feature>
                <Name className="java.lang.String">category</Name>
                <Value className="java.lang.String">DT</Value>
            </Feature>
            <Feature>
                <Name className="java.lang.String">kind</Name>
                <Value className="java.lang.String">word</Value>
            </Feature>
        </Annotation>
        <Annotation Id="749" Type="SpaceToken" StartNode="1961" EndNode="1962">
            <Feature>
                <Name className="java.lang.String">string</Name>
                <Value className="java.lang.String"></Value>
            </Feature>
            <Feature>
                <Name className="java.lang.String">length</Name>
                <Value className="java.lang.String">1</Value>
            </Feature>
            <Feature>
                <Name className="java.lang.String">kind</Name>
                <Value className="java.lang.String">space</Value>
            </Feature>
        </Annotation>
        <Annotation Id="750" Type="Token" StartNode="1962" EndNode="1967">
            <Feature>
                <Name className="java.lang.String">length</Name>
                <Value className="java.lang.String">5</Value>
            </Feature>
            <Feature>
                <Name className="java.lang.String">orth</Name>
                <Value className="java.lang.String">lowercase</Value>
            </Feature>
            <Feature>
                <Name className="java.lang.String">string</Name>
                <Value className="java.lang.String">lives</Value>
            </Feature>
            <Feature>
                <Name className="java.lang.String">category</Name>
                <Value className="java.lang.String">NNS</Value>
            </Feature>
            <Feature>
                <Name className="java.lang.String">kind</Name>
                <Value className="java.lang.String">word</Value>
            </Feature>
        </Annotation>
        <Annotation Id="751" Type="SpaceToken" StartNode="1967" EndNode="1968">
            <Feature>
                <Name className="java.lang.String">string</Name>
                <Value className="java.lang.String"></Value>
            </Feature>
            <Feature>
                <Name className="java.lang.String">length</Name>
                <Value className="java.lang.String">1</Value>
            </Feature>
            <Feature>
                <Name className="java.lang.String">kind</Name>
                <Value className="java.lang.String">space</Value>
            </Feature>
        </Annotation>
        <Annotation Id="752" Type="Token" StartNode="1968" EndNode="1970">
            <Feature>
                <Name className="java.lang.String">length</Name>
                <Value className="java.lang.String">2</Value>
            </Feature>
            <Feature>
                <Name className="java.lang.String">orth</Name>
                <Value className="java.lang.String">lowercase</Value>
            </Feature>
            <Feature>
                <Name className="java.lang.String">string</Name>
                <Value className="java.lang.String">of</Value>
            </Feature>
            <Feature>
                <Name className="java.lang.String">category</Name>
                <Value className="java.lang.String">IN</Value>
            </Feature>
            <Feature>
                <Name className="java.lang.String">kind</Name>
                <Value className="java.lang.String">word</Value>
            </Feature>
        </Annotation>
        <Annotation Id="753" Type="SpaceToken" StartNode="1970" EndNode="1971">
            <Feature>
                <Name className="java.lang.String">string</Name>
                <Value className="java.lang.String"></Value>
            </Feature>
            <Feature>
                <Name className="java.lang.String">length</Name>
                <Value className="java.lang.String">1</Value>
            </Feature>
            <Feature>
                <Name className="java.lang.String">kind</Name>
                <Value className="java.lang.String">space</Value>
            </Feature>
        </Annotation>
        <Annotation Id="754" Type="Token" StartNode="1971" EndNode="1977">
            <Feature>
                <Name className="java.lang.String">length</Name>
                <Value className="java.lang.String">6</Value>
            </Feature>
            <Feature>
                <Name className="java.lang.String">orth</Name>
                <Value className="java.lang.String">lowercase</Value>
            </Feature>
            <Feature>
                <Name className="java.lang.String">string</Name>
                <Value className="java.lang.String">others</Value>
            </Feature>
            <Feature>
                <Name className="java.lang.String">category</Name>
                <Value className="java.lang.String">NNS</Value>
            </Feature>
            <Feature>
                <Name className="java.lang.String">kind</Name>
                <Value className="java.lang.String">word</Value>
            </Feature>
        </Annotation>
        <Annotation Id="755" Type="SpaceToken" StartNode="1977" EndNode="1978">
            <Feature>
                <Name className="java.lang.String">string</Name>
                <Value className="java.lang.String"></Value>
            </Feature>
            <Feature>
                <Name className="java.lang.String">length</Name>
                <Value className="java.lang.String">1</Value>
            </Feature>
            <Feature>
                <Name className="java.lang.String">kind</Name>
                <Value className="java.lang.String">space</Value>
            </Feature>
        </Annotation>
        <Annotation Id="756" Type="Token" StartNode="1978" EndNode="1979">
            <Feature>
                <Name className="java.lang.String">length</Name>
                <Value className="java.lang.String">1</Value>
            </Feature>
            <Feature>
                <Name className="java.lang.String">position</Name>
                <Value className="java.lang.String">startpunct</Value>
            </Feature>
            <Feature>
                <Name className="java.lang.String">string</Name>
                <Value className="java.lang.String">(</Value>
            </Feature>
            <Feature>
                <Name className="java.lang.String">category</Name>
                <Value className="java.lang.String">(</Value>
            </Feature>
            <Feature>
                <Name className="java.lang.String">kind</Name>
                <Value className="java.lang.String">punctuation</Value>
            </Feature>
        </Annotation>
        <Annotation Id="757" Type="Token" StartNode="1979" EndNode="1984">
            <Feature>
                <Name className="java.lang.String">length</Name>
                <Value className="java.lang.String">5</Value>
            </Feature>
            <Feature>
                <Name className="java.lang.String">orth</Name>
                <Value className="java.lang.String">lowercase</Value>
            </Feature>
            <Feature>
                <Name className="java.lang.String">string</Name>
                <Value className="java.lang.String">lines</Value>
            </Feature>
            <Feature>
                <Name className="java.lang.String">category</Name>
                <Value className="java.lang.String">NNS</Value>
            </Feature>
            <Feature>
                <Name className="java.lang.String">kind</Name>
                <Value className="java.lang.String">word</Value>
            </Feature>
        </Annotation>
        <Annotation Id="758" Type="SpaceToken" StartNode="1984" EndNode="1985">
            <Feature>
                <Name className="java.lang.String">string</Name>
                <Value className="java.lang.String"></Value>
            </Feature>
            <Feature>
                <Name className="java.lang.String">length</Name>
                <Value className="java.lang.String">1</Value>
            </Feature>
            <Feature>
                <Name className="java.lang.String">kind</Name>
                <Value className="java.lang.String">space</Value>
            </Feature>
        </Annotation>
        <Annotation Id="759" Type="Token" StartNode="1985" EndNode="1988">
            <Feature>
                <Name className="java.lang.String">length</Name>
                <Value className="java.lang.String">3</Value>
            </Feature>
            <Feature>
                <Name className="java.lang.String">string</Name>
                <Value className="java.lang.String">151</Value>
            </Feature>
            <Feature>
                <Name className="java.lang.String">category</Name>
                <Value className="java.lang.String">CD</Value>
            </Feature>
            <Feature>
                <Name className="java.lang.String">kind</Name>
                <Value className="java.lang.String">number</Value>
            </Feature>
        </Annotation>
        <Annotation Id="760" Type="Token" StartNode="1988" EndNode="1989">
            <Feature>
                <Name className="java.lang.String">length</Name>
                <Value className="java.lang.String">1</Value>
            </Feature>
            <Feature>
                <Name className="java.lang.String">string</Name>
                <Value className="java.lang.String">-</Value>
            </Feature>
            <Feature>
                <Name className="java.lang.String">category</Name>
                <Value className="java.lang.String">:</Value>
            </Feature>
            <Feature>
                <Name className="java.lang.String">kind</Name>
                <Value className="java.lang.String">punctuation</Value>
            </Feature>
            <Feature>
                <Name className="java.lang.String">subkind</Name>
                <Value className="java.lang.String">dashpunct</Value>
            </Feature>
        </Annotation>
        <Annotation Id="761" Type="Token" StartNode="1989" EndNode="1991">
            <Feature>
                <Name className="java.lang.String">length</Name>
                <Value className="java.lang.String">2</Value>
            </Feature>
            <Feature>
                <Name className="java.lang.String">string</Name>
                <Value className="java.lang.String">56</Value>
            </Feature>
            <Feature>
                <Name className="java.lang.String">category</Name>
                <Value className="java.lang.String">CD</Value>
            </Feature>
            <Feature>
                <Name className="java.lang.String">kind</Name>
                <Value className="java.lang.String">number</Value>
            </Feature>
        </Annotation>
        <Annotation Id="762" Type="Token" StartNode="1991" EndNode="1992">
            <Feature>
                <Name className="java.lang.String">length</Name>
                <Value className="java.lang.String">1</Value>
            </Feature>
            <Feature>
                <Name className="java.lang.String">position</Name>
                <Value className="java.lang.String">endpunct</Value>
            </Feature>
            <Feature>
                <Name className="java.lang.String">string</Name>
                <Value className="java.lang.String">)</Value>
            </Feature>
            <Feature>
                <Name className="java.lang.String">category</Name>
                <Value className="java.lang.String">)</Value>
            </Feature>
            <Feature>
                <Name className="java.lang.String">kind</Name>
                <Value className="java.lang.String">punctuation</Value>
            </Feature>
        </Annotation>
        <Annotation Id="763" Type="Token" StartNode="1992" EndNode="1993">
            <Feature>
                <Name className="java.lang.String">length</Name>
                <Value className="java.lang.String">1</Value>
            </Feature>
            <Feature>
                <Name className="java.lang.String">string</Name>
                <Value className="java.lang.String">.</Value>
            </Feature>
            <Feature>
                <Name className="java.lang.String">category</Name>
                <Value className="java.lang.String">.</Value>
            </Feature>
            <Feature>
                <Name className="java.lang.String">kind</Name>
                <Value className="java.lang.String">punctuation</Value>
            </Feature>
        </Annotation>
        <Annotation Id="764" Type="SpaceToken" StartNode="1993" EndNode="1994">
            <Feature>
                <Name className="java.lang.String">string</Name>
                <Value className="java.lang.String"></Value>
            </Feature>
            <Feature>
                <Name className="java.lang.String">length</Name>
                <Value className="java.lang.String">1</Value>
            </Feature>
            <Feature>
                <Name className="java.lang.String">kind</Name>
                <Value className="java.lang.String">space</Value>
            </Feature>
        </Annotation>
        <Annotation Id="765" Type="Token" StartNode="1994" EndNode="1995">
            <Feature>
                <Name className="java.lang.String">length</Name>
                <Value className="java.lang.String">1</Value>
            </Feature>
            <Feature>
                <Name className="java.lang.String">orth</Name>
                <Value className="java.lang.String">upperInitial</Value>
            </Feature>
            <Feature>
                <Name className="java.lang.String">string</Name>
                <Value className="java.lang.String">A</Value>
            </Feature>
            <Feature>
                <Name className="java.lang.String">category</Name>
                <Value className="java.lang.String">DT</Value>
            </Feature>
            <Feature>
                <Name className="java.lang.String">kind</Name>
                <Value className="java.lang.String">word</Value>
            </Feature>
        </Annotation>
        <Annotation Id="766" Type="SpaceToken" StartNode="1995" EndNode="1996">
            <Feature>
                <Name className="java.lang.String">string</Name>
                <Value className="java.lang.String"></Value>
            </Feature>
            <Feature>
                <Name className="java.lang.String">length</Name>
                <Value className="java.lang.String">1</Value>
            </Feature>
            <Feature>
                <Name className="java.lang.String">kind</Name>
                <Value className="java.lang.String">space</Value>
            </Feature>
        </Annotation>
        <Annotation Id="767" Type="Token" StartNode="1996" EndNode="2001">
            <Feature>
                <Name className="java.lang.String">length</Name>
                <Value className="java.lang.String">5</Value>
            </Feature>
            <Feature>
                <Name className="java.lang.String">orth</Name>
                <Value className="java.lang.String">lowercase</Value>
            </Feature>
            <Feature>
                <Name className="java.lang.String">string</Name>
                <Value className="java.lang.String">false</Value>
            </Feature>
            <Feature>
                <Name className="java.lang.String">category</Name>
                <Value className="java.lang.String">JJ</Value>
            </Feature>
            <Feature>
                <Name className="java.lang.String">kind</Name>
                <Value className="java.lang.String">word</Value>
            </Feature>
        </Annotation>
        <Annotation Id="768" Type="SpaceToken" StartNode="2001" EndNode="2002">
            <Feature>
                <Name className="java.lang.String">string</Name>
                <Value className="java.lang.String"></Value>
            </Feature>
            <Feature>
                <Name className="java.lang.String">length</Name>
                <Value className="java.lang.String">1</Value>
            </Feature>
            <Feature>
                <Name className="java.lang.String">kind</Name>
                <Value className="java.lang.String">space</Value>
            </Feature>
        </Annotation>
        <Annotation Id="769" Type="Token" StartNode="2002" EndNode="2011">
            <Feature>
                <Name className="java.lang.String">length</Name>
                <Value className="java.lang.String">9</Value>
            </Feature>
            <Feature>
                <Name className="java.lang.String">orth</Name>
                <Value className="java.lang.String">lowercase</Value>
            </Feature>
            <Feature>
                <Name className="java.lang.String">string</Name>
                <Value className="java.lang.String">physician</Value>
            </Feature>
            <Feature>
                <Name className="java.lang.String">category</Name>
                <Value className="java.lang.String">NN</Value>
            </Feature>
            <Feature>
                <Name className="java.lang.String">kind</Name>
                <Value className="java.lang.String">word</Value>
            </Feature>
        </Annotation>
        <Annotation Id="770" Type="SpaceToken" StartNode="2011" EndNode="2012">
            <Feature>
                <Name className="java.lang.String">string</Name>
                <Value className="java.lang.String"></Value>
            </Feature>
            <Feature>
                <Name className="java.lang.String">length</Name>
                <Value className="java.lang.String">1</Value>
            </Feature>
            <Feature>
                <Name className="java.lang.String">kind</Name>
                <Value className="java.lang.String">space</Value>
            </Feature>
        </Annotation>
        <Annotation Id="771" Type="Token" StartNode="2012" EndNode="2016">
            <Feature>
                <Name className="java.lang.String">length</Name>
                <Value className="java.lang.String">4</Value>
            </Feature>
            <Feature>
                <Name className="java.lang.String">orth</Name>
                <Value className="java.lang.String">lowercase</Value>
            </Feature>
            <Feature>
                <Name className="java.lang.String">string</Name>
                <Value className="java.lang.String">will</Value>
            </Feature>
            <Feature>
                <Name className="java.lang.String">category</Name>
                <Value className="java.lang.String">MD</Value>
            </Feature>
            <Feature>
                <Name className="java.lang.String">kind</Name>
                <Value className="java.lang.String">word</Value>
            </Feature>
        </Annotation>
        <Annotation Id="772" Type="SpaceToken" StartNode="2016" EndNode="2017">
            <Feature>
                <Name className="java.lang.String">string</Name>
                <Value className="java.lang.String"></Value>
            </Feature>
            <Feature>
                <Name className="java.lang.String">length</Name>
                <Value className="java.lang.String">1</Value>
            </Feature>
            <Feature>
                <Name className="java.lang.String">kind</Name>
                <Value className="java.lang.String">space</Value>
            </Feature>
        </Annotation>
        <Annotation Id="773" Type="Token" StartNode="2017" EndNode="2018">
            <Feature>
                <Name className="java.lang.String">length</Name>
                <Value className="java.lang.String">1</Value>
            </Feature>
            <Feature>
                <Name className="java.lang.String">string</Name>
                <Value className="java.lang.String">"</Value>
            </Feature>
            <Feature>
                <Name className="java.lang.String">category</Name>
                <Value className="java.lang.String">''</Value>
            </Feature>
            <Feature>
                <Name className="java.lang.String">kind</Name>
                <Value className="java.lang.String">punctuation</Value>
            </Feature>
        </Annotation>
        <Annotation Id="774" Type="Token" StartNode="2018" EndNode="2023">
            <Feature>
                <Name className="java.lang.String">length</Name>
                <Value className="java.lang.String">5</Value>
            </Feature>
            <Feature>
                <Name className="java.lang.String">orth</Name>
                <Value className="java.lang.String">lowercase</Value>
            </Feature>
            <Feature>
                <Name className="java.lang.String">string</Name>
                <Value className="java.lang.String">wagge</Value>
            </Feature>
            <Feature>
                <Name className="java.lang.String">category</Name>
                <Value className="java.lang.String">NN</Value>
            </Feature>
            <Feature>
                <Name className="java.lang.String">kind</Name>
                <Value className="java.lang.String">word</Value>
            </Feature>
        </Annotation>
        <Annotation Id="775" Type="SpaceToken" StartNode="2023" EndNode="2024">
            <Feature>
                <Name className="java.lang.String">string</Name>
                <Value className="java.lang.String"></Value>
            </Feature>
            <Feature>
                <Name className="java.lang.String">length</Name>
                <Value className="java.lang.String">1</Value>
            </Feature>
            <Feature>
                <Name className="java.lang.String">kind</Name>
                <Value className="java.lang.String">space</Value>
            </Feature>
        </Annotation>
        <Annotation Id="776" Type="Token" StartNode="2024" EndNode="2027">
            <Feature>
                <Name className="java.lang.String">length</Name>
                <Value className="java.lang.String">3</Value>
            </Feature>
            <Feature>
                <Name className="java.lang.String">orth</Name>
                <Value className="java.lang.String">lowercase</Value>
            </Feature>
            <Feature>
                <Name className="java.lang.String">string</Name>
                <Value className="java.lang.String">his</Value>
            </Feature>
            <Feature>
                <Name className="java.lang.String">category</Name>
                <Value className="java.lang.String">PRP$</Value>
            </Feature>
            <Feature>
                <Name className="java.lang.String">kind</Name>
                <Value className="java.lang.String">word</Value>
            </Feature>
        </Annotation>
        <Annotation Id="777" Type="SpaceToken" StartNode="2027" EndNode="2028">
            <Feature>
                <Name className="java.lang.String">string</Name>
                <Value className="java.lang.String"></Value>
            </Feature>
            <Feature>
                <Name className="java.lang.String">length</Name>
                <Value className="java.lang.String">1</Value>
            </Feature>
            <Feature>
                <Name className="java.lang.String">kind</Name>
                <Value className="java.lang.String">space</Value>
            </Feature>
        </Annotation>
        <Annotation Id="778" Type="Token" StartNode="2028" EndNode="2033">
            <Feature>
                <Name className="java.lang.String">length</Name>
                <Value className="java.lang.String">5</Value>
            </Feature>
            <Feature>
                <Name className="java.lang.String">orth</Name>
                <Value className="java.lang.String">lowercase</Value>
            </Feature>
            <Feature>
                <Name className="java.lang.String">string</Name>
                <Value className="java.lang.String">urine</Value>
            </Feature>
            <Feature>
                <Name className="java.lang.String">category</Name>
                <Value className="java.lang.String">NN</Value>
            </Feature>
            <Feature>
                <Name className="java.lang.String">kind</Name>
                <Value className="java.lang.String">word</Value>
            </Feature>
        </Annotation>
        <Annotation Id="779" Type="SpaceToken" StartNode="2033" EndNode="2034">
            <Feature>
                <Name className="java.lang.String">string</Name>
                <Value className="java.lang.String"></Value>
            </Feature>
            <Feature>
                <Name className="java.lang.String">length</Name>
                <Value className="java.lang.String">1</Value>
            </Feature>
            <Feature>
                <Name className="java.lang.String">kind</Name>
                <Value className="java.lang.String">space</Value>
            </Feature>
        </Annotation>
        <Annotation Id="780" Type="Token" StartNode="2034" EndNode="2036">
            <Feature>
                <Name className="java.lang.String">length</Name>
                <Value className="java.lang.String">2</Value>
            </Feature>
            <Feature>
                <Name className="java.lang.String">orth</Name>
                <Value className="java.lang.String">lowercase</Value>
            </Feature>
            <Feature>
                <Name className="java.lang.String">string</Name>
                <Value className="java.lang.String">in</Value>
            </Feature>
            <Feature>
                <Name className="java.lang.String">category</Name>
                <Value className="java.lang.String">IN</Value>
            </Feature>
            <Feature>
                <Name className="java.lang.String">kind</Name>
                <Value className="java.lang.String">word</Value>
            </Feature>
        </Annotation>
        <Annotation Id="781" Type="SpaceToken" StartNode="2036" EndNode="2037">
            <Feature>
                <Name className="java.lang.String">string</Name>
                <Value className="java.lang.String"></Value>
            </Feature>
            <Feature>
                <Name className="java.lang.String">length</Name>
                <Value className="java.lang.String">1</Value>
            </Feature>
            <Feature>
                <Name className="java.lang.String">kind</Name>
                <Value className="java.lang.String">space</Value>
            </Feature>
        </Annotation>
        <Annotation Id="782" Type="Token" StartNode="2037" EndNode="2038">
            <Feature>
                <Name className="java.lang.String">length</Name>
                <Value className="java.lang.String">1</Value>
            </Feature>
            <Feature>
                <Name className="java.lang.String">orth</Name>
                <Value className="java.lang.String">lowercase</Value>
            </Feature>
            <Feature>
                <Name className="java.lang.String">string</Name>
                <Value className="java.lang.String">a</Value>
            </Feature>
            <Feature>
                <Name className="java.lang.String">category</Name>
                <Value className="java.lang.String">DT</Value>
            </Feature>
            <Feature>
                <Name className="java.lang.String">kind</Name>
                <Value className="java.lang.String">word</Value>
            </Feature>
        </Annotation>
        <Annotation Id="783" Type="SpaceToken" StartNode="2038" EndNode="2039">
            <Feature>
                <Name className="java.lang.String">string</Name>
                <Value className="java.lang.String"></Value>
            </Feature>
            <Feature>
                <Name className="java.lang.String">length</Name>
                <Value className="java.lang.String">1</Value>
            </Feature>
            <Feature>
                <Name className="java.lang.String">kind</Name>
                <Value className="java.lang.String">space</Value>
            </Feature>
        </Annotation>
        <Annotation Id="784" Type="Token" StartNode="2039" EndNode="2045">
            <Feature>
                <Name className="java.lang.String">length</Name>
                <Value className="java.lang.String">6</Value>
            </Feature>
            <Feature>
                <Name className="java.lang.String">orth</Name>
                <Value className="java.lang.String">lowercase</Value>
            </Feature>
            <Feature>
                <Name className="java.lang.String">string</Name>
                <Value className="java.lang.String">vessel</Value>
            </Feature>
            <Feature>
                <Name className="java.lang.String">category</Name>
                <Value className="java.lang.String">NN</Value>
            </Feature>
            <Feature>
                <Name className="java.lang.String">kind</Name>
                <Value className="java.lang.String">word</Value>
            </Feature>
        </Annotation>
        <Annotation Id="785" Type="SpaceToken" StartNode="2045" EndNode="2046">
            <Feature>
                <Name className="java.lang.String">string</Name>
                <Value className="java.lang.String"></Value>
            </Feature>
            <Feature>
                <Name className="java.lang.String">length</Name>
                <Value className="java.lang.String">1</Value>
            </Feature>
            <Feature>
                <Name className="java.lang.String">kind</Name>
                <Value className="java.lang.String">space</Value>
            </Feature>
        </Annotation>
        <Annotation Id="786" Type="Token" StartNode="2046" EndNode="2048">
            <Feature>
                <Name className="java.lang.String">length</Name>
                <Value className="java.lang.String">2</Value>
            </Feature>
            <Feature>
                <Name className="java.lang.String">orth</Name>
                <Value className="java.lang.String">lowercase</Value>
            </Feature>
            <Feature>
                <Name className="java.lang.String">string</Name>
                <Value className="java.lang.String">of</Value>
            </Feature>
            <Feature>
                <Name className="java.lang.String">category</Name>
                <Value className="java.lang.String">IN</Value>
            </Feature>
            <Feature>
                <Name className="java.lang.String">kind</Name>
                <Value className="java.lang.String">word</Value>
            </Feature>
        </Annotation>
        <Annotation Id="787" Type="SpaceToken" StartNode="2048" EndNode="2049">
            <Feature>
                <Name className="java.lang.String">string</Name>
                <Value className="java.lang.String"></Value>
            </Feature>
            <Feature>
                <Name className="java.lang.String">length</Name>
                <Value className="java.lang.String">1</Value>
            </Feature>
            <Feature>
                <Name className="java.lang.String">kind</Name>
                <Value className="java.lang.String">space</Value>
            </Feature>
        </Annotation>
        <Annotation Id="788" Type="Token" StartNode="2049" EndNode="2053">
            <Feature>
                <Name className="java.lang.String">length</Name>
                <Value className="java.lang.String">4</Value>
            </Feature>
            <Feature>
                <Name className="java.lang.String">orth</Name>
                <Value className="java.lang.String">lowercase</Value>
            </Feature>
            <Feature>
                <Name className="java.lang.String">string</Name>
                <Value className="java.lang.String">glaz</Value>
            </Feature>
            <Feature>
                <Name className="java.lang.String">category</Name>
                <Value className="java.lang.String">NN</Value>
            </Feature>
            <Feature>
                <Name className="java.lang.String">kind</Name>
                <Value className="java.lang.String">word</Value>
            </Feature>
        </Annotation>
        <Annotation Id="789" Type="Token" StartNode="2053" EndNode="2054">
            <Feature>
                <Name className="java.lang.String">length</Name>
                <Value className="java.lang.String">1</Value>
            </Feature>
            <Feature>
                <Name className="java.lang.String">string</Name>
                <Value className="java.lang.String">,</Value>
            </Feature>
            <Feature>
                <Name className="java.lang.String">category</Name>
                <Value className="java.lang.String">,</Value>
            </Feature>
            <Feature>
                <Name className="java.lang.String">kind</Name>
                <Value className="java.lang.String">punctuation</Value>
            </Feature>
        </Annotation>
        <Annotation Id="790" Type="Token" StartNode="2054" EndNode="2055">
            <Feature>
                <Name className="java.lang.String">length</Name>
                <Value className="java.lang.String">1</Value>
            </Feature>
            <Feature>
                <Name className="java.lang.String">string</Name>
                <Value className="java.lang.String">"</Value>
            </Feature>
            <Feature>
                <Name className="java.lang.String">category</Name>
                <Value className="java.lang.String">''</Value>
            </Feature>
            <Feature>
                <Name className="java.lang.String">kind</Name>
                <Value className="java.lang.String">punctuation</Value>
            </Feature>
        </Annotation>
        <Annotation Id="791" Type="SpaceToken" StartNode="2055" EndNode="2056">
            <Feature>
                <Name className="java.lang.String">string</Name>
                <Value className="java.lang.String"></Value>
            </Feature>
            <Feature>
                <Name className="java.lang.String">length</Name>
                <Value className="java.lang.String">1</Value>
            </Feature>
            <Feature>
                <Name className="java.lang.String">kind</Name>
                <Value className="java.lang.String">space</Value>
            </Feature>
        </Annotation>
        <Annotation Id="792" Type="Token" StartNode="2056" EndNode="2061">
            <Feature>
                <Name className="java.lang.String">length</Name>
                <Value className="java.lang.String">5</Value>
            </Feature>
            <Feature>
                <Name className="java.lang.String">orth</Name>
                <Value className="java.lang.String">lowercase</Value>
            </Feature>
            <Feature>
                <Name className="java.lang.String">string</Name>
                <Value className="java.lang.String">swear</Value>
            </Feature>
            <Feature>
                <Name className="java.lang.String">category</Name>
                <Value className="java.lang.String">VB</Value>
            </Feature>
            <Feature>
                <Name className="java.lang.String">kind</Name>
                <Value className="java.lang.String">word</Value>
            </Feature>
        </Annotation>
        <Annotation Id="793" Type="SpaceToken" StartNode="2061" EndNode="2062">
            <Feature>
                <Name className="java.lang.String">string</Name>
                <Value className="java.lang.String"></Value>
            </Feature>
            <Feature>
                <Name className="java.lang.String">length</Name>
                <Value className="java.lang.String">1</Value>
            </Feature>
            <Feature>
                <Name className="java.lang.String">kind</Name>
                <Value className="java.lang.String">space</Value>
            </Feature>
        </Annotation>
        <Annotation Id="794" Type="Token" StartNode="2062" EndNode="2066">
            <Feature>
                <Name className="java.lang.String">length</Name>
                <Value className="java.lang.String">4</Value>
            </Feature>
            <Feature>
                <Name className="java.lang.String">orth</Name>
                <Value className="java.lang.String">lowercase</Value>
            </Feature>
            <Feature>
                <Name className="java.lang.String">string</Name>
                <Value className="java.lang.String">that</Value>
            </Feature>
            <Feature>
                <Name className="java.lang.String">category</Name>
                <Value className="java.lang.String">IN</Value>
            </Feature>
            <Feature>
                <Name className="java.lang.String">kind</Name>
                <Value className="java.lang.String">word</Value>
            </Feature>
        </Annotation>
        <Annotation Id="795" Type="SpaceToken" StartNode="2066" EndNode="2067">
            <Feature>
                <Name className="java.lang.String">string</Name>
                <Value className="java.lang.String"></Value>
            </Feature>
            <Feature>
                <Name className="java.lang.String">length</Name>
                <Value className="java.lang.String">1</Value>
            </Feature>
            <Feature>
                <Name className="java.lang.String">kind</Name>
                <Value className="java.lang.String">space</Value>
            </Feature>
        </Annotation>
        <Annotation Id="796" Type="Token" StartNode="2067" EndNode="2070">
            <Feature>
                <Name className="java.lang.String">length</Name>
                <Value className="java.lang.String">3</Value>
            </Feature>
            <Feature>
                <Name className="java.lang.String">orth</Name>
                <Value className="java.lang.String">lowercase</Value>
            </Feature>
            <Feature>
                <Name className="java.lang.String">string</Name>
                <Value className="java.lang.String">the</Value>
            </Feature>
            <Feature>
                <Name className="java.lang.String">category</Name>
                <Value className="java.lang.String">DT</Value>
            </Feature>
            <Feature>
                <Name className="java.lang.String">kind</Name>
                <Value className="java.lang.String">word</Value>
            </Feature>
        </Annotation>
        <Annotation Id="797" Type="SpaceToken" StartNode="2070" EndNode="2071">
            <Feature>
                <Name className="java.lang.String">string</Name>
                <Value className="java.lang.String"></Value>
            </Feature>
            <Feature>
                <Name className="java.lang.String">length</Name>
                <Value className="java.lang.String">1</Value>
            </Feature>
            <Feature>
                <Name className="java.lang.String">kind</Name>
                <Value className="java.lang.String">space</Value>
            </Feature>
        </Annotation>
        <Annotation Id="798" Type="Token" StartNode="2071" EndNode="2078">
            <Feature>
                <Name className="java.lang.String">length</Name>
                <Value className="java.lang.String">7</Value>
            </Feature>
            <Feature>
                <Name className="java.lang.String">orth</Name>
                <Value className="java.lang.String">lowercase</Value>
            </Feature>
            <Feature>
                <Name className="java.lang.String">string</Name>
                <Value className="java.lang.String">patient</Value>
            </Feature>
            <Feature>
                <Name className="java.lang.String">category</Name>
                <Value className="java.lang.String">NN</Value>
            </Feature>
            <Feature>
                <Name className="java.lang.String">kind</Name>
                <Value className="java.lang.String">word</Value>
            </Feature>
        </Annotation>
        <Annotation Id="799" Type="SpaceToken" StartNode="2078" EndNode="2079">
            <Feature>
                <Name className="java.lang.String">string</Name>
                <Value className="java.lang.String"></Value>
            </Feature>
            <Feature>
                <Name className="java.lang.String">length</Name>
                <Value className="java.lang.String">1</Value>
            </Feature>
            <Feature>
                <Name className="java.lang.String">kind</Name>
                <Value className="java.lang.String">space</Value>
            </Feature>
        </Annotation>
        <Annotation Id="800" Type="Token" StartNode="2079" EndNode="2081">
            <Feature>
                <Name className="java.lang.String">length</Name>
                <Value className="java.lang.String">2</Value>
            </Feature>
            <Feature>
                <Name className="java.lang.String">orth</Name>
                <Value className="java.lang.String">lowercase</Value>
            </Feature>
            <Feature>
                <Name className="java.lang.String">string</Name>
                <Value className="java.lang.String">is</Value>
            </Feature>
            <Feature>
                <Name className="java.lang.String">category</Name>
                <Value className="java.lang.String">VBZ</Value>
            </Feature>
            <Feature>
                <Name className="java.lang.String">kind</Name>
                <Value className="java.lang.String">word</Value>
            </Feature>
        </Annotation>
        <Annotation Id="801" Type="SpaceToken" StartNode="2081" EndNode="2082">
            <Feature>
                <Name className="java.lang.String">string</Name>
                <Value className="java.lang.String"></Value>
            </Feature>
            <Feature>
                <Name className="java.lang.String">length</Name>
                <Value className="java.lang.String">1</Value>
            </Feature>
            <Feature>
                <Name className="java.lang.String">kind</Name>
                <Value className="java.lang.String">space</Value>
            </Feature>
        </Annotation>
        <Annotation Id="802" Type="Token" StartNode="2082" EndNode="2088">
            <Feature>
                <Name className="java.lang.String">length</Name>
                <Value className="java.lang.String">6</Value>
            </Feature>
            <Feature>
                <Name className="java.lang.String">orth</Name>
                <Value className="java.lang.String">lowercase</Value>
            </Feature>
            <Feature>
                <Name className="java.lang.String">string</Name>
                <Value className="java.lang.String">sicker</Value>
            </Feature>
            <Feature>
                <Name className="java.lang.String">category</Name>
                <Value className="java.lang.String">NN</Value>
            </Feature>
            <Feature>
                <Name className="java.lang.String">kind</Name>
                <Value className="java.lang.String">word</Value>
            </Feature>
        </Annotation>
        <Annotation Id="803" Type="SpaceToken" StartNode="2088" EndNode="2089">
            <Feature>
                <Name className="java.lang.String">string</Name>
                <Value className="java.lang.String"></Value>
            </Feature>
            <Feature>
                <Name className="java.lang.String">length</Name>
                <Value className="java.lang.String">1</Value>
            </Feature>
            <Feature>
                <Name className="java.lang.String">kind</Name>
                <Value className="java.lang.String">space</Value>
            </Feature>
        </Annotation>
        <Annotation Id="804" Type="Token" StartNode="2089" EndNode="2093">
            <Feature>
                <Name className="java.lang.String">length</Name>
                <Value className="java.lang.String">4</Value>
            </Feature>
            <Feature>
                <Name className="java.lang.String">orth</Name>
                <Value className="java.lang.String">lowercase</Value>
            </Feature>
            <Feature>
                <Name className="java.lang.String">string</Name>
                <Value className="java.lang.String">than</Value>
            </Feature>
            <Feature>
                <Name className="java.lang.String">category</Name>
                <Value className="java.lang.String">IN</Value>
            </Feature>
            <Feature>
                <Name className="java.lang.String">kind</Name>
                <Value className="java.lang.String">word</Value>
            </Feature>
        </Annotation>
        <Annotation Id="805" Type="SpaceToken" StartNode="2093" EndNode="2094">
            <Feature>
                <Name className="java.lang.String">string</Name>
                <Value className="java.lang.String"></Value>
            </Feature>
            <Feature>
                <Name className="java.lang.String">length</Name>
                <Value className="java.lang.String">1</Value>
            </Feature>
            <Feature>
                <Name className="java.lang.String">kind</Name>
                <Value className="java.lang.String">space</Value>
            </Feature>
        </Annotation>
        <Annotation Id="806" Type="Token" StartNode="2094" EndNode="2096">
            <Feature>
                <Name className="java.lang.String">length</Name>
                <Value className="java.lang.String">2</Value>
            </Feature>
            <Feature>
                <Name className="java.lang.String">orth</Name>
                <Value className="java.lang.String">lowercase</Value>
            </Feature>
            <Feature>
                <Name className="java.lang.String">string</Name>
                <Value className="java.lang.String">he</Value>
            </Feature>
            <Feature>
                <Name className="java.lang.String">category</Name>
                <Value className="java.lang.String">PRP</Value>
            </Feature>
            <Feature>
                <Name className="java.lang.String">kind</Name>
                <Value className="java.lang.String">word</Value>
            </Feature>
        </Annotation>
        <Annotation Id="807" Type="SpaceToken" StartNode="2096" EndNode="2097">
            <Feature>
                <Name className="java.lang.String">string</Name>
                <Value className="java.lang.String"></Value>
            </Feature>
            <Feature>
                <Name className="java.lang.String">length</Name>
                <Value className="java.lang.String">1</Value>
            </Feature>
            <Feature>
                <Name className="java.lang.String">kind</Name>
                <Value className="java.lang.String">space</Value>
            </Feature>
        </Annotation>
        <Annotation Id="808" Type="Token" StartNode="2097" EndNode="2103">
            <Feature>
                <Name className="java.lang.String">length</Name>
                <Value className="java.lang.String">6</Value>
            </Feature>
            <Feature>
                <Name className="java.lang.String">orth</Name>
                <Value className="java.lang.String">lowercase</Value>
            </Feature>
            <Feature>
                <Name className="java.lang.String">string</Name>
                <Value className="java.lang.String">really</Value>
            </Feature>
            <Feature>
                <Name className="java.lang.String">category</Name>
                <Value className="java.lang.String">RB</Value>
            </Feature>
            <Feature>
                <Name className="java.lang.String">kind</Name>
                <Value className="java.lang.String">word</Value>
            </Feature>
        </Annotation>
        <Annotation Id="809" Type="SpaceToken" StartNode="2103" EndNode="2104">
            <Feature>
                <Name className="java.lang.String">string</Name>
                <Value className="java.lang.String"></Value>
            </Feature>
            <Feature>
                <Name className="java.lang.String">length</Name>
                <Value className="java.lang.String">1</Value>
            </Feature>
            <Feature>
                <Name className="java.lang.String">kind</Name>
                <Value className="java.lang.String">space</Value>
            </Feature>
        </Annotation>
        <Annotation Id="810" Type="Token" StartNode="2104" EndNode="2106">
            <Feature>
                <Name className="java.lang.String">length</Name>
                <Value className="java.lang.String">2</Value>
            </Feature>
            <Feature>
                <Name className="java.lang.String">orth</Name>
                <Value className="java.lang.String">lowercase</Value>
            </Feature>
            <Feature>
                <Name className="java.lang.String">string</Name>
                <Value className="java.lang.String">is</Value>
            </Feature>
            <Feature>
                <Name className="java.lang.String">category</Name>
                <Value className="java.lang.String">VBZ</Value>
            </Feature>
            <Feature>
                <Name className="java.lang.String">kind</Name>
                <Value className="java.lang.String">word</Value>
            </Feature>
        </Annotation>
        <Annotation Id="811" Type="Token" StartNode="2106" EndNode="2107">
            <Feature>
                <Name className="java.lang.String">length</Name>
                <Value className="java.lang.String">1</Value>
            </Feature>
            <Feature>
                <Name className="java.lang.String">string</Name>
                <Value className="java.lang.String">,</Value>
            </Feature>
            <Feature>
                <Name className="java.lang.String">category</Name>
                <Value className="java.lang.String">,</Value>
            </Feature>
            <Feature>
                <Name className="java.lang.String">kind</Name>
                <Value className="java.lang.String">punctuation</Value>
            </Feature>
        </Annotation>
        <Annotation Id="812" Type="SpaceToken" StartNode="2107" EndNode="2108">
            <Feature>
                <Name className="java.lang.String">string</Name>
                <Value className="java.lang.String"></Value>
            </Feature>
            <Feature>
                <Name className="java.lang.String">length</Name>
                <Value className="java.lang.String">1</Value>
            </Feature>
            <Feature>
                <Name className="java.lang.String">kind</Name>
                <Value className="java.lang.String">space</Value>
            </Feature>
        </Annotation>
        <Annotation Id="813" Type="Token" StartNode="2108" EndNode="2111">
            <Feature>
                <Name className="java.lang.String">length</Name>
                <Value className="java.lang.String">3</Value>
            </Feature>
            <Feature>
                <Name className="java.lang.String">orth</Name>
                <Value className="java.lang.String">lowercase</Value>
            </Feature>
            <Feature>
                <Name className="java.lang.String">string</Name>
                <Value className="java.lang.String">and</Value>
            </Feature>
            <Feature>
                <Name className="java.lang.String">category</Name>
                <Value className="java.lang.String">CC</Value>
            </Feature>
            <Feature>
                <Name className="java.lang.String">kind</Name>
                <Value className="java.lang.String">word</Value>
            </Feature>
        </Annotation>
        <Annotation Id="814" Type="SpaceToken" StartNode="2111" EndNode="2112">
            <Feature>
                <Name className="java.lang.String">string</Name>
                <Value className="java.lang.String"></Value>
            </Feature>
            <Feature>
                <Name className="java.lang.String">length</Name>
                <Value className="java.lang.String">1</Value>
            </Feature>
            <Feature>
                <Name className="java.lang.String">kind</Name>
                <Value className="java.lang.String">space</Value>
            </Feature>
        </Annotation>
        <Annotation Id="815" Type="Token" StartNode="2112" EndNode="2119">
            <Feature>
                <Name className="java.lang.String">length</Name>
                <Value className="java.lang.String">7</Value>
            </Feature>
            <Feature>
                <Name className="java.lang.String">orth</Name>
                <Value className="java.lang.String">lowercase</Value>
            </Feature>
            <Feature>
                <Name className="java.lang.String">string</Name>
                <Value className="java.lang.String">comfort</Value>
            </Feature>
            <Feature>
                <Name className="java.lang.String">category</Name>
                <Value className="java.lang.String">NN</Value>
            </Feature>
            <Feature>
                <Name className="java.lang.String">kind</Name>
                <Value className="java.lang.String">word</Value>
            </Feature>
        </Annotation>
        <Annotation Id="816" Type="SpaceToken" StartNode="2119" EndNode="2120">
            <Feature>
                <Name className="java.lang.String">string</Name>
                <Value className="java.lang.String"></Value>
            </Feature>
            <Feature>
                <Name className="java.lang.String">length</Name>
                <Value className="java.lang.String">1</Value>
            </Feature>
            <Feature>
                <Name className="java.lang.String">kind</Name>
                <Value className="java.lang.String">space</Value>
            </Feature>
        </Annotation>
        <Annotation Id="817" Type="Token" StartNode="2120" EndNode="2123">
            <Feature>
                <Name className="java.lang.String">length</Name>
                <Value className="java.lang.String">3</Value>
            </Feature>
            <Feature>
                <Name className="java.lang.String">orth</Name>
                <Value className="java.lang.String">lowercase</Value>
            </Feature>
            <Feature>
                <Name className="java.lang.String">string</Name>
                <Value className="java.lang.String">the</Value>
            </Feature>
            <Feature>
                <Name className="java.lang.String">category</Name>
                <Value className="java.lang.String">DT</Value>
            </Feature>
            <Feature>
                <Name className="java.lang.String">kind</Name>
                <Value className="java.lang.String">word</Value>
            </Feature>
        </Annotation>
        <Annotation Id="818" Type="SpaceToken" StartNode="2123" EndNode="2124">
            <Feature>
                <Name className="java.lang.String">string</Name>
                <Value className="java.lang.String"></Value>
            </Feature>
            <Feature>
                <Name className="java.lang.String">length</Name>
                <Value className="java.lang.String">1</Value>
            </Feature>
            <Feature>
                <Name className="java.lang.String">kind</Name>
                <Value className="java.lang.String">space</Value>
            </Feature>
        </Annotation>
        <Annotation Id="819" Type="Token" StartNode="2124" EndNode="2131">
            <Feature>
                <Name className="java.lang.String">length</Name>
                <Value className="java.lang.String">7</Value>
            </Feature>
            <Feature>
                <Name className="java.lang.String">orth</Name>
                <Value className="java.lang.String">lowercase</Value>
            </Feature>
            <Feature>
                <Name className="java.lang.String">string</Name>
                <Value className="java.lang.String">anxious</Value>
            </Feature>
            <Feature>
                <Name className="java.lang.String">category</Name>
                <Value className="java.lang.String">JJ</Value>
            </Feature>
            <Feature>
                <Name className="java.lang.String">kind</Name>
                <Value className="java.lang.String">word</Value>
            </Feature>
        </Annotation>
        <Annotation Id="820" Type="SpaceToken" StartNode="2131" EndNode="2132">
            <Feature>
                <Name className="java.lang.String">string</Name>
                <Value className="java.lang.String"></Value>
            </Feature>
            <Feature>
                <Name className="java.lang.String">length</Name>
                <Value className="java.lang.String">1</Value>
            </Feature>
            <Feature>
                <Name className="java.lang.String">kind</Name>
                <Value className="java.lang.String">space</Value>
            </Feature>
        </Annotation>
        <Annotation Id="821" Type="Token" StartNode="2132" EndNode="2136">
            <Feature>
                <Name className="java.lang.String">length</Name>
                <Value className="java.lang.String">4</Value>
            </Feature>
            <Feature>
                <Name className="java.lang.String">orth</Name>
                <Value className="java.lang.String">lowercase</Value>
            </Feature>
            <Feature>
                <Name className="java.lang.String">string</Name>
                <Value className="java.lang.String">wife</Value>
            </Feature>
            <Feature>
                <Name className="java.lang.String">category</Name>
                <Value className="java.lang.String">NN</Value>
            </Feature>
            <Feature>
                <Name className="java.lang.String">kind</Name>
                <Value className="java.lang.String">word</Value>
            </Feature>
        </Annotation>
        <Annotation Id="822" Type="Token" StartNode="2136" EndNode="2137">
            <Feature>
                <Name className="java.lang.String">length</Name>
                <Value className="java.lang.String">1</Value>
            </Feature>
            <Feature>
                <Name className="java.lang.String">string</Name>
                <Value className="java.lang.String">.</Value>
            </Feature>
            <Feature>
                <Name className="java.lang.String">category</Name>
                <Value className="java.lang.String">.</Value>
            </Feature>
            <Feature>
                <Name className="java.lang.String">kind</Name>
                <Value className="java.lang.String">punctuation</Value>
            </Feature>
        </Annotation>
        <Annotation Id="823" Type="SpaceToken" StartNode="2137" EndNode="2138">
            <Feature>
                <Name className="java.lang.String">string</Name>
                <Value className="java.lang.String"></Value>
            </Feature>
            <Feature>
                <Name className="java.lang.String">length</Name>
                <Value className="java.lang.String">1</Value>
            </Feature>
            <Feature>
                <Name className="java.lang.String">kind</Name>
                <Value className="java.lang.String">space</Value>
            </Feature>
        </Annotation>
        <Annotation Id="824" Type="Token" StartNode="2138" EndNode="2141">
            <Feature>
                <Name className="java.lang.String">length</Name>
                <Value className="java.lang.String">3</Value>
            </Feature>
            <Feature>
                <Name className="java.lang.String">orth</Name>
                <Value className="java.lang.String">upperInitial</Value>
            </Feature>
            <Feature>
                <Name className="java.lang.String">string</Name>
                <Value className="java.lang.String">The</Value>
            </Feature>
            <Feature>
                <Name className="java.lang.String">category</Name>
                <Value className="java.lang.String">DT</Value>
            </Feature>
            <Feature>
                <Name className="java.lang.String">kind</Name>
                <Value className="java.lang.String">word</Value>
            </Feature>
        </Annotation>
        <Annotation Id="825" Type="SpaceToken" StartNode="2141" EndNode="2142">
            <Feature>
                <Name className="java.lang.String">string</Name>
                <Value className="java.lang.String"></Value>
            </Feature>
            <Feature>
                <Name className="java.lang.String">length</Name>
                <Value className="java.lang.String">1</Value>
            </Feature>
            <Feature>
                <Name className="java.lang.String">kind</Name>
                <Value className="java.lang.String">space</Value>
            </Feature>
        </Annotation>
        <Annotation Id="826" Type="Token" StartNode="2142" EndNode="2148">
            <Feature>
                <Name className="java.lang.String">length</Name>
                <Value className="java.lang.String">6</Value>
            </Feature>
            <Feature>
                <Name className="java.lang.String">orth</Name>
                <Value className="java.lang.String">lowercase</Value>
            </Feature>
            <Feature>
                <Name className="java.lang.String">string</Name>
                <Value className="java.lang.String">author</Value>
            </Feature>
            <Feature>
                <Name className="java.lang.String">category</Name>
                <Value className="java.lang.String">NN</Value>
            </Feature>
            <Feature>
                <Name className="java.lang.String">kind</Name>
                <Value className="java.lang.String">word</Value>
            </Feature>
        </Annotation>
        <Annotation Id="827" Type="SpaceToken" StartNode="2148" EndNode="2149">
            <Feature>
                <Name className="java.lang.String">string</Name>
                <Value className="java.lang.String"></Value>
            </Feature>
            <Feature>
                <Name className="java.lang.String">length</Name>
                <Value className="java.lang.String">1</Value>
            </Feature>
            <Feature>
                <Name className="java.lang.String">kind</Name>
                <Value className="java.lang.String">space</Value>
            </Feature>
        </Annotation>
        <Annotation Id="828" Type="Token" StartNode="2149" EndNode="2153">
            <Feature>
                <Name className="java.lang.String">length</Name>
                <Value className="java.lang.String">4</Value>
            </Feature>
            <Feature>
                <Name className="java.lang.String">orth</Name>
                <Value className="java.lang.String">lowercase</Value>
            </Feature>
            <Feature>
                <Name className="java.lang.String">string</Name>
                <Value className="java.lang.String">adds</Value>
            </Feature>
            <Feature>
                <Name className="java.lang.String">category</Name>
                <Value className="java.lang.String">VBZ</Value>
            </Feature>
            <Feature>
                <Name className="java.lang.String">kind</Name>
                <Value className="java.lang.String">word</Value>
            </Feature>
        </Annotation>
        <Annotation Id="829" Type="SpaceToken" StartNode="2153" EndNode="2154">
            <Feature>
                <Name className="java.lang.String">string</Name>
                <Value className="java.lang.String"></Value>
            </Feature>
            <Feature>
                <Name className="java.lang.String">length</Name>
                <Value className="java.lang.String">1</Value>
            </Feature>
            <Feature>
                <Name className="java.lang.String">kind</Name>
                <Value className="java.lang.String">space</Value>
            </Feature>
        </Annotation>
        <Annotation Id="830" Type="Token" StartNode="2154" EndNode="2158">
            <Feature>
                <Name className="java.lang.String">length</Name>
                <Value className="java.lang.String">4</Value>
            </Feature>
            <Feature>
                <Name className="java.lang.String">orth</Name>
                <Value className="java.lang.String">lowercase</Value>
            </Feature>
            <Feature>
                <Name className="java.lang.String">string</Name>
                <Value className="java.lang.String">that</Value>
            </Feature>
            <Feature>
                <Name className="java.lang.String">category</Name>
                <Value className="java.lang.String">IN</Value>
            </Feature>
            <Feature>
                <Name className="java.lang.String">kind</Name>
                <Value className="java.lang.String">word</Value>
            </Feature>
        </Annotation>
        <Annotation Id="831" Type="SpaceToken" StartNode="2158" EndNode="2159">
            <Feature>
                <Name className="java.lang.String">string</Name>
                <Value className="java.lang.String"></Value>
            </Feature>
            <Feature>
                <Name className="java.lang.String">length</Name>
                <Value className="java.lang.String">1</Value>
            </Feature>
            <Feature>
                <Name className="java.lang.String">kind</Name>
                <Value className="java.lang.String">space</Value>
            </Feature>
        </Annotation>
        <Annotation Id="832" Type="Token" StartNode="2159" EndNode="2163">
            <Feature>
                <Name className="java.lang.String">length</Name>
                <Value className="java.lang.String">4</Value>
            </Feature>
            <Feature>
                <Name className="java.lang.String">orth</Name>
                <Value className="java.lang.String">lowercase</Value>
            </Feature>
            <Feature>
                <Name className="java.lang.String">string</Name>
                <Value className="java.lang.String">such</Value>
            </Feature>
            <Feature>
                <Name className="java.lang.String">category</Name>
                <Value className="java.lang.String">JJ</Value>
            </Feature>
            <Feature>
                <Name className="java.lang.String">kind</Name>
                <Value className="java.lang.String">word</Value>
            </Feature>
        </Annotation>
        <Annotation Id="833" Type="SpaceToken" StartNode="2163" EndNode="2164">
            <Feature>
                <Name className="java.lang.String">string</Name>
                <Value className="java.lang.String"></Value>
            </Feature>
            <Feature>
                <Name className="java.lang.String">length</Name>
                <Value className="java.lang.String">1</Value>
            </Feature>
            <Feature>
                <Name className="java.lang.String">kind</Name>
                <Value className="java.lang.String">space</Value>
            </Feature>
        </Annotation>
        <Annotation Id="834" Type="Token" StartNode="2164" EndNode="2165">
            <Feature>
                <Name className="java.lang.String">length</Name>
                <Value className="java.lang.String">1</Value>
            </Feature>
            <Feature>
                <Name className="java.lang.String">orth</Name>
                <Value className="java.lang.String">lowercase</Value>
            </Feature>
            <Feature>
                <Name className="java.lang.String">string</Name>
                <Value className="java.lang.String">a</Value>
            </Feature>
            <Feature>
                <Name className="java.lang.String">category</Name>
                <Value className="java.lang.String">DT</Value>
            </Feature>
            <Feature>
                <Name className="java.lang.String">kind</Name>
                <Value className="java.lang.String">word</Value>
            </Feature>
        </Annotation>
        <Annotation Id="835" Type="SpaceToken" StartNode="2165" EndNode="2166">
            <Feature>
                <Name className="java.lang.String">string</Name>
                <Value className="java.lang.String"></Value>
            </Feature>
            <Feature>
                <Name className="java.lang.String">length</Name>
                <Value className="java.lang.String">1</Value>
            </Feature>
            <Feature>
                <Name className="java.lang.String">kind</Name>
                <Value className="java.lang.String">space</Value>
            </Feature>
        </Annotation>
        <Annotation Id="836" Type="Token" StartNode="2166" EndNode="2172">
            <Feature>
                <Name className="java.lang.String">length</Name>
                <Value className="java.lang.String">6</Value>
            </Feature>
            <Feature>
                <Name className="java.lang.String">orth</Name>
                <Value className="java.lang.String">lowercase</Value>
            </Feature>
            <Feature>
                <Name className="java.lang.String">string</Name>
                <Value className="java.lang.String">doctor</Value>
            </Feature>
            <Feature>
                <Name className="java.lang.String">category</Name>
                <Value className="java.lang.String">NN</Value>
            </Feature>
            <Feature>
                <Name className="java.lang.String">kind</Name>
                <Value className="java.lang.String">word</Value>
            </Feature>
        </Annotation>
        <Annotation Id="837" Type="SpaceToken" StartNode="2172" EndNode="2173">
            <Feature>
                <Name className="java.lang.String">string</Name>
                <Value className="java.lang.String"></Value>
            </Feature>
            <Feature>
                <Name className="java.lang.String">length</Name>
                <Value className="java.lang.String">1</Value>
            </Feature>
            <Feature>
                <Name className="java.lang.String">kind</Name>
                <Value className="java.lang.String">space</Value>
            </Feature>
        </Annotation>
        <Annotation Id="838" Type="Token" StartNode="2173" EndNode="2176">
            <Feature>
                <Name className="java.lang.String">length</Name>
                <Value className="java.lang.String">3</Value>
            </Feature>
            <Feature>
                <Name className="java.lang.String">orth</Name>
                <Value className="java.lang.String">lowercase</Value>
            </Feature>
            <Feature>
                <Name className="java.lang.String">string</Name>
                <Value className="java.lang.String">may</Value>
            </Feature>
            <Feature>
                <Name className="java.lang.String">category</Name>
                <Value className="java.lang.String">MD</Value>
            </Feature>
            <Feature>
                <Name className="java.lang.String">kind</Name>
                <Value className="java.lang.String">word</Value>
            </Feature>
        </Annotation>
        <Annotation Id="839" Type="SpaceToken" StartNode="2176" EndNode="2177">
            <Feature>
                <Name className="java.lang.String">string</Name>
                <Value className="java.lang.String"></Value>
            </Feature>
            <Feature>
                <Name className="java.lang.String">length</Name>
                <Value className="java.lang.String">1</Value>
            </Feature>
            <Feature>
                <Name className="java.lang.String">kind</Name>
                <Value className="java.lang.String">space</Value>
            </Feature>
        </Annotation>
        <Annotation Id="840" Type="Token" StartNode="2177" EndNode="2181">
            <Feature>
                <Name className="java.lang.String">length</Name>
                <Value className="java.lang.String">4</Value>
            </Feature>
            <Feature>
                <Name className="java.lang.String">orth</Name>
                <Value className="java.lang.String">lowercase</Value>
            </Feature>
            <Feature>
                <Name className="java.lang.String">string</Name>
                <Value className="java.lang.String">know</Value>
            </Feature>
            <Feature>
                <Name className="java.lang.String">category</Name>
                <Value className="java.lang.String">VB</Value>
            </Feature>
            <Feature>
                <Name className="java.lang.String">kind</Name>
                <Value className="java.lang.String">word</Value>
            </Feature>
        </Annotation>
        <Annotation Id="841" Type="SpaceToken" StartNode="2181" EndNode="2182">
            <Feature>
                <Name className="java.lang.String">string</Name>
                <Value className="java.lang.String"></Value>
            </Feature>
            <Feature>
                <Name className="java.lang.String">length</Name>
                <Value className="java.lang.String">1</Value>
            </Feature>
            <Feature>
                <Name className="java.lang.String">kind</Name>
                <Value className="java.lang.String">space</Value>
            </Feature>
        </Annotation>
        <Annotation Id="842" Type="Token" StartNode="2182" EndNode="2183">
            <Feature>
                <Name className="java.lang.String">length</Name>
                <Value className="java.lang.String">1</Value>
            </Feature>
            <Feature>
                <Name className="java.lang.String">string</Name>
                <Value className="java.lang.String">"</Value>
            </Feature>
            <Feature>
                <Name className="java.lang.String">category</Name>
                <Value className="java.lang.String">''</Value>
            </Feature>
            <Feature>
                <Name className="java.lang.String">kind</Name>
                <Value className="java.lang.String">punctuation</Value>
            </Feature>
        </Annotation>
        <Annotation Id="843" Type="Token" StartNode="2183" EndNode="2185">
            <Feature>
                <Name className="java.lang.String">length</Name>
                <Value className="java.lang.String">2</Value>
            </Feature>
            <Feature>
                <Name className="java.lang.String">orth</Name>
                <Value className="java.lang.String">lowercase</Value>
            </Feature>
            <Feature>
                <Name className="java.lang.String">string</Name>
                <Value className="java.lang.String">no</Value>
            </Feature>
            <Feature>
                <Name className="java.lang.String">category</Name>
                <Value className="java.lang.String">RB</Value>
            </Feature>
            <Feature>
                <Name className="java.lang.String">kind</Name>
                <Value className="java.lang.String">word</Value>
            </Feature>
        </Annotation>
        <Annotation Id="844" Type="SpaceToken" StartNode="2185" EndNode="2186">
            <Feature>
                <Name className="java.lang.String">string</Name>
                <Value className="java.lang.String"></Value>
            </Feature>
            <Feature>
                <Name className="java.lang.String">length</Name>
                <Value className="java.lang.String">1</Value>
            </Feature>
            <Feature>
                <Name className="java.lang.String">kind</Name>
                <Value className="java.lang.String">space</Value>
            </Feature>
        </Annotation>
        <Annotation Id="845" Type="Token" StartNode="2186" EndNode="2190">
            <Feature>
                <Name className="java.lang.String">length</Name>
                <Value className="java.lang.String">4</Value>
            </Feature>
            <Feature>
                <Name className="java.lang.String">orth</Name>
                <Value className="java.lang.String">lowercase</Value>
            </Feature>
            <Feature>
                <Name className="java.lang.String">string</Name>
                <Value className="java.lang.String">more</Value>
            </Feature>
            <Feature>
                <Name className="java.lang.String">category</Name>
                <Value className="java.lang.String">JJR</Value>
            </Feature>
            <Feature>
                <Name className="java.lang.String">kind</Name>
                <Value className="java.lang.String">word</Value>
            </Feature>
        </Annotation>
        <Annotation Id="846" Type="SpaceToken" StartNode="2190" EndNode="2191">
            <Feature>
                <Name className="java.lang.String">string</Name>
                <Value className="java.lang.String"></Value>
            </Feature>
            <Feature>
                <Name className="java.lang.String">length</Name>
                <Value className="java.lang.String">1</Value>
            </Feature>
            <Feature>
                <Name className="java.lang.String">kind</Name>
                <Value className="java.lang.String">space</Value>
            </Feature>
        </Annotation>
        <Annotation Id="847" Type="Token" StartNode="2191" EndNode="2195">
            <Feature>
                <Name className="java.lang.String">length</Name>
                <Value className="java.lang.String">4</Value>
            </Feature>
            <Feature>
                <Name className="java.lang.String">orth</Name>
                <Value className="java.lang.String">lowercase</Value>
            </Feature>
            <Feature>
                <Name className="java.lang.String">string</Name>
                <Value className="java.lang.String">than</Value>
            </Feature>
            <Feature>
                <Name className="java.lang.String">category</Name>
                <Value className="java.lang.String">IN</Value>
            </Feature>
            <Feature>
                <Name className="java.lang.String">kind</Name>
                <Value className="java.lang.String">word</Value>
            </Feature>
        </Annotation>
        <Annotation Id="848" Type="SpaceToken" StartNode="2195" EndNode="2196">
            <Feature>
                <Name className="java.lang.String">string</Name>
                <Value className="java.lang.String"></Value>
            </Feature>
            <Feature>
                <Name className="java.lang.String">length</Name>
                <Value className="java.lang.String">1</Value>
            </Feature>
            <Feature>
                <Name className="java.lang.String">kind</Name>
                <Value className="java.lang.String">space</Value>
            </Feature>
        </Annotation>
        <Annotation Id="849" Type="Token" StartNode="2196" EndNode="2197">
            <Feature>
                <Name className="java.lang.String">length</Name>
                <Value className="java.lang.String">1</Value>
            </Feature>
            <Feature>
                <Name className="java.lang.String">orth</Name>
                <Value className="java.lang.String">lowercase</Value>
            </Feature>
            <Feature>
                <Name className="java.lang.String">string</Name>
                <Value className="java.lang.String">a</Value>
            </Feature>
            <Feature>
                <Name className="java.lang.String">category</Name>
                <Value className="java.lang.String">DT</Value>
            </Feature>
            <Feature>
                <Name className="java.lang.String">kind</Name>
                <Value className="java.lang.String">word</Value>
            </Feature>
        </Annotation>
        <Annotation Id="850" Type="SpaceToken" StartNode="2197" EndNode="2198">
            <Feature>
                <Name className="java.lang.String">string</Name>
                <Value className="java.lang.String"></Value>
            </Feature>
            <Feature>
                <Name className="java.lang.String">length</Name>
                <Value className="java.lang.String">1</Value>
            </Feature>
            <Feature>
                <Name className="java.lang.String">kind</Name>
                <Value className="java.lang.String">space</Value>
            </Feature>
        </Annotation>
        <Annotation Id="851" Type="Token" StartNode="2198" EndNode="2201">
            <Feature>
                <Name className="java.lang.String">length</Name>
                <Value className="java.lang.String">3</Value>
            </Feature>
            <Feature>
                <Name className="java.lang.String">orth</Name>
                <Value className="java.lang.String">lowercase</Value>
            </Feature>
            <Feature>
                <Name className="java.lang.String">string</Name>
                <Value className="java.lang.String">gos</Value>
            </Feature>
            <Feature>
                <Name className="java.lang.String">category</Name>
                <Value className="java.lang.String">NNS</Value>
            </Feature>
            <Feature>
                <Name className="java.lang.String">kind</Name>
                <Value className="java.lang.String">word</Value>
            </Feature>
        </Annotation>
        <Annotation Id="852" Type="SpaceToken" StartNode="2201" EndNode="2202">
            <Feature>
                <Name className="java.lang.String">string</Name>
                <Value className="java.lang.String"></Value>
            </Feature>
            <Feature>
                <Name className="java.lang.String">length</Name>
                <Value className="java.lang.String">1</Value>
            </Feature>
            <Feature>
                <Name className="java.lang.String">kind</Name>
                <Value className="java.lang.String">space</Value>
            </Feature>
        </Annotation>
        <Annotation Id="853" Type="Token" StartNode="2202" EndNode="2203">
            <Feature>
                <Name className="java.lang.String">length</Name>
                <Value className="java.lang.String">1</Value>
            </Feature>
            <Feature>
                <Name className="java.lang.String">position</Name>
                <Value className="java.lang.String">startpunct</Value>
            </Feature>
            <Feature>
                <Name className="java.lang.String">string</Name>
                <Value className="java.lang.String">[</Value>
            </Feature>
            <Feature>
                <Name className="java.lang.String">category</Name>
                <Value className="java.lang.String">NN</Value>
            </Feature>
            <Feature>
                <Name className="java.lang.String">kind</Name>
                <Value className="java.lang.String">punctuation</Value>
            </Feature>
        </Annotation>
        <Annotation Id="854" Type="Token" StartNode="2203" EndNode="2208">
            <Feature>
                <Name className="java.lang.String">length</Name>
                <Value className="java.lang.String">5</Value>
            </Feature>
            <Feature>
                <Name className="java.lang.String">orth</Name>
                <Value className="java.lang.String">lowercase</Value>
            </Feature>
            <Feature>
                <Name className="java.lang.String">string</Name>
                <Value className="java.lang.String">goose</Value>
            </Feature>
            <Feature>
                <Name className="java.lang.String">category</Name>
                <Value className="java.lang.String">NN</Value>
            </Feature>
            <Feature>
                <Name className="java.lang.String">kind</Name>
                <Value className="java.lang.String">word</Value>
            </Feature>
        </Annotation>
        <Annotation Id="855" Type="Token" StartNode="2208" EndNode="2209">
            <Feature>
                <Name className="java.lang.String">length</Name>
                <Value className="java.lang.String">1</Value>
            </Feature>
            <Feature>
                <Name className="java.lang.String">position</Name>
                <Value className="java.lang.String">endpunct</Value>
            </Feature>
            <Feature>
                <Name className="java.lang.String">string</Name>
                <Value className="java.lang.String">]</Value>
            </Feature>
            <Feature>
                <Name className="java.lang.String">category</Name>
                <Value className="java.lang.String">NN</Value>
            </Feature>
            <Feature>
                <Name className="java.lang.String">kind</Name>
                <Value className="java.lang.String">punctuation</Value>
            </Feature>
        </Annotation>
        <Annotation Id="856" Type="SpaceToken" StartNode="2209" EndNode="2210">
            <Feature>
                <Name className="java.lang.String">string</Name>
                <Value className="java.lang.String"></Value>
            </Feature>
            <Feature>
                <Name className="java.lang.String">length</Name>
                <Value className="java.lang.String">1</Value>
            </Feature>
            <Feature>
                <Name className="java.lang.String">kind</Name>
                <Value className="java.lang.String">space</Value>
            </Feature>
        </Annotation>
        <Annotation Id="857" Type="Token" StartNode="2210" EndNode="2218">
            <Feature>
                <Name className="java.lang.String">length</Name>
                <Value className="java.lang.String">8</Value>
            </Feature>
            <Feature>
                <Name className="java.lang.String">orth</Name>
                <Value className="java.lang.String">lowercase</Value>
            </Feature>
            <Feature>
                <Name className="java.lang.String">string</Name>
                <Value className="java.lang.String">wheither</Value>
            </Feature>
            <Feature>
                <Name className="java.lang.String">category</Name>
                <Value className="java.lang.String">NN</Value>
            </Feature>
            <Feature>
                <Name className="java.lang.String">kind</Name>
                <Value className="java.lang.String">word</Value>
            </Feature>
        </Annotation>
        <Annotation Id="858" Type="SpaceToken" StartNode="2218" EndNode="2219">
            <Feature>
                <Name className="java.lang.String">string</Name>
                <Value className="java.lang.String"></Value>
            </Feature>
            <Feature>
                <Name className="java.lang.String">length</Name>
                <Value className="java.lang.String">1</Value>
            </Feature>
            <Feature>
                <Name className="java.lang.String">kind</Name>
                <Value className="java.lang.String">space</Value>
            </Feature>
        </Annotation>
        <Annotation Id="859" Type="Token" StartNode="2219" EndNode="2221">
            <Feature>
                <Name className="java.lang.String">length</Name>
                <Value className="java.lang.String">2</Value>
            </Feature>
            <Feature>
                <Name className="java.lang.String">orth</Name>
                <Value className="java.lang.String">lowercase</Value>
            </Feature>
            <Feature>
                <Name className="java.lang.String">string</Name>
                <Value className="java.lang.String">he</Value>
            </Feature>
            <Feature>
                <Name className="java.lang.String">category</Name>
                <Value className="java.lang.String">PRP</Value>
            </Feature>
            <Feature>
                <Name className="java.lang.String">kind</Name>
                <Value className="java.lang.String">word</Value>
            </Feature>
        </Annotation>
        <Annotation Id="860" Type="SpaceToken" StartNode="2221" EndNode="2222">
            <Feature>
                <Name className="java.lang.String">string</Name>
                <Value className="java.lang.String"></Value>
            </Feature>
            <Feature>
                <Name className="java.lang.String">length</Name>
                <Value className="java.lang.String">1</Value>
            </Feature>
            <Feature>
                <Name className="java.lang.String">kind</Name>
                <Value className="java.lang.String">space</Value>
            </Feature>
        </Annotation>
        <Annotation Id="861" Type="Token" StartNode="2222" EndNode="2226">
            <Feature>
                <Name className="java.lang.String">length</Name>
                <Value className="java.lang.String">4</Value>
            </Feature>
            <Feature>
                <Name className="java.lang.String">orth</Name>
                <Value className="java.lang.String">lowercase</Value>
            </Feature>
            <Feature>
                <Name className="java.lang.String">string</Name>
                <Value className="java.lang.String">wole</Value>
            </Feature>
            <Feature>
                <Name className="java.lang.String">category</Name>
                <Value className="java.lang.String">NN</Value>
            </Feature>
            <Feature>
                <Name className="java.lang.String">kind</Name>
                <Value className="java.lang.String">word</Value>
            </Feature>
        </Annotation>
        <Annotation Id="862" Type="SpaceToken" StartNode="2226" EndNode="2227">
            <Feature>
                <Name className="java.lang.String">string</Name>
                <Value className="java.lang.String"></Value>
            </Feature>
            <Feature>
                <Name className="java.lang.String">length</Name>
                <Value className="java.lang.String">1</Value>
            </Feature>
            <Feature>
                <Name className="java.lang.String">kind</Name>
                <Value className="java.lang.String">space</Value>
            </Feature>
        </Annotation>
        <Annotation Id="863" Type="Token" StartNode="2227" EndNode="2231">
            <Feature>
                <Name className="java.lang.String">length</Name>
                <Value className="java.lang.String">4</Value>
            </Feature>
            <Feature>
                <Name className="java.lang.String">orth</Name>
                <Value className="java.lang.String">lowercase</Value>
            </Feature>
            <Feature>
                <Name className="java.lang.String">string</Name>
                <Value className="java.lang.String">live</Value>
            </Feature>
            <Feature>
                <Name className="java.lang.String">category</Name>
                <Value className="java.lang.String">VB</Value>
            </Feature>
            <Feature>
                <Name className="java.lang.String">kind</Name>
                <Value className="java.lang.String">word</Value>
            </Feature>
        </Annotation>
        <Annotation Id="864" Type="SpaceToken" StartNode="2231" EndNode="2232">
            <Feature>
                <Name className="java.lang.String">string</Name>
                <Value className="java.lang.String"></Value>
            </Feature>
            <Feature>
                <Name className="java.lang.String">length</Name>
                <Value className="java.lang.String">1</Value>
            </Feature>
            <Feature>
                <Name className="java.lang.String">kind</Name>
                <Value className="java.lang.String">space</Value>
            </Feature>
        </Annotation>
        <Annotation Id="865" Type="Token" StartNode="2232" EndNode="2234">
            <Feature>
                <Name className="java.lang.String">length</Name>
                <Value className="java.lang.String">2</Value>
            </Feature>
            <Feature>
                <Name className="java.lang.String">orth</Name>
                <Value className="java.lang.String">lowercase</Value>
            </Feature>
            <Feature>
                <Name className="java.lang.String">string</Name>
                <Value className="java.lang.String">or</Value>
            </Feature>
            <Feature>
                <Name className="java.lang.String">category</Name>
                <Value className="java.lang.String">CC</Value>
            </Feature>
            <Feature>
                <Name className="java.lang.String">kind</Name>
                <Value className="java.lang.String">word</Value>
            </Feature>
        </Annotation>
        <Annotation Id="866" Type="SpaceToken" StartNode="2234" EndNode="2235">
            <Feature>
                <Name className="java.lang.String">string</Name>
                <Value className="java.lang.String"></Value>
            </Feature>
            <Feature>
                <Name className="java.lang.String">length</Name>
                <Value className="java.lang.String">1</Value>
            </Feature>
            <Feature>
                <Name className="java.lang.String">kind</Name>
                <Value className="java.lang.String">space</Value>
            </Feature>
        </Annotation>
        <Annotation Id="867" Type="Token" StartNode="2235" EndNode="2238">
            <Feature>
                <Name className="java.lang.String">length</Name>
                <Value className="java.lang.String">3</Value>
            </Feature>
            <Feature>
                <Name className="java.lang.String">orth</Name>
                <Value className="java.lang.String">lowercase</Value>
            </Feature>
            <Feature>
                <Name className="java.lang.String">string</Name>
                <Value className="java.lang.String">die</Value>
            </Feature>
            <Feature>
                <Name className="java.lang.String">category</Name>
                <Value className="java.lang.String">VB</Value>
            </Feature>
            <Feature>
                <Name className="java.lang.String">kind</Name>
                <Value className="java.lang.String">word</Value>
            </Feature>
        </Annotation>
        <Annotation Id="868" Type="Token" StartNode="2238" EndNode="2239">
            <Feature>
                <Name className="java.lang.String">length</Name>
                <Value className="java.lang.String">1</Value>
            </Feature>
            <Feature>
                <Name className="java.lang.String">string</Name>
                <Value className="java.lang.String">"</Value>
            </Feature>
            <Feature>
                <Name className="java.lang.String">category</Name>
                <Value className="java.lang.String">''</Value>
            </Feature>
            <Feature>
                <Name className="java.lang.String">kind</Name>
                <Value className="java.lang.String">punctuation</Value>
            </Feature>
        </Annotation>
        <Annotation Id="869" Type="SpaceToken" StartNode="2239" EndNode="2240">
            <Feature>
                <Name className="java.lang.String">string</Name>
                <Value className="java.lang.String"></Value>
            </Feature>
            <Feature>
                <Name className="java.lang.String">length</Name>
                <Value className="java.lang.String">1</Value>
            </Feature>
            <Feature>
                <Name className="java.lang.String">kind</Name>
                <Value className="java.lang.String">space</Value>
            </Feature>
        </Annotation>
        <Annotation Id="870" Type="Token" StartNode="2240" EndNode="2241">
            <Feature>
                <Name className="java.lang.String">length</Name>
                <Value className="java.lang.String">1</Value>
            </Feature>
            <Feature>
                <Name className="java.lang.String">position</Name>
                <Value className="java.lang.String">startpunct</Value>
            </Feature>
            <Feature>
                <Name className="java.lang.String">string</Name>
                <Value className="java.lang.String">(</Value>
            </Feature>
            <Feature>
                <Name className="java.lang.String">category</Name>
                <Value className="java.lang.String">(</Value>
            </Feature>
            <Feature>
                <Name className="java.lang.String">kind</Name>
                <Value className="java.lang.String">punctuation</Value>
            </Feature>
        </Annotation>
        <Annotation Id="871" Type="Token" StartNode="2241" EndNode="2246">
            <Feature>
                <Name className="java.lang.String">length</Name>
                <Value className="java.lang.String">5</Value>
            </Feature>
            <Feature>
                <Name className="java.lang.String">orth</Name>
                <Value className="java.lang.String">lowercase</Value>
            </Feature>
            <Feature>
                <Name className="java.lang.String">string</Name>
                <Value className="java.lang.String">lines</Value>
            </Feature>
            <Feature>
                <Name className="java.lang.String">category</Name>
                <Value className="java.lang.String">NNS</Value>
            </Feature>
            <Feature>
                <Name className="java.lang.String">kind</Name>
                <Value className="java.lang.String">word</Value>
            </Feature>
        </Annotation>
        <Annotation Id="872" Type="SpaceToken" StartNode="2246" EndNode="2247">
            <Feature>
                <Name className="java.lang.String">string</Name>
                <Value className="java.lang.String"></Value>
            </Feature>
            <Feature>
                <Name className="java.lang.String">length</Name>
                <Value className="java.lang.String">1</Value>
            </Feature>
            <Feature>
                <Name className="java.lang.String">kind</Name>
                <Value className="java.lang.String">space</Value>
            </Feature>
        </Annotation>
        <Annotation Id="873" Type="Token" StartNode="2247" EndNode="2250">
            <Feature>
                <Name className="java.lang.String">length</Name>
                <Value className="java.lang.String">3</Value>
            </Feature>
            <Feature>
                <Name className="java.lang.String">string</Name>
                <Value className="java.lang.String">211</Value>
            </Feature>
            <Feature>
                <Name className="java.lang.String">category</Name>
                <Value className="java.lang.String">CD</Value>
            </Feature>
            <Feature>
                <Name className="java.lang.String">kind</Name>
                <Value className="java.lang.String">number</Value>
            </Feature>
        </Annotation>
        <Annotation Id="874" Type="Token" StartNode="2250" EndNode="2251">
            <Feature>
                <Name className="java.lang.String">length</Name>
                <Value className="java.lang.String">1</Value>
            </Feature>
            <Feature>
                <Name className="java.lang.String">string</Name>
                <Value className="java.lang.String">-</Value>
            </Feature>
            <Feature>
                <Name className="java.lang.String">category</Name>
                <Value className="java.lang.String">:</Value>
            </Feature>
            <Feature>
                <Name className="java.lang.String">kind</Name>
                <Value className="java.lang.String">punctuation</Value>
            </Feature>
            <Feature>
                <Name className="java.lang.String">subkind</Name>
                <Value className="java.lang.String">dashpunct</Value>
            </Feature>
        </Annotation>
        <Annotation Id="875" Type="Token" StartNode="2251" EndNode="2253">
            <Feature>
                <Name className="java.lang.String">length</Name>
                <Value className="java.lang.String">2</Value>
            </Feature>
            <Feature>
                <Name className="java.lang.String">string</Name>
                <Value className="java.lang.String">21</Value>
            </Feature>
            <Feature>
                <Name className="java.lang.String">category</Name>
                <Value className="java.lang.String">CD</Value>
            </Feature>
            <Feature>
                <Name className="java.lang.String">kind</Name>
                <Value className="java.lang.String">number</Value>
            </Feature>
        </Annotation>
        <Annotation Id="876" Type="Token" StartNode="2253" EndNode="2254">
            <Feature>
                <Name className="java.lang.String">length</Name>
                <Value className="java.lang.String">1</Value>
            </Feature>
            <Feature>
                <Name className="java.lang.String">position</Name>
                <Value className="java.lang.String">endpunct</Value>
            </Feature>
            <Feature>
                <Name className="java.lang.String">string</Name>
                <Value className="java.lang.String">)</Value>
            </Feature>
            <Feature>
                <Name className="java.lang.String">category</Name>
                <Value className="java.lang.String">)</Value>
            </Feature>
            <Feature>
                <Name className="java.lang.String">kind</Name>
                <Value className="java.lang.String">punctuation</Value>
            </Feature>
        </Annotation>
        <Annotation Id="877" Type="Token" StartNode="2254" EndNode="2255">
            <Feature>
                <Name className="java.lang.String">length</Name>
                <Value className="java.lang.String">1</Value>
            </Feature>
            <Feature>
                <Name className="java.lang.String">string</Name>
                <Value className="java.lang.String">.</Value>
            </Feature>
            <Feature>
                <Name className="java.lang.String">category</Name>
                <Value className="java.lang.String">.</Value>
            </Feature>
            <Feature>
                <Name className="java.lang.String">kind</Name>
                <Value className="java.lang.String">punctuation</Value>
            </Feature>
        </Annotation>
        <Annotation Id="878" Type="SpaceToken" StartNode="2255" EndNode="2256">
            <Feature>
                <Name className="java.lang.String">string</Name>
                <Value className="java.lang.String"></Value>
            </Feature>
            <Feature>
                <Name className="java.lang.String">length</Name>
                <Value className="java.lang.String">1</Value>
            </Feature>
            <Feature>
                <Name className="java.lang.String">kind</Name>
                <Value className="java.lang.String">space</Value>
            </Feature>
        </Annotation>
        <Annotation Id="879" Type="Token" StartNode="2256" EndNode="2258">
            <Feature>
                <Name className="java.lang.String">length</Name>
                <Value className="java.lang.String">2</Value>
            </Feature>
            <Feature>
                <Name className="java.lang.String">orth</Name>
                <Value className="java.lang.String">upperInitial</Value>
            </Feature>
            <Feature>
                <Name className="java.lang.String">string</Name>
                <Value className="java.lang.String">On</Value>
            </Feature>
            <Feature>
                <Name className="java.lang.String">category</Name>
                <Value className="java.lang.String">IN</Value>
            </Feature>
            <Feature>
                <Name className="java.lang.String">kind</Name>
                <Value className="java.lang.String">word</Value>
            </Feature>
        </Annotation>
        <Annotation Id="880" Type="SpaceToken" StartNode="2258" EndNode="2259">
            <Feature>
                <Name className="java.lang.String">string</Name>
                <Value className="java.lang.String"></Value>
            </Feature>
            <Feature>
                <Name className="java.lang.String">length</Name>
                <Value className="java.lang.String">1</Value>
            </Feature>
            <Feature>
                <Name className="java.lang.String">kind</Name>
                <Value className="java.lang.String">space</Value>
            </Feature>
        </Annotation>
        <Annotation Id="881" Type="Token" StartNode="2259" EndNode="2260">
            <Feature>
                <Name className="java.lang.String">length</Name>
                <Value className="java.lang.String">1</Value>
            </Feature>
            <Feature>
                <Name className="java.lang.String">orth</Name>
                <Value className="java.lang.String">lowercase</Value>
            </Feature>
            <Feature>
                <Name className="java.lang.String">string</Name>
                <Value className="java.lang.String">a</Value>
            </Feature>
            <Feature>
                <Name className="java.lang.String">category</Name>
                <Value className="java.lang.String">DT</Value>
            </Feature>
            <Feature>
                <Name className="java.lang.String">kind</Name>
                <Value className="java.lang.String">word</Value>
            </Feature>
        </Annotation>
        <Annotation Id="882" Type="SpaceToken" StartNode="2260" EndNode="2261">
            <Feature>
                <Name className="java.lang.String">string</Name>
                <Value className="java.lang.String"></Value>
            </Feature>
            <Feature>
                <Name className="java.lang.String">length</Name>
                <Value className="java.lang.String">1</Value>
            </Feature>
            <Feature>
                <Name className="java.lang.String">kind</Name>
                <Value className="java.lang.String">space</Value>
            </Feature>
        </Annotation>
        <Annotation Id="883" Type="Token" StartNode="2261" EndNode="2264">
            <Feature>
                <Name className="java.lang.String">length</Name>
                <Value className="java.lang.String">3</Value>
            </Feature>
            <Feature>
                <Name className="java.lang.String">orth</Name>
                <Value className="java.lang.String">lowercase</Value>
            </Feature>
            <Feature>
                <Name className="java.lang.String">string</Name>
                <Value className="java.lang.String">few</Value>
            </Feature>
            <Feature>
                <Name className="java.lang.String">category</Name>
                <Value className="java.lang.String">JJ</Value>
            </Feature>
            <Feature>
                <Name className="java.lang.String">kind</Name>
                <Value className="java.lang.String">word</Value>
            </Feature>
        </Annotation>
        <Annotation Id="884" Type="SpaceToken" StartNode="2264" EndNode="2265">
            <Feature>
                <Name className="java.lang.String">string</Name>
                <Value className="java.lang.String"></Value>
            </Feature>
            <Feature>
                <Name className="java.lang.String">length</Name>
                <Value className="java.lang.String">1</Value>
            </Feature>
            <Feature>
                <Name className="java.lang.String">kind</Name>
                <Value className="java.lang.String">space</Value>
            </Feature>
        </Annotation>
        <Annotation Id="885" Type="Token" StartNode="2265" EndNode="2274">
            <Feature>
                <Name className="java.lang.String">length</Name>
                <Value className="java.lang.String">9</Value>
            </Feature>
            <Feature>
                <Name className="java.lang.String">orth</Name>
                <Value className="java.lang.String">lowercase</Value>
            </Feature>
            <Feature>
                <Name className="java.lang.String">string</Name>
                <Value className="java.lang.String">occasions</Value>
            </Feature>
            <Feature>
                <Name className="java.lang.String">category</Name>
                <Value className="java.lang.String">NNS</Value>
            </Feature>
            <Feature>
                <Name className="java.lang.String">kind</Name>
                <Value className="java.lang.String">word</Value>
            </Feature>
        </Annotation>
        <Annotation Id="886" Type="SpaceToken" StartNode="2274" EndNode="2275">
            <Feature>
                <Name className="java.lang.String">string</Name>
                <Value className="java.lang.String"></Value>
            </Feature>
            <Feature>
                <Name className="java.lang.String">length</Name>
                <Value className="java.lang.String">1</Value>
            </Feature>
            <Feature>
                <Name className="java.lang.String">kind</Name>
                <Value className="java.lang.String">space</Value>
            </Feature>
        </Annotation>
        <Annotation Id="887" Type="Token" StartNode="2275" EndNode="2278">
            <Feature>
                <Name className="java.lang.String">length</Name>
                <Value className="java.lang.String">3</Value>
            </Feature>
            <Feature>
                <Name className="java.lang.String">orth</Name>
                <Value className="java.lang.String">lowercase</Value>
            </Feature>
            <Feature>
                <Name className="java.lang.String">string</Name>
                <Value className="java.lang.String">the</Value>
            </Feature>
            <Feature>
                <Name className="java.lang.String">category</Name>
                <Value className="java.lang.String">DT</Value>
            </Feature>
            <Feature>
                <Name className="java.lang.String">kind</Name>
                <Value className="java.lang.String">word</Value>
            </Feature>
        </Annotation>
        <Annotation Id="888" Type="SpaceToken" StartNode="2278" EndNode="2279">
            <Feature>
                <Name className="java.lang.String">string</Name>
                <Value className="java.lang.String"></Value>
            </Feature>
            <Feature>
                <Name className="java.lang.String">length</Name>
                <Value className="java.lang.String">1</Value>
            </Feature>
            <Feature>
                <Name className="java.lang.String">kind</Name>
                <Value className="java.lang.String">space</Value>
            </Feature>
        </Annotation>
        <Annotation Id="889" Type="Token" StartNode="2279" EndNode="2285">
            <Feature>
                <Name className="java.lang.String">length</Name>
                <Value className="java.lang.String">6</Value>
            </Feature>
            <Feature>
                <Name className="java.lang.String">orth</Name>
                <Value className="java.lang.String">lowercase</Value>
            </Feature>
            <Feature>
                <Name className="java.lang.String">string</Name>
                <Value className="java.lang.String">author</Value>
            </Feature>
            <Feature>
                <Name className="java.lang.String">category</Name>
                <Value className="java.lang.String">NN</Value>
            </Feature>
            <Feature>
                <Name className="java.lang.String">kind</Name>
                <Value className="java.lang.String">word</Value>
            </Feature>
        </Annotation>
        <Annotation Id="890" Type="SpaceToken" StartNode="2285" EndNode="2286">
            <Feature>
                <Name className="java.lang.String">string</Name>
                <Value className="java.lang.String"></Value>
            </Feature>
            <Feature>
                <Name className="java.lang.String">length</Name>
                <Value className="java.lang.String">1</Value>
            </Feature>
            <Feature>
                <Name className="java.lang.String">kind</Name>
                <Value className="java.lang.String">space</Value>
            </Feature>
        </Annotation>
        <Annotation Id="891" Type="Token" StartNode="2286" EndNode="2294">
            <Feature>
                <Name className="java.lang.String">length</Name>
                <Value className="java.lang.String">8</Value>
            </Feature>
            <Feature>
                <Name className="java.lang.String">orth</Name>
                <Value className="java.lang.String">lowercase</Value>
            </Feature>
            <Feature>
                <Name className="java.lang.String">string</Name>
                <Value className="java.lang.String">includes</Value>
            </Feature>
            <Feature>
                <Name className="java.lang.String">category</Name>
                <Value className="java.lang.String">VBZ</Value>
            </Feature>
            <Feature>
                <Name className="java.lang.String">kind</Name>
                <Value className="java.lang.String">word</Value>
            </Feature>
        </Annotation>
        <Annotation Id="892" Type="SpaceToken" StartNode="2294" EndNode="2295">
            <Feature>
                <Name className="java.lang.String">string</Name>
                <Value className="java.lang.String"></Value>
            </Feature>
            <Feature>
                <Name className="java.lang.String">length</Name>
                <Value className="java.lang.String">1</Value>
            </Feature>
            <Feature>
                <Name className="java.lang.String">kind</Name>
                <Value className="java.lang.String">space</Value>
            </Feature>
        </Annotation>
        <Annotation Id="893" Type="Token" StartNode="2295" EndNode="2304">
            <Feature>
                <Name className="java.lang.String">length</Name>
                <Value className="java.lang.String">9</Value>
            </Feature>
            <Feature>
                <Name className="java.lang.String">orth</Name>
                <Value className="java.lang.String">lowercase</Value>
            </Feature>
            <Feature>
                <Name className="java.lang.String">string</Name>
                <Value className="java.lang.String">something</Value>
            </Feature>
            <Feature>
                <Name className="java.lang.String">category</Name>
                <Value className="java.lang.String">NN</Value>
            </Feature>
            <Feature>
                <Name className="java.lang.String">kind</Name>
                <Value className="java.lang.String">word</Value>
            </Feature>
        </Annotation>
        <Annotation Id="894" Type="SpaceToken" StartNode="2304" EndNode="2305">
            <Feature>
                <Name className="java.lang.String">string</Name>
                <Value className="java.lang.String"></Value>
            </Feature>
            <Feature>
                <Name className="java.lang.String">length</Name>
                <Value className="java.lang.String">1</Value>
            </Feature>
            <Feature>
                <Name className="java.lang.String">kind</Name>
                <Value className="java.lang.String">space</Value>
            </Feature>
        </Annotation>
        <Annotation Id="895" Type="Token" StartNode="2305" EndNode="2309">
            <Feature>
                <Name className="java.lang.String">length</Name>
                <Value className="java.lang.String">4</Value>
            </Feature>
            <Feature>
                <Name className="java.lang.String">orth</Name>
                <Value className="java.lang.String">lowercase</Value>
            </Feature>
            <Feature>
                <Name className="java.lang.String">string</Name>
                <Value className="java.lang.String">like</Value>
            </Feature>
            <Feature>
                <Name className="java.lang.String">category</Name>
                <Value className="java.lang.String">VB</Value>
            </Feature>
            <Feature>
                <Name className="java.lang.String">kind</Name>
                <Value className="java.lang.String">word</Value>
            </Feature>
        </Annotation>
        <Annotation Id="896" Type="SpaceToken" StartNode="2309" EndNode="2310">
            <Feature>
                <Name className="java.lang.String">string</Name>
                <Value className="java.lang.String"></Value>
            </Feature>
            <Feature>
                <Name className="java.lang.String">length</Name>
                <Value className="java.lang.String">1</Value>
            </Feature>
            <Feature>
                <Name className="java.lang.String">kind</Name>
                <Value className="java.lang.String">space</Value>
            </Feature>
        </Annotation>
        <Annotation Id="897" Type="Token" StartNode="2310" EndNode="2318">
            <Feature>
                <Name className="java.lang.String">length</Name>
                <Value className="java.lang.String">8</Value>
            </Feature>
            <Feature>
                <Name className="java.lang.String">orth</Name>
                <Value className="java.lang.String">lowercase</Value>
            </Feature>
            <Feature>
                <Name className="java.lang.String">string</Name>
                <Value className="java.lang.String">dialogue</Value>
            </Feature>
            <Feature>
                <Name className="java.lang.String">category</Name>
                <Value className="java.lang.String">NN</Value>
            </Feature>
            <Feature>
                <Name className="java.lang.String">kind</Name>
                <Value className="java.lang.String">word</Value>
            </Feature>
        </Annotation>
        <Annotation Id="898" Type="Token" StartNode="2318" EndNode="2319">
            <Feature>
                <Name className="java.lang.String">length</Name>
                <Value className="java.lang.String">1</Value>
            </Feature>
            <Feature>
                <Name className="java.lang.String">string</Name>
                <Value className="java.lang.String">,</Value>
            </Feature>
            <Feature>
                <Name className="java.lang.String">category</Name>
                <Value className="java.lang.String">,</Value>
            </Feature>
            <Feature>
                <Name className="java.lang.String">kind</Name>
                <Value className="java.lang.String">punctuation</Value>
            </Feature>
        </Annotation>
        <Annotation Id="899" Type="SpaceToken" StartNode="2319" EndNode="2320">
            <Feature>
                <Name className="java.lang.String">string</Name>
                <Value className="java.lang.String"></Value>
            </Feature>
            <Feature>
                <Name className="java.lang.String">length</Name>
                <Value className="java.lang.String">1</Value>
            </Feature>
            <Feature>
                <Name className="java.lang.String">kind</Name>
                <Value className="java.lang.String">space</Value>
            </Feature>
        </Annotation>
        <Annotation Id="900" Type="Token" StartNode="2320" EndNode="2322">
            <Feature>
                <Name className="java.lang.String">length</Name>
                <Value className="java.lang.String">2</Value>
            </Feature>
            <Feature>
                <Name className="java.lang.String">orth</Name>
                <Value className="java.lang.String">lowercase</Value>
            </Feature>
            <Feature>
                <Name className="java.lang.String">string</Name>
                <Value className="java.lang.String">as</Value>
            </Feature>
            <Feature>
                <Name className="java.lang.String">category</Name>
                <Value className="java.lang.String">IN</Value>
            </Feature>
            <Feature>
                <Name className="java.lang.String">kind</Name>
                <Value className="java.lang.String">word</Value>
            </Feature>
        </Annotation>
        <Annotation Id="901" Type="SpaceToken" StartNode="2322" EndNode="2323">
            <Feature>
                <Name className="java.lang.String">string</Name>
                <Value className="java.lang.String"></Value>
            </Feature>
            <Feature>
                <Name className="java.lang.String">length</Name>
                <Value className="java.lang.String">1</Value>
            </Feature>
            <Feature>
                <Name className="java.lang.String">kind</Name>
                <Value className="java.lang.String">space</Value>
            </Feature>
        </Annotation>
        <Annotation Id="902" Type="Token" StartNode="2323" EndNode="2327">
            <Feature>
                <Name className="java.lang.String">length</Name>
                <Value className="java.lang.String">4</Value>
            </Feature>
            <Feature>
                <Name className="java.lang.String">orth</Name>
                <Value className="java.lang.String">lowercase</Value>
            </Feature>
            <Feature>
                <Name className="java.lang.String">string</Name>
                <Value className="java.lang.String">when</Value>
            </Feature>
            <Feature>
                <Name className="java.lang.String">category</Name>
                <Value className="java.lang.String">WRB</Value>
            </Feature>
            <Feature>
                <Name className="java.lang.String">kind</Name>
                <Value className="java.lang.String">word</Value>
            </Feature>
        </Annotation>
        <Annotation Id="903" Type="SpaceToken" StartNode="2327" EndNode="2328">
            <Feature>
                <Name className="java.lang.String">string</Name>
                <Value className="java.lang.String"></Value>
            </Feature>
            <Feature>
                <Name className="java.lang.String">length</Name>
                <Value className="java.lang.String">1</Value>
            </Feature>
            <Feature>
                <Name className="java.lang.String">kind</Name>
                <Value className="java.lang.String">space</Value>
            </Feature>
        </Annotation>
        <Annotation Id="904" Type="Token" StartNode="2328" EndNode="2331">
            <Feature>
                <Name className="java.lang.String">length</Name>
                <Value className="java.lang.String">3</Value>
            </Feature>
            <Feature>
                <Name className="java.lang.String">orth</Name>
                <Value className="java.lang.String">lowercase</Value>
            </Feature>
            <Feature>
                <Name className="java.lang.String">string</Name>
                <Value className="java.lang.String">the</Value>
            </Feature>
            <Feature>
                <Name className="java.lang.String">category</Name>
                <Value className="java.lang.String">DT</Value>
            </Feature>
            <Feature>
                <Name className="java.lang.String">kind</Name>
                <Value className="java.lang.String">word</Value>
            </Feature>
        </Annotation>
        <Annotation Id="905" Type="SpaceToken" StartNode="2331" EndNode="2332">
            <Feature>
                <Name className="java.lang.String">string</Name>
                <Value className="java.lang.String"></Value>
            </Feature>
            <Feature>
                <Name className="java.lang.String">length</Name>
                <Value className="java.lang.String">1</Value>
            </Feature>
            <Feature>
                <Name className="java.lang.String">kind</Name>
                <Value className="java.lang.String">space</Value>
            </Feature>
        </Annotation>
        <Annotation Id="906" Type="Token" StartNode="2332" EndNode="2337">
            <Feature>
                <Name className="java.lang.String">length</Name>
                <Value className="java.lang.String">5</Value>
            </Feature>
            <Feature>
                <Name className="java.lang.String">orth</Name>
                <Value className="java.lang.String">lowercase</Value>
            </Feature>
            <Feature>
                <Name className="java.lang.String">string</Name>
                <Value className="java.lang.String">false</Value>
            </Feature>
            <Feature>
                <Name className="java.lang.String">category</Name>
                <Value className="java.lang.String">JJ</Value>
            </Feature>
            <Feature>
                <Name className="java.lang.String">kind</Name>
                <Value className="java.lang.String">word</Value>
            </Feature>
        </Annotation>
        <Annotation Id="907" Type="SpaceToken" StartNode="2337" EndNode="2338">
            <Feature>
                <Name className="java.lang.String">string</Name>
                <Value className="java.lang.String"></Value>
            </Feature>
            <Feature>
                <Name className="java.lang.String">length</Name>
                <Value className="java.lang.String">1</Value>
            </Feature>
            <Feature>
                <Name className="java.lang.String">kind</Name>
                <Value className="java.lang.String">space</Value>
            </Feature>
        </Annotation>
        <Annotation Id="908" Type="Token" StartNode="2338" EndNode="2347">
            <Feature>
                <Name className="java.lang.String">length</Name>
                <Value className="java.lang.String">9</Value>
            </Feature>
            <Feature>
                <Name className="java.lang.String">orth</Name>
                <Value className="java.lang.String">lowercase</Value>
            </Feature>
            <Feature>
                <Name className="java.lang.String">string</Name>
                <Value className="java.lang.String">physician</Value>
            </Feature>
            <Feature>
                <Name className="java.lang.String">category</Name>
                <Value className="java.lang.String">NN</Value>
            </Feature>
            <Feature>
                <Name className="java.lang.String">kind</Name>
                <Value className="java.lang.String">word</Value>
            </Feature>
        </Annotation>
        <Annotation Id="909" Type="SpaceToken" StartNode="2347" EndNode="2348">
            <Feature>
                <Name className="java.lang.String">string</Name>
                <Value className="java.lang.String"></Value>
            </Feature>
            <Feature>
                <Name className="java.lang.String">length</Name>
                <Value className="java.lang.String">1</Value>
            </Feature>
            <Feature>
                <Name className="java.lang.String">kind</Name>
                <Value className="java.lang.String">space</Value>
            </Feature>
        </Annotation>
        <Annotation Id="910" Type="Token" StartNode="2348" EndNode="2352">
            <Feature>
                <Name className="java.lang.String">length</Name>
                <Value className="java.lang.String">4</Value>
            </Feature>
            <Feature>
                <Name className="java.lang.String">orth</Name>
                <Value className="java.lang.String">lowercase</Value>
            </Feature>
            <Feature>
                <Name className="java.lang.String">string</Name>
                <Value className="java.lang.String">says</Value>
            </Feature>
            <Feature>
                <Name className="java.lang.String">category</Name>
                <Value className="java.lang.String">VBZ</Value>
            </Feature>
            <Feature>
                <Name className="java.lang.String">kind</Name>
                <Value className="java.lang.String">word</Value>
            </Feature>
        </Annotation>
        <Annotation Id="911" Type="SpaceToken" StartNode="2352" EndNode="2353">
            <Feature>
                <Name className="java.lang.String">string</Name>
                <Value className="java.lang.String"></Value>
            </Feature>
            <Feature>
                <Name className="java.lang.String">length</Name>
                <Value className="java.lang.String">1</Value>
            </Feature>
            <Feature>
                <Name className="java.lang.String">kind</Name>
                <Value className="java.lang.String">space</Value>
            </Feature>
        </Annotation>
        <Annotation Id="912" Type="Token" StartNode="2353" EndNode="2355">
            <Feature>
                <Name className="java.lang.String">length</Name>
                <Value className="java.lang.String">2</Value>
            </Feature>
            <Feature>
                <Name className="java.lang.String">orth</Name>
                <Value className="java.lang.String">lowercase</Value>
            </Feature>
            <Feature>
                <Name className="java.lang.String">string</Name>
                <Value className="java.lang.String">to</Value>
            </Feature>
            <Feature>
                <Name className="java.lang.String">category</Name>
                <Value className="java.lang.String">TO</Value>
            </Feature>
            <Feature>
                <Name className="java.lang.String">kind</Name>
                <Value className="java.lang.String">word</Value>
            </Feature>
        </Annotation>
        <Annotation Id="913" Type="SpaceToken" StartNode="2355" EndNode="2356">
            <Feature>
                <Name className="java.lang.String">string</Name>
                <Value className="java.lang.String"></Value>
            </Feature>
            <Feature>
                <Name className="java.lang.String">length</Name>
                <Value className="java.lang.String">1</Value>
            </Feature>
            <Feature>
                <Name className="java.lang.String">kind</Name>
                <Value className="java.lang.String">space</Value>
            </Feature>
        </Annotation>
        <Annotation Id="914" Type="Token" StartNode="2356" EndNode="2359">
            <Feature>
                <Name className="java.lang.String">length</Name>
                <Value className="java.lang.String">3</Value>
            </Feature>
            <Feature>
                <Name className="java.lang.String">orth</Name>
                <Value className="java.lang.String">lowercase</Value>
            </Feature>
            <Feature>
                <Name className="java.lang.String">string</Name>
                <Value className="java.lang.String">the</Value>
            </Feature>
            <Feature>
                <Name className="java.lang.String">category</Name>
                <Value className="java.lang.String">DT</Value>
            </Feature>
            <Feature>
                <Name className="java.lang.String">kind</Name>
                <Value className="java.lang.String">word</Value>
            </Feature>
        </Annotation>
        <Annotation Id="915" Type="SpaceToken" StartNode="2359" EndNode="2360">
            <Feature>
                <Name className="java.lang.String">string</Name>
                <Value className="java.lang.String"></Value>
            </Feature>
            <Feature>
                <Name className="java.lang.String">length</Name>
                <Value className="java.lang.String">1</Value>
            </Feature>
            <Feature>
                <Name className="java.lang.String">kind</Name>
                <Value className="java.lang.String">space</Value>
            </Feature>
        </Annotation>
        <Annotation Id="916" Type="Token" StartNode="2360" EndNode="2369">
            <Feature>
                <Name className="java.lang.String">length</Name>
                <Value className="java.lang.String">9</Value>
            </Feature>
            <Feature>
                <Name className="java.lang.String">orth</Name>
                <Value className="java.lang.String">lowercase</Value>
            </Feature>
            <Feature>
                <Name className="java.lang.String">string</Name>
                <Value className="java.lang.String">housewife</Value>
            </Feature>
            <Feature>
                <Name className="java.lang.String">category</Name>
                <Value className="java.lang.String">NN</Value>
            </Feature>
            <Feature>
                <Name className="java.lang.String">kind</Name>
                <Value className="java.lang.String">word</Value>
            </Feature>
        </Annotation>
        <Annotation Id="917" Type="Token" StartNode="2369" EndNode="2370">
            <Feature>
                <Name className="java.lang.String">length</Name>
                <Value className="java.lang.String">1</Value>
            </Feature>
            <Feature>
                <Name className="java.lang.String">string</Name>
                <Value className="java.lang.String">,</Value>
            </Feature>
            <Feature>
                <Name className="java.lang.String">category</Name>
                <Value className="java.lang.String">,</Value>
            </Feature>
            <Feature>
                <Name className="java.lang.String">kind</Name>
                <Value className="java.lang.String">punctuation</Value>
            </Feature>
        </Annotation>
        <Annotation Id="918" Type="SpaceToken" StartNode="2370" EndNode="2371">
            <Feature>
                <Name className="java.lang.String">string</Name>
                <Value className="java.lang.String"></Value>
            </Feature>
            <Feature>
                <Name className="java.lang.String">length</Name>
                <Value className="java.lang.String">1</Value>
            </Feature>
            <Feature>
                <Name className="java.lang.String">kind</Name>
                <Value className="java.lang.String">space</Value>
            </Feature>
        </Annotation>
        <Annotation Id="919" Type="Token" StartNode="2371" EndNode="2372">
            <Feature>
                <Name className="java.lang.String">length</Name>
                <Value className="java.lang.String">1</Value>
            </Feature>
            <Feature>
                <Name className="java.lang.String">string</Name>
                <Value className="java.lang.String">"</Value>
            </Feature>
            <Feature>
                <Name className="java.lang.String">category</Name>
                <Value className="java.lang.String">''</Value>
            </Feature>
            <Feature>
                <Name className="java.lang.String">kind</Name>
                <Value className="java.lang.String">punctuation</Value>
            </Feature>
        </Annotation>
        <Annotation Id="920" Type="Token" StartNode="2372" EndNode="2376">
            <Feature>
                <Name className="java.lang.String">length</Name>
                <Value className="java.lang.String">4</Value>
            </Feature>
            <Feature>
                <Name className="java.lang.String">orth</Name>
                <Value className="java.lang.String">upperInitial</Value>
            </Feature>
            <Feature>
                <Name className="java.lang.String">string</Name>
                <Value className="java.lang.String">Dame</Value>
            </Feature>
            <Feature>
                <Name className="java.lang.String">category</Name>
                <Value className="java.lang.String">NNP</Value>
            </Feature>
            <Feature>
                <Name className="java.lang.String">kind</Name>
                <Value className="java.lang.String">word</Value>
            </Feature>
        </Annotation>
        <Annotation Id="921" Type="Token" StartNode="2376" EndNode="2377">
            <Feature>
                <Name className="java.lang.String">length</Name>
                <Value className="java.lang.String">1</Value>
            </Feature>
            <Feature>
                <Name className="java.lang.String">string</Name>
                <Value className="java.lang.String">,</Value>
            </Feature>
            <Feature>
                <Name className="java.lang.String">category</Name>
                <Value className="java.lang.String">,</Value>
            </Feature>
            <Feature>
                <Name className="java.lang.String">kind</Name>
                <Value className="java.lang.String">punctuation</Value>
            </Feature>
        </Annotation>
        <Annotation Id="922" Type="SpaceToken" StartNode="2377" EndNode="2378">
            <Feature>
                <Name className="java.lang.String">string</Name>
                <Value className="java.lang.String"></Value>
            </Feature>
            <Feature>
                <Name className="java.lang.String">length</Name>
                <Value className="java.lang.String">1</Value>
            </Feature>
            <Feature>
                <Name className="java.lang.String">kind</Name>
                <Value className="java.lang.String">space</Value>
            </Feature>
        </Annotation>
        <Annotation Id="923" Type="Token" StartNode="2378" EndNode="2381">
            <Feature>
                <Name className="java.lang.String">length</Name>
                <Value className="java.lang.String">3</Value>
            </Feature>
            <Feature>
                <Name className="java.lang.String">orth</Name>
                <Value className="java.lang.String">lowercase</Value>
            </Feature>
            <Feature>
                <Name className="java.lang.String">string</Name>
                <Value className="java.lang.String">for</Value>
            </Feature>
            <Feature>
                <Name className="java.lang.String">category</Name>
                <Value className="java.lang.String">IN</Value>
            </Feature>
            <Feature>
                <Name className="java.lang.String">kind</Name>
                <Value className="java.lang.String">word</Value>
            </Feature>
        </Annotation>
        <Annotation Id="924" Type="SpaceToken" StartNode="2381" EndNode="2382">
            <Feature>
                <Name className="java.lang.String">string</Name>
                <Value className="java.lang.String"></Value>
            </Feature>
            <Feature>
                <Name className="java.lang.String">length</Name>
                <Value className="java.lang.String">1</Value>
            </Feature>
            <Feature>
                <Name className="java.lang.String">kind</Name>
                <Value className="java.lang.String">space</Value>
            </Feature>
        </Annotation>
        <Annotation Id="925" Type="Token" StartNode="2382" EndNode="2387">
            <Feature>
                <Name className="java.lang.String">length</Name>
                <Value className="java.lang.String">5</Value>
            </Feature>
            <Feature>
                <Name className="java.lang.String">orth</Name>
                <Value className="java.lang.String">lowercase</Value>
            </Feature>
            <Feature>
                <Name className="java.lang.String">string</Name>
                <Value className="java.lang.String">faute</Value>
            </Feature>
            <Feature>
                <Name className="java.lang.String">category</Name>
                <Value className="java.lang.String">NN</Value>
            </Feature>
            <Feature>
                <Name className="java.lang.String">kind</Name>
                <Value className="java.lang.String">word</Value>
            </Feature>
        </Annotation>
        <Annotation Id="926" Type="SpaceToken" StartNode="2387" EndNode="2388">
            <Feature>
                <Name className="java.lang.String">string</Name>
                <Value className="java.lang.String"></Value>
            </Feature>
            <Feature>
                <Name className="java.lang.String">length</Name>
                <Value className="java.lang.String">1</Value>
            </Feature>
            <Feature>
                <Name className="java.lang.String">kind</Name>
                <Value className="java.lang.String">space</Value>
            </Feature>
        </Annotation>
        <Annotation Id="927" Type="Token" StartNode="2388" EndNode="2389">
            <Feature>
                <Name className="java.lang.String">length</Name>
                <Value className="java.lang.String">1</Value>
            </Feature>
            <Feature>
                <Name className="java.lang.String">position</Name>
                <Value className="java.lang.String">startpunct</Value>
            </Feature>
            <Feature>
                <Name className="java.lang.String">string</Name>
                <Value className="java.lang.String">[</Value>
            </Feature>
            <Feature>
                <Name className="java.lang.String">category</Name>
                <Value className="java.lang.String">NN</Value>
            </Feature>
            <Feature>
                <Name className="java.lang.String">kind</Name>
                <Value className="java.lang.String">punctuation</Value>
            </Feature>
        </Annotation>
        <Annotation Id="928" Type="Token" StartNode="2389" EndNode="2393">
            <Feature>
                <Name className="java.lang.String">length</Name>
                <Value className="java.lang.String">4</Value>
            </Feature>
            <Feature>
                <Name className="java.lang.String">orth</Name>
                <Value className="java.lang.String">lowercase</Value>
            </Feature>
            <Feature>
                <Name className="java.lang.String">string</Name>
                <Value className="java.lang.String">lack</Value>
            </Feature>
            <Feature>
                <Name className="java.lang.String">category</Name>
                <Value className="java.lang.String">NN</Value>
            </Feature>
            <Feature>
                <Name className="java.lang.String">kind</Name>
                <Value className="java.lang.String">word</Value>
            </Feature>
        </Annotation>
        <Annotation Id="929" Type="Token" StartNode="2393" EndNode="2394">
            <Feature>
                <Name className="java.lang.String">length</Name>
                <Value className="java.lang.String">1</Value>
            </Feature>
            <Feature>
                <Name className="java.lang.String">position</Name>
                <Value className="java.lang.String">endpunct</Value>
            </Feature>
            <Feature>
                <Name className="java.lang.String">string</Name>
                <Value className="java.lang.String">]</Value>
            </Feature>
            <Feature>
                <Name className="java.lang.String">category</Name>
                <Value className="java.lang.String">NN</Value>
            </Feature>
            <Feature>
                <Name className="java.lang.String">kind</Name>
                <Value className="java.lang.String">punctuation</Value>
            </Feature>
        </Annotation>
        <Annotation Id="930" Type="SpaceToken" StartNode="2394" EndNode="2395">
            <Feature>
                <Name className="java.lang.String">string</Name>
                <Value className="java.lang.String"></Value>
            </Feature>
            <Feature>
                <Name className="java.lang.String">length</Name>
                <Value className="java.lang.String">1</Value>
            </Feature>
            <Feature>
                <Name className="java.lang.String">kind</Name>
                <Value className="java.lang.String">space</Value>
            </Feature>
        </Annotation>
        <Annotation Id="931" Type="Token" StartNode="2395" EndNode="2397">
            <Feature>
                <Name className="java.lang.String">length</Name>
                <Value className="java.lang.String">2</Value>
            </Feature>
            <Feature>
                <Name className="java.lang.String">orth</Name>
                <Value className="java.lang.String">lowercase</Value>
            </Feature>
            <Feature>
                <Name className="java.lang.String">string</Name>
                <Value className="java.lang.String">of</Value>
            </Feature>
            <Feature>
                <Name className="java.lang.String">category</Name>
                <Value className="java.lang.String">IN</Value>
            </Feature>
            <Feature>
                <Name className="java.lang.String">kind</Name>
                <Value className="java.lang.String">word</Value>
            </Feature>
        </Annotation>
        <Annotation Id="932" Type="SpaceToken" StartNode="2397" EndNode="2398">
            <Feature>
                <Name className="java.lang.String">string</Name>
                <Value className="java.lang.String"></Value>
            </Feature>
            <Feature>
                <Name className="java.lang.String">length</Name>
                <Value className="java.lang.String">1</Value>
            </Feature>
            <Feature>
                <Name className="java.lang.String">kind</Name>
                <Value className="java.lang.String">space</Value>
            </Feature>
        </Annotation>
        <Annotation Id="933" Type="Token" StartNode="2398" EndNode="2403">
            <Feature>
                <Name className="java.lang.String">length</Name>
                <Value className="java.lang.String">5</Value>
            </Feature>
            <Feature>
                <Name className="java.lang.String">orth</Name>
                <Value className="java.lang.String">lowercase</Value>
            </Feature>
            <Feature>
                <Name className="java.lang.String">string</Name>
                <Value className="java.lang.String">helpe</Value>
            </Feature>
            <Feature>
                <Name className="java.lang.String">category</Name>
                <Value className="java.lang.String">NN</Value>
            </Feature>
            <Feature>
                <Name className="java.lang.String">kind</Name>
                <Value className="java.lang.String">word</Value>
            </Feature>
        </Annotation>
        <Annotation Id="934" Type="Token" StartNode="2403" EndNode="2404">
            <Feature>
                <Name className="java.lang.String">length</Name>
                <Value className="java.lang.String">1</Value>
            </Feature>
            <Feature>
                <Name className="java.lang.String">string</Name>
                <Value className="java.lang.String">,</Value>
            </Feature>
            <Feature>
                <Name className="java.lang.String">category</Name>
                <Value className="java.lang.String">,</Value>
            </Feature>
            <Feature>
                <Name className="java.lang.String">kind</Name>
                <Value className="java.lang.String">punctuation</Value>
            </Feature>
        </Annotation>
        <Annotation Id="935" Type="SpaceToken" StartNode="2404" EndNode="2405">
            <Feature>
                <Name className="java.lang.String">string</Name>
                <Value className="java.lang.String"></Value>
            </Feature>
            <Feature>
                <Name className="java.lang.String">length</Name>
                <Value className="java.lang.String">1</Value>
            </Feature>
            <Feature>
                <Name className="java.lang.String">kind</Name>
                <Value className="java.lang.String">space</Value>
            </Feature>
        </Annotation>
        <Annotation Id="936" Type="Token" StartNode="2405" EndNode="2409">
            <Feature>
                <Name className="java.lang.String">length</Name>
                <Value className="java.lang.String">4</Value>
            </Feature>
            <Feature>
                <Name className="java.lang.String">orth</Name>
                <Value className="java.lang.String">lowercase</Value>
            </Feature>
            <Feature>
                <Name className="java.lang.String">string</Name>
                <Value className="java.lang.String">thin</Value>
            </Feature>
            <Feature>
                <Name className="java.lang.String">category</Name>
                <Value className="java.lang.String">JJ</Value>
            </Feature>
            <Feature>
                <Name className="java.lang.String">kind</Name>
                <Value className="java.lang.String">word</Value>
            </Feature>
        </Annotation>
        <Annotation Id="937" Type="SpaceToken" StartNode="2409" EndNode="2410">
            <Feature>
                <Name className="java.lang.String">string</Name>
                <Value className="java.lang.String"></Value>
            </Feature>
            <Feature>
                <Name className="java.lang.String">length</Name>
                <Value className="java.lang.String">1</Value>
            </Feature>
            <Feature>
                <Name className="java.lang.String">kind</Name>
                <Value className="java.lang.String">space</Value>
            </Feature>
        </Annotation>
        <Annotation Id="938" Type="Token" StartNode="2410" EndNode="2420">
            <Feature>
                <Name className="java.lang.String">length</Name>
                <Value className="java.lang.String">10</Value>
            </Feature>
            <Feature>
                <Name className="java.lang.String">orth</Name>
                <Value className="java.lang.String">lowercase</Value>
            </Feature>
            <Feature>
                <Name className="java.lang.String">string</Name>
                <Value className="java.lang.String">housebonde</Value>
            </Feature>
            <Feature>
                <Name className="java.lang.String">category</Name>
                <Value className="java.lang.String">NN</Value>
            </Feature>
            <Feature>
                <Name className="java.lang.String">kind</Name>
                <Value className="java.lang.String">word</Value>
            </Feature>
        </Annotation>
        <Annotation Id="939" Type="SpaceToken" StartNode="2420" EndNode="2421">
            <Feature>
                <Name className="java.lang.String">string</Name>
                <Value className="java.lang.String"></Value>
            </Feature>
            <Feature>
                <Name className="java.lang.String">length</Name>
                <Value className="java.lang.String">1</Value>
            </Feature>
            <Feature>
                <Name className="java.lang.String">kind</Name>
                <Value className="java.lang.String">space</Value>
            </Feature>
        </Annotation>
        <Annotation Id="940" Type="Token" StartNode="2421" EndNode="2423">
            <Feature>
                <Name className="java.lang.String">length</Name>
                <Value className="java.lang.String">2</Value>
            </Feature>
            <Feature>
                <Name className="java.lang.String">orth</Name>
                <Value className="java.lang.String">lowercase</Value>
            </Feature>
            <Feature>
                <Name className="java.lang.String">string</Name>
                <Value className="java.lang.String">is</Value>
            </Feature>
            <Feature>
                <Name className="java.lang.String">category</Name>
                <Value className="java.lang.String">VBZ</Value>
            </Feature>
            <Feature>
                <Name className="java.lang.String">kind</Name>
                <Value className="java.lang.String">word</Value>
            </Feature>
        </Annotation>
        <Annotation Id="941" Type="SpaceToken" StartNode="2423" EndNode="2424">
            <Feature>
                <Name className="java.lang.String">string</Name>
                <Value className="java.lang.String"></Value>
            </Feature>
            <Feature>
                <Name className="java.lang.String">length</Name>
                <Value className="java.lang.String">1</Value>
            </Feature>
            <Feature>
                <Name className="java.lang.String">kind</Name>
                <Value className="java.lang.String">space</Value>
            </Feature>
        </Annotation>
        <Annotation Id="942" Type="Token" StartNode="2424" EndNode="2428">
            <Feature>
                <Name className="java.lang.String">length</Name>
                <Value className="java.lang.String">4</Value>
            </Feature>
            <Feature>
                <Name className="java.lang.String">orth</Name>
                <Value className="java.lang.String">lowercase</Value>
            </Feature>
            <Feature>
                <Name className="java.lang.String">string</Name>
                <Value className="java.lang.String">neih</Value>
            </Feature>
            <Feature>
                <Name className="java.lang.String">category</Name>
                <Value className="java.lang.String">NN</Value>
            </Feature>
            <Feature>
                <Name className="java.lang.String">kind</Name>
                <Value className="java.lang.String">word</Value>
            </Feature>
        </Annotation>
        <Annotation Id="943" Type="SpaceToken" StartNode="2428" EndNode="2429">
            <Feature>
                <Name className="java.lang.String">string</Name>
                <Value className="java.lang.String"></Value>
            </Feature>
            <Feature>
                <Name className="java.lang.String">length</Name>
                <Value className="java.lang.String">1</Value>
            </Feature>
            <Feature>
                <Name className="java.lang.String">kind</Name>
                <Value className="java.lang.String">space</Value>
            </Feature>
        </Annotation>
        <Annotation Id="944" Type="Token" StartNode="2429" EndNode="2430">
            <Feature>
                <Name className="java.lang.String">length</Name>
                <Value className="java.lang.String">1</Value>
            </Feature>
            <Feature>
                <Name className="java.lang.String">position</Name>
                <Value className="java.lang.String">startpunct</Value>
            </Feature>
            <Feature>
                <Name className="java.lang.String">string</Name>
                <Value className="java.lang.String">[</Value>
            </Feature>
            <Feature>
                <Name className="java.lang.String">category</Name>
                <Value className="java.lang.String">NN</Value>
            </Feature>
            <Feature>
                <Name className="java.lang.String">kind</Name>
                <Value className="java.lang.String">punctuation</Value>
            </Feature>
        </Annotation>
        <Annotation Id="945" Type="Token" StartNode="2430" EndNode="2436">
            <Feature>
                <Name className="java.lang.String">length</Name>
                <Value className="java.lang.String">6</Value>
            </Feature>
            <Feature>
                <Name className="java.lang.String">orth</Name>
                <Value className="java.lang.String">lowercase</Value>
            </Feature>
            <Feature>
                <Name className="java.lang.String">string</Name>
                <Value className="java.lang.String">almost</Value>
            </Feature>
            <Feature>
                <Name className="java.lang.String">category</Name>
                <Value className="java.lang.String">RB</Value>
            </Feature>
            <Feature>
                <Name className="java.lang.String">kind</Name>
                <Value className="java.lang.String">word</Value>
            </Feature>
        </Annotation>
        <Annotation Id="946" Type="Token" StartNode="2436" EndNode="2437">
            <Feature>
                <Name className="java.lang.String">length</Name>
                <Value className="java.lang.String">1</Value>
            </Feature>
            <Feature>
                <Name className="java.lang.String">position</Name>
                <Value className="java.lang.String">endpunct</Value>
            </Feature>
            <Feature>
                <Name className="java.lang.String">string</Name>
                <Value className="java.lang.String">]</Value>
            </Feature>
            <Feature>
                <Name className="java.lang.String">category</Name>
                <Value className="java.lang.String">NN</Value>
            </Feature>
            <Feature>
                <Name className="java.lang.String">kind</Name>
                <Value className="java.lang.String">punctuation</Value>
            </Feature>
        </Annotation>
        <Annotation Id="947" Type="SpaceToken" StartNode="2437" EndNode="2438">
            <Feature>
                <Name className="java.lang.String">string</Name>
                <Value className="java.lang.String"></Value>
            </Feature>
            <Feature>
                <Name className="java.lang.String">length</Name>
                <Value className="java.lang.String">1</Value>
            </Feature>
            <Feature>
                <Name className="java.lang.String">kind</Name>
                <Value className="java.lang.String">space</Value>
            </Feature>
        </Annotation>
        <Annotation Id="948" Type="Token" StartNode="2438" EndNode="2443">
            <Feature>
                <Name className="java.lang.String">length</Name>
                <Value className="java.lang.String">5</Value>
            </Feature>
            <Feature>
                <Name className="java.lang.String">orth</Name>
                <Value className="java.lang.String">lowercase</Value>
            </Feature>
            <Feature>
                <Name className="java.lang.String">string</Name>
                <Value className="java.lang.String">slain</Value>
            </Feature>
            <Feature>
                <Name className="java.lang.String">category</Name>
                <Value className="java.lang.String">VBN</Value>
            </Feature>
            <Feature>
                <Name className="java.lang.String">kind</Name>
                <Value className="java.lang.String">word</Value>
            </Feature>
        </Annotation>
        <Annotation Id="949" Type="Token" StartNode="2443" EndNode="2444">
            <Feature>
                <Name className="java.lang.String">length</Name>
                <Value className="java.lang.String">1</Value>
            </Feature>
            <Feature>
                <Name className="java.lang.String">string</Name>
                <Value className="java.lang.String">"</Value>
            </Feature>
            <Feature>
                <Name className="java.lang.String">category</Name>
                <Value className="java.lang.String">''</Value>
            </Feature>
            <Feature>
                <Name className="java.lang.String">kind</Name>
                <Value className="java.lang.String">punctuation</Value>
            </Feature>
        </Annotation>
        <Annotation Id="950" Type="SpaceToken" StartNode="2444" EndNode="2445">
            <Feature>
                <Name className="java.lang.String">string</Name>
                <Value className="java.lang.String"></Value>
            </Feature>
            <Feature>
                <Name className="java.lang.String">length</Name>
                <Value className="java.lang.String">1</Value>
            </Feature>
            <Feature>
                <Name className="java.lang.String">kind</Name>
                <Value className="java.lang.String">space</Value>
            </Feature>
        </Annotation>
        <Annotation Id="951" Type="Token" StartNode="2445" EndNode="2446">
            <Feature>
                <Name className="java.lang.String">length</Name>
                <Value className="java.lang.String">1</Value>
            </Feature>
            <Feature>
                <Name className="java.lang.String">position</Name>
                <Value className="java.lang.String">startpunct</Value>
            </Feature>
            <Feature>
                <Name className="java.lang.String">string</Name>
                <Value className="java.lang.String">(</Value>
            </Feature>
            <Feature>
                <Name className="java.lang.String">category</Name>
                <Value className="java.lang.String">(</Value>
            </Feature>
            <Feature>
                <Name className="java.lang.String">kind</Name>
                <Value className="java.lang.String">punctuation</Value>
            </Feature>
        </Annotation>
        <Annotation Id="952" Type="Token" StartNode="2446" EndNode="2450">
            <Feature>
                <Name className="java.lang.String">length</Name>
                <Value className="java.lang.String">4</Value>
            </Feature>
            <Feature>
                <Name className="java.lang.String">orth</Name>
                <Value className="java.lang.String">lowercase</Value>
            </Feature>
            <Feature>
                <Name className="java.lang.String">string</Name>
                <Value className="java.lang.String">line</Value>
            </Feature>
            <Feature>
                <Name className="java.lang.String">category</Name>
                <Value className="java.lang.String">NN</Value>
            </Feature>
            <Feature>
                <Name className="java.lang.String">kind</Name>
                <Value className="java.lang.String">word</Value>
            </Feature>
        </Annotation>
        <Annotation Id="953" Type="SpaceToken" StartNode="2450" EndNode="2451">
            <Feature>
                <Name className="java.lang.String">string</Name>
                <Value className="java.lang.String"></Value>
            </Feature>
            <Feature>
                <Name className="java.lang.String">length</Name>
                <Value className="java.lang.String">1</Value>
            </Feature>
            <Feature>
                <Name className="java.lang.String">kind</Name>
                <Value className="java.lang.String">space</Value>
            </Feature>
        </Annotation>
        <Annotation Id="954" Type="Token" StartNode="2451" EndNode="2454">
            <Feature>
                <Name className="java.lang.String">length</Name>
                <Value className="java.lang.String">3</Value>
            </Feature>
            <Feature>
                <Name className="java.lang.String">string</Name>
                <Value className="java.lang.String">216</Value>
            </Feature>
            <Feature>
                <Name className="java.lang.String">category</Name>
                <Value className="java.lang.String">CD</Value>
            </Feature>
            <Feature>
                <Name className="java.lang.String">kind</Name>
                <Value className="java.lang.String">number</Value>
            </Feature>
        </Annotation>
        <Annotation Id="955" Type="Token" StartNode="2454" EndNode="2455">
            <Feature>
                <Name className="java.lang.String">length</Name>
                <Value className="java.lang.String">1</Value>
            </Feature>
            <Feature>
                <Name className="java.lang.String">position</Name>
                <Value className="java.lang.String">endpunct</Value>
            </Feature>
            <Feature>
                <Name className="java.lang.String">string</Name>
                <Value className="java.lang.String">)</Value>
            </Feature>
            <Feature>
                <Name className="java.lang.String">category</Name>
                <Value className="java.lang.String">)</Value>
            </Feature>
            <Feature>
                <Name className="java.lang.String">kind</Name>
                <Value className="java.lang.String">punctuation</Value>
            </Feature>
        </Annotation>
        <Annotation Id="956" Type="Token" StartNode="2455" EndNode="2456">
            <Feature>
                <Name className="java.lang.String">length</Name>
                <Value className="java.lang.String">1</Value>
            </Feature>
            <Feature>
                <Name className="java.lang.String">string</Name>
                <Value className="java.lang.String">,</Value>
            </Feature>
            <Feature>
                <Name className="java.lang.String">category</Name>
                <Value className="java.lang.String">,</Value>
            </Feature>
            <Feature>
                <Name className="java.lang.String">kind</Name>
                <Value className="java.lang.String">punctuation</Value>
            </Feature>
        </Annotation>
        <Annotation Id="957" Type="SpaceToken" StartNode="2456" EndNode="2457">
            <Feature>
                <Name className="java.lang.String">string</Name>
                <Value className="java.lang.String"></Value>
            </Feature>
            <Feature>
                <Name className="java.lang.String">length</Name>
                <Value className="java.lang.String">1</Value>
            </Feature>
            <Feature>
                <Name className="java.lang.String">kind</Name>
                <Value className="java.lang.String">space</Value>
            </Feature>
        </Annotation>
        <Annotation Id="958" Type="Token" StartNode="2457" EndNode="2459">
            <Feature>
                <Name className="java.lang.String">length</Name>
                <Value className="java.lang.String">2</Value>
            </Feature>
            <Feature>
                <Name className="java.lang.String">orth</Name>
                <Value className="java.lang.String">lowercase</Value>
            </Feature>
            <Feature>
                <Name className="java.lang.String">string</Name>
                <Value className="java.lang.String">or</Value>
            </Feature>
            <Feature>
                <Name className="java.lang.String">category</Name>
                <Value className="java.lang.String">CC</Value>
            </Feature>
            <Feature>
                <Name className="java.lang.String">kind</Name>
                <Value className="java.lang.String">word</Value>
            </Feature>
        </Annotation>
        <Annotation Id="959" Type="SpaceToken" StartNode="2459" EndNode="2460">
            <Feature>
                <Name className="java.lang.String">string</Name>
                <Value className="java.lang.String"></Value>
            </Feature>
            <Feature>
                <Name className="java.lang.String">length</Name>
                <Value className="java.lang.String">1</Value>
            </Feature>
            <Feature>
                <Name className="java.lang.String">kind</Name>
                <Value className="java.lang.String">space</Value>
            </Feature>
        </Annotation>
        <Annotation Id="960" Type="Token" StartNode="2460" EndNode="2464">
            <Feature>
                <Name className="java.lang.String">length</Name>
                <Value className="java.lang.String">4</Value>
            </Feature>
            <Feature>
                <Name className="java.lang.String">orth</Name>
                <Value className="java.lang.String">lowercase</Value>
            </Feature>
            <Feature>
                <Name className="java.lang.String">string</Name>
                <Value className="java.lang.String">when</Value>
            </Feature>
            <Feature>
                <Name className="java.lang.String">category</Name>
                <Value className="java.lang.String">WRB</Value>
            </Feature>
            <Feature>
                <Name className="java.lang.String">kind</Name>
                <Value className="java.lang.String">word</Value>
            </Feature>
        </Annotation>
        <Annotation Id="961" Type="SpaceToken" StartNode="2464" EndNode="2465">
            <Feature>
                <Name className="java.lang.String">string</Name>
                <Value className="java.lang.String"></Value>
            </Feature>
            <Feature>
                <Name className="java.lang.String">length</Name>
                <Value className="java.lang.String">1</Value>
            </Feature>
            <Feature>
                <Name className="java.lang.String">kind</Name>
                <Value className="java.lang.String">space</Value>
            </Feature>
        </Annotation>
        <Annotation Id="962" Type="Token" StartNode="2465" EndNode="2468">
            <Feature>
                <Name className="java.lang.String">length</Name>
                <Value className="java.lang.String">3</Value>
            </Feature>
            <Feature>
                <Name className="java.lang.String">orth</Name>
                <Value className="java.lang.String">lowercase</Value>
            </Feature>
            <Feature>
                <Name className="java.lang.String">string</Name>
                <Value className="java.lang.String">the</Value>
            </Feature>
            <Feature>
                <Name className="java.lang.String">category</Name>
                <Value className="java.lang.String">DT</Value>
            </Feature>
            <Feature>
                <Name className="java.lang.String">kind</Name>
                <Value className="java.lang.String">word</Value>
            </Feature>
        </Annotation>
        <Annotation Id="963" Type="SpaceToken" StartNode="2468" EndNode="2469">
            <Feature>
                <Name className="java.lang.String">string</Name>
                <Value className="java.lang.String"></Value>
            </Feature>
            <Feature>
                <Name className="java.lang.String">length</Name>
                <Value className="java.lang.String">1</Value>
            </Feature>
            <Feature>
                <Name className="java.lang.String">kind</Name>
                <Value className="java.lang.String">space</Value>
            </Feature>
        </Annotation>
        <Annotation Id="964" Type="Token" StartNode="2469" EndNode="2475">
            <Feature>
                <Name className="java.lang.String">length</Name>
                <Value className="java.lang.String">6</Value>
            </Feature>
            <Feature>
                <Name className="java.lang.String">orth</Name>
                <Value className="java.lang.String">lowercase</Value>
            </Feature>
            <Feature>
                <Name className="java.lang.String">string</Name>
                <Value className="java.lang.String">beggar</Value>
            </Feature>
            <Feature>
                <Name className="java.lang.String">category</Name>
                <Value className="java.lang.String">NN</Value>
            </Feature>
            <Feature>
                <Name className="java.lang.String">kind</Name>
                <Value className="java.lang.String">word</Value>
            </Feature>
        </Annotation>
        <Annotation Id="965" Type="SpaceToken" StartNode="2475" EndNode="2476">
            <Feature>
                <Name className="java.lang.String">string</Name>
                <Value className="java.lang.String"></Value>
            </Feature>
            <Feature>
                <Name className="java.lang.String">length</Name>
                <Value className="java.lang.String">1</Value>
            </Feature>
            <Feature>
                <Name className="java.lang.String">kind</Name>
                <Value className="java.lang.String">space</Value>
            </Feature>
        </Annotation>
        <Annotation Id="966" Type="Token" StartNode="2476" EndNode="2478">
            <Feature>
                <Name className="java.lang.String">length</Name>
                <Value className="java.lang.String">2</Value>
            </Feature>
            <Feature>
                <Name className="java.lang.String">orth</Name>
                <Value className="java.lang.String">lowercase</Value>
            </Feature>
            <Feature>
                <Name className="java.lang.String">string</Name>
                <Value className="java.lang.String">in</Value>
            </Feature>
            <Feature>
                <Name className="java.lang.String">category</Name>
                <Value className="java.lang.String">IN</Value>
            </Feature>
            <Feature>
                <Name className="java.lang.String">kind</Name>
                <Value className="java.lang.String">word</Value>
            </Feature>
        </Annotation>
        <Annotation Id="967" Type="SpaceToken" StartNode="2478" EndNode="2479">
            <Feature>
                <Name className="java.lang.String">string</Name>
                <Value className="java.lang.String"></Value>
            </Feature>
            <Feature>
                <Name className="java.lang.String">length</Name>
                <Value className="java.lang.String">1</Value>
            </Feature>
            <Feature>
                <Name className="java.lang.String">kind</Name>
                <Value className="java.lang.String">space</Value>
            </Feature>
        </Annotation>
        <Annotation Id="968" Type="Token" StartNode="2479" EndNode="2482">
            <Feature>
                <Name className="java.lang.String">length</Name>
                <Value className="java.lang.String">3</Value>
            </Feature>
            <Feature>
                <Name className="java.lang.String">orth</Name>
                <Value className="java.lang.String">lowercase</Value>
            </Feature>
            <Feature>
                <Name className="java.lang.String">string</Name>
                <Value className="java.lang.String">the</Value>
            </Feature>
            <Feature>
                <Name className="java.lang.String">category</Name>
                <Value className="java.lang.String">DT</Value>
            </Feature>
            <Feature>
                <Name className="java.lang.String">kind</Name>
                <Value className="java.lang.String">word</Value>
            </Feature>
        </Annotation>
        <Annotation Id="969" Type="SpaceToken" StartNode="2482" EndNode="2483">
            <Feature>
                <Name className="java.lang.String">string</Name>
                <Value className="java.lang.String"></Value>
            </Feature>
            <Feature>
                <Name className="java.lang.String">length</Name>
                <Value className="java.lang.String">1</Value>
            </Feature>
            <Feature>
                <Name className="java.lang.String">kind</Name>
                <Value className="java.lang.String">space</Value>
            </Feature>
        </Annotation>
        <Annotation Id="970" Type="Token" StartNode="2483" EndNode="2489">
            <Feature>
                <Name className="java.lang.String">length</Name>
                <Value className="java.lang.String">6</Value>
            </Feature>
            <Feature>
                <Name className="java.lang.String">orth</Name>
                <Value className="java.lang.String">lowercase</Value>
            </Feature>
            <Feature>
                <Name className="java.lang.String">string</Name>
                <Value className="java.lang.String">street</Value>
            </Feature>
            <Feature>
                <Name className="java.lang.String">category</Name>
                <Value className="java.lang.String">NN</Value>
            </Feature>
            <Feature>
                <Name className="java.lang.String">kind</Name>
                <Value className="java.lang.String">word</Value>
            </Feature>
        </Annotation>
        <Annotation Id="971" Type="SpaceToken" StartNode="2489" EndNode="2490">
            <Feature>
                <Name className="java.lang.String">string</Name>
                <Value className="java.lang.String"></Value>
            </Feature>
            <Feature>
                <Name className="java.lang.String">length</Name>
                <Value className="java.lang.String">1</Value>
            </Feature>
            <Feature>
                <Name className="java.lang.String">kind</Name>
                <Value className="java.lang.String">space</Value>
            </Feature>
        </Annotation>
        <Annotation Id="972" Type="Token" StartNode="2490" EndNode="2495">
            <Feature>
                <Name className="java.lang.String">length</Name>
                <Value className="java.lang.String">5</Value>
            </Feature>
            <Feature>
                <Name className="java.lang.String">orth</Name>
                <Value className="java.lang.String">lowercase</Value>
            </Feature>
            <Feature>
                <Name className="java.lang.String">string</Name>
                <Value className="java.lang.String">cries</Value>
            </Feature>
            <Feature>
                <Name className="java.lang.String">category</Name>
                <Value className="java.lang.String">VBZ</Value>
            </Feature>
            <Feature>
                <Name className="java.lang.String">kind</Name>
                <Value className="java.lang.String">word</Value>
            </Feature>
        </Annotation>
        <Annotation Id="973" Type="SpaceToken" StartNode="2495" EndNode="2496">
            <Feature>
                <Name className="java.lang.String">string</Name>
                <Value className="java.lang.String"></Value>
            </Feature>
            <Feature>
                <Name className="java.lang.String">length</Name>
                <Value className="java.lang.String">1</Value>
            </Feature>
            <Feature>
                <Name className="java.lang.String">kind</Name>
                <Value className="java.lang.String">space</Value>
            </Feature>
        </Annotation>
        <Annotation Id="974" Type="Token" StartNode="2496" EndNode="2499">
            <Feature>
                <Name className="java.lang.String">length</Name>
                <Value className="java.lang.String">3</Value>
            </Feature>
            <Feature>
                <Name className="java.lang.String">orth</Name>
                <Value className="java.lang.String">lowercase</Value>
            </Feature>
            <Feature>
                <Name className="java.lang.String">string</Name>
                <Value className="java.lang.String">out</Value>
            </Feature>
            <Feature>
                <Name className="java.lang.String">category</Name>
                <Value className="java.lang.String">IN</Value>
            </Feature>
            <Feature>
                <Name className="java.lang.String">kind</Name>
                <Value className="java.lang.String">word</Value>
            </Feature>
        </Annotation>
        <Annotation Id="975" Type="Token" StartNode="2499" EndNode="2500">
            <Feature>
                <Name className="java.lang.String">length</Name>
                <Value className="java.lang.String">1</Value>
            </Feature>
            <Feature>
                <Name className="java.lang.String">string</Name>
                <Value className="java.lang.String">,</Value>
            </Feature>
            <Feature>
                <Name className="java.lang.String">category</Name>
                <Value className="java.lang.String">,</Value>
            </Feature>
            <Feature>
                <Name className="java.lang.String">kind</Name>
                <Value className="java.lang.String">punctuation</Value>
            </Feature>
        </Annotation>
        <Annotation Id="976" Type="SpaceToken" StartNode="2500" EndNode="2501">
            <Feature>
                <Name className="java.lang.String">string</Name>
                <Value className="java.lang.String"></Value>
            </Feature>
            <Feature>
                <Name className="java.lang.String">length</Name>
                <Value className="java.lang.String">1</Value>
            </Feature>
            <Feature>
                <Name className="java.lang.String">kind</Name>
                <Value className="java.lang.String">space</Value>
            </Feature>
        </Annotation>
        <Annotation Id="977" Type="Token" StartNode="2501" EndNode="2502">
            <Feature>
                <Name className="java.lang.String">length</Name>
                <Value className="java.lang.String">1</Value>
            </Feature>
            <Feature>
                <Name className="java.lang.String">string</Name>
                <Value className="java.lang.String">"</Value>
            </Feature>
            <Feature>
                <Name className="java.lang.String">category</Name>
                <Value className="java.lang.String">''</Value>
            </Feature>
            <Feature>
                <Name className="java.lang.String">kind</Name>
                <Value className="java.lang.String">punctuation</Value>
            </Feature>
        </Annotation>
        <Annotation Id="978" Type="Token" StartNode="2502" EndNode="2507">
            <Feature>
                <Name className="java.lang.String">length</Name>
                <Value className="java.lang.String">5</Value>
            </Feature>
            <Feature>
                <Name className="java.lang.String">orth</Name>
                <Value className="java.lang.String">upperInitial</Value>
            </Feature>
            <Feature>
                <Name className="java.lang.String">string</Name>
                <Value className="java.lang.String">Allas</Value>
            </Feature>
            <Feature>
                <Name className="java.lang.String">category</Name>
                <Value className="java.lang.String">NNP</Value>
            </Feature>
            <Feature>
                <Name className="java.lang.String">kind</Name>
                <Value className="java.lang.String">word</Value>
            </Feature>
        </Annotation>
        <Annotation Id="979" Type="Token" StartNode="2507" EndNode="2508">
            <Feature>
                <Name className="java.lang.String">length</Name>
                <Value className="java.lang.String">1</Value>
            </Feature>
            <Feature>
                <Name className="java.lang.String">string</Name>
                <Value className="java.lang.String">,</Value>
            </Feature>
            <Feature>
                <Name className="java.lang.String">category</Name>
                <Value className="java.lang.String">,</Value>
            </Feature>
            <Feature>
                <Name className="java.lang.String">kind</Name>
                <Value className="java.lang.String">punctuation</Value>
            </Feature>
        </Annotation>
        <Annotation Id="980" Type="SpaceToken" StartNode="2508" EndNode="2509">
            <Feature>
                <Name className="java.lang.String">string</Name>
                <Value className="java.lang.String"></Value>
            </Feature>
            <Feature>
                <Name className="java.lang.String">length</Name>
                <Value className="java.lang.String">1</Value>
            </Feature>
            <Feature>
                <Name className="java.lang.String">kind</Name>
                <Value className="java.lang.String">space</Value>
            </Feature>
        </Annotation>
        <Annotation Id="981" Type="Token" StartNode="2509" EndNode="2512">
            <Feature>
                <Name className="java.lang.String">length</Name>
                <Value className="java.lang.String">3</Value>
            </Feature>
            <Feature>
                <Name className="java.lang.String">orth</Name>
                <Value className="java.lang.String">lowercase</Value>
            </Feature>
            <Feature>
                <Name className="java.lang.String">string</Name>
                <Value className="java.lang.String">for</Value>
            </Feature>
            <Feature>
                <Name className="java.lang.String">category</Name>
                <Value className="java.lang.String">IN</Value>
            </Feature>
            <Feature>
                <Name className="java.lang.String">kind</Name>
                <Value className="java.lang.String">word</Value>
            </Feature>
        </Annotation>
        <Annotation Id="982" Type="SpaceToken" StartNode="2512" EndNode="2513">
            <Feature>
                <Name className="java.lang.String">string</Name>
                <Value className="java.lang.String"></Value>
            </Feature>
            <Feature>
                <Name className="java.lang.String">length</Name>
                <Value className="java.lang.String">1</Value>
            </Feature>
            <Feature>
                <Name className="java.lang.String">kind</Name>
                <Value className="java.lang.String">space</Value>
            </Feature>
        </Annotation>
        <Annotation Id="983" Type="Token" StartNode="2513" EndNode="2520">
            <Feature>
                <Name className="java.lang.String">length</Name>
                <Value className="java.lang.String">7</Value>
            </Feature>
            <Feature>
                <Name className="java.lang.String">orth</Name>
                <Value className="java.lang.String">lowercase</Value>
            </Feature>
            <Feature>
                <Name className="java.lang.String">string</Name>
                <Value className="java.lang.String">hungger</Value>
            </Feature>
            <Feature>
                <Name className="java.lang.String">category</Name>
                <Value className="java.lang.String">NN</Value>
            </Feature>
            <Feature>
                <Name className="java.lang.String">kind</Name>
                <Value className="java.lang.String">word</Value>
            </Feature>
        </Annotation>
        <Annotation Id="984" Type="SpaceToken" StartNode="2520" EndNode="2521">
            <Feature>
                <Name className="java.lang.String">string</Name>
                <Value className="java.lang.String"></Value>
            </Feature>
            <Feature>
                <Name className="java.lang.String">length</Name>
                <Value className="java.lang.String">1</Value>
            </Feature>
            <Feature>
                <Name className="java.lang.String">kind</Name>
                <Value className="java.lang.String">space</Value>
            </Feature>
        </Annotation>
        <Annotation Id="985" Type="Token" StartNode="2521" EndNode="2522">
            <Feature>
                <Name className="java.lang.String">length</Name>
                <Value className="java.lang.String">1</Value>
            </Feature>
            <Feature>
                <Name className="java.lang.String">orth</Name>
                <Value className="java.lang.String">upperInitial</Value>
            </Feature>
            <Feature>
                <Name className="java.lang.String">string</Name>
                <Value className="java.lang.String">I</Value>
            </Feature>
            <Feature>
                <Name className="java.lang.String">category</Name>
                <Value className="java.lang.String">PRP</Value>
            </Feature>
            <Feature>
                <Name className="java.lang.String">kind</Name>
                <Value className="java.lang.String">word</Value>
            </Feature>
        </Annotation>
        <Annotation Id="986" Type="SpaceToken" StartNode="2522" EndNode="2523">
            <Feature>
                <Name className="java.lang.String">string</Name>
                <Value className="java.lang.String"></Value>
            </Feature>
            <Feature>
                <Name className="java.lang.String">length</Name>
                <Value className="java.lang.String">1</Value>
            </Feature>
            <Feature>
                <Name className="java.lang.String">kind</Name>
                <Value className="java.lang.String">space</Value>
            </Feature>
        </Annotation>
        <Annotation Id="987" Type="Token" StartNode="2523" EndNode="2526">
            <Feature>
                <Name className="java.lang.String">length</Name>
                <Value className="java.lang.String">3</Value>
            </Feature>
            <Feature>
                <Name className="java.lang.String">orth</Name>
                <Value className="java.lang.String">lowercase</Value>
            </Feature>
            <Feature>
                <Name className="java.lang.String">string</Name>
                <Value className="java.lang.String">die</Value>
            </Feature>
            <Feature>
                <Name className="java.lang.String">category</Name>
                <Value className="java.lang.String">VBP</Value>
            </Feature>
            <Feature>
                <Name className="java.lang.String">kind</Name>
                <Value className="java.lang.String">word</Value>
            </Feature>
        </Annotation>
        <Annotation Id="988" Type="SpaceToken" StartNode="2526" EndNode="2527">
            <Feature>
                <Name className="java.lang.String">string</Name>
                <Value className="java.lang.String"></Value>
            </Feature>
            <Feature>
                <Name className="java.lang.String">length</Name>
                <Value className="java.lang.String">1</Value>
            </Feature>
            <Feature>
                <Name className="java.lang.String">kind</Name>
                <Value className="java.lang.String">space</Value>
            </Feature>
        </Annotation>
        <Annotation Id="989" Type="Token" StartNode="2527" EndNode="2528">
            <Feature>
                <Name className="java.lang.String">length</Name>
                <Value className="java.lang.String">1</Value>
            </Feature>
            <Feature>
                <Name className="java.lang.String">string</Name>
                <Value className="java.lang.String">/</Value>
            </Feature>
            <Feature>
                <Name className="java.lang.String">category</Name>
                <Value className="java.lang.String">NN</Value>
            </Feature>
            <Feature>
                <Name className="java.lang.String">kind</Name>
                <Value className="java.lang.String">punctuation</Value>
            </Feature>
        </Annotation>
        <Annotation Id="990" Type="SpaceToken" StartNode="2528" EndNode="2529">
            <Feature>
                <Name className="java.lang.String">string</Name>
                <Value className="java.lang.String"></Value>
            </Feature>
            <Feature>
                <Name className="java.lang.String">length</Name>
                <Value className="java.lang.String">1</Value>
            </Feature>
            <Feature>
                <Name className="java.lang.String">kind</Name>
                <Value className="java.lang.String">space</Value>
            </Feature>
        </Annotation>
        <Annotation Id="991" Type="Token" StartNode="2529" EndNode="2531">
            <Feature>
                <Name className="java.lang.String">length</Name>
                <Value className="java.lang.String">2</Value>
            </Feature>
            <Feature>
                <Name className="java.lang.String">orth</Name>
                <Value className="java.lang.String">upperInitial</Value>
            </Feature>
            <Feature>
                <Name className="java.lang.String">string</Name>
                <Value className="java.lang.String">Up</Value>
            </Feature>
            <Feature>
                <Name className="java.lang.String">category</Name>
                <Value className="java.lang.String">IN</Value>
            </Feature>
            <Feature>
                <Name className="java.lang.String">kind</Name>
                <Value className="java.lang.String">word</Value>
            </Feature>
        </Annotation>
        <Annotation Id="992" Type="SpaceToken" StartNode="2531" EndNode="2532">
            <Feature>
                <Name className="java.lang.String">string</Name>
                <Value className="java.lang.String"></Value>
            </Feature>
            <Feature>
                <Name className="java.lang.String">length</Name>
                <Value className="java.lang.String">1</Value>
            </Feature>
            <Feature>
                <Name className="java.lang.String">kind</Name>
                <Value className="java.lang.String">space</Value>
            </Feature>
        </Annotation>
        <Annotation Id="993" Type="Token" StartNode="2532" EndNode="2537">
            <Feature>
                <Name className="java.lang.String">length</Name>
                <Value className="java.lang.String">5</Value>
            </Feature>
            <Feature>
                <Name className="java.lang.String">orth</Name>
                <Value className="java.lang.String">lowercase</Value>
            </Feature>
            <Feature>
                <Name className="java.lang.String">string</Name>
                <Value className="java.lang.String">rihte</Value>
            </Feature>
            <Feature>
                <Name className="java.lang.String">category</Name>
                <Value className="java.lang.String">NN</Value>
            </Feature>
            <Feature>
                <Name className="java.lang.String">kind</Name>
                <Value className="java.lang.String">word</Value>
            </Feature>
        </Annotation>
        <Annotation Id="994" Type="Token" StartNode="2537" EndNode="2538">
            <Feature>
                <Name className="java.lang.String">length</Name>
                <Value className="java.lang.String">1</Value>
            </Feature>
            <Feature>
                <Name className="java.lang.String">string</Name>
                <Value className="java.lang.String">!</Value>
            </Feature>
            <Feature>
                <Name className="java.lang.String">category</Name>
                <Value className="java.lang.String">NN</Value>
            </Feature>
            <Feature>
                <Name className="java.lang.String">kind</Name>
                <Value className="java.lang.String">punctuation</Value>
            </Feature>
        </Annotation>
        <Annotation Id="995" Type="Token" StartNode="2538" EndNode="2539">
            <Feature>
                <Name className="java.lang.String">length</Name>
                <Value className="java.lang.String">1</Value>
            </Feature>
            <Feature>
                <Name className="java.lang.String">string</Name>
                <Value className="java.lang.String">"</Value>
            </Feature>
            <Feature>
                <Name className="java.lang.String">category</Name>
                <Value className="java.lang.String">''</Value>
            </Feature>
            <Feature>
                <Name className="java.lang.String">kind</Name>
                <Value className="java.lang.String">punctuation</Value>
            </Feature>
        </Annotation>
        <Annotation Id="996" Type="SpaceToken" StartNode="2539" EndNode="2540">
            <Feature>
                <Name className="java.lang.String">string</Name>
                <Value className="java.lang.String"></Value>
            </Feature>
            <Feature>
                <Name className="java.lang.String">length</Name>
                <Value className="java.lang.String">1</Value>
            </Feature>
            <Feature>
                <Name className="java.lang.String">kind</Name>
                <Value className="java.lang.String">space</Value>
            </Feature>
        </Annotation>
        <Annotation Id="997" Type="Token" StartNode="2540" EndNode="2541">
            <Feature>
                <Name className="java.lang.String">length</Name>
                <Value className="java.lang.String">1</Value>
            </Feature>
            <Feature>
                <Name className="java.lang.String">position</Name>
                <Value className="java.lang.String">startpunct</Value>
            </Feature>
            <Feature>
                <Name className="java.lang.String">string</Name>
                <Value className="java.lang.String">(</Value>
            </Feature>
            <Feature>
                <Name className="java.lang.String">category</Name>
                <Value className="java.lang.String">(</Value>
            </Feature>
            <Feature>
                <Name className="java.lang.String">kind</Name>
                <Value className="java.lang.String">punctuation</Value>
            </Feature>
        </Annotation>
        <Annotation Id="998" Type="Token" StartNode="2541" EndNode="2546">
            <Feature>
                <Name className="java.lang.String">length</Name>
                <Value className="java.lang.String">5</Value>
            </Feature>
            <Feature>
                <Name className="java.lang.String">orth</Name>
                <Value className="java.lang.String">lowercase</Value>
            </Feature>
            <Feature>
                <Name className="java.lang.String">string</Name>
                <Value className="java.lang.String">lines</Value>
            </Feature>
            <Feature>
                <Name className="java.lang.String">category</Name>
                <Value className="java.lang.String">NNS</Value>
            </Feature>
            <Feature>
                <Name className="java.lang.String">kind</Name>
                <Value className="java.lang.String">word</Value>
            </Feature>
        </Annotation>
        <Annotation Id="999" Type="SpaceToken" StartNode="2546" EndNode="2547">
            <Feature>
                <Name className="java.lang.String">string</Name>
                <Value className="java.lang.String"></Value>
            </Feature>
            <Feature>
                <Name className="java.lang.String">length</Name>
                <Value className="java.lang.String">1</Value>
            </Feature>
            <Feature>
                <Name className="java.lang.String">kind</Name>
                <Value className="java.lang.String">space</Value>
            </Feature>
        </Annotation>
        <Annotation Id="1000" Type="Token" StartNode="2547" EndNode="2550">
            <Feature>
                <Name className="java.lang.String">length</Name>
                <Value className="java.lang.String">3</Value>
            </Feature>
            <Feature>
                <Name className="java.lang.String">string</Name>
                <Value className="java.lang.String">400</Value>
            </Feature>
            <Feature>
                <Name className="java.lang.String">category</Name>
                <Value className="java.lang.String">CD</Value>
            </Feature>
            <Feature>
                <Name className="java.lang.String">kind</Name>
                <Value className="java.lang.String">number</Value>
            </Feature>
        </Annotation>
        <Annotation Id="1001" Type="Token" StartNode="2550" EndNode="2551">
            <Feature>
                <Name className="java.lang.String">length</Name>
                <Value className="java.lang.String">1</Value>
            </Feature>
            <Feature>
                <Name className="java.lang.String">string</Name>
                <Value className="java.lang.String">-</Value>
            </Feature>
            <Feature>
                <Name className="java.lang.String">category</Name>
                <Value className="java.lang.String">:</Value>
            </Feature>
            <Feature>
                <Name className="java.lang.String">kind</Name>
                <Value className="java.lang.String">punctuation</Value>
            </Feature>
            <Feature>
                <Name className="java.lang.String">subkind</Name>
                <Value className="java.lang.String">dashpunct</Value>
            </Feature>
        </Annotation>
        <Annotation Id="1002" Type="Token" StartNode="2551" EndNode="2553">
            <Feature>
                <Name className="java.lang.String">length</Name>
                <Value className="java.lang.String">2</Value>
            </Feature>
            <Feature>
                <Name className="java.lang.String">string</Name>
                <Value className="java.lang.String">01</Value>
            </Feature>
            <Feature>
                <Name className="java.lang.String">category</Name>
                <Value className="java.lang.String">CD</Value>
            </Feature>
            <Feature>
                <Name className="java.lang.String">kind</Name>
                <Value className="java.lang.String">number</Value>
            </Feature>
        </Annotation>
        <Annotation Id="1003" Type="Token" StartNode="2553" EndNode="2554">
            <Feature>
                <Name className="java.lang.String">length</Name>
                <Value className="java.lang.String">1</Value>
            </Feature>
            <Feature>
                <Name className="java.lang.String">position</Name>
                <Value className="java.lang.String">endpunct</Value>
            </Feature>
            <Feature>
                <Name className="java.lang.String">string</Name>
                <Value className="java.lang.String">)</Value>
            </Feature>
            <Feature>
                <Name className="java.lang.String">category</Name>
                <Value className="java.lang.String">)</Value>
            </Feature>
            <Feature>
                <Name className="java.lang.String">kind</Name>
                <Value className="java.lang.String">punctuation</Value>
            </Feature>
        </Annotation>
        <Annotation Id="1004" Type="Token" StartNode="2554" EndNode="2555">
            <Feature>
                <Name className="java.lang.String">length</Name>
                <Value className="java.lang.String">1</Value>
            </Feature>
            <Feature>
                <Name className="java.lang.String">string</Name>
                <Value className="java.lang.String">.</Value>
            </Feature>
            <Feature>
                <Name className="java.lang.String">category</Name>
                <Value className="java.lang.String">.</Value>
            </Feature>
            <Feature>
                <Name className="java.lang.String">kind</Name>
                <Value className="java.lang.String">punctuation</Value>
            </Feature>
        </Annotation>
        <Annotation Id="1005" Type="SpaceToken" StartNode="2555" EndNode="2556">
            <Feature>
                <Name className="java.lang.String">string</Name>
                <Value className="java.lang.String"></Value>
            </Feature>
            <Feature>
                <Name className="java.lang.String">length</Name>
                <Value className="java.lang.String">1</Value>
            </Feature>
            <Feature>
                <Name className="java.lang.String">kind</Name>
                <Value className="java.lang.String">space</Value>
            </Feature>
        </Annotation>
        <Annotation Id="1006" Type="Token" StartNode="2556" EndNode="2561">
            <Feature>
                <Name className="java.lang.String">length</Name>
                <Value className="java.lang.String">5</Value>
            </Feature>
            <Feature>
                <Name className="java.lang.String">orth</Name>
                <Value className="java.lang.String">upperInitial</Value>
            </Feature>
            <Feature>
                <Name className="java.lang.String">string</Name>
                <Value className="java.lang.String">There</Value>
            </Feature>
            <Feature>
                <Name className="java.lang.String">category</Name>
                <Value className="java.lang.String">EX</Value>
            </Feature>
            <Feature>
                <Name className="java.lang.String">kind</Name>
                <Value className="java.lang.String">word</Value>
            </Feature>
        </Annotation>
        <Annotation Id="1007" Type="SpaceToken" StartNode="2561" EndNode="2562">
            <Feature>
                <Name className="java.lang.String">string</Name>
                <Value className="java.lang.String"></Value>
            </Feature>
            <Feature>
                <Name className="java.lang.String">length</Name>
                <Value className="java.lang.String">1</Value>
            </Feature>
            <Feature>
                <Name className="java.lang.String">kind</Name>
                <Value className="java.lang.String">space</Value>
            </Feature>
        </Annotation>
        <Annotation Id="1008" Type="Token" StartNode="2562" EndNode="2565">
            <Feature>
                <Name className="java.lang.String">length</Name>
                <Value className="java.lang.String">3</Value>
            </Feature>
            <Feature>
                <Name className="java.lang.String">orth</Name>
                <Value className="java.lang.String">lowercase</Value>
            </Feature>
            <Feature>
                <Name className="java.lang.String">string</Name>
                <Value className="java.lang.String">are</Value>
            </Feature>
            <Feature>
                <Name className="java.lang.String">category</Name>
                <Value className="java.lang.String">VBP</Value>
            </Feature>
            <Feature>
                <Name className="java.lang.String">kind</Name>
                <Value className="java.lang.String">word</Value>
            </Feature>
        </Annotation>
        <Annotation Id="1009" Type="SpaceToken" StartNode="2565" EndNode="2566">
            <Feature>
                <Name className="java.lang.String">string</Name>
                <Value className="java.lang.String"></Value>
            </Feature>
            <Feature>
                <Name className="java.lang.String">length</Name>
                <Value className="java.lang.String">1</Value>
            </Feature>
            <Feature>
                <Name className="java.lang.String">kind</Name>
                <Value className="java.lang.String">space</Value>
            </Feature>
        </Annotation>
        <Annotation Id="1010" Type="Token" StartNode="2566" EndNode="2573">
            <Feature>
                <Name className="java.lang.String">length</Name>
                <Value className="java.lang.String">7</Value>
            </Feature>
            <Feature>
                <Name className="java.lang.String">orth</Name>
                <Value className="java.lang.String">lowercase</Value>
            </Feature>
            <Feature>
                <Name className="java.lang.String">string</Name>
                <Value className="java.lang.String">several</Value>
            </Feature>
            <Feature>
                <Name className="java.lang.String">category</Name>
                <Value className="java.lang.String">JJ</Value>
            </Feature>
            <Feature>
                <Name className="java.lang.String">kind</Name>
                <Value className="java.lang.String">word</Value>
            </Feature>
        </Annotation>
        <Annotation Id="1011" Type="SpaceToken" StartNode="2573" EndNode="2574">
            <Feature>
                <Name className="java.lang.String">string</Name>
                <Value className="java.lang.String"></Value>
            </Feature>
            <Feature>
                <Name className="java.lang.String">length</Name>
                <Value className="java.lang.String">1</Value>
            </Feature>
            <Feature>
                <Name className="java.lang.String">kind</Name>
                <Value className="java.lang.String">space</Value>
            </Feature>
        </Annotation>
        <Annotation Id="1012" Type="Token" StartNode="2574" EndNode="2585">
            <Feature>
                <Name className="java.lang.String">length</Name>
                <Value className="java.lang.String">11</Value>
            </Feature>
            <Feature>
                <Name className="java.lang.String">orth</Name>
                <Value className="java.lang.String">lowercase</Value>
            </Feature>
            <Feature>
                <Name className="java.lang.String">string</Name>
                <Value className="java.lang.String">apocalyptic</Value>
            </Feature>
            <Feature>
                <Name className="java.lang.String">category</Name>
                <Value className="java.lang.String">JJ</Value>
            </Feature>
            <Feature>
                <Name className="java.lang.String">kind</Name>
                <Value className="java.lang.String">word</Value>
            </Feature>
        </Annotation>
        <Annotation Id="1013" Type="SpaceToken" StartNode="2585" EndNode="2586">
            <Feature>
                <Name className="java.lang.String">string</Name>
                <Value className="java.lang.String"></Value>
            </Feature>
            <Feature>
                <Name className="java.lang.String">length</Name>
                <Value className="java.lang.String">1</Value>
            </Feature>
            <Feature>
                <Name className="java.lang.String">kind</Name>
                <Value className="java.lang.String">space</Value>
            </Feature>
        </Annotation>
        <Annotation Id="1014" Type="Token" StartNode="2586" EndNode="2594">
            <Feature>
                <Name className="java.lang.String">length</Name>
                <Value className="java.lang.String">8</Value>
            </Feature>
            <Feature>
                <Name className="java.lang.String">orth</Name>
                <Value className="java.lang.String">lowercase</Value>
            </Feature>
            <Feature>
                <Name className="java.lang.String">string</Name>
                <Value className="java.lang.String">passages</Value>
            </Feature>
            <Feature>
                <Name className="java.lang.String">category</Name>
                <Value className="java.lang.String">NNS</Value>
            </Feature>
            <Feature>
                <Name className="java.lang.String">kind</Name>
                <Value className="java.lang.String">word</Value>
            </Feature>
        </Annotation>
        <Annotation Id="1015" Type="SpaceToken" StartNode="2594" EndNode="2595">
            <Feature>
                <Name className="java.lang.String">string</Name>
                <Value className="java.lang.String"></Value>
            </Feature>
            <Feature>
                <Name className="java.lang.String">length</Name>
                <Value className="java.lang.String">1</Value>
            </Feature>
            <Feature>
                <Name className="java.lang.String">kind</Name>
                <Value className="java.lang.String">space</Value>
            </Feature>
        </Annotation>
        <Annotation Id="1016" Type="Token" StartNode="2595" EndNode="2597">
            <Feature>
                <Name className="java.lang.String">length</Name>
                <Value className="java.lang.String">2</Value>
            </Feature>
            <Feature>
                <Name className="java.lang.String">orth</Name>
                <Value className="java.lang.String">lowercase</Value>
            </Feature>
            <Feature>
                <Name className="java.lang.String">string</Name>
                <Value className="java.lang.String">in</Value>
            </Feature>
            <Feature>
                <Name className="java.lang.String">category</Name>
                <Value className="java.lang.String">IN</Value>
            </Feature>
            <Feature>
                <Name className="java.lang.String">kind</Name>
                <Value className="java.lang.String">word</Value>
            </Feature>
        </Annotation>
        <Annotation Id="1017" Type="SpaceToken" StartNode="2597" EndNode="2598">
            <Feature>
                <Name className="java.lang.String">string</Name>
                <Value className="java.lang.String"></Value>
            </Feature>
            <Feature>
                <Name className="java.lang.String">length</Name>
                <Value className="java.lang.String">1</Value>
            </Feature>
            <Feature>
                <Name className="java.lang.String">kind</Name>
                <Value className="java.lang.String">space</Value>
            </Feature>
        </Annotation>
        <Annotation Id="1018" Type="Token" StartNode="2598" EndNode="2601">
            <Feature>
                <Name className="java.lang.String">length</Name>
                <Value className="java.lang.String">3</Value>
            </Feature>
            <Feature>
                <Name className="java.lang.String">orth</Name>
                <Value className="java.lang.String">lowercase</Value>
            </Feature>
            <Feature>
                <Name className="java.lang.String">string</Name>
                <Value className="java.lang.String">the</Value>
            </Feature>
            <Feature>
                <Name className="java.lang.String">category</Name>
                <Value className="java.lang.String">DT</Value>
            </Feature>
            <Feature>
                <Name className="java.lang.String">kind</Name>
                <Value className="java.lang.String">word</Value>
            </Feature>
        </Annotation>
        <Annotation Id="1019" Type="SpaceToken" StartNode="2601" EndNode="2602">
            <Feature>
                <Name className="java.lang.String">string</Name>
                <Value className="java.lang.String"></Value>
            </Feature>
            <Feature>
                <Name className="java.lang.String">length</Name>
                <Value className="java.lang.String">1</Value>
            </Feature>
            <Feature>
                <Name className="java.lang.String">kind</Name>
                <Value className="java.lang.String">space</Value>
            </Feature>
        </Annotation>
        <Annotation Id="1020" Type="Token" StartNode="2602" EndNode="2606">
            <Feature>
                <Name className="java.lang.String">length</Name>
                <Value className="java.lang.String">4</Value>
            </Feature>
            <Feature>
                <Name className="java.lang.String">orth</Name>
                <Value className="java.lang.String">lowercase</Value>
            </Feature>
            <Feature>
                <Name className="java.lang.String">string</Name>
                <Value className="java.lang.String">poem</Value>
            </Feature>
            <Feature>
                <Name className="java.lang.String">category</Name>
                <Value className="java.lang.String">NN</Value>
            </Feature>
            <Feature>
                <Name className="java.lang.String">kind</Name>
                <Value className="java.lang.String">word</Value>
            </Feature>
        </Annotation>
        <Annotation Id="1021" Type="Token" StartNode="2606" EndNode="2607">
            <Feature>
                <Name className="java.lang.String">length</Name>
                <Value className="java.lang.String">1</Value>
            </Feature>
            <Feature>
                <Name className="java.lang.String">string</Name>
                <Value className="java.lang.String">.</Value>
            </Feature>
            <Feature>
                <Name className="java.lang.String">category</Name>
                <Value className="java.lang.String">.</Value>
            </Feature>
            <Feature>
                <Name className="java.lang.String">kind</Name>
                <Value className="java.lang.String">punctuation</Value>
            </Feature>
        </Annotation>
        <Annotation Id="1022" Type="SpaceToken" StartNode="2607" EndNode="2608">
            <Feature>
                <Name className="java.lang.String">string</Name>
                <Value className="java.lang.String"></Value>
            </Feature>
            <Feature>
                <Name className="java.lang.String">length</Name>
                <Value className="java.lang.String">1</Value>
            </Feature>
            <Feature>
                <Name className="java.lang.String">kind</Name>
                <Value className="java.lang.String">space</Value>
            </Feature>
        </Annotation>
        <Annotation Id="1023" Type="Token" StartNode="2608" EndNode="2611">
            <Feature>
                <Name className="java.lang.String">length</Name>
                <Value className="java.lang.String">3</Value>
            </Feature>
            <Feature>
                <Name className="java.lang.String">orth</Name>
                <Value className="java.lang.String">upperInitial</Value>
            </Feature>
            <Feature>
                <Name className="java.lang.String">string</Name>
                <Value className="java.lang.String">The</Value>
            </Feature>
            <Feature>
                <Name className="java.lang.String">category</Name>
                <Value className="java.lang.String">DT</Value>
            </Feature>
            <Feature>
                <Name className="java.lang.String">kind</Name>
                <Value className="java.lang.String">word</Value>
            </Feature>
        </Annotation>
        <Annotation Id="1024" Type="SpaceToken" StartNode="2611" EndNode="2612">
            <Feature>
                <Name className="java.lang.String">string</Name>
                <Value className="java.lang.String"></Value>
            </Feature>
            <Feature>
                <Name className="java.lang.String">length</Name>
                <Value className="java.lang.String">1</Value>
            </Feature>
            <Feature>
                <Name className="java.lang.String">kind</Name>
                <Value className="java.lang.String">space</Value>
            </Feature>
        </Annotation>
        <Annotation Id="1025" Type="Token" StartNode="2612" EndNode="2618">
            <Feature>
                <Name className="java.lang.String">length</Name>
                <Value className="java.lang.String">6</Value>
            </Feature>
            <Feature>
                <Name className="java.lang.String">orth</Name>
                <Value className="java.lang.String">lowercase</Value>
            </Feature>
            <Feature>
                <Name className="java.lang.String">string</Name>
                <Value className="java.lang.String">author</Value>
            </Feature>
            <Feature>
                <Name className="java.lang.String">category</Name>
                <Value className="java.lang.String">NN</Value>
            </Feature>
            <Feature>
                <Name className="java.lang.String">kind</Name>
                <Value className="java.lang.String">word</Value>
            </Feature>
        </Annotation>
        <Annotation Id="1026" Type="SpaceToken" StartNode="2618" EndNode="2619">
            <Feature>
                <Name className="java.lang.String">string</Name>
                <Value className="java.lang.String"></Value>
            </Feature>
            <Feature>
                <Name className="java.lang.String">length</Name>
                <Value className="java.lang.String">1</Value>
            </Feature>
            <Feature>
                <Name className="java.lang.String">kind</Name>
                <Value className="java.lang.String">space</Value>
            </Feature>
        </Annotation>
        <Annotation Id="1027" Type="Token" StartNode="2619" EndNode="2625">
            <Feature>
                <Name className="java.lang.String">length</Name>
                <Value className="java.lang.String">6</Value>
            </Feature>
            <Feature>
                <Name className="java.lang.String">orth</Name>
                <Value className="java.lang.String">lowercase</Value>
            </Feature>
            <Feature>
                <Name className="java.lang.String">string</Name>
                <Value className="java.lang.String">points</Value>
            </Feature>
            <Feature>
                <Name className="java.lang.String">category</Name>
                <Value className="java.lang.String">NNS</Value>
            </Feature>
            <Feature>
                <Name className="java.lang.String">kind</Name>
                <Value className="java.lang.String">word</Value>
            </Feature>
        </Annotation>
        <Annotation Id="1028" Type="SpaceToken" StartNode="2625" EndNode="2626">
            <Feature>
                <Name className="java.lang.String">string</Name>
                <Value className="java.lang.String"></Value>
            </Feature>
            <Feature>
                <Name className="java.lang.String">length</Name>
                <Value className="java.lang.String">1</Value>
            </Feature>
            <Feature>
                <Name className="java.lang.String">kind</Name>
                <Value className="java.lang.String">space</Value>
            </Feature>
        </Annotation>
        <Annotation Id="1029" Type="Token" StartNode="2626" EndNode="2628">
            <Feature>
                <Name className="java.lang.String">length</Name>
                <Value className="java.lang.String">2</Value>
            </Feature>
            <Feature>
                <Name className="java.lang.String">orth</Name>
                <Value className="java.lang.String">lowercase</Value>
            </Feature>
            <Feature>
                <Name className="java.lang.String">string</Name>
                <Value className="java.lang.String">to</Value>
            </Feature>
            <Feature>
                <Name className="java.lang.String">category</Name>
                <Value className="java.lang.String">TO</Value>
            </Feature>
            <Feature>
                <Name className="java.lang.String">kind</Name>
                <Value className="java.lang.String">word</Value>
            </Feature>
        </Annotation>
        <Annotation Id="1030" Type="SpaceToken" StartNode="2628" EndNode="2629">
            <Feature>
                <Name className="java.lang.String">string</Name>
                <Value className="java.lang.String"></Value>
            </Feature>
            <Feature>
                <Name className="java.lang.String">length</Name>
                <Value className="java.lang.String">1</Value>
            </Feature>
            <Feature>
                <Name className="java.lang.String">kind</Name>
                <Value className="java.lang.String">space</Value>
            </Feature>
        </Annotation>
        <Annotation Id="1031" Type="Token" StartNode="2629" EndNode="2635">
            <Feature>
                <Name className="java.lang.String">length</Name>
                <Value className="java.lang.String">6</Value>
            </Feature>
            <Feature>
                <Name className="java.lang.String">orth</Name>
                <Value className="java.lang.String">lowercase</Value>
            </Feature>
            <Feature>
                <Name className="java.lang.String">string</Name>
                <Value className="java.lang.String">recent</Value>
            </Feature>
            <Feature>
                <Name className="java.lang.String">category</Name>
                <Value className="java.lang.String">JJ</Value>
            </Feature>
            <Feature>
                <Name className="java.lang.String">kind</Name>
                <Value className="java.lang.String">word</Value>
            </Feature>
        </Annotation>
        <Annotation Id="1032" Type="SpaceToken" StartNode="2635" EndNode="2636">
            <Feature>
                <Name className="java.lang.String">string</Name>
                <Value className="java.lang.String"></Value>
            </Feature>
            <Feature>
                <Name className="java.lang.String">length</Name>
                <Value className="java.lang.String">1</Value>
            </Feature>
            <Feature>
                <Name className="java.lang.String">kind</Name>
                <Value className="java.lang.String">space</Value>
            </Feature>
        </Annotation>
        <Annotation Id="1033" Type="Token" StartNode="2636" EndNode="2643">
            <Feature>
                <Name className="java.lang.String">length</Name>
                <Value className="java.lang.String">7</Value>
            </Feature>
            <Feature>
                <Name className="java.lang.String">orth</Name>
                <Value className="java.lang.String">lowercase</Value>
            </Feature>
            <Feature>
                <Name className="java.lang.String">string</Name>
                <Value className="java.lang.String">natural</Value>
            </Feature>
            <Feature>
                <Name className="java.lang.String">category</Name>
                <Value className="java.lang.String">JJ</Value>
            </Feature>
            <Feature>
                <Name className="java.lang.String">kind</Name>
                <Value className="java.lang.String">word</Value>
            </Feature>
        </Annotation>
        <Annotation Id="1034" Type="SpaceToken" StartNode="2643" EndNode="2644">
            <Feature>
                <Name className="java.lang.String">string</Name>
                <Value className="java.lang.String"></Value>
            </Feature>
            <Feature>
                <Name className="java.lang.String">length</Name>
                <Value className="java.lang.String">1</Value>
            </Feature>
            <Feature>
                <Name className="java.lang.String">kind</Name>
                <Value className="java.lang.String">space</Value>
            </Feature>
        </Annotation>
        <Annotation Id="1035" Type="Token" StartNode="2644" EndNode="2653">
            <Feature>
                <Name className="java.lang.String">length</Name>
                <Value className="java.lang.String">9</Value>
            </Feature>
            <Feature>
                <Name className="java.lang.String">orth</Name>
                <Value className="java.lang.String">lowercase</Value>
            </Feature>
            <Feature>
                <Name className="java.lang.String">string</Name>
                <Value className="java.lang.String">disasters</Value>
            </Feature>
            <Feature>
                <Name className="java.lang.String">category</Name>
                <Value className="java.lang.String">NNS</Value>
            </Feature>
            <Feature>
                <Name className="java.lang.String">kind</Name>
                <Value className="java.lang.String">word</Value>
            </Feature>
        </Annotation>
        <Annotation Id="1036" Type="SpaceToken" StartNode="2653" EndNode="2654">
            <Feature>
                <Name className="java.lang.String">string</Name>
                <Value className="java.lang.String"></Value>
            </Feature>
            <Feature>
                <Name className="java.lang.String">length</Name>
                <Value className="java.lang.String">1</Value>
            </Feature>
            <Feature>
                <Name className="java.lang.String">kind</Name>
                <Value className="java.lang.String">space</Value>
            </Feature>
        </Annotation>
        <Annotation Id="1037" Type="Token" StartNode="2654" EndNode="2656">
            <Feature>
                <Name className="java.lang.String">length</Name>
                <Value className="java.lang.String">2</Value>
            </Feature>
            <Feature>
                <Name className="java.lang.String">orth</Name>
                <Value className="java.lang.String">lowercase</Value>
            </Feature>
            <Feature>
                <Name className="java.lang.String">string</Name>
                <Value className="java.lang.String">as</Value>
            </Feature>
            <Feature>
                <Name className="java.lang.String">category</Name>
                <Value className="java.lang.String">IN</Value>
            </Feature>
            <Feature>
                <Name className="java.lang.String">kind</Name>
                <Value className="java.lang.String">word</Value>
            </Feature>
        </Annotation>
        <Annotation Id="1038" Type="SpaceToken" StartNode="2656" EndNode="2657">
            <Feature>
                <Name className="java.lang.String">string</Name>
                <Value className="java.lang.String"></Value>
            </Feature>
            <Feature>
                <Name className="java.lang.String">length</Name>
                <Value className="java.lang.String">1</Value>
            </Feature>
            <Feature>
                <Name className="java.lang.String">kind</Name>
                <Value className="java.lang.String">space</Value>
            </Feature>
        </Annotation>
        <Annotation Id="1039" Type="Token" StartNode="2657" EndNode="2665">
            <Feature>
                <Name className="java.lang.String">length</Name>
                <Value className="java.lang.String">8</Value>
            </Feature>
            <Feature>
                <Name className="java.lang.String">orth</Name>
                <Value className="java.lang.String">lowercase</Value>
            </Feature>
            <Feature>
                <Name className="java.lang.String">string</Name>
                <Value className="java.lang.String">evidence</Value>
            </Feature>
            <Feature>
                <Name className="java.lang.String">category</Name>
                <Value className="java.lang.String">NN</Value>
            </Feature>
            <Feature>
                <Name className="java.lang.String">kind</Name>
                <Value className="java.lang.String">word</Value>
            </Feature>
        </Annotation>
        <Annotation Id="1040" Type="SpaceToken" StartNode="2665" EndNode="2666">
            <Feature>
                <Name className="java.lang.String">string</Name>
                <Value className="java.lang.String"></Value>
            </Feature>
            <Feature>
                <Name className="java.lang.String">length</Name>
                <Value className="java.lang.String">1</Value>
            </Feature>
            <Feature>
                <Name className="java.lang.String">kind</Name>
                <Value className="java.lang.String">space</Value>
            </Feature>
        </Annotation>
        <Annotation Id="1041" Type="Token" StartNode="2666" EndNode="2668">
            <Feature>
                <Name className="java.lang.String">length</Name>
                <Value className="java.lang.String">2</Value>
            </Feature>
            <Feature>
                <Name className="java.lang.String">orth</Name>
                <Value className="java.lang.String">lowercase</Value>
            </Feature>
            <Feature>
                <Name className="java.lang.String">string</Name>
                <Value className="java.lang.String">of</Value>
            </Feature>
            <Feature>
                <Name className="java.lang.String">category</Name>
                <Value className="java.lang.String">IN</Value>
            </Feature>
            <Feature>
                <Name className="java.lang.String">kind</Name>
                <Value className="java.lang.String">word</Value>
            </Feature>
        </Annotation>
        <Annotation Id="1042" Type="SpaceToken" StartNode="2668" EndNode="2669">
            <Feature>
                <Name className="java.lang.String">string</Name>
                <Value className="java.lang.String"></Value>
            </Feature>
            <Feature>
                <Name className="java.lang.String">length</Name>
                <Value className="java.lang.String">1</Value>
            </Feature>
            <Feature>
                <Name className="java.lang.String">kind</Name>
                <Value className="java.lang.String">space</Value>
            </Feature>
        </Annotation>
        <Annotation Id="1043" Type="Token" StartNode="2669" EndNode="2675">
            <Feature>
                <Name className="java.lang.String">length</Name>
                <Value className="java.lang.String">6</Value>
            </Feature>
            <Feature>
                <Name className="java.lang.String">orth</Name>
                <Value className="java.lang.String">lowercase</Value>
            </Feature>
            <Feature>
                <Name className="java.lang.String">string</Name>
                <Value className="java.lang.String">divine</Value>
            </Feature>
            <Feature>
                <Name className="java.lang.String">category</Name>
                <Value className="java.lang.String">NN</Value>
            </Feature>
            <Feature>
                <Name className="java.lang.String">kind</Name>
                <Value className="java.lang.String">word</Value>
            </Feature>
        </Annotation>
        <Annotation Id="1044" Type="SpaceToken" StartNode="2675" EndNode="2676">
            <Feature>
                <Name className="java.lang.String">string</Name>
                <Value className="java.lang.String"></Value>
            </Feature>
            <Feature>
                <Name className="java.lang.String">length</Name>
                <Value className="java.lang.String">1</Value>
            </Feature>
            <Feature>
                <Name className="java.lang.String">kind</Name>
                <Value className="java.lang.String">space</Value>
            </Feature>
        </Annotation>
        <Annotation Id="1045" Type="Token" StartNode="2676" EndNode="2684">
            <Feature>
                <Name className="java.lang.String">length</Name>
                <Value className="java.lang.String">8</Value>
            </Feature>
            <Feature>
                <Name className="java.lang.String">orth</Name>
                <Value className="java.lang.String">lowercase</Value>
            </Feature>
            <Feature>
                <Name className="java.lang.String">string</Name>
                <Value className="java.lang.String">disfavor</Value>
            </Feature>
            <Feature>
                <Name className="java.lang.String">category</Name>
                <Value className="java.lang.String">NN</Value>
            </Feature>
            <Feature>
                <Name className="java.lang.String">kind</Name>
                <Value className="java.lang.String">word</Value>
            </Feature>
        </Annotation>
        <Annotation Id="1046" Type="Token" StartNode="2684" EndNode="2685">
            <Feature>
                <Name className="java.lang.String">length</Name>
                <Value className="java.lang.String">1</Value>
            </Feature>
            <Feature>
                <Name className="java.lang.String">string</Name>
                <Value className="java.lang.String">;</Value>
            </Feature>
            <Feature>
                <Name className="java.lang.String">category</Name>
                <Value className="java.lang.String">:</Value>
            </Feature>
            <Feature>
                <Name className="java.lang.String">kind</Name>
                <Value className="java.lang.String">punctuation</Value>
            </Feature>
        </Annotation>
        <Annotation Id="1047" Type="SpaceToken" StartNode="2685" EndNode="2686">
            <Feature>
                <Name className="java.lang.String">string</Name>
                <Value className="java.lang.String"></Value>
            </Feature>
            <Feature>
                <Name className="java.lang.String">length</Name>
                <Value className="java.lang.String">1</Value>
            </Feature>
            <Feature>
                <Name className="java.lang.String">kind</Name>
                <Value className="java.lang.String">space</Value>
            </Feature>
        </Annotation>
        <Annotation Id="1048" Type="Token" StartNode="2686" EndNode="2689">
            <Feature>
                <Name className="java.lang.String">length</Name>
                <Value className="java.lang.String">3</Value>
            </Feature>
            <Feature>
                <Name className="java.lang.String">orth</Name>
                <Value className="java.lang.String">lowercase</Value>
            </Feature>
            <Feature>
                <Name className="java.lang.String">string</Name>
                <Value className="java.lang.String">and</Value>
            </Feature>
            <Feature>
                <Name className="java.lang.String">category</Name>
                <Value className="java.lang.String">CC</Value>
            </Feature>
            <Feature>
                <Name className="java.lang.String">kind</Name>
                <Value className="java.lang.String">word</Value>
            </Feature>
        </Annotation>
        <Annotation Id="1049" Type="SpaceToken" StartNode="2689" EndNode="2690">
            <Feature>
                <Name className="java.lang.String">string</Name>
                <Value className="java.lang.String"></Value>
            </Feature>
            <Feature>
                <Name className="java.lang.String">length</Name>
                <Value className="java.lang.String">1</Value>
            </Feature>
            <Feature>
                <Name className="java.lang.String">kind</Name>
                <Value className="java.lang.String">space</Value>
            </Feature>
        </Annotation>
        <Annotation Id="1050" Type="Token" StartNode="2690" EndNode="2692">
            <Feature>
                <Name className="java.lang.String">length</Name>
                <Value className="java.lang.String">2</Value>
            </Feature>
            <Feature>
                <Name className="java.lang.String">orth</Name>
                <Value className="java.lang.String">lowercase</Value>
            </Feature>
            <Feature>
                <Name className="java.lang.String">string</Name>
                <Value className="java.lang.String">in</Value>
            </Feature>
            <Feature>
                <Name className="java.lang.String">category</Name>
                <Value className="java.lang.String">IN</Value>
            </Feature>
            <Feature>
                <Name className="java.lang.String">kind</Name>
                <Value className="java.lang.String">word</Value>
            </Feature>
        </Annotation>
        <Annotation Id="1051" Type="SpaceToken" StartNode="2692" EndNode="2693">
            <Feature>
                <Name className="java.lang.String">string</Name>
                <Value className="java.lang.String"></Value>
            </Feature>
            <Feature>
                <Name className="java.lang.String">length</Name>
                <Value className="java.lang.String">1</Value>
            </Feature>
            <Feature>
                <Name className="java.lang.String">kind</Name>
                <Value className="java.lang.String">space</Value>
            </Feature>
        </Annotation>
        <Annotation Id="1052" Type="Token" StartNode="2693" EndNode="2694">
            <Feature>
                <Name className="java.lang.String">length</Name>
                <Value className="java.lang.String">1</Value>
            </Feature>
            <Feature>
                <Name className="java.lang.String">orth</Name>
                <Value className="java.lang.String">lowercase</Value>
            </Feature>
            <Feature>
                <Name className="java.lang.String">string</Name>
                <Value className="java.lang.String">a</Value>
            </Feature>
            <Feature>
                <Name className="java.lang.String">category</Name>
                <Value className="java.lang.String">DT</Value>
            </Feature>
            <Feature>
                <Name className="java.lang.String">kind</Name>
                <Value className="java.lang.String">word</Value>
            </Feature>
        </Annotation>
        <Annotation Id="1053" Type="SpaceToken" StartNode="2694" EndNode="2695">
            <Feature>
                <Name className="java.lang.String">string</Name>
                <Value className="java.lang.String"></Value>
            </Feature>
            <Feature>
                <Name className="java.lang.String">length</Name>
                <Value className="java.lang.String">1</Value>
            </Feature>
            <Feature>
                <Name className="java.lang.String">kind</Name>
                <Value className="java.lang.String">space</Value>
            </Feature>
        </Annotation>
        <Annotation Id="1054" Type="Token" StartNode="2695" EndNode="2704">
            <Feature>
                <Name className="java.lang.String">length</Name>
                <Value className="java.lang.String">9</Value>
            </Feature>
            <Feature>
                <Name className="java.lang.String">orth</Name>
                <Value className="java.lang.String">lowercase</Value>
            </Feature>
            <Feature>
                <Name className="java.lang.String">string</Name>
                <Value className="java.lang.String">memorable</Value>
            </Feature>
            <Feature>
                <Name className="java.lang.String">category</Name>
                <Value className="java.lang.String">JJ</Value>
            </Feature>
            <Feature>
                <Name className="java.lang.String">kind</Name>
                <Value className="java.lang.String">word</Value>
            </Feature>
        </Annotation>
        <Annotation Id="1055" Type="SpaceToken" StartNode="2704" EndNode="2705">
            <Feature>
                <Name className="java.lang.String">string</Name>
                <Value className="java.lang.String"></Value>
            </Feature>
            <Feature>
                <Name className="java.lang.String">length</Name>
                <Value className="java.lang.String">1</Value>
            </Feature>
            <Feature>
                <Name className="java.lang.String">kind</Name>
                <Value className="java.lang.String">space</Value>
            </Feature>
        </Annotation>
        <Annotation Id="1056" Type="Token" StartNode="2705" EndNode="2713">
            <Feature>
                <Name className="java.lang.String">length</Name>
                <Value className="java.lang.String">8</Value>
            </Feature>
            <Feature>
                <Name className="java.lang.String">orth</Name>
                <Value className="java.lang.String">lowercase</Value>
            </Feature>
            <Feature>
                <Name className="java.lang.String">string</Name>
                <Value className="java.lang.String">sequence</Value>
            </Feature>
            <Feature>
                <Name className="java.lang.String">category</Name>
                <Value className="java.lang.String">NN</Value>
            </Feature>
            <Feature>
                <Name className="java.lang.String">kind</Name>
                <Value className="java.lang.String">word</Value>
            </Feature>
        </Annotation>
        <Annotation Id="1057" Type="SpaceToken" StartNode="2713" EndNode="2714">
            <Feature>
                <Name className="java.lang.String">string</Name>
                <Value className="java.lang.String"></Value>
            </Feature>
            <Feature>
                <Name className="java.lang.String">length</Name>
                <Value className="java.lang.String">1</Value>
            </Feature>
            <Feature>
                <Name className="java.lang.String">kind</Name>
                <Value className="java.lang.String">space</Value>
            </Feature>
        </Annotation>
        <Annotation Id="1058" Type="Token" StartNode="2714" EndNode="2716">
            <Feature>
                <Name className="java.lang.String">length</Name>
                <Value className="java.lang.String">2</Value>
            </Feature>
            <Feature>
                <Name className="java.lang.String">orth</Name>
                <Value className="java.lang.String">lowercase</Value>
            </Feature>
            <Feature>
                <Name className="java.lang.String">string</Name>
                <Value className="java.lang.String">he</Value>
            </Feature>
            <Feature>
                <Name className="java.lang.String">category</Name>
                <Value className="java.lang.String">PRP</Value>
            </Feature>
            <Feature>
                <Name className="java.lang.String">kind</Name>
                <Value className="java.lang.String">word</Value>
            </Feature>
        </Annotation>
        <Annotation Id="1059" Type="SpaceToken" StartNode="2716" EndNode="2717">
            <Feature>
                <Name className="java.lang.String">string</Name>
                <Value className="java.lang.String"></Value>
            </Feature>
            <Feature>
                <Name className="java.lang.String">length</Name>
                <Value className="java.lang.String">1</Value>
            </Feature>
            <Feature>
                <Name className="java.lang.String">kind</Name>
                <Value className="java.lang.String">space</Value>
            </Feature>
        </Annotation>
        <Annotation Id="1060" Type="Token" StartNode="2717" EndNode="2724">
            <Feature>
                <Name className="java.lang.String">length</Name>
                <Value className="java.lang.String">7</Value>
            </Feature>
            <Feature>
                <Name className="java.lang.String">orth</Name>
                <Value className="java.lang.String">lowercase</Value>
            </Feature>
            <Feature>
                <Name className="java.lang.String">string</Name>
                <Value className="java.lang.String">alludes</Value>
            </Feature>
            <Feature>
                <Name className="java.lang.String">category</Name>
                <Value className="java.lang.String">NNS</Value>
            </Feature>
            <Feature>
                <Name className="java.lang.String">kind</Name>
                <Value className="java.lang.String">word</Value>
            </Feature>
        </Annotation>
        <Annotation Id="1061" Type="SpaceToken" StartNode="2724" EndNode="2725">
            <Feature>
                <Name className="java.lang.String">string</Name>
                <Value className="java.lang.String"></Value>
            </Feature>
            <Feature>
                <Name className="java.lang.String">length</Name>
                <Value className="java.lang.String">1</Value>
            </Feature>
            <Feature>
                <Name className="java.lang.String">kind</Name>
                <Value className="java.lang.String">space</Value>
            </Feature>
        </Annotation>
        <Annotation Id="1062" Type="Token" StartNode="2725" EndNode="2727">
            <Feature>
                <Name className="java.lang.String">length</Name>
                <Value className="java.lang.String">2</Value>
            </Feature>
            <Feature>
                <Name className="java.lang.String">orth</Name>
                <Value className="java.lang.String">lowercase</Value>
            </Feature>
            <Feature>
                <Name className="java.lang.String">string</Name>
                <Value className="java.lang.String">to</Value>
            </Feature>
            <Feature>
                <Name className="java.lang.String">category</Name>
                <Value className="java.lang.String">TO</Value>
            </Feature>
            <Feature>
                <Name className="java.lang.String">kind</Name>
                <Value className="java.lang.String">word</Value>
            </Feature>
        </Annotation>
        <Annotation Id="1063" Type="SpaceToken" StartNode="2727" EndNode="2728">
            <Feature>
                <Name className="java.lang.String">string</Name>
                <Value className="java.lang.String"></Value>
            </Feature>
            <Feature>
                <Name className="java.lang.String">length</Name>
                <Value className="java.lang.String">1</Value>
            </Feature>
            <Feature>
                <Name className="java.lang.String">kind</Name>
                <Value className="java.lang.String">space</Value>
            </Feature>
        </Annotation>
        <Annotation Id="1064" Type="Token" StartNode="2728" EndNode="2730">
            <Feature>
                <Name className="java.lang.String">length</Name>
                <Value className="java.lang.String">2</Value>
            </Feature>
            <Feature>
                <Name className="java.lang.String">orth</Name>
                <Value className="java.lang.String">lowercase</Value>
            </Feature>
            <Feature>
                <Name className="java.lang.String">string</Name>
                <Value className="java.lang.String">an</Value>
            </Feature>
            <Feature>
                <Name className="java.lang.String">category</Name>
                <Value className="java.lang.String">DT</Value>
            </Feature>
            <Feature>
                <Name className="java.lang.String">kind</Name>
                <Value className="java.lang.String">word</Value>
            </Feature>
        </Annotation>
        <Annotation Id="1065" Type="SpaceToken" StartNode="2730" EndNode="2731">
            <Feature>
                <Name className="java.lang.String">string</Name>
                <Value className="java.lang.String"></Value>
            </Feature>
            <Feature>
                <Name className="java.lang.String">length</Name>
                <Value className="java.lang.String">1</Value>
            </Feature>
            <Feature>
                <Name className="java.lang.String">kind</Name>
                <Value className="java.lang.String">space</Value>
            </Feature>
        </Annotation>
        <Annotation Id="1066" Type="Token" StartNode="2731" EndNode="2738">
            <Feature>
                <Name className="java.lang.String">length</Name>
                <Value className="java.lang.String">7</Value>
            </Feature>
            <Feature>
                <Name className="java.lang.String">orth</Name>
                <Value className="java.lang.String">upperInitial</Value>
            </Feature>
            <Feature>
                <Name className="java.lang.String">string</Name>
                <Value className="java.lang.String">English</Value>
            </Feature>
            <Feature>
                <Name className="java.lang.String">category</Name>
                <Value className="java.lang.String">NNP</Value>
            </Feature>
            <Feature>
                <Name className="java.lang.String">kind</Name>
                <Value className="java.lang.String">word</Value>
            </Feature>
        </Annotation>
        <Annotation Id="1067" Type="SpaceToken" StartNode="2738" EndNode="2739">
            <Feature>
                <Name className="java.lang.String">string</Name>
                <Value className="java.lang.String"></Value>
            </Feature>
            <Feature>
                <Name className="java.lang.String">length</Name>
                <Value className="java.lang.String">1</Value>
            </Feature>
            <Feature>
                <Name className="java.lang.String">kind</Name>
                <Value className="java.lang.String">space</Value>
            </Feature>
        </Annotation>
        <Annotation Id="1068" Type="Token" StartNode="2739" EndNode="2744">
            <Feature>
                <Name className="java.lang.String">length</Name>
                <Value className="java.lang.String">5</Value>
            </Feature>
            <Feature>
                <Name className="java.lang.String">orth</Name>
                <Value className="java.lang.String">lowercase</Value>
            </Feature>
            <Feature>
                <Name className="java.lang.String">string</Name>
                <Value className="java.lang.String">gamen</Value>
            </Feature>
            <Feature>
                <Name className="java.lang.String">category</Name>
                <Value className="java.lang.String">NN</Value>
            </Feature>
            <Feature>
                <Name className="java.lang.String">kind</Name>
                <Value className="java.lang.String">word</Value>
            </Feature>
        </Annotation>
        <Annotation Id="1069" Type="Token" StartNode="2744" EndNode="2745">
            <Feature>
                <Name className="java.lang.String">length</Name>
                <Value className="java.lang.String">1</Value>
            </Feature>
            <Feature>
                <Name className="java.lang.String">string</Name>
                <Value className="java.lang.String">,</Value>
            </Feature>
            <Feature>
                <Name className="java.lang.String">category</Name>
                <Value className="java.lang.String">,</Value>
            </Feature>
            <Feature>
                <Name className="java.lang.String">kind</Name>
                <Value className="java.lang.String">punctuation</Value>
            </Feature>
        </Annotation>
        <Annotation Id="1070" Type="SpaceToken" StartNode="2745" EndNode="2746">
            <Feature>
                <Name className="java.lang.String">string</Name>
                <Value className="java.lang.String"></Value>
            </Feature>
            <Feature>
                <Name className="java.lang.String">length</Name>
                <Value className="java.lang.String">1</Value>
            </Feature>
            <Feature>
                <Name className="java.lang.String">kind</Name>
                <Value className="java.lang.String">space</Value>
            </Feature>
        </Annotation>
        <Annotation Id="1071" Type="Token" StartNode="2746" EndNode="2750">
            <Feature>
                <Name className="java.lang.String">length</Name>
                <Value className="java.lang.String">4</Value>
            </Feature>
            <Feature>
                <Name className="java.lang.String">orth</Name>
                <Value className="java.lang.String">lowercase</Value>
            </Feature>
            <Feature>
                <Name className="java.lang.String">string</Name>
                <Value className="java.lang.String">game</Value>
            </Feature>
            <Feature>
                <Name className="java.lang.String">category</Name>
                <Value className="java.lang.String">NN</Value>
            </Feature>
            <Feature>
                <Name className="java.lang.String">kind</Name>
                <Value className="java.lang.String">word</Value>
            </Feature>
        </Annotation>
        <Annotation Id="1072" Type="Token" StartNode="2750" EndNode="2751">
            <Feature>
                <Name className="java.lang.String">length</Name>
                <Value className="java.lang.String">1</Value>
            </Feature>
            <Feature>
                <Name className="java.lang.String">string</Name>
                <Value className="java.lang.String">,</Value>
            </Feature>
            <Feature>
                <Name className="java.lang.String">category</Name>
                <Value className="java.lang.String">,</Value>
            </Feature>
            <Feature>
                <Name className="java.lang.String">kind</Name>
                <Value className="java.lang.String">punctuation</Value>
            </Feature>
        </Annotation>
        <Annotation Id="1073" Type="SpaceToken" StartNode="2751" EndNode="2752">
            <Feature>
                <Name className="java.lang.String">string</Name>
                <Value className="java.lang.String"></Value>
            </Feature>
            <Feature>
                <Name className="java.lang.String">length</Name>
                <Value className="java.lang.String">1</Value>
            </Feature>
            <Feature>
                <Name className="java.lang.String">kind</Name>
                <Value className="java.lang.String">space</Value>
            </Feature>
        </Annotation>
        <Annotation Id="1074" Type="Token" StartNode="2752" EndNode="2754">
            <Feature>
                <Name className="java.lang.String">length</Name>
                <Value className="java.lang.String">2</Value>
            </Feature>
            <Feature>
                <Name className="java.lang.String">orth</Name>
                <Value className="java.lang.String">lowercase</Value>
            </Feature>
            <Feature>
                <Name className="java.lang.String">string</Name>
                <Value className="java.lang.String">in</Value>
            </Feature>
            <Feature>
                <Name className="java.lang.String">category</Name>
                <Value className="java.lang.String">IN</Value>
            </Feature>
            <Feature>
                <Name className="java.lang.String">kind</Name>
                <Value className="java.lang.String">word</Value>
            </Feature>
        </Annotation>
        <Annotation Id="1075" Type="SpaceToken" StartNode="2754" EndNode="2755">
            <Feature>
                <Name className="java.lang.String">string</Name>
                <Value className="java.lang.String"></Value>
            </Feature>
            <Feature>
                <Name className="java.lang.String">length</Name>
                <Value className="java.lang.String">1</Value>
            </Feature>
            <Feature>
                <Name className="java.lang.String">kind</Name>
                <Value className="java.lang.String">space</Value>
            </Feature>
        </Annotation>
        <Annotation Id="1076" Type="Token" StartNode="2755" EndNode="2760">
            <Feature>
                <Name className="java.lang.String">length</Name>
                <Value className="java.lang.String">5</Value>
            </Feature>
            <Feature>
                <Name className="java.lang.String">orth</Name>
                <Value className="java.lang.String">lowercase</Value>
            </Feature>
            <Feature>
                <Name className="java.lang.String">string</Name>
                <Value className="java.lang.String">which</Value>
            </Feature>
            <Feature>
                <Name className="java.lang.String">category</Name>
                <Value className="java.lang.String">WDT</Value>
            </Feature>
            <Feature>
                <Name className="java.lang.String">kind</Name>
                <Value className="java.lang.String">word</Value>
            </Feature>
        </Annotation>
        <Annotation Id="1077" Type="SpaceToken" StartNode="2760" EndNode="2761">
            <Feature>
                <Name className="java.lang.String">string</Name>
                <Value className="java.lang.String"></Value>
            </Feature>
            <Feature>
                <Name className="java.lang.String">length</Name>
                <Value className="java.lang.String">1</Value>
            </Feature>
            <Feature>
                <Name className="java.lang.String">kind</Name>
                <Value className="java.lang.String">space</Value>
            </Feature>
        </Annotation>
        <Annotation Id="1078" Type="Token" StartNode="2761" EndNode="2767">
            <Feature>
                <Name className="java.lang.String">length</Name>
                <Value className="java.lang.String">6</Value>
            </Feature>
            <Feature>
                <Name className="java.lang.String">orth</Name>
                <Value className="java.lang.String">lowercase</Value>
            </Feature>
            <Feature>
                <Name className="java.lang.String">string</Name>
                <Value className="java.lang.String">people</Value>
            </Feature>
            <Feature>
                <Name className="java.lang.String">category</Name>
                <Value className="java.lang.String">NNS</Value>
            </Feature>
            <Feature>
                <Name className="java.lang.String">kind</Name>
                <Value className="java.lang.String">word</Value>
            </Feature>
        </Annotation>
        <Annotation Id="1079" Type="SpaceToken" StartNode="2767" EndNode="2768">
            <Feature>
                <Name className="java.lang.String">string</Name>
                <Value className="java.lang.String"></Value>
            </Feature>
            <Feature>
                <Name className="java.lang.String">length</Name>
                <Value className="java.lang.String">1</Value>
            </Feature>
            <Feature>
                <Name className="java.lang.String">kind</Name>
                <Value className="java.lang.String">space</Value>
            </Feature>
        </Annotation>
        <Annotation Id="1080" Type="Token" StartNode="2768" EndNode="2773">
            <Feature>
                <Name className="java.lang.String">length</Name>
                <Value className="java.lang.String">5</Value>
            </Feature>
            <Feature>
                <Name className="java.lang.String">orth</Name>
                <Value className="java.lang.String">lowercase</Value>
            </Feature>
            <Feature>
                <Name className="java.lang.String">string</Name>
                <Value className="java.lang.String">begin</Value>
            </Feature>
            <Feature>
                <Name className="java.lang.String">category</Name>
                <Value className="java.lang.String">VBP</Value>
            </Feature>
            <Feature>
                <Name className="java.lang.String">kind</Name>
                <Value className="java.lang.String">word</Value>
            </Feature>
        </Annotation>
        <Annotation Id="1081" Type="SpaceToken" StartNode="2773" EndNode="2774">
            <Feature>
                <Name className="java.lang.String">string</Name>
                <Value className="java.lang.String"></Value>
            </Feature>
            <Feature>
                <Name className="java.lang.String">length</Name>
                <Value className="java.lang.String">1</Value>
            </Feature>
            <Feature>
                <Name className="java.lang.String">kind</Name>
                <Value className="java.lang.String">space</Value>
            </Feature>
        </Annotation>
        <Annotation Id="1082" Type="Token" StartNode="2774" EndNode="2781">
            <Feature>
                <Name className="java.lang.String">length</Name>
                <Value className="java.lang.String">7</Value>
            </Feature>
            <Feature>
                <Name className="java.lang.String">orth</Name>
                <Value className="java.lang.String">lowercase</Value>
            </Feature>
            <Feature>
                <Name className="java.lang.String">string</Name>
                <Value className="java.lang.String">cursing</Value>
            </Feature>
            <Feature>
                <Name className="java.lang.String">category</Name>
                <Value className="java.lang.String">NN</Value>
            </Feature>
            <Feature>
                <Name className="java.lang.String">kind</Name>
                <Value className="java.lang.String">word</Value>
            </Feature>
        </Annotation>
        <Annotation Id="1083" Type="SpaceToken" StartNode="2781" EndNode="2782">
            <Feature>
                <Name className="java.lang.String">string</Name>
                <Value className="java.lang.String"></Value>
            </Feature>
            <Feature>
                <Name className="java.lang.String">length</Name>
                <Value className="java.lang.String">1</Value>
            </Feature>
            <Feature>
                <Name className="java.lang.String">kind</Name>
                <Value className="java.lang.String">space</Value>
            </Feature>
        </Annotation>
        <Annotation Id="1084" Type="Token" StartNode="2782" EndNode="2785">
            <Feature>
                <Name className="java.lang.String">length</Name>
                <Value className="java.lang.String">3</Value>
            </Feature>
            <Feature>
                <Name className="java.lang.String">orth</Name>
                <Value className="java.lang.String">lowercase</Value>
            </Feature>
            <Feature>
                <Name className="java.lang.String">string</Name>
                <Value className="java.lang.String">one</Value>
            </Feature>
            <Feature>
                <Name className="java.lang.String">category</Name>
                <Value className="java.lang.String">CD</Value>
            </Feature>
            <Feature>
                <Name className="java.lang.String">kind</Name>
                <Value className="java.lang.String">word</Value>
            </Feature>
        </Annotation>
        <Annotation Id="1085" Type="SpaceToken" StartNode="2785" EndNode="2786">
            <Feature>
                <Name className="java.lang.String">string</Name>
                <Value className="java.lang.String"></Value>
            </Feature>
            <Feature>
                <Name className="java.lang.String">length</Name>
                <Value className="java.lang.String">1</Value>
            </Feature>
            <Feature>
                <Name className="java.lang.String">kind</Name>
                <Value className="java.lang.String">space</Value>
            </Feature>
        </Annotation>
        <Annotation Id="1086" Type="Token" StartNode="2786" EndNode="2793">
            <Feature>
                <Name className="java.lang.String">length</Name>
                <Value className="java.lang.String">7</Value>
            </Feature>
            <Feature>
                <Name className="java.lang.String">orth</Name>
                <Value className="java.lang.String">lowercase</Value>
            </Feature>
            <Feature>
                <Name className="java.lang.String">string</Name>
                <Value className="java.lang.String">another</Value>
            </Feature>
            <Feature>
                <Name className="java.lang.String">category</Name>
                <Value className="java.lang.String">DT</Value>
            </Feature>
            <Feature>
                <Name className="java.lang.String">kind</Name>
                <Value className="java.lang.String">word</Value>
            </Feature>
        </Annotation>
        <Annotation Id="1087" Type="SpaceToken" StartNode="2793" EndNode="2794">
            <Feature>
                <Name className="java.lang.String">string</Name>
                <Value className="java.lang.String"></Value>
            </Feature>
            <Feature>
                <Name className="java.lang.String">length</Name>
                <Value className="java.lang.String">1</Value>
            </Feature>
            <Feature>
                <Name className="java.lang.String">kind</Name>
                <Value className="java.lang.String">space</Value>
            </Feature>
        </Annotation>
        <Annotation Id="1088" Type="Token" StartNode="2794" EndNode="2796">
            <Feature>
                <Name className="java.lang.String">length</Name>
                <Value className="java.lang.String">2</Value>
            </Feature>
            <Feature>
                <Name className="java.lang.String">orth</Name>
                <Value className="java.lang.String">lowercase</Value>
            </Feature>
            <Feature>
                <Name className="java.lang.String">string</Name>
                <Value className="java.lang.String">on</Value>
            </Feature>
            <Feature>
                <Name className="java.lang.String">category</Name>
                <Value className="java.lang.String">IN</Value>
            </Feature>
            <Feature>
                <Name className="java.lang.String">kind</Name>
                <Value className="java.lang.String">word</Value>
            </Feature>
        </Annotation>
        <Annotation Id="1089" Type="SpaceToken" StartNode="2796" EndNode="2797">
            <Feature>
                <Name className="java.lang.String">string</Name>
                <Value className="java.lang.String"></Value>
            </Feature>
            <Feature>
                <Name className="java.lang.String">length</Name>
                <Value className="java.lang.String">1</Value>
            </Feature>
            <Feature>
                <Name className="java.lang.String">kind</Name>
                <Value className="java.lang.String">space</Value>
            </Feature>
        </Annotation>
        <Annotation Id="1090" Type="Token" StartNode="2797" EndNode="2803">
            <Feature>
                <Name className="java.lang.String">length</Name>
                <Value className="java.lang.String">6</Value>
            </Feature>
            <Feature>
                <Name className="java.lang.String">orth</Name>
                <Value className="java.lang.String">upperInitial</Value>
            </Feature>
            <Feature>
                <Name className="java.lang.String">string</Name>
                <Value className="java.lang.String">Monday</Value>
            </Feature>
            <Feature>
                <Name className="java.lang.String">category</Name>
                <Value className="java.lang.String">NNP</Value>
            </Feature>
            <Feature>
                <Name className="java.lang.String">kind</Name>
                <Value className="java.lang.String">word</Value>
            </Feature>
        </Annotation>
        <Annotation Id="1091" Type="Token" StartNode="2803" EndNode="2804">
            <Feature>
                <Name className="java.lang.String">length</Name>
                <Value className="java.lang.String">1</Value>
            </Feature>
            <Feature>
                <Name className="java.lang.String">string</Name>
                <Value className="java.lang.String">.</Value>
            </Feature>
            <Feature>
                <Name className="java.lang.String">category</Name>
                <Value className="java.lang.String">.</Value>
            </Feature>
            <Feature>
                <Name className="java.lang.String">kind</Name>
                <Value className="java.lang.String">punctuation</Value>
            </Feature>
        </Annotation>
        <Annotation Id="1092" Type="SpaceToken" StartNode="2804" EndNode="2805">
            <Feature>
                <Name className="java.lang.String">string</Name>
                <Value className="java.lang.String"></Value>
            </Feature>
            <Feature>
                <Name className="java.lang.String">length</Name>
                <Value className="java.lang.String">1</Value>
            </Feature>
            <Feature>
                <Name className="java.lang.String">kind</Name>
                <Value className="java.lang.String">space</Value>
            </Feature>
        </Annotation>
        <Annotation Id="1093" Type="Token" StartNode="2805" EndNode="2808">
            <Feature>
                <Name className="java.lang.String">length</Name>
                <Value className="java.lang.String">3</Value>
            </Feature>
            <Feature>
                <Name className="java.lang.String">orth</Name>
                <Value className="java.lang.String">upperInitial</Value>
            </Feature>
            <Feature>
                <Name className="java.lang.String">string</Name>
                <Value className="java.lang.String">And</Value>
            </Feature>
            <Feature>
                <Name className="java.lang.String">category</Name>
                <Value className="java.lang.String">CC</Value>
            </Feature>
            <Feature>
                <Name className="java.lang.String">kind</Name>
                <Value className="java.lang.String">word</Value>
            </Feature>
        </Annotation>
        <Annotation Id="1094" Type="SpaceToken" StartNode="2808" EndNode="2809">
            <Feature>
                <Name className="java.lang.String">string</Name>
                <Value className="java.lang.String"></Value>
            </Feature>
            <Feature>
                <Name className="java.lang.String">length</Name>
                <Value className="java.lang.String">1</Value>
            </Feature>
            <Feature>
                <Name className="java.lang.String">kind</Name>
                <Value className="java.lang.String">space</Value>
            </Feature>
        </Annotation>
        <Annotation Id="1095" Type="Token" StartNode="2809" EndNode="2812">
            <Feature>
                <Name className="java.lang.String">length</Name>
                <Value className="java.lang.String">3</Value>
            </Feature>
            <Feature>
                <Name className="java.lang.String">orth</Name>
                <Value className="java.lang.String">lowercase</Value>
            </Feature>
            <Feature>
                <Name className="java.lang.String">string</Name>
                <Value className="java.lang.String">now</Value>
            </Feature>
            <Feature>
                <Name className="java.lang.String">category</Name>
                <Value className="java.lang.String">RB</Value>
            </Feature>
            <Feature>
                <Name className="java.lang.String">kind</Name>
                <Value className="java.lang.String">word</Value>
            </Feature>
        </Annotation>
        <Annotation Id="1096" Type="Token" StartNode="2812" EndNode="2813">
            <Feature>
                <Name className="java.lang.String">length</Name>
                <Value className="java.lang.String">1</Value>
            </Feature>
            <Feature>
                <Name className="java.lang.String">string</Name>
                <Value className="java.lang.String">,</Value>
            </Feature>
            <Feature>
                <Name className="java.lang.String">category</Name>
                <Value className="java.lang.String">,</Value>
            </Feature>
            <Feature>
                <Name className="java.lang.String">kind</Name>
                <Value className="java.lang.String">punctuation</Value>
            </Feature>
        </Annotation>
        <Annotation Id="1097" Type="SpaceToken" StartNode="2813" EndNode="2814">
            <Feature>
                <Name className="java.lang.String">string</Name>
                <Value className="java.lang.String"></Value>
            </Feature>
            <Feature>
                <Name className="java.lang.String">length</Name>
                <Value className="java.lang.String">1</Value>
            </Feature>
            <Feature>
                <Name className="java.lang.String">kind</Name>
                <Value className="java.lang.String">space</Value>
            </Feature>
        </Annotation>
        <Annotation Id="1098" Type="Token" StartNode="2814" EndNode="2816">
            <Feature>
                <Name className="java.lang.String">length</Name>
                <Value className="java.lang.String">2</Value>
            </Feature>
            <Feature>
                <Name className="java.lang.String">orth</Name>
                <Value className="java.lang.String">lowercase</Value>
            </Feature>
            <Feature>
                <Name className="java.lang.String">string</Name>
                <Value className="java.lang.String">he</Value>
            </Feature>
            <Feature>
                <Name className="java.lang.String">category</Name>
                <Value className="java.lang.String">PRP</Value>
            </Feature>
            <Feature>
                <Name className="java.lang.String">kind</Name>
                <Value className="java.lang.String">word</Value>
            </Feature>
        </Annotation>
        <Annotation Id="1099" Type="SpaceToken" StartNode="2816" EndNode="2817">
            <Feature>
                <Name className="java.lang.String">string</Name>
                <Value className="java.lang.String"></Value>
            </Feature>
            <Feature>
                <Name className="java.lang.String">length</Name>
                <Value className="java.lang.String">1</Value>
            </Feature>
            <Feature>
                <Name className="java.lang.String">kind</Name>
                <Value className="java.lang.String">space</Value>
            </Feature>
        </Annotation>
        <Annotation Id="1100" Type="Token" StartNode="2817" EndNode="2821">
            <Feature>
                <Name className="java.lang.String">length</Name>
                <Value className="java.lang.String">4</Value>
            </Feature>
            <Feature>
                <Name className="java.lang.String">orth</Name>
                <Value className="java.lang.String">lowercase</Value>
            </Feature>
            <Feature>
                <Name className="java.lang.String">string</Name>
                <Value className="java.lang.String">says</Value>
            </Feature>
            <Feature>
                <Name className="java.lang.String">category</Name>
                <Value className="java.lang.String">VBZ</Value>
            </Feature>
            <Feature>
                <Name className="java.lang.String">kind</Name>
                <Value className="java.lang.String">word</Value>
            </Feature>
        </Annotation>
        <Annotation Id="1101" Type="Token" StartNode="2821" EndNode="2822">
            <Feature>
                <Name className="java.lang.String">length</Name>
                <Value className="java.lang.String">1</Value>
            </Feature>
            <Feature>
                <Name className="java.lang.String">string</Name>
                <Value className="java.lang.String">,</Value>
            </Feature>
            <Feature>
                <Name className="java.lang.String">category</Name>
                <Value className="java.lang.String">,</Value>
            </Feature>
            <Feature>
                <Name className="java.lang.String">kind</Name>
                <Value className="java.lang.String">punctuation</Value>
            </Feature>
        </Annotation>
        <Annotation Id="1102" Type="SpaceToken" StartNode="2822" EndNode="2823">
            <Feature>
                <Name className="java.lang.String">string</Name>
                <Value className="java.lang.String"></Value>
            </Feature>
            <Feature>
                <Name className="java.lang.String">length</Name>
                <Value className="java.lang.String">1</Value>
            </Feature>
            <Feature>
                <Name className="java.lang.String">kind</Name>
                <Value className="java.lang.String">space</Value>
            </Feature>
        </Annotation>
        <Annotation Id="1103" Type="Token" StartNode="2823" EndNode="2826">
            <Feature>
                <Name className="java.lang.String">length</Name>
                <Value className="java.lang.String">3</Value>
            </Feature>
            <Feature>
                <Name className="java.lang.String">orth</Name>
                <Value className="java.lang.String">upperInitial</Value>
            </Feature>
            <Feature>
                <Name className="java.lang.String">string</Name>
                <Value className="java.lang.String">God</Value>
            </Feature>
            <Feature>
                <Name className="java.lang.String">category</Name>
                <Value className="java.lang.String">NNP</Value>
            </Feature>
            <Feature>
                <Name className="java.lang.String">kind</Name>
                <Value className="java.lang.String">word</Value>
            </Feature>
        </Annotation>
        <Annotation Id="1104" Type="SpaceToken" StartNode="2826" EndNode="2827">
            <Feature>
                <Name className="java.lang.String">string</Name>
                <Value className="java.lang.String"></Value>
            </Feature>
            <Feature>
                <Name className="java.lang.String">length</Name>
                <Value className="java.lang.String">1</Value>
            </Feature>
            <Feature>
                <Name className="java.lang.String">kind</Name>
                <Value className="java.lang.String">space</Value>
            </Feature>
        </Annotation>
        <Annotation Id="1105" Type="Token" StartNode="2827" EndNode="2830">
            <Feature>
                <Name className="java.lang.String">length</Name>
                <Value className="java.lang.String">3</Value>
            </Feature>
            <Feature>
                <Name className="java.lang.String">orth</Name>
                <Value className="java.lang.String">lowercase</Value>
            </Feature>
            <Feature>
                <Name className="java.lang.String">string</Name>
                <Value className="java.lang.String">has</Value>
            </Feature>
            <Feature>
                <Name className="java.lang.String">category</Name>
                <Value className="java.lang.String">VBZ</Value>
            </Feature>
            <Feature>
                <Name className="java.lang.String">kind</Name>
                <Value className="java.lang.String">word</Value>
            </Feature>
        </Annotation>
        <Annotation Id="1106" Type="SpaceToken" StartNode="2830" EndNode="2831">
            <Feature>
                <Name className="java.lang.String">string</Name>
                <Value className="java.lang.String"></Value>
            </Feature>
            <Feature>
                <Name className="java.lang.String">length</Name>
                <Value className="java.lang.String">1</Value>
            </Feature>
            <Feature>
                <Name className="java.lang.String">kind</Name>
                <Value className="java.lang.String">space</Value>
            </Feature>
        </Annotation>
        <Annotation Id="1107" Type="Token" StartNode="2831" EndNode="2840">
            <Feature>
                <Name className="java.lang.String">length</Name>
                <Value className="java.lang.String">9</Value>
            </Feature>
            <Feature>
                <Name className="java.lang.String">orth</Name>
                <Value className="java.lang.String">lowercase</Value>
            </Feature>
            <Feature>
                <Name className="java.lang.String">string</Name>
                <Value className="java.lang.String">abandoned</Value>
            </Feature>
            <Feature>
                <Name className="java.lang.String">category</Name>
                <Value className="java.lang.String">VBN</Value>
            </Feature>
            <Feature>
                <Name className="java.lang.String">kind</Name>
                <Value className="java.lang.String">word</Value>
            </Feature>
        </Annotation>
        <Annotation Id="1108" Type="SpaceToken" StartNode="2840" EndNode="2841">
            <Feature>
                <Name className="java.lang.String">string</Name>
                <Value className="java.lang.String"></Value>
            </Feature>
            <Feature>
                <Name className="java.lang.String">length</Name>
                <Value className="java.lang.String">1</Value>
            </Feature>
            <Feature>
                <Name className="java.lang.String">kind</Name>
                <Value className="java.lang.String">space</Value>
            </Feature>
        </Annotation>
        <Annotation Id="1109" Type="Token" StartNode="2841" EndNode="2844">
            <Feature>
                <Name className="java.lang.String">length</Name>
                <Value className="java.lang.String">3</Value>
            </Feature>
            <Feature>
                <Name className="java.lang.String">orth</Name>
                <Value className="java.lang.String">lowercase</Value>
            </Feature>
            <Feature>
                <Name className="java.lang.String">string</Name>
                <Value className="java.lang.String">the</Value>
            </Feature>
            <Feature>
                <Name className="java.lang.String">category</Name>
                <Value className="java.lang.String">DT</Value>
            </Feature>
            <Feature>
                <Name className="java.lang.String">kind</Name>
                <Value className="java.lang.String">word</Value>
            </Feature>
        </Annotation>
        <Annotation Id="1110" Type="SpaceToken" StartNode="2844" EndNode="2845">
            <Feature>
                <Name className="java.lang.String">string</Name>
                <Value className="java.lang.String"></Value>
            </Feature>
            <Feature>
                <Name className="java.lang.String">length</Name>
                <Value className="java.lang.String">1</Value>
            </Feature>
            <Feature>
                <Name className="java.lang.String">kind</Name>
                <Value className="java.lang.String">space</Value>
            </Feature>
        </Annotation>
        <Annotation Id="1111" Type="Token" StartNode="2845" EndNode="2849">
            <Feature>
                <Name className="java.lang.String">length</Name>
                <Value className="java.lang.String">4</Value>
            </Feature>
            <Feature>
                <Name className="java.lang.String">orth</Name>
                <Value className="java.lang.String">lowercase</Value>
            </Feature>
            <Feature>
                <Name className="java.lang.String">string</Name>
                <Value className="java.lang.String">land</Value>
            </Feature>
            <Feature>
                <Name className="java.lang.String">category</Name>
                <Value className="java.lang.String">NN</Value>
            </Feature>
            <Feature>
                <Name className="java.lang.String">kind</Name>
                <Value className="java.lang.String">word</Value>
            </Feature>
        </Annotation>
        <Annotation Id="1112" Type="Token" StartNode="2849" EndNode="2850">
            <Feature>
                <Name className="java.lang.String">length</Name>
                <Value className="java.lang.String">1</Value>
            </Feature>
            <Feature>
                <Name className="java.lang.String">string</Name>
                <Value className="java.lang.String">,</Value>
            </Feature>
            <Feature>
                <Name className="java.lang.String">category</Name>
                <Value className="java.lang.String">,</Value>
            </Feature>
            <Feature>
                <Name className="java.lang.String">kind</Name>
                <Value className="java.lang.String">punctuation</Value>
            </Feature>
        </Annotation>
        <Annotation Id="1113" Type="SpaceToken" StartNode="2850" EndNode="2851">
            <Feature>
                <Name className="java.lang.String">string</Name>
                <Value className="java.lang.String"></Value>
            </Feature>
            <Feature>
                <Name className="java.lang.String">length</Name>
                <Value className="java.lang.String">1</Value>
            </Feature>
            <Feature>
                <Name className="java.lang.String">kind</Name>
                <Value className="java.lang.String">space</Value>
            </Feature>
        </Annotation>
        <Annotation Id="1114" Type="Token" StartNode="2851" EndNode="2858">
            <Feature>
                <Name className="java.lang.String">length</Name>
                <Value className="java.lang.String">7</Value>
            </Feature>
            <Feature>
                <Name className="java.lang.String">orth</Name>
                <Value className="java.lang.String">lowercase</Value>
            </Feature>
            <Feature>
                <Name className="java.lang.String">string</Name>
                <Value className="java.lang.String">sending</Value>
            </Feature>
            <Feature>
                <Name className="java.lang.String">category</Name>
                <Value className="java.lang.String">VBG</Value>
            </Feature>
            <Feature>
                <Name className="java.lang.String">kind</Name>
                <Value className="java.lang.String">word</Value>
            </Feature>
        </Annotation>
        <Annotation Id="1115" Type="SpaceToken" StartNode="2858" EndNode="2859">
            <Feature>
                <Name className="java.lang.String">string</Name>
                <Value className="java.lang.String"></Value>
            </Feature>
            <Feature>
                <Name className="java.lang.String">length</Name>
                <Value className="java.lang.String">1</Value>
            </Feature>
            <Feature>
                <Name className="java.lang.String">kind</Name>
                <Value className="java.lang.String">space</Value>
            </Feature>
        </Annotation>
        <Annotation Id="1116" Type="Token" StartNode="2859" EndNode="2860">
            <Feature>
                <Name className="java.lang.String">length</Name>
                <Value className="java.lang.String">1</Value>
            </Feature>
            <Feature>
                <Name className="java.lang.String">orth</Name>
                <Value className="java.lang.String">lowercase</Value>
            </Feature>
            <Feature>
                <Name className="java.lang.String">string</Name>
                <Value className="java.lang.String">a</Value>
            </Feature>
            <Feature>
                <Name className="java.lang.String">category</Name>
                <Value className="java.lang.String">DT</Value>
            </Feature>
            <Feature>
                <Name className="java.lang.String">kind</Name>
                <Value className="java.lang.String">word</Value>
            </Feature>
        </Annotation>
        <Annotation Id="1117" Type="SpaceToken" StartNode="2860" EndNode="2861">
            <Feature>
                <Name className="java.lang.String">string</Name>
                <Value className="java.lang.String"></Value>
            </Feature>
            <Feature>
                <Name className="java.lang.String">length</Name>
                <Value className="java.lang.String">1</Value>
            </Feature>
            <Feature>
                <Name className="java.lang.String">kind</Name>
                <Value className="java.lang.String">space</Value>
            </Feature>
        </Annotation>
        <Annotation Id="1118" Type="Token" StartNode="2861" EndNode="2866">
            <Feature>
                <Name className="java.lang.String">length</Name>
                <Value className="java.lang.String">5</Value>
            </Feature>
            <Feature>
                <Name className="java.lang.String">orth</Name>
                <Value className="java.lang.String">lowercase</Value>
            </Feature>
            <Feature>
                <Name className="java.lang.String">string</Name>
                <Value className="java.lang.String">great</Value>
            </Feature>
            <Feature>
                <Name className="java.lang.String">category</Name>
                <Value className="java.lang.String">JJ</Value>
            </Feature>
            <Feature>
                <Name className="java.lang.String">kind</Name>
                <Value className="java.lang.String">word</Value>
            </Feature>
        </Annotation>
        <Annotation Id="1119" Type="SpaceToken" StartNode="2866" EndNode="2867">
            <Feature>
                <Name className="java.lang.String">string</Name>
                <Value className="java.lang.String"></Value>
            </Feature>
            <Feature>
                <Name className="java.lang.String">length</Name>
                <Value className="java.lang.String">1</Value>
            </Feature>
            <Feature>
                <Name className="java.lang.String">kind</Name>
                <Value className="java.lang.String">space</Value>
            </Feature>
        </Annotation>
        <Annotation Id="1120" Type="Token" StartNode="2867" EndNode="2868">
            <Feature>
                <Name className="java.lang.String">length</Name>
                <Value className="java.lang.String">1</Value>
            </Feature>
            <Feature>
                <Name className="java.lang.String">string</Name>
                <Value className="java.lang.String">"</Value>
            </Feature>
            <Feature>
                <Name className="java.lang.String">category</Name>
                <Value className="java.lang.String">''</Value>
            </Feature>
            <Feature>
                <Name className="java.lang.String">kind</Name>
                <Value className="java.lang.String">punctuation</Value>
            </Feature>
        </Annotation>
        <Annotation Id="1121" Type="Token" StartNode="2868" EndNode="2874">
            <Feature>
                <Name className="java.lang.String">length</Name>
                <Value className="java.lang.String">6</Value>
            </Feature>
            <Feature>
                <Name className="java.lang.String">orth</Name>
                <Value className="java.lang.String">lowercase</Value>
            </Feature>
            <Feature>
                <Name className="java.lang.String">string</Name>
                <Value className="java.lang.String">derthe</Value>
            </Feature>
            <Feature>
                <Name className="java.lang.String">category</Name>
                <Value className="java.lang.String">NN</Value>
            </Feature>
            <Feature>
                <Name className="java.lang.String">kind</Name>
                <Value className="java.lang.String">word</Value>
            </Feature>
        </Annotation>
        <Annotation Id="1122" Type="Token" StartNode="2874" EndNode="2875">
            <Feature>
                <Name className="java.lang.String">length</Name>
                <Value className="java.lang.String">1</Value>
            </Feature>
            <Feature>
                <Name className="java.lang.String">string</Name>
                <Value className="java.lang.String">"</Value>
            </Feature>
            <Feature>
                <Name className="java.lang.String">category</Name>
                <Value className="java.lang.String">''</Value>
            </Feature>
            <Feature>
                <Name className="java.lang.String">kind</Name>
                <Value className="java.lang.String">punctuation</Value>
            </Feature>
        </Annotation>
        <Annotation Id="1123" Type="SpaceToken" StartNode="2875" EndNode="2876">
            <Feature>
                <Name className="java.lang.String">string</Name>
                <Value className="java.lang.String"></Value>
            </Feature>
            <Feature>
                <Name className="java.lang.String">length</Name>
                <Value className="java.lang.String">1</Value>
            </Feature>
            <Feature>
                <Name className="java.lang.String">kind</Name>
                <Value className="java.lang.String">space</Value>
            </Feature>
        </Annotation>
        <Annotation Id="1124" Type="Token" StartNode="2876" EndNode="2880">
            <Feature>
                <Name className="java.lang.String">length</Name>
                <Value className="java.lang.String">4</Value>
            </Feature>
            <Feature>
                <Name className="java.lang.String">orth</Name>
                <Value className="java.lang.String">lowercase</Value>
            </Feature>
            <Feature>
                <Name className="java.lang.String">string</Name>
                <Value className="java.lang.String">that</Value>
            </Feature>
            <Feature>
                <Name className="java.lang.String">category</Name>
                <Value className="java.lang.String">WDT</Value>
            </Feature>
            <Feature>
                <Name className="java.lang.String">kind</Name>
                <Value className="java.lang.String">word</Value>
            </Feature>
        </Annotation>
        <Annotation Id="1125" Type="SpaceToken" StartNode="2880" EndNode="2881">
            <Feature>
                <Name className="java.lang.String">string</Name>
                <Value className="java.lang.String"></Value>
            </Feature>
            <Feature>
                <Name className="java.lang.String">length</Name>
                <Value className="java.lang.String">1</Value>
            </Feature>
            <Feature>
                <Name className="java.lang.String">kind</Name>
                <Value className="java.lang.String">space</Value>
            </Feature>
        </Annotation>
        <Annotation Id="1126" Type="Token" StartNode="2881" EndNode="2884">
            <Feature>
                <Name className="java.lang.String">length</Name>
                <Value className="java.lang.String">3</Value>
            </Feature>
            <Feature>
                <Name className="java.lang.String">orth</Name>
                <Value className="java.lang.String">lowercase</Value>
            </Feature>
            <Feature>
                <Name className="java.lang.String">string</Name>
                <Value className="java.lang.String">has</Value>
            </Feature>
            <Feature>
                <Name className="java.lang.String">category</Name>
                <Value className="java.lang.String">VBZ</Value>
            </Feature>
            <Feature>
                <Name className="java.lang.String">kind</Name>
                <Value className="java.lang.String">word</Value>
            </Feature>
        </Annotation>
        <Annotation Id="1127" Type="SpaceToken" StartNode="2884" EndNode="2885">
            <Feature>
                <Name className="java.lang.String">string</Name>
                <Value className="java.lang.String"></Value>
            </Feature>
            <Feature>
                <Name className="java.lang.String">length</Name>
                <Value className="java.lang.String">1</Value>
            </Feature>
            <Feature>
                <Name className="java.lang.String">kind</Name>
                <Value className="java.lang.String">space</Value>
            </Feature>
        </Annotation>
        <Annotation Id="1128" Type="Token" StartNode="2885" EndNode="2891">
            <Feature>
                <Name className="java.lang.String">length</Name>
                <Value className="java.lang.String">6</Value>
            </Feature>
            <Feature>
                <Name className="java.lang.String">orth</Name>
                <Value className="java.lang.String">lowercase</Value>
            </Feature>
            <Feature>
                <Name className="java.lang.String">string</Name>
                <Value className="java.lang.String">caused</Value>
            </Feature>
            <Feature>
                <Name className="java.lang.String">category</Name>
                <Value className="java.lang.String">VBN</Value>
            </Feature>
            <Feature>
                <Name className="java.lang.String">kind</Name>
                <Value className="java.lang.String">word</Value>
            </Feature>
        </Annotation>
        <Annotation Id="1129" Type="SpaceToken" StartNode="2891" EndNode="2892">
            <Feature>
                <Name className="java.lang.String">string</Name>
                <Value className="java.lang.String"></Value>
            </Feature>
            <Feature>
                <Name className="java.lang.String">length</Name>
                <Value className="java.lang.String">1</Value>
            </Feature>
            <Feature>
                <Name className="java.lang.String">kind</Name>
                <Value className="java.lang.String">space</Value>
            </Feature>
        </Annotation>
        <Annotation Id="1130" Type="Token" StartNode="2892" EndNode="2893">
            <Feature>
                <Name className="java.lang.String">length</Name>
                <Value className="java.lang.String">1</Value>
            </Feature>
            <Feature>
                <Name className="java.lang.String">orth</Name>
                <Value className="java.lang.String">lowercase</Value>
            </Feature>
            <Feature>
                <Name className="java.lang.String">string</Name>
                <Value className="java.lang.String">a</Value>
            </Feature>
            <Feature>
                <Name className="java.lang.String">category</Name>
                <Value className="java.lang.String">DT</Value>
            </Feature>
            <Feature>
                <Name className="java.lang.String">kind</Name>
                <Value className="java.lang.String">word</Value>
            </Feature>
        </Annotation>
        <Annotation Id="1131" Type="SpaceToken" StartNode="2893" EndNode="2894">
            <Feature>
                <Name className="java.lang.String">string</Name>
                <Value className="java.lang.String"></Value>
            </Feature>
            <Feature>
                <Name className="java.lang.String">length</Name>
                <Value className="java.lang.String">1</Value>
            </Feature>
            <Feature>
                <Name className="java.lang.String">kind</Name>
                <Value className="java.lang.String">space</Value>
            </Feature>
        </Annotation>
        <Annotation Id="1132" Type="Token" StartNode="2894" EndNode="2900">
            <Feature>
                <Name className="java.lang.String">length</Name>
                <Value className="java.lang.String">6</Value>
            </Feature>
            <Feature>
                <Name className="java.lang.String">orth</Name>
                <Value className="java.lang.String">lowercase</Value>
            </Feature>
            <Feature>
                <Name className="java.lang.String">string</Name>
                <Value className="java.lang.String">bushel</Value>
            </Feature>
            <Feature>
                <Name className="java.lang.String">category</Name>
                <Value className="java.lang.String">NN</Value>
            </Feature>
            <Feature>
                <Name className="java.lang.String">kind</Name>
                <Value className="java.lang.String">word</Value>
            </Feature>
        </Annotation>
        <Annotation Id="1133" Type="SpaceToken" StartNode="2900" EndNode="2901">
            <Feature>
                <Name className="java.lang.String">string</Name>
                <Value className="java.lang.String"></Value>
            </Feature>
            <Feature>
                <Name className="java.lang.String">length</Name>
                <Value className="java.lang.String">1</Value>
            </Feature>
            <Feature>
                <Name className="java.lang.String">kind</Name>
                <Value className="java.lang.String">space</Value>
            </Feature>
        </Annotation>
        <Annotation Id="1134" Type="Token" StartNode="2901" EndNode="2903">
            <Feature>
                <Name className="java.lang.String">length</Name>
                <Value className="java.lang.String">2</Value>
            </Feature>
            <Feature>
                <Name className="java.lang.String">orth</Name>
                <Value className="java.lang.String">lowercase</Value>
            </Feature>
            <Feature>
                <Name className="java.lang.String">string</Name>
                <Value className="java.lang.String">of</Value>
            </Feature>
            <Feature>
                <Name className="java.lang.String">category</Name>
                <Value className="java.lang.String">IN</Value>
            </Feature>
            <Feature>
                <Name className="java.lang.String">kind</Name>
                <Value className="java.lang.String">word</Value>
            </Feature>
        </Annotation>
        <Annotation Id="1135" Type="SpaceToken" StartNode="2903" EndNode="2904">
            <Feature>
                <Name className="java.lang.String">string</Name>
                <Value className="java.lang.String"></Value>
            </Feature>
            <Feature>
                <Name className="java.lang.String">length</Name>
                <Value className="java.lang.String">1</Value>
            </Feature>
            <Feature>
                <Name className="java.lang.String">kind</Name>
                <Value className="java.lang.String">space</Value>
            </Feature>
        </Annotation>
        <Annotation Id="1136" Type="Token" StartNode="2904" EndNode="2909">
            <Feature>
                <Name className="java.lang.String">length</Name>
                <Value className="java.lang.String">5</Value>
            </Feature>
            <Feature>
                <Name className="java.lang.String">orth</Name>
                <Value className="java.lang.String">lowercase</Value>
            </Feature>
            <Feature>
                <Name className="java.lang.String">string</Name>
                <Value className="java.lang.String">wheat</Value>
            </Feature>
            <Feature>
                <Name className="java.lang.String">category</Name>
                <Value className="java.lang.String">NN</Value>
            </Feature>
            <Feature>
                <Name className="java.lang.String">kind</Name>
                <Value className="java.lang.String">word</Value>
            </Feature>
        </Annotation>
        <Annotation Id="1137" Type="SpaceToken" StartNode="2909" EndNode="2910">
            <Feature>
                <Name className="java.lang.String">string</Name>
                <Value className="java.lang.String"></Value>
            </Feature>
            <Feature>
                <Name className="java.lang.String">length</Name>
                <Value className="java.lang.String">1</Value>
            </Feature>
            <Feature>
                <Name className="java.lang.String">kind</Name>
                <Value className="java.lang.String">space</Value>
            </Feature>
        </Annotation>
        <Annotation Id="1138" Type="Token" StartNode="2910" EndNode="2912">
            <Feature>
                <Name className="java.lang.String">length</Name>
                <Value className="java.lang.String">2</Value>
            </Feature>
            <Feature>
                <Name className="java.lang.String">orth</Name>
                <Value className="java.lang.String">lowercase</Value>
            </Feature>
            <Feature>
                <Name className="java.lang.String">string</Name>
                <Value className="java.lang.String">to</Value>
            </Feature>
            <Feature>
                <Name className="java.lang.String">category</Name>
                <Value className="java.lang.String">TO</Value>
            </Feature>
            <Feature>
                <Name className="java.lang.String">kind</Name>
                <Value className="java.lang.String">word</Value>
            </Feature>
        </Annotation>
        <Annotation Id="1139" Type="SpaceToken" StartNode="2912" EndNode="2913">
            <Feature>
                <Name className="java.lang.String">string</Name>
                <Value className="java.lang.String"></Value>
            </Feature>
            <Feature>
                <Name className="java.lang.String">length</Name>
                <Value className="java.lang.String">1</Value>
            </Feature>
            <Feature>
                <Name className="java.lang.String">kind</Name>
                <Value className="java.lang.String">space</Value>
            </Feature>
        </Annotation>
        <Annotation Id="1140" Type="Token" StartNode="2913" EndNode="2917">
            <Feature>
                <Name className="java.lang.String">length</Name>
                <Value className="java.lang.String">4</Value>
            </Feature>
            <Feature>
                <Name className="java.lang.String">orth</Name>
                <Value className="java.lang.String">lowercase</Value>
            </Feature>
            <Feature>
                <Name className="java.lang.String">string</Name>
                <Value className="java.lang.String">soar</Value>
            </Feature>
            <Feature>
                <Name className="java.lang.String">category</Name>
                <Value className="java.lang.String">VB</Value>
            </Feature>
            <Feature>
                <Name className="java.lang.String">kind</Name>
                <Value className="java.lang.String">word</Value>
            </Feature>
        </Annotation>
        <Annotation Id="1141" Type="SpaceToken" StartNode="2917" EndNode="2918">
            <Feature>
                <Name className="java.lang.String">string</Name>
                <Value className="java.lang.String"></Value>
            </Feature>
            <Feature>
                <Name className="java.lang.String">length</Name>
                <Value className="java.lang.String">1</Value>
            </Feature>
            <Feature>
                <Name className="java.lang.String">kind</Name>
                <Value className="java.lang.String">space</Value>
            </Feature>
        </Annotation>
        <Annotation Id="1142" Type="Token" StartNode="2918" EndNode="2920">
            <Feature>
                <Name className="java.lang.String">length</Name>
                <Value className="java.lang.String">2</Value>
            </Feature>
            <Feature>
                <Name className="java.lang.String">orth</Name>
                <Value className="java.lang.String">lowercase</Value>
            </Feature>
            <Feature>
                <Name className="java.lang.String">string</Name>
                <Value className="java.lang.String">to</Value>
            </Feature>
            <Feature>
                <Name className="java.lang.String">category</Name>
                <Value className="java.lang.String">TO</Value>
            </Feature>
            <Feature>
                <Name className="java.lang.String">kind</Name>
                <Value className="java.lang.String">word</Value>
            </Feature>
        </Annotation>
        <Annotation Id="1143" Type="SpaceToken" StartNode="2920" EndNode="2921">
            <Feature>
                <Name className="java.lang.String">string</Name>
                <Value className="java.lang.String"></Value>
            </Feature>
            <Feature>
                <Name className="java.lang.String">length</Name>
                <Value className="java.lang.String">1</Value>
            </Feature>
            <Feature>
                <Name className="java.lang.String">kind</Name>
                <Value className="java.lang.String">space</Value>
            </Feature>
        </Annotation>
        <Annotation Id="1144" Type="Token" StartNode="2921" EndNode="2922">
            <Feature>
                <Name className="java.lang.String">length</Name>
                <Value className="java.lang.String">1</Value>
            </Feature>
            <Feature>
                <Name className="java.lang.String">string</Name>
                <Value className="java.lang.String">"</Value>
            </Feature>
            <Feature>
                <Name className="java.lang.String">category</Name>
                <Value className="java.lang.String">''</Value>
            </Feature>
            <Feature>
                <Name className="java.lang.String">kind</Name>
                <Value className="java.lang.String">punctuation</Value>
            </Feature>
        </Annotation>
        <Annotation Id="1145" Type="Token" StartNode="2922" EndNode="2927">
            <Feature>
                <Name className="java.lang.String">length</Name>
                <Value className="java.lang.String">5</Value>
            </Feature>
            <Feature>
                <Name className="java.lang.String">orth</Name>
                <Value className="java.lang.String">lowercase</Value>
            </Feature>
            <Feature>
                <Name className="java.lang.String">string</Name>
                <Value className="java.lang.String">foure</Value>
            </Feature>
            <Feature>
                <Name className="java.lang.String">category</Name>
                <Value className="java.lang.String">NN</Value>
            </Feature>
            <Feature>
                <Name className="java.lang.String">kind</Name>
                <Value className="java.lang.String">word</Value>
            </Feature>
        </Annotation>
        <Annotation Id="1146" Type="SpaceToken" StartNode="2927" EndNode="2928">
            <Feature>
                <Name className="java.lang.String">string</Name>
                <Value className="java.lang.String"></Value>
            </Feature>
            <Feature>
                <Name className="java.lang.String">length</Name>
                <Value className="java.lang.String">1</Value>
            </Feature>
            <Feature>
                <Name className="java.lang.String">kind</Name>
                <Value className="java.lang.String">space</Value>
            </Feature>
        </Annotation>
        <Annotation Id="1147" Type="Token" StartNode="2928" EndNode="2938">
            <Feature>
                <Name className="java.lang.String">length</Name>
                <Value className="java.lang.String">10</Value>
            </Feature>
            <Feature>
                <Name className="java.lang.String">orth</Name>
                <Value className="java.lang.String">lowercase</Value>
            </Feature>
            <Feature>
                <Name className="java.lang.String">string</Name>
                <Value className="java.lang.String">shillinges</Value>
            </Feature>
            <Feature>
                <Name className="java.lang.String">category</Name>
                <Value className="java.lang.String">NNS</Value>
            </Feature>
            <Feature>
                <Name className="java.lang.String">kind</Name>
                <Value className="java.lang.String">word</Value>
            </Feature>
        </Annotation>
        <Annotation Id="1148" Type="SpaceToken" StartNode="2938" EndNode="2939">
            <Feature>
                <Name className="java.lang.String">string</Name>
                <Value className="java.lang.String"></Value>
            </Feature>
            <Feature>
                <Name className="java.lang.String">length</Name>
                <Value className="java.lang.String">1</Value>
            </Feature>
            <Feature>
                <Name className="java.lang.String">kind</Name>
                <Value className="java.lang.String">space</Value>
            </Feature>
        </Annotation>
        <Annotation Id="1149" Type="Token" StartNode="2939" EndNode="2941">
            <Feature>
                <Name className="java.lang.String">length</Name>
                <Value className="java.lang.String">2</Value>
            </Feature>
            <Feature>
                <Name className="java.lang.String">orth</Name>
                <Value className="java.lang.String">lowercase</Value>
            </Feature>
            <Feature>
                <Name className="java.lang.String">string</Name>
                <Value className="java.lang.String">or</Value>
            </Feature>
            <Feature>
                <Name className="java.lang.String">category</Name>
                <Value className="java.lang.String">CC</Value>
            </Feature>
            <Feature>
                <Name className="java.lang.String">kind</Name>
                <Value className="java.lang.String">word</Value>
            </Feature>
        </Annotation>
        <Annotation Id="1150" Type="SpaceToken" StartNode="2941" EndNode="2942">
            <Feature>
                <Name className="java.lang.String">string</Name>
                <Value className="java.lang.String"></Value>
            </Feature>
            <Feature>
                <Name className="java.lang.String">length</Name>
                <Value className="java.lang.String">1</Value>
            </Feature>
            <Feature>
                <Name className="java.lang.String">kind</Name>
                <Value className="java.lang.String">space</Value>
            </Feature>
        </Annotation>
        <Annotation Id="1151" Type="Token" StartNode="2942" EndNode="2946">
            <Feature>
                <Name className="java.lang.String">length</Name>
                <Value className="java.lang.String">4</Value>
            </Feature>
            <Feature>
                <Name className="java.lang.String">orth</Name>
                <Value className="java.lang.String">lowercase</Value>
            </Feature>
            <Feature>
                <Name className="java.lang.String">string</Name>
                <Value className="java.lang.String">more</Value>
            </Feature>
            <Feature>
                <Name className="java.lang.String">category</Name>
                <Value className="java.lang.String">JJR</Value>
            </Feature>
            <Feature>
                <Name className="java.lang.String">kind</Name>
                <Value className="java.lang.String">word</Value>
            </Feature>
        </Annotation>
        <Annotation Id="1152" Type="Token" StartNode="2946" EndNode="2947">
            <Feature>
                <Name className="java.lang.String">length</Name>
                <Value className="java.lang.String">1</Value>
            </Feature>
            <Feature>
                <Name className="java.lang.String">string</Name>
                <Value className="java.lang.String">"</Value>
            </Feature>
            <Feature>
                <Name className="java.lang.String">category</Name>
                <Value className="java.lang.String">''</Value>
            </Feature>
            <Feature>
                <Name className="java.lang.String">kind</Name>
                <Value className="java.lang.String">punctuation</Value>
            </Feature>
        </Annotation>
        <Annotation Id="1153" Type="SpaceToken" StartNode="2947" EndNode="2948">
            <Feature>
                <Name className="java.lang.String">string</Name>
                <Value className="java.lang.String"></Value>
            </Feature>
            <Feature>
                <Name className="java.lang.String">length</Name>
                <Value className="java.lang.String">1</Value>
            </Feature>
            <Feature>
                <Name className="java.lang.String">kind</Name>
                <Value className="java.lang.String">space</Value>
            </Feature>
        </Annotation>
        <Annotation Id="1154" Type="Token" StartNode="2948" EndNode="2949">
            <Feature>
                <Name className="java.lang.String">length</Name>
                <Value className="java.lang.String">1</Value>
            </Feature>
            <Feature>
                <Name className="java.lang.String">position</Name>
                <Value className="java.lang.String">startpunct</Value>
            </Feature>
            <Feature>
                <Name className="java.lang.String">string</Name>
                <Value className="java.lang.String">(</Value>
            </Feature>
            <Feature>
                <Name className="java.lang.String">category</Name>
                <Value className="java.lang.String">(</Value>
            </Feature>
            <Feature>
                <Name className="java.lang.String">kind</Name>
                <Value className="java.lang.String">punctuation</Value>
            </Feature>
        </Annotation>
        <Annotation Id="1155" Type="Token" StartNode="2949" EndNode="2953">
            <Feature>
                <Name className="java.lang.String">length</Name>
                <Value className="java.lang.String">4</Value>
            </Feature>
            <Feature>
                <Name className="java.lang.String">orth</Name>
                <Value className="java.lang.String">lowercase</Value>
            </Feature>
            <Feature>
                <Name className="java.lang.String">string</Name>
                <Value className="java.lang.String">line</Value>
            </Feature>
            <Feature>
                <Name className="java.lang.String">category</Name>
                <Value className="java.lang.String">NN</Value>
            </Feature>
            <Feature>
                <Name className="java.lang.String">kind</Name>
                <Value className="java.lang.String">word</Value>
            </Feature>
        </Annotation>
        <Annotation Id="1156" Type="SpaceToken" StartNode="2953" EndNode="2954">
            <Feature>
                <Name className="java.lang.String">string</Name>
                <Value className="java.lang.String"></Value>
            </Feature>
            <Feature>
                <Name className="java.lang.String">length</Name>
                <Value className="java.lang.String">1</Value>
            </Feature>
            <Feature>
                <Name className="java.lang.String">kind</Name>
                <Value className="java.lang.String">space</Value>
            </Feature>
        </Annotation>
        <Annotation Id="1157" Type="Token" StartNode="2954" EndNode="2957">
            <Feature>
                <Name className="java.lang.String">length</Name>
                <Value className="java.lang.String">3</Value>
            </Feature>
            <Feature>
                <Name className="java.lang.String">string</Name>
                <Value className="java.lang.String">393</Value>
            </Feature>
            <Feature>
                <Name className="java.lang.String">category</Name>
                <Value className="java.lang.String">CD</Value>
            </Feature>
            <Feature>
                <Name className="java.lang.String">kind</Name>
                <Value className="java.lang.String">number</Value>
            </Feature>
        </Annotation>
        <Annotation Id="1158" Type="Token" StartNode="2957" EndNode="2958">
            <Feature>
                <Name className="java.lang.String">length</Name>
                <Value className="java.lang.String">1</Value>
            </Feature>
            <Feature>
                <Name className="java.lang.String">position</Name>
                <Value className="java.lang.String">endpunct</Value>
            </Feature>
            <Feature>
                <Name className="java.lang.String">string</Name>
                <Value className="java.lang.String">)</Value>
            </Feature>
            <Feature>
                <Name className="java.lang.String">category</Name>
                <Value className="java.lang.String">)</Value>
            </Feature>
            <Feature>
                <Name className="java.lang.String">kind</Name>
                <Value className="java.lang.String">punctuation</Value>
            </Feature>
        </Annotation>
        <Annotation Id="1159" Type="Token" StartNode="2958" EndNode="2959">
            <Feature>
                <Name className="java.lang.String">length</Name>
                <Value className="java.lang.String">1</Value>
            </Feature>
            <Feature>
                <Name className="java.lang.String">string</Name>
                <Value className="java.lang.String">.</Value>
            </Feature>
            <Feature>
                <Name className="java.lang.String">category</Name>
                <Value className="java.lang.String">.</Value>
            </Feature>
            <Feature>
                <Name className="java.lang.String">kind</Name>
                <Value className="java.lang.String">punctuation</Value>
            </Feature>
        </Annotation>
        <Annotation Id="1160" Type="SpaceToken" StartNode="2959" EndNode="2960">
            <Feature>
                <Name className="java.lang.String">string</Name>
                <Value className="java.lang.String"></Value>
            </Feature>
            <Feature>
                <Name className="java.lang.String">length</Name>
                <Value className="java.lang.String">1</Value>
            </Feature>
            <Feature>
                <Name className="java.lang.String">kind</Name>
                <Value className="java.lang.String">space</Value>
            </Feature>
        </Annotation>
        <Annotation Id="1161" Type="Token" StartNode="2960" EndNode="2962">
            <Feature>
                <Name className="java.lang.String">length</Name>
                <Value className="java.lang.String">2</Value>
            </Feature>
            <Feature>
                <Name className="java.lang.String">orth</Name>
                <Value className="java.lang.String">upperInitial</Value>
            </Feature>
            <Feature>
                <Name className="java.lang.String">string</Name>
                <Value className="java.lang.String">Wr</Value>
            </Feature>
            <Feature>
                <Name className="java.lang.String">category</Name>
                <Value className="java.lang.String">NNP</Value>
            </Feature>
            <Feature>
                <Name className="java.lang.String">kind</Name>
                <Value className="java.lang.String">word</Value>
            </Feature>
        </Annotation>
        <Annotation Id="1162" Type="SpaceToken" StartNode="2962" EndNode="2963">
            <Feature>
                <Name className="java.lang.String">string</Name>
                <Value className="java.lang.String"></Value>
            </Feature>
            <Feature>
                <Name className="java.lang.String">length</Name>
                <Value className="java.lang.String">1</Value>
            </Feature>
            <Feature>
                <Name className="java.lang.String">kind</Name>
                <Value className="java.lang.String">space</Value>
            </Feature>
        </Annotation>
        <Annotation Id="1163" Type="Token" StartNode="2963" EndNode="2970">
            <Feature>
                <Name className="java.lang.String">length</Name>
                <Value className="java.lang.String">7</Value>
            </Feature>
            <Feature>
                <Name className="java.lang.String">orth</Name>
                <Value className="java.lang.String">lowercase</Value>
            </Feature>
            <Feature>
                <Name className="java.lang.String">string</Name>
                <Value className="java.lang.String">regards</Value>
            </Feature>
            <Feature>
                <Name className="java.lang.String">category</Name>
                <Value className="java.lang.String">VBZ</Value>
            </Feature>
            <Feature>
                <Name className="java.lang.String">kind</Name>
                <Value className="java.lang.String">word</Value>
            </Feature>
        </Annotation>
        <Annotation Id="1164" Type="SpaceToken" StartNode="2970" EndNode="2971">
            <Feature>
                <Name className="java.lang.String">string</Name>
                <Value className="java.lang.String"></Value>
            </Feature>
            <Feature>
                <Name className="java.lang.String">length</Name>
                <Value className="java.lang.String">1</Value>
            </Feature>
            <Feature>
                <Name className="java.lang.String">kind</Name>
                <Value className="java.lang.String">space</Value>
            </Feature>
        </Annotation>
        <Annotation Id="1165" Type="Token" StartNode="2971" EndNode="2975">
            <Feature>
                <Name className="java.lang.String">length</Name>
                <Value className="java.lang.String">4</Value>
            </Feature>
            <Feature>
                <Name className="java.lang.String">orth</Name>
                <Value className="java.lang.String">lowercase</Value>
            </Feature>
            <Feature>
                <Name className="java.lang.String">string</Name>
                <Value className="java.lang.String">this</Value>
            </Feature>
            <Feature>
                <Name className="java.lang.String">category</Name>
                <Value className="java.lang.String">DT</Value>
            </Feature>
            <Feature>
                <Name className="java.lang.String">kind</Name>
                <Value className="java.lang.String">word</Value>
            </Feature>
        </Annotation>
        <Annotation Id="1166" Type="SpaceToken" StartNode="2975" EndNode="2976">
            <Feature>
                <Name className="java.lang.String">string</Name>
                <Value className="java.lang.String"></Value>
            </Feature>
            <Feature>
                <Name className="java.lang.String">length</Name>
                <Value className="java.lang.String">1</Value>
            </Feature>
            <Feature>
                <Name className="java.lang.String">kind</Name>
                <Value className="java.lang.String">space</Value>
            </Feature>
        </Annotation>
        <Annotation Id="1167" Type="Token" StartNode="2976" EndNode="2978">
            <Feature>
                <Name className="java.lang.String">length</Name>
                <Value className="java.lang.String">2</Value>
            </Feature>
            <Feature>
                <Name className="java.lang.String">orth</Name>
                <Value className="java.lang.String">lowercase</Value>
            </Feature>
            <Feature>
                <Name className="java.lang.String">string</Name>
                <Value className="java.lang.String">as</Value>
            </Feature>
            <Feature>
                <Name className="java.lang.String">category</Name>
                <Value className="java.lang.String">IN</Value>
            </Feature>
            <Feature>
                <Name className="java.lang.String">kind</Name>
                <Value className="java.lang.String">word</Value>
            </Feature>
        </Annotation>
        <Annotation Id="1168" Type="SpaceToken" StartNode="2978" EndNode="2979">
            <Feature>
                <Name className="java.lang.String">string</Name>
                <Value className="java.lang.String"></Value>
            </Feature>
            <Feature>
                <Name className="java.lang.String">length</Name>
                <Value className="java.lang.String">1</Value>
            </Feature>
            <Feature>
                <Name className="java.lang.String">kind</Name>
                <Value className="java.lang.String">space</Value>
            </Feature>
        </Annotation>
        <Annotation Id="1169" Type="Token" StartNode="2979" EndNode="2980">
            <Feature>
                <Name className="java.lang.String">length</Name>
                <Value className="java.lang.String">1</Value>
            </Feature>
            <Feature>
                <Name className="java.lang.String">orth</Name>
                <Value className="java.lang.String">lowercase</Value>
            </Feature>
            <Feature>
                <Name className="java.lang.String">string</Name>
                <Value className="java.lang.String">a</Value>
            </Feature>
            <Feature>
                <Name className="java.lang.String">category</Name>
                <Value className="java.lang.String">DT</Value>
            </Feature>
            <Feature>
                <Name className="java.lang.String">kind</Name>
                <Value className="java.lang.String">word</Value>
            </Feature>
        </Annotation>
        <Annotation Id="1170" Type="SpaceToken" StartNode="2980" EndNode="2981">
            <Feature>
                <Name className="java.lang.String">string</Name>
                <Value className="java.lang.String"></Value>
            </Feature>
            <Feature>
                <Name className="java.lang.String">length</Name>
                <Value className="java.lang.String">1</Value>
            </Feature>
            <Feature>
                <Name className="java.lang.String">kind</Name>
                <Value className="java.lang.String">space</Value>
            </Feature>
        </Annotation>
        <Annotation Id="1171" Type="Token" StartNode="2981" EndNode="2990">
            <Feature>
                <Name className="java.lang.String">length</Name>
                <Value className="java.lang.String">9</Value>
            </Feature>
            <Feature>
                <Name className="java.lang.String">orth</Name>
                <Value className="java.lang.String">lowercase</Value>
            </Feature>
            <Feature>
                <Name className="java.lang.String">string</Name>
                <Value className="java.lang.String">reference</Value>
            </Feature>
            <Feature>
                <Name className="java.lang.String">category</Name>
                <Value className="java.lang.String">NN</Value>
            </Feature>
            <Feature>
                <Name className="java.lang.String">kind</Name>
                <Value className="java.lang.String">word</Value>
            </Feature>
        </Annotation>
        <Annotation Id="1172" Type="SpaceToken" StartNode="2990" EndNode="2991">
            <Feature>
                <Name className="java.lang.String">string</Name>
                <Value className="java.lang.String"></Value>
            </Feature>
            <Feature>
                <Name className="java.lang.String">length</Name>
                <Value className="java.lang.String">1</Value>
            </Feature>
            <Feature>
                <Name className="java.lang.String">kind</Name>
                <Value className="java.lang.String">space</Value>
            </Feature>
        </Annotation>
        <Annotation Id="1173" Type="Token" StartNode="2991" EndNode="2993">
            <Feature>
                <Name className="java.lang.String">length</Name>
                <Value className="java.lang.String">2</Value>
            </Feature>
            <Feature>
                <Name className="java.lang.String">orth</Name>
                <Value className="java.lang.String">lowercase</Value>
            </Feature>
            <Feature>
                <Name className="java.lang.String">string</Name>
                <Value className="java.lang.String">to</Value>
            </Feature>
            <Feature>
                <Name className="java.lang.String">category</Name>
                <Value className="java.lang.String">TO</Value>
            </Feature>
            <Feature>
                <Name className="java.lang.String">kind</Name>
                <Value className="java.lang.String">word</Value>
            </Feature>
        </Annotation>
        <Annotation Id="1174" Type="SpaceToken" StartNode="2993" EndNode="2994">
            <Feature>
                <Name className="java.lang.String">string</Name>
                <Value className="java.lang.String"></Value>
            </Feature>
            <Feature>
                <Name className="java.lang.String">length</Name>
                <Value className="java.lang.String">1</Value>
            </Feature>
            <Feature>
                <Name className="java.lang.String">kind</Name>
                <Value className="java.lang.String">space</Value>
            </Feature>
        </Annotation>
        <Annotation Id="1175" Type="Token" StartNode="2994" EndNode="2997">
            <Feature>
                <Name className="java.lang.String">length</Name>
                <Value className="java.lang.String">3</Value>
            </Feature>
            <Feature>
                <Name className="java.lang.String">orth</Name>
                <Value className="java.lang.String">lowercase</Value>
            </Feature>
            <Feature>
                <Name className="java.lang.String">string</Name>
                <Value className="java.lang.String">the</Value>
            </Feature>
            <Feature>
                <Name className="java.lang.String">category</Name>
                <Value className="java.lang.String">DT</Value>
            </Feature>
            <Feature>
                <Name className="java.lang.String">kind</Name>
                <Value className="java.lang.String">word</Value>
            </Feature>
        </Annotation>
        <Annotation Id="1176" Type="SpaceToken" StartNode="2997" EndNode="2998">
            <Feature>
                <Name className="java.lang.String">string</Name>
                <Value className="java.lang.String"></Value>
            </Feature>
            <Feature>
                <Name className="java.lang.String">length</Name>
                <Value className="java.lang.String">1</Value>
            </Feature>
            <Feature>
                <Name className="java.lang.String">kind</Name>
                <Value className="java.lang.String">space</Value>
            </Feature>
        </Annotation>
        <Annotation Id="1177" Type="Token" StartNode="2998" EndNode="3003">
            <Feature>
                <Name className="java.lang.String">length</Name>
                <Value className="java.lang.String">5</Value>
            </Feature>
            <Feature>
                <Name className="java.lang.String">orth</Name>
                <Value className="java.lang.String">lowercase</Value>
            </Feature>
            <Feature>
                <Name className="java.lang.String">string</Name>
                <Value className="java.lang.String">great</Value>
            </Feature>
            <Feature>
                <Name className="java.lang.String">category</Name>
                <Value className="java.lang.String">JJ</Value>
            </Feature>
            <Feature>
                <Name className="java.lang.String">kind</Name>
                <Value className="java.lang.String">word</Value>
            </Feature>
        </Annotation>
        <Annotation Id="1178" Type="SpaceToken" StartNode="3003" EndNode="3004">
            <Feature>
                <Name className="java.lang.String">string</Name>
                <Value className="java.lang.String"></Value>
            </Feature>
            <Feature>
                <Name className="java.lang.String">length</Name>
                <Value className="java.lang.String">1</Value>
            </Feature>
            <Feature>
                <Name className="java.lang.String">kind</Name>
                <Value className="java.lang.String">space</Value>
            </Feature>
        </Annotation>
        <Annotation Id="1179" Type="Token" StartNode="3004" EndNode="3010">
            <Feature>
                <Name className="java.lang.String">length</Name>
                <Value className="java.lang.String">6</Value>
            </Feature>
            <Feature>
                <Name className="java.lang.String">orth</Name>
                <Value className="java.lang.String">lowercase</Value>
            </Feature>
            <Feature>
                <Name className="java.lang.String">string</Name>
                <Value className="java.lang.String">famine</Value>
            </Feature>
            <Feature>
                <Name className="java.lang.String">category</Name>
                <Value className="java.lang.String">NN</Value>
            </Feature>
            <Feature>
                <Name className="java.lang.String">kind</Name>
                <Value className="java.lang.String">word</Value>
            </Feature>
        </Annotation>
        <Annotation Id="1180" Type="SpaceToken" StartNode="3010" EndNode="3011">
            <Feature>
                <Name className="java.lang.String">string</Name>
                <Value className="java.lang.String"></Value>
            </Feature>
            <Feature>
                <Name className="java.lang.String">length</Name>
                <Value className="java.lang.String">1</Value>
            </Feature>
            <Feature>
                <Name className="java.lang.String">kind</Name>
                <Value className="java.lang.String">space</Value>
            </Feature>
        </Annotation>
        <Annotation Id="1181" Type="Token" StartNode="3011" EndNode="3013">
            <Feature>
                <Name className="java.lang.String">length</Name>
                <Value className="java.lang.String">2</Value>
            </Feature>
            <Feature>
                <Name className="java.lang.String">orth</Name>
                <Value className="java.lang.String">lowercase</Value>
            </Feature>
            <Feature>
                <Name className="java.lang.String">string</Name>
                <Value className="java.lang.String">of</Value>
            </Feature>
            <Feature>
                <Name className="java.lang.String">category</Name>
                <Value className="java.lang.String">IN</Value>
            </Feature>
            <Feature>
                <Name className="java.lang.String">kind</Name>
                <Value className="java.lang.String">word</Value>
            </Feature>
        </Annotation>
        <Annotation Id="1182" Type="SpaceToken" StartNode="3013" EndNode="3014">
            <Feature>
                <Name className="java.lang.String">string</Name>
                <Value className="java.lang.String"></Value>
            </Feature>
            <Feature>
                <Name className="java.lang.String">length</Name>
                <Value className="java.lang.String">1</Value>
            </Feature>
            <Feature>
                <Name className="java.lang.String">kind</Name>
                <Value className="java.lang.String">space</Value>
            </Feature>
        </Annotation>
        <Annotation Id="1183" Type="Token" StartNode="3014" EndNode="3018">
            <Feature>
                <Name className="java.lang.String">length</Name>
                <Value className="java.lang.String">4</Value>
            </Feature>
            <Feature>
                <Name className="java.lang.String">string</Name>
                <Value className="java.lang.String">1315</Value>
            </Feature>
            <Feature>
                <Name className="java.lang.String">category</Name>
                <Value className="java.lang.String">CD</Value>
            </Feature>
            <Feature>
                <Name className="java.lang.String">kind</Name>
                <Value className="java.lang.String">number</Value>
            </Feature>
        </Annotation>
        <Annotation Id="1184" Type="SpaceToken" StartNode="3018" EndNode="3019">
            <Feature>
                <Name className="java.lang.String">string</Name>
                <Value className="java.lang.String"></Value>
            </Feature>
            <Feature>
                <Name className="java.lang.String">length</Name>
                <Value className="java.lang.String">1</Value>
            </Feature>
            <Feature>
                <Name className="java.lang.String">kind</Name>
                <Value className="java.lang.String">space</Value>
            </Feature>
        </Annotation>
        <Annotation Id="1185" Type="Token" StartNode="3019" EndNode="3022">
            <Feature>
                <Name className="java.lang.String">length</Name>
                <Value className="java.lang.String">3</Value>
            </Feature>
            <Feature>
                <Name className="java.lang.String">orth</Name>
                <Value className="java.lang.String">lowercase</Value>
            </Feature>
            <Feature>
                <Name className="java.lang.String">string</Name>
                <Value className="java.lang.String">and</Value>
            </Feature>
            <Feature>
                <Name className="java.lang.String">category</Name>
                <Value className="java.lang.String">CC</Value>
            </Feature>
            <Feature>
                <Name className="java.lang.String">kind</Name>
                <Value className="java.lang.String">word</Value>
            </Feature>
        </Annotation>
        <Annotation Id="1186" Type="SpaceToken" StartNode="3022" EndNode="3023">
            <Feature>
                <Name className="java.lang.String">string</Name>
                <Value className="java.lang.String"></Value>
            </Feature>
            <Feature>
                <Name className="java.lang.String">length</Name>
                <Value className="java.lang.String">1</Value>
            </Feature>
            <Feature>
                <Name className="java.lang.String">kind</Name>
                <Value className="java.lang.String">space</Value>
            </Feature>
        </Annotation>
        <Annotation Id="1187" Type="Token" StartNode="3023" EndNode="3026">
            <Feature>
                <Name className="java.lang.String">length</Name>
                <Value className="java.lang.String">3</Value>
            </Feature>
            <Feature>
                <Name className="java.lang.String">orth</Name>
                <Value className="java.lang.String">lowercase</Value>
            </Feature>
            <Feature>
                <Name className="java.lang.String">string</Name>
                <Value className="java.lang.String">its</Value>
            </Feature>
            <Feature>
                <Name className="java.lang.String">category</Name>
                <Value className="java.lang.String">PRP$</Value>
            </Feature>
            <Feature>
                <Name className="java.lang.String">kind</Name>
                <Value className="java.lang.String">word</Value>
            </Feature>
        </Annotation>
        <Annotation Id="1188" Type="SpaceToken" StartNode="3026" EndNode="3027">
            <Feature>
                <Name className="java.lang.String">string</Name>
                <Value className="java.lang.String"></Value>
            </Feature>
            <Feature>
                <Name className="java.lang.String">length</Name>
                <Value className="java.lang.String">1</Value>
            </Feature>
            <Feature>
                <Name className="java.lang.String">kind</Name>
                <Value className="java.lang.String">space</Value>
            </Feature>
        </Annotation>
        <Annotation Id="1189" Type="Token" StartNode="3027" EndNode="3039">
            <Feature>
                <Name className="java.lang.String">length</Name>
                <Value className="java.lang.String">12</Value>
            </Feature>
            <Feature>
                <Name className="java.lang.String">orth</Name>
                <Value className="java.lang.String">lowercase</Value>
            </Feature>
            <Feature>
                <Name className="java.lang.String">string</Name>
                <Value className="java.lang.String">consequences</Value>
            </Feature>
            <Feature>
                <Name className="java.lang.String">category</Name>
                <Value className="java.lang.String">NNS</Value>
            </Feature>
            <Feature>
                <Name className="java.lang.String">kind</Name>
                <Value className="java.lang.String">word</Value>
            </Feature>
        </Annotation>
        <Annotation Id="1190" Type="Token" StartNode="3039" EndNode="3040">
            <Feature>
                <Name className="java.lang.String">length</Name>
                <Value className="java.lang.String">1</Value>
            </Feature>
            <Feature>
                <Name className="java.lang.String">string</Name>
                <Value className="java.lang.String">.</Value>
            </Feature>
            <Feature>
                <Name className="java.lang.String">category</Name>
                <Value className="java.lang.String">.</Value>
            </Feature>
            <Feature>
                <Name className="java.lang.String">kind</Name>
                <Value className="java.lang.String">punctuation</Value>
            </Feature>
        </Annotation>
        <Annotation Id="1191" Type="SpaceToken" StartNode="3040" EndNode="3041">
            <Feature>
                <Name className="java.lang.String">string</Name>
                <Value className="java.lang.String"></Value>
            </Feature>
            <Feature>
                <Name className="java.lang.String">length</Name>
                <Value className="java.lang.String">1</Value>
            </Feature>
            <Feature>
                <Name className="java.lang.String">kind</Name>
                <Value className="java.lang.String">space</Value>
            </Feature>
        </Annotation>
        <Annotation Id="1192" Type="Token" StartNode="3041" EndNode="3044">
            <Feature>
                <Name className="java.lang.String">length</Name>
                <Value className="java.lang.String">3</Value>
            </Feature>
            <Feature>
                <Name className="java.lang.String">orth</Name>
                <Value className="java.lang.String">upperInitial</Value>
            </Feature>
            <Feature>
                <Name className="java.lang.String">string</Name>
                <Value className="java.lang.String">The</Value>
            </Feature>
            <Feature>
                <Name className="java.lang.String">category</Name>
                <Value className="java.lang.String">DT</Value>
            </Feature>
            <Feature>
                <Name className="java.lang.String">kind</Name>
                <Value className="java.lang.String">word</Value>
            </Feature>
        </Annotation>
        <Annotation Id="1193" Type="SpaceToken" StartNode="3044" EndNode="3045">
            <Feature>
                <Name className="java.lang.String">string</Name>
                <Value className="java.lang.String"></Value>
            </Feature>
            <Feature>
                <Name className="java.lang.String">length</Name>
                <Value className="java.lang.String">1</Value>
            </Feature>
            <Feature>
                <Name className="java.lang.String">kind</Name>
                <Value className="java.lang.String">space</Value>
            </Feature>
        </Annotation>
        <Annotation Id="1194" Type="Token" StartNode="3045" EndNode="3049">
            <Feature>
                <Name className="java.lang.String">length</Name>
                <Value className="java.lang.String">4</Value>
            </Feature>
            <Feature>
                <Name className="java.lang.String">orth</Name>
                <Value className="java.lang.String">lowercase</Value>
            </Feature>
            <Feature>
                <Name className="java.lang.String">string</Name>
                <Value className="java.lang.String">poem</Value>
            </Feature>
            <Feature>
                <Name className="java.lang.String">category</Name>
                <Value className="java.lang.String">NN</Value>
            </Feature>
            <Feature>
                <Name className="java.lang.String">kind</Name>
                <Value className="java.lang.String">word</Value>
            </Feature>
        </Annotation>
        <Annotation Id="1195" Type="SpaceToken" StartNode="3049" EndNode="3050">
            <Feature>
                <Name className="java.lang.String">string</Name>
                <Value className="java.lang.String"></Value>
            </Feature>
            <Feature>
                <Name className="java.lang.String">length</Name>
                <Value className="java.lang.String">1</Value>
            </Feature>
            <Feature>
                <Name className="java.lang.String">kind</Name>
                <Value className="java.lang.String">space</Value>
            </Feature>
        </Annotation>
        <Annotation Id="1196" Type="Token" StartNode="3050" EndNode="3058">
            <Feature>
                <Name className="java.lang.String">length</Name>
                <Value className="java.lang.String">8</Value>
            </Feature>
            <Feature>
                <Name className="java.lang.String">orth</Name>
                <Value className="java.lang.String">lowercase</Value>
            </Feature>
            <Feature>
                <Name className="java.lang.String">string</Name>
                <Value className="java.lang.String">contains</Value>
            </Feature>
            <Feature>
                <Name className="java.lang.String">category</Name>
                <Value className="java.lang.String">VBZ</Value>
            </Feature>
            <Feature>
                <Name className="java.lang.String">kind</Name>
                <Value className="java.lang.String">word</Value>
            </Feature>
        </Annotation>
        <Annotation Id="1197" Type="SpaceToken" StartNode="3058" EndNode="3059">
            <Feature>
                <Name className="java.lang.String">string</Name>
                <Value className="java.lang.String"></Value>
            </Feature>
            <Feature>
                <Name className="java.lang.String">length</Name>
                <Value className="java.lang.String">1</Value>
            </Feature>
            <Feature>
                <Name className="java.lang.String">kind</Name>
                <Value className="java.lang.String">space</Value>
            </Feature>
        </Annotation>
        <Annotation Id="1198" Type="Token" StartNode="3059" EndNode="3067">
            <Feature>
                <Name className="java.lang.String">length</Name>
                <Value className="java.lang.String">8</Value>
            </Feature>
            <Feature>
                <Name className="java.lang.String">orth</Name>
                <Value className="java.lang.String">lowercase</Value>
            </Feature>
            <Feature>
                <Name className="java.lang.String">string</Name>
                <Value className="java.lang.String">colorful</Value>
            </Feature>
            <Feature>
                <Name className="java.lang.String">category</Name>
                <Value className="java.lang.String">JJ</Value>
            </Feature>
            <Feature>
                <Name className="java.lang.String">kind</Name>
                <Value className="java.lang.String">word</Value>
            </Feature>
        </Annotation>
        <Annotation Id="1199" Type="SpaceToken" StartNode="3067" EndNode="3068">
            <Feature>
                <Name className="java.lang.String">string</Name>
                <Value className="java.lang.String"></Value>
            </Feature>
            <Feature>
                <Name className="java.lang.String">length</Name>
                <Value className="java.lang.String">1</Value>
            </Feature>
            <Feature>
                <Name className="java.lang.String">kind</Name>
                <Value className="java.lang.String">space</Value>
            </Feature>
        </Annotation>
        <Annotation Id="1200" Type="Token" StartNode="3068" EndNode="3076">
            <Feature>
                <Name className="java.lang.String">length</Name>
                <Value className="java.lang.String">8</Value>
            </Feature>
            <Feature>
                <Name className="java.lang.String">orth</Name>
                <Value className="java.lang.String">lowercase</Value>
            </Feature>
            <Feature>
                <Name className="java.lang.String">string</Name>
                <Value className="java.lang.String">language</Value>
            </Feature>
            <Feature>
                <Name className="java.lang.String">category</Name>
                <Value className="java.lang.String">NN</Value>
            </Feature>
            <Feature>
                <Name className="java.lang.String">kind</Name>
                <Value className="java.lang.String">word</Value>
            </Feature>
        </Annotation>
        <Annotation Id="1201" Type="Token" StartNode="3076" EndNode="3077">
            <Feature>
                <Name className="java.lang.String">length</Name>
                <Value className="java.lang.String">1</Value>
            </Feature>
            <Feature>
                <Name className="java.lang.String">string</Name>
                <Value className="java.lang.String">,</Value>
            </Feature>
            <Feature>
                <Name className="java.lang.String">category</Name>
                <Value className="java.lang.String">,</Value>
            </Feature>
            <Feature>
                <Name className="java.lang.String">kind</Name>
                <Value className="java.lang.String">punctuation</Value>
            </Feature>
        </Annotation>
        <Annotation Id="1202" Type="SpaceToken" StartNode="3077" EndNode="3078">
            <Feature>
                <Name className="java.lang.String">string</Name>
                <Value className="java.lang.String"></Value>
            </Feature>
            <Feature>
                <Name className="java.lang.String">length</Name>
                <Value className="java.lang.String">1</Value>
            </Feature>
            <Feature>
                <Name className="java.lang.String">kind</Name>
                <Value className="java.lang.String">space</Value>
            </Feature>
        </Annotation>
        <Annotation Id="1203" Type="Token" StartNode="3078" EndNode="3086">
            <Feature>
                <Name className="java.lang.String">length</Name>
                <Value className="java.lang.String">8</Value>
            </Feature>
            <Feature>
                <Name className="java.lang.String">orth</Name>
                <Value className="java.lang.String">lowercase</Value>
            </Feature>
            <Feature>
                <Name className="java.lang.String">string</Name>
                <Value className="java.lang.String">snatches</Value>
            </Feature>
            <Feature>
                <Name className="java.lang.String">category</Name>
                <Value className="java.lang.String">NNS</Value>
            </Feature>
            <Feature>
                <Name className="java.lang.String">kind</Name>
                <Value className="java.lang.String">word</Value>
            </Feature>
        </Annotation>
        <Annotation Id="1204" Type="SpaceToken" StartNode="3086" EndNode="3087">
            <Feature>
                <Name className="java.lang.String">string</Name>
                <Value className="java.lang.String"></Value>
            </Feature>
            <Feature>
                <Name className="java.lang.String">length</Name>
                <Value className="java.lang.String">1</Value>
            </Feature>
            <Feature>
                <Name className="java.lang.String">kind</Name>
                <Value className="java.lang.String">space</Value>
            </Feature>
        </Annotation>
        <Annotation Id="1205" Type="Token" StartNode="3087" EndNode="3089">
            <Feature>
                <Name className="java.lang.String">length</Name>
                <Value className="java.lang.String">2</Value>
            </Feature>
            <Feature>
                <Name className="java.lang.String">orth</Name>
                <Value className="java.lang.String">lowercase</Value>
            </Feature>
            <Feature>
                <Name className="java.lang.String">string</Name>
                <Value className="java.lang.String">of</Value>
            </Feature>
            <Feature>
                <Name className="java.lang.String">category</Name>
                <Value className="java.lang.String">IN</Value>
            </Feature>
            <Feature>
                <Name className="java.lang.String">kind</Name>
                <Value className="java.lang.String">word</Value>
            </Feature>
        </Annotation>
        <Annotation Id="1206" Type="SpaceToken" StartNode="3089" EndNode="3090">
            <Feature>
                <Name className="java.lang.String">string</Name>
                <Value className="java.lang.String"></Value>
            </Feature>
            <Feature>
                <Name className="java.lang.String">length</Name>
                <Value className="java.lang.String">1</Value>
            </Feature>
            <Feature>
                <Name className="java.lang.String">kind</Name>
                <Value className="java.lang.String">space</Value>
            </Feature>
        </Annotation>
        <Annotation Id="1207" Type="Token" StartNode="3090" EndNode="3094">
            <Feature>
                <Name className="java.lang.String">length</Name>
                <Value className="java.lang.String">4</Value>
            </Feature>
            <Feature>
                <Name className="java.lang.String">orth</Name>
                <Value className="java.lang.String">lowercase</Value>
            </Feature>
            <Feature>
                <Name className="java.lang.String">string</Name>
                <Value className="java.lang.String">song</Value>
            </Feature>
            <Feature>
                <Name className="java.lang.String">category</Name>
                <Value className="java.lang.String">NN</Value>
            </Feature>
            <Feature>
                <Name className="java.lang.String">kind</Name>
                <Value className="java.lang.String">word</Value>
            </Feature>
        </Annotation>
        <Annotation Id="1208" Type="Token" StartNode="3094" EndNode="3095">
            <Feature>
                <Name className="java.lang.String">length</Name>
                <Value className="java.lang.String">1</Value>
            </Feature>
            <Feature>
                <Name className="java.lang.String">string</Name>
                <Value className="java.lang.String">,</Value>
            </Feature>
            <Feature>
                <Name className="java.lang.String">category</Name>
                <Value className="java.lang.String">,</Value>
            </Feature>
            <Feature>
                <Name className="java.lang.String">kind</Name>
                <Value className="java.lang.String">punctuation</Value>
            </Feature>
        </Annotation>
        <Annotation Id="1209" Type="SpaceToken" StartNode="3095" EndNode="3096">
            <Feature>
                <Name className="java.lang.String">string</Name>
                <Value className="java.lang.String"></Value>
            </Feature>
            <Feature>
                <Name className="java.lang.String">length</Name>
                <Value className="java.lang.String">1</Value>
            </Feature>
            <Feature>
                <Name className="java.lang.String">kind</Name>
                <Value className="java.lang.String">space</Value>
            </Feature>
        </Annotation>
        <Annotation Id="1210" Type="Token" StartNode="3096" EndNode="3099">
            <Feature>
                <Name className="java.lang.String">length</Name>
                <Value className="java.lang.String">3</Value>
            </Feature>
            <Feature>
                <Name className="java.lang.String">orth</Name>
                <Value className="java.lang.String">lowercase</Value>
            </Feature>
            <Feature>
                <Name className="java.lang.String">string</Name>
                <Value className="java.lang.String">and</Value>
            </Feature>
            <Feature>
                <Name className="java.lang.String">category</Name>
                <Value className="java.lang.String">CC</Value>
            </Feature>
            <Feature>
                <Name className="java.lang.String">kind</Name>
                <Value className="java.lang.String">word</Value>
            </Feature>
        </Annotation>
        <Annotation Id="1211" Type="SpaceToken" StartNode="3099" EndNode="3100">
            <Feature>
                <Name className="java.lang.String">string</Name>
                <Value className="java.lang.String"></Value>
            </Feature>
            <Feature>
                <Name className="java.lang.String">length</Name>
                <Value className="java.lang.String">1</Value>
            </Feature>
            <Feature>
                <Name className="java.lang.String">kind</Name>
                <Value className="java.lang.String">space</Value>
            </Feature>
        </Annotation>
        <Annotation Id="1212" Type="Token" StartNode="3100" EndNode="3108">
            <Feature>
                <Name className="java.lang.String">length</Name>
                <Value className="java.lang.String">8</Value>
            </Feature>
            <Feature>
                <Name className="java.lang.String">orth</Name>
                <Value className="java.lang.String">lowercase</Value>
            </Feature>
            <Feature>
                <Name className="java.lang.String">string</Name>
                <Value className="java.lang.String">proverbs</Value>
            </Feature>
            <Feature>
                <Name className="java.lang.String">category</Name>
                <Value className="java.lang.String">NNS</Value>
            </Feature>
            <Feature>
                <Name className="java.lang.String">kind</Name>
                <Value className="java.lang.String">word</Value>
            </Feature>
        </Annotation>
        <Annotation Id="1213" Type="Token" StartNode="3108" EndNode="3109">
            <Feature>
                <Name className="java.lang.String">length</Name>
                <Value className="java.lang.String">1</Value>
            </Feature>
            <Feature>
                <Name className="java.lang.String">string</Name>
                <Value className="java.lang.String">.</Value>
            </Feature>
            <Feature>
                <Name className="java.lang.String">category</Name>
                <Value className="java.lang.String">.</Value>
            </Feature>
            <Feature>
                <Name className="java.lang.String">kind</Name>
                <Value className="java.lang.String">punctuation</Value>
            </Feature>
        </Annotation>
        <Annotation Id="1214" Type="SpaceToken" StartNode="3109" EndNode="3110">
            <Feature>
                <Name className="java.lang.String">string</Name>
                <Value className="java.lang.String"></Value>
            </Feature>
            <Feature>
                <Name className="java.lang.String">length</Name>
                <Value className="java.lang.String">1</Value>
            </Feature>
            <Feature>
                <Name className="java.lang.String">kind</Name>
                <Value className="java.lang.String">space</Value>
            </Feature>
        </Annotation>
        <Annotation Id="1215" Type="Token" StartNode="3110" EndNode="3113">
            <Feature>
                <Name className="java.lang.String">length</Name>
                <Value className="java.lang.String">3</Value>
            </Feature>
            <Feature>
                <Name className="java.lang.String">orth</Name>
                <Value className="java.lang.String">upperInitial</Value>
            </Feature>
            <Feature>
                <Name className="java.lang.String">string</Name>
                <Value className="java.lang.String">The</Value>
            </Feature>
            <Feature>
                <Name className="java.lang.String">category</Name>
                <Value className="java.lang.String">DT</Value>
            </Feature>
            <Feature>
                <Name className="java.lang.String">kind</Name>
                <Value className="java.lang.String">word</Value>
            </Feature>
        </Annotation>
        <Annotation Id="1216" Type="SpaceToken" StartNode="3113" EndNode="3114">
            <Feature>
                <Name className="java.lang.String">string</Name>
                <Value className="java.lang.String"></Value>
            </Feature>
            <Feature>
                <Name className="java.lang.String">length</Name>
                <Value className="java.lang.String">1</Value>
            </Feature>
            <Feature>
                <Name className="java.lang.String">kind</Name>
                <Value className="java.lang.String">space</Value>
            </Feature>
        </Annotation>
        <Annotation Id="1217" Type="Token" StartNode="3114" EndNode="3117">
            <Feature>
                <Name className="java.lang.String">length</Name>
                <Value className="java.lang.String">3</Value>
            </Feature>
            <Feature>
                <Name className="java.lang.String">orth</Name>
                <Value className="java.lang.String">lowercase</Value>
            </Feature>
            <Feature>
                <Name className="java.lang.String">string</Name>
                <Value className="java.lang.String">new</Value>
            </Feature>
            <Feature>
                <Name className="java.lang.String">category</Name>
                <Value className="java.lang.String">JJ</Value>
            </Feature>
            <Feature>
                <Name className="java.lang.String">kind</Name>
                <Value className="java.lang.String">word</Value>
            </Feature>
        </Annotation>
        <Annotation Id="1218" Type="SpaceToken" StartNode="3117" EndNode="3118">
            <Feature>
                <Name className="java.lang.String">string</Name>
                <Value className="java.lang.String"></Value>
            </Feature>
            <Feature>
                <Name className="java.lang.String">length</Name>
                <Value className="java.lang.String">1</Value>
            </Feature>
            <Feature>
                <Name className="java.lang.String">kind</Name>
                <Value className="java.lang.String">space</Value>
            </Feature>
        </Annotation>
        <Annotation Id="1219" Type="Token" StartNode="3118" EndNode="3124">
            <Feature>
                <Name className="java.lang.String">length</Name>
                <Value className="java.lang.String">6</Value>
            </Feature>
            <Feature>
                <Name className="java.lang.String">orth</Name>
                <Value className="java.lang.String">lowercase</Value>
            </Feature>
            <Feature>
                <Name className="java.lang.String">string</Name>
                <Value className="java.lang.String">parson</Value>
            </Feature>
            <Feature>
                <Name className="java.lang.String">category</Name>
                <Value className="java.lang.String">NN</Value>
            </Feature>
            <Feature>
                <Name className="java.lang.String">kind</Name>
                <Value className="java.lang.String">word</Value>
            </Feature>
        </Annotation>
        <Annotation Id="1220" Type="Token" StartNode="3124" EndNode="3125">
            <Feature>
                <Name className="java.lang.String">length</Name>
                <Value className="java.lang.String">1</Value>
            </Feature>
            <Feature>
                <Name className="java.lang.String">string</Name>
                <Value className="java.lang.String">,</Value>
            </Feature>
            <Feature>
                <Name className="java.lang.String">category</Name>
                <Value className="java.lang.String">,</Value>
            </Feature>
            <Feature>
                <Name className="java.lang.String">kind</Name>
                <Value className="java.lang.String">punctuation</Value>
            </Feature>
        </Annotation>
        <Annotation Id="1221" Type="SpaceToken" StartNode="3125" EndNode="3126">
            <Feature>
                <Name className="java.lang.String">string</Name>
                <Value className="java.lang.String"></Value>
            </Feature>
            <Feature>
                <Name className="java.lang.String">length</Name>
                <Value className="java.lang.String">1</Value>
            </Feature>
            <Feature>
                <Name className="java.lang.String">kind</Name>
                <Value className="java.lang.String">space</Value>
            </Feature>
        </Annotation>
        <Annotation Id="1222" Type="Token" StartNode="3126" EndNode="3132">
            <Feature>
                <Name className="java.lang.String">length</Name>
                <Value className="java.lang.String">6</Value>
            </Feature>
            <Feature>
                <Name className="java.lang.String">orth</Name>
                <Value className="java.lang.String">lowercase</Value>
            </Feature>
            <Feature>
                <Name className="java.lang.String">string</Name>
                <Value className="java.lang.String">rather</Value>
            </Feature>
            <Feature>
                <Name className="java.lang.String">category</Name>
                <Value className="java.lang.String">RB</Value>
            </Feature>
            <Feature>
                <Name className="java.lang.String">kind</Name>
                <Value className="java.lang.String">word</Value>
            </Feature>
        </Annotation>
        <Annotation Id="1223" Type="SpaceToken" StartNode="3132" EndNode="3133">
            <Feature>
                <Name className="java.lang.String">string</Name>
                <Value className="java.lang.String"></Value>
            </Feature>
            <Feature>
                <Name className="java.lang.String">length</Name>
                <Value className="java.lang.String">1</Value>
            </Feature>
            <Feature>
                <Name className="java.lang.String">kind</Name>
                <Value className="java.lang.String">space</Value>
            </Feature>
        </Annotation>
        <Annotation Id="1224" Type="Token" StartNode="3133" EndNode="3137">
            <Feature>
                <Name className="java.lang.String">length</Name>
                <Value className="java.lang.String">4</Value>
            </Feature>
            <Feature>
                <Name className="java.lang.String">orth</Name>
                <Value className="java.lang.String">lowercase</Value>
            </Feature>
            <Feature>
                <Name className="java.lang.String">string</Name>
                <Value className="java.lang.String">than</Value>
            </Feature>
            <Feature>
                <Name className="java.lang.String">category</Name>
                <Value className="java.lang.String">IN</Value>
            </Feature>
            <Feature>
                <Name className="java.lang.String">kind</Name>
                <Value className="java.lang.String">word</Value>
            </Feature>
        </Annotation>
        <Annotation Id="1225" Type="SpaceToken" StartNode="3137" EndNode="3138">
            <Feature>
                <Name className="java.lang.String">string</Name>
                <Value className="java.lang.String"></Value>
            </Feature>
            <Feature>
                <Name className="java.lang.String">length</Name>
                <Value className="java.lang.String">1</Value>
            </Feature>
            <Feature>
                <Name className="java.lang.String">kind</Name>
                <Value className="java.lang.String">space</Value>
            </Feature>
        </Annotation>
        <Annotation Id="1226" Type="Token" StartNode="3138" EndNode="3145">
            <Feature>
                <Name className="java.lang.String">length</Name>
                <Value className="java.lang.String">7</Value>
            </Feature>
            <Feature>
                <Name className="java.lang.String">orth</Name>
                <Value className="java.lang.String">lowercase</Value>
            </Feature>
            <Feature>
                <Name className="java.lang.String">string</Name>
                <Value className="java.lang.String">reading</Value>
            </Feature>
            <Feature>
                <Name className="java.lang.String">category</Name>
                <Value className="java.lang.String">VBG</Value>
            </Feature>
            <Feature>
                <Name className="java.lang.String">kind</Name>
                <Value className="java.lang.String">word</Value>
            </Feature>
        </Annotation>
        <Annotation Id="1227" Type="SpaceToken" StartNode="3145" EndNode="3146">
            <Feature>
                <Name className="java.lang.String">string</Name>
                <Value className="java.lang.String"></Value>
            </Feature>
            <Feature>
                <Name className="java.lang.String">length</Name>
                <Value className="java.lang.String">1</Value>
            </Feature>
            <Feature>
                <Name className="java.lang.String">kind</Name>
                <Value className="java.lang.String">space</Value>
            </Feature>
        </Annotation>
        <Annotation Id="1228" Type="Token" StartNode="3146" EndNode="3149">
            <Feature>
                <Name className="java.lang.String">length</Name>
                <Value className="java.lang.String">3</Value>
            </Feature>
            <Feature>
                <Name className="java.lang.String">orth</Name>
                <Value className="java.lang.String">lowercase</Value>
            </Feature>
            <Feature>
                <Name className="java.lang.String">string</Name>
                <Value className="java.lang.String">the</Value>
            </Feature>
            <Feature>
                <Name className="java.lang.String">category</Name>
                <Value className="java.lang.String">DT</Value>
            </Feature>
            <Feature>
                <Name className="java.lang.String">kind</Name>
                <Value className="java.lang.String">word</Value>
            </Feature>
        </Annotation>
        <Annotation Id="1229" Type="SpaceToken" StartNode="3149" EndNode="3150">
            <Feature>
                <Name className="java.lang.String">string</Name>
                <Value className="java.lang.String"></Value>
            </Feature>
            <Feature>
                <Name className="java.lang.String">length</Name>
                <Value className="java.lang.String">1</Value>
            </Feature>
            <Feature>
                <Name className="java.lang.String">kind</Name>
                <Value className="java.lang.String">space</Value>
            </Feature>
        </Annotation>
        <Annotation Id="1230" Type="Token" StartNode="3150" EndNode="3155">
            <Feature>
                <Name className="java.lang.String">length</Name>
                <Value className="java.lang.String">5</Value>
            </Feature>
            <Feature>
                <Name className="java.lang.String">orth</Name>
                <Value className="java.lang.String">upperInitial</Value>
            </Feature>
            <Feature>
                <Name className="java.lang.String">string</Name>
                <Value className="java.lang.String">Bible</Value>
            </Feature>
            <Feature>
                <Name className="java.lang.String">category</Name>
                <Value className="java.lang.String">NNP</Value>
            </Feature>
            <Feature>
                <Name className="java.lang.String">kind</Name>
                <Value className="java.lang.String">word</Value>
            </Feature>
        </Annotation>
        <Annotation Id="1231" Type="Token" StartNode="3155" EndNode="3156">
            <Feature>
                <Name className="java.lang.String">length</Name>
                <Value className="java.lang.String">1</Value>
            </Feature>
            <Feature>
                <Name className="java.lang.String">string</Name>
                <Value className="java.lang.String">,</Value>
            </Feature>
            <Feature>
                <Name className="java.lang.String">category</Name>
                <Value className="java.lang.String">,</Value>
            </Feature>
            <Feature>
                <Name className="java.lang.String">kind</Name>
                <Value className="java.lang.String">punctuation</Value>
            </Feature>
        </Annotation>
        <Annotation Id="1232" Type="SpaceToken" StartNode="3156" EndNode="3157">
            <Feature>
                <Name className="java.lang.String">string</Name>
                <Value className="java.lang.String"></Value>
            </Feature>
            <Feature>
                <Name className="java.lang.String">length</Name>
                <Value className="java.lang.String">1</Value>
            </Feature>
            <Feature>
                <Name className="java.lang.String">kind</Name>
                <Value className="java.lang.String">space</Value>
            </Feature>
        </Annotation>
        <Annotation Id="1233" Type="Token" StartNode="3157" EndNode="3158">
            <Feature>
                <Name className="java.lang.String">length</Name>
                <Value className="java.lang.String">1</Value>
            </Feature>
            <Feature>
                <Name className="java.lang.String">string</Name>
                <Value className="java.lang.String">"</Value>
            </Feature>
            <Feature>
                <Name className="java.lang.String">category</Name>
                <Value className="java.lang.String">''</Value>
            </Feature>
            <Feature>
                <Name className="java.lang.String">kind</Name>
                <Value className="java.lang.String">punctuation</Value>
            </Feature>
        </Annotation>
        <Annotation Id="1234" Type="Token" StartNode="3158" EndNode="3161">
            <Feature>
                <Name className="java.lang.String">length</Name>
                <Value className="java.lang.String">3</Value>
            </Feature>
            <Feature>
                <Name className="java.lang.String">orth</Name>
                <Value className="java.lang.String">lowercase</Value>
            </Feature>
            <Feature>
                <Name className="java.lang.String">string</Name>
                <Value className="java.lang.String">rat</Value>
            </Feature>
            <Feature>
                <Name className="java.lang.String">category</Name>
                <Value className="java.lang.String">NN</Value>
            </Feature>
            <Feature>
                <Name className="java.lang.String">kind</Name>
                <Value className="java.lang.String">word</Value>
            </Feature>
        </Annotation>
        <Annotation Id="1235" Type="SpaceToken" StartNode="3161" EndNode="3162">
            <Feature>
                <Name className="java.lang.String">string</Name>
                <Value className="java.lang.String"></Value>
            </Feature>
            <Feature>
                <Name className="java.lang.String">length</Name>
                <Value className="java.lang.String">1</Value>
            </Feature>
            <Feature>
                <Name className="java.lang.String">kind</Name>
                <Value className="java.lang.String">space</Value>
            </Feature>
        </Annotation>
        <Annotation Id="1236" Type="Token" StartNode="3162" EndNode="3164">
            <Feature>
                <Name className="java.lang.String">length</Name>
                <Value className="java.lang.String">2</Value>
            </Feature>
            <Feature>
                <Name className="java.lang.String">orth</Name>
                <Value className="java.lang.String">lowercase</Value>
            </Feature>
            <Feature>
                <Name className="java.lang.String">string</Name>
                <Value className="java.lang.String">on</Value>
            </Feature>
            <Feature>
                <Name className="java.lang.String">category</Name>
                <Value className="java.lang.String">IN</Value>
            </Feature>
            <Feature>
                <Name className="java.lang.String">kind</Name>
                <Value className="java.lang.String">word</Value>
            </Feature>
        </Annotation>
        <Annotation Id="1237" Type="SpaceToken" StartNode="3164" EndNode="3165">
            <Feature>
                <Name className="java.lang.String">string</Name>
                <Value className="java.lang.String"></Value>
            </Feature>
            <Feature>
                <Name className="java.lang.String">length</Name>
                <Value className="java.lang.String">1</Value>
            </Feature>
            <Feature>
                <Name className="java.lang.String">kind</Name>
                <Value className="java.lang.String">space</Value>
            </Feature>
        </Annotation>
        <Annotation Id="1238" Type="Token" StartNode="3165" EndNode="3168">
            <Feature>
                <Name className="java.lang.String">length</Name>
                <Value className="java.lang.String">3</Value>
            </Feature>
            <Feature>
                <Name className="java.lang.String">orth</Name>
                <Value className="java.lang.String">lowercase</Value>
            </Feature>
            <Feature>
                <Name className="java.lang.String">string</Name>
                <Value className="java.lang.String">the</Value>
            </Feature>
            <Feature>
                <Name className="java.lang.String">category</Name>
                <Value className="java.lang.String">DT</Value>
            </Feature>
            <Feature>
                <Name className="java.lang.String">kind</Name>
                <Value className="java.lang.String">word</Value>
            </Feature>
        </Annotation>
        <Annotation Id="1239" Type="SpaceToken" StartNode="3168" EndNode="3169">
            <Feature>
                <Name className="java.lang.String">string</Name>
                <Value className="java.lang.String"></Value>
            </Feature>
            <Feature>
                <Name className="java.lang.String">length</Name>
                <Value className="java.lang.String">1</Value>
            </Feature>
            <Feature>
                <Name className="java.lang.String">kind</Name>
                <Value className="java.lang.String">space</Value>
            </Feature>
        </Annotation>
        <Annotation Id="1240" Type="Token" StartNode="3169" EndNode="3180">
            <Feature>
                <Name className="java.lang.String">length</Name>
                <Value className="java.lang.String">11</Value>
            </Feature>
            <Feature>
                <Name className="java.lang.String">orth</Name>
                <Value className="java.lang.String">lowercase</Value>
            </Feature>
            <Feature>
                <Name className="java.lang.String">string</Name>
                <Value className="java.lang.String">rouwe-bible</Value>
            </Feature>
            <Feature>
                <Name className="java.lang.String">category</Name>
                <Value className="java.lang.String">JJ</Value>
            </Feature>
            <Feature>
                <Name className="java.lang.String">kind</Name>
                <Value className="java.lang.String">word</Value>
            </Feature>
        </Annotation>
        <Annotation Id="1241" Type="Token" StartNode="3180" EndNode="3181">
            <Feature>
                <Name className="java.lang.String">length</Name>
                <Value className="java.lang.String">1</Value>
            </Feature>
            <Feature>
                <Name className="java.lang.String">string</Name>
                <Value className="java.lang.String">"</Value>
            </Feature>
            <Feature>
                <Name className="java.lang.String">category</Name>
                <Value className="java.lang.String">''</Value>
            </Feature>
            <Feature>
                <Name className="java.lang.String">kind</Name>
                <Value className="java.lang.String">punctuation</Value>
            </Feature>
        </Annotation>
        <Annotation Id="1242" Type="SpaceToken" StartNode="3181" EndNode="3182">
            <Feature>
                <Name className="java.lang.String">string</Name>
                <Value className="java.lang.String"></Value>
            </Feature>
            <Feature>
                <Name className="java.lang.String">length</Name>
                <Value className="java.lang.String">1</Value>
            </Feature>
            <Feature>
                <Name className="java.lang.String">kind</Name>
                <Value className="java.lang.String">space</Value>
            </Feature>
        </Annotation>
        <Annotation Id="1243" Type="Token" StartNode="3182" EndNode="3183">
            <Feature>
                <Name className="java.lang.String">length</Name>
                <Value className="java.lang.String">1</Value>
            </Feature>
            <Feature>
                <Name className="java.lang.String">position</Name>
                <Value className="java.lang.String">startpunct</Value>
            </Feature>
            <Feature>
                <Name className="java.lang.String">string</Name>
                <Value className="java.lang.String">(</Value>
            </Feature>
            <Feature>
                <Name className="java.lang.String">category</Name>
                <Value className="java.lang.String">(</Value>
            </Feature>
            <Feature>
                <Name className="java.lang.String">kind</Name>
                <Value className="java.lang.String">punctuation</Value>
            </Feature>
        </Annotation>
        <Annotation Id="1244" Type="Token" StartNode="3183" EndNode="3184">
            <Feature>
                <Name className="java.lang.String">length</Name>
                <Value className="java.lang.String">1</Value>
            </Feature>
            <Feature>
                <Name className="java.lang.String">string</Name>
                <Value className="java.lang.String">"</Value>
            </Feature>
            <Feature>
                <Name className="java.lang.String">category</Name>
                <Value className="java.lang.String">''</Value>
            </Feature>
            <Feature>
                <Name className="java.lang.String">kind</Name>
                <Value className="java.lang.String">punctuation</Value>
            </Feature>
        </Annotation>
        <Annotation Id="1245" Type="Token" StartNode="3184" EndNode="3189">
            <Feature>
                <Name className="java.lang.String">length</Name>
                <Value className="java.lang.String">5</Value>
            </Feature>
            <Feature>
                <Name className="java.lang.String">orth</Name>
                <Value className="java.lang.String">lowercase</Value>
            </Feature>
            <Feature>
                <Name className="java.lang.String">string</Name>
                <Value className="java.lang.String">reads</Value>
            </Feature>
            <Feature>
                <Name className="java.lang.String">category</Name>
                <Value className="java.lang.String">VBZ</Value>
            </Feature>
            <Feature>
                <Name className="java.lang.String">kind</Name>
                <Value className="java.lang.String">word</Value>
            </Feature>
        </Annotation>
        <Annotation Id="1246" Type="Token" StartNode="3189" EndNode="3190">
            <Feature>
                <Name className="java.lang.String">length</Name>
                <Value className="java.lang.String">1</Value>
            </Feature>
            <Feature>
                <Name className="java.lang.String">string</Name>
                <Value className="java.lang.String">"</Value>
            </Feature>
            <Feature>
                <Name className="java.lang.String">category</Name>
                <Value className="java.lang.String">''</Value>
            </Feature>
            <Feature>
                <Name className="java.lang.String">kind</Name>
                <Value className="java.lang.String">punctuation</Value>
            </Feature>
        </Annotation>
        <Annotation Id="1247" Type="SpaceToken" StartNode="3190" EndNode="3191">
            <Feature>
                <Name className="java.lang.String">string</Name>
                <Value className="java.lang.String"></Value>
            </Feature>
            <Feature>
                <Name className="java.lang.String">length</Name>
                <Value className="java.lang.String">1</Value>
            </Feature>
            <Feature>
                <Name className="java.lang.String">kind</Name>
                <Value className="java.lang.String">space</Value>
            </Feature>
        </Annotation>
        <Annotation Id="1248" Type="Token" StartNode="3191" EndNode="3194">
            <Feature>
                <Name className="java.lang.String">length</Name>
                <Value className="java.lang.String">3</Value>
            </Feature>
            <Feature>
                <Name className="java.lang.String">orth</Name>
                <Value className="java.lang.String">lowercase</Value>
            </Feature>
            <Feature>
                <Name className="java.lang.String">string</Name>
                <Value className="java.lang.String">the</Value>
            </Feature>
            <Feature>
                <Name className="java.lang.String">category</Name>
                <Value className="java.lang.String">DT</Value>
            </Feature>
            <Feature>
                <Name className="java.lang.String">kind</Name>
                <Value className="java.lang.String">word</Value>
            </Feature>
        </Annotation>
        <Annotation Id="1249" Type="SpaceToken" StartNode="3194" EndNode="3195">
            <Feature>
                <Name className="java.lang.String">string</Name>
                <Value className="java.lang.String"></Value>
            </Feature>
            <Feature>
                <Name className="java.lang.String">length</Name>
                <Value className="java.lang.String">1</Value>
            </Feature>
            <Feature>
                <Name className="java.lang.String">kind</Name>
                <Value className="java.lang.String">space</Value>
            </Feature>
        </Annotation>
        <Annotation Id="1250" Type="Token" StartNode="3195" EndNode="3201">
            <Feature>
                <Name className="java.lang.String">length</Name>
                <Value className="java.lang.String">6</Value>
            </Feature>
            <Feature>
                <Name className="java.lang.String">orth</Name>
                <Value className="java.lang.String">lowercase</Value>
            </Feature>
            <Feature>
                <Name className="java.lang.String">string</Name>
                <Value className="java.lang.String">fiddle</Value>
            </Feature>
            <Feature>
                <Name className="java.lang.String">category</Name>
                <Value className="java.lang.String">NN</Value>
            </Feature>
            <Feature>
                <Name className="java.lang.String">kind</Name>
                <Value className="java.lang.String">word</Value>
            </Feature>
        </Annotation>
        <Annotation Id="1251" Type="SpaceToken" StartNode="3201" EndNode="3202">
            <Feature>
                <Name className="java.lang.String">string</Name>
                <Value className="java.lang.String"></Value>
            </Feature>
            <Feature>
                <Name className="java.lang.String">length</Name>
                <Value className="java.lang.String">1</Value>
            </Feature>
            <Feature>
                <Name className="java.lang.String">kind</Name>
                <Value className="java.lang.String">space</Value>
            </Feature>
        </Annotation>
        <Annotation Id="1252" Type="Token" StartNode="3202" EndNode="3203">
            <Feature>
                <Name className="java.lang.String">length</Name>
                <Value className="java.lang.String">1</Value>
            </Feature>
            <Feature>
                <Name className="java.lang.String">position</Name>
                <Value className="java.lang.String">startpunct</Value>
            </Feature>
            <Feature>
                <Name className="java.lang.String">string</Name>
                <Value className="java.lang.String">[</Value>
            </Feature>
            <Feature>
                <Name className="java.lang.String">category</Name>
                <Value className="java.lang.String">NN</Value>
            </Feature>
            <Feature>
                <Name className="java.lang.String">kind</Name>
                <Value className="java.lang.String">punctuation</Value>
            </Feature>
        </Annotation>
        <Annotation Id="1253" Type="Token" StartNode="3203" EndNode="3207">
            <Feature>
                <Name className="java.lang.String">length</Name>
                <Value className="java.lang.String">4</Value>
            </Feature>
            <Feature>
                <Name className="java.lang.String">orth</Name>
                <Value className="java.lang.String">lowercase</Value>
            </Feature>
            <Feature>
                <Name className="java.lang.String">string</Name>
                <Value className="java.lang.String">line</Value>
            </Feature>
            <Feature>
                <Name className="java.lang.String">category</Name>
                <Value className="java.lang.String">NN</Value>
            </Feature>
            <Feature>
                <Name className="java.lang.String">kind</Name>
                <Value className="java.lang.String">word</Value>
            </Feature>
        </Annotation>
        <Annotation Id="1254" Type="SpaceToken" StartNode="3207" EndNode="3208">
            <Feature>
                <Name className="java.lang.String">string</Name>
                <Value className="java.lang.String"></Value>
            </Feature>
            <Feature>
                <Name className="java.lang.String">length</Name>
                <Value className="java.lang.String">1</Value>
            </Feature>
            <Feature>
                <Name className="java.lang.String">kind</Name>
                <Value className="java.lang.String">space</Value>
            </Feature>
        </Annotation>
        <Annotation Id="1255" Type="Token" StartNode="3208" EndNode="3210">
            <Feature>
                <Name className="java.lang.String">length</Name>
                <Value className="java.lang.String">2</Value>
            </Feature>
            <Feature>
                <Name className="java.lang.String">string</Name>
                <Value className="java.lang.String">88</Value>
            </Feature>
            <Feature>
                <Name className="java.lang.String">category</Name>
                <Value className="java.lang.String">CD</Value>
            </Feature>
            <Feature>
                <Name className="java.lang.String">kind</Name>
                <Value className="java.lang.String">number</Value>
            </Feature>
        </Annotation>
        <Annotation Id="1256" Type="Token" StartNode="3210" EndNode="3211">
            <Feature>
                <Name className="java.lang.String">length</Name>
                <Value className="java.lang.String">1</Value>
            </Feature>
            <Feature>
                <Name className="java.lang.String">position</Name>
                <Value className="java.lang.String">endpunct</Value>
            </Feature>
            <Feature>
                <Name className="java.lang.String">string</Name>
                <Value className="java.lang.String">]</Value>
            </Feature>
            <Feature>
                <Name className="java.lang.String">category</Name>
                <Value className="java.lang.String">NN</Value>
            </Feature>
            <Feature>
                <Name className="java.lang.String">kind</Name>
                <Value className="java.lang.String">punctuation</Value>
            </Feature>
        </Annotation>
        <Annotation Id="1257" Type="Token" StartNode="3211" EndNode="3212">
            <Feature>
                <Name className="java.lang.String">length</Name>
                <Value className="java.lang.String">1</Value>
            </Feature>
            <Feature>
                <Name className="java.lang.String">position</Name>
                <Value className="java.lang.String">endpunct</Value>
            </Feature>
            <Feature>
                <Name className="java.lang.String">string</Name>
                <Value className="java.lang.String">)</Value>
            </Feature>
            <Feature>
                <Name className="java.lang.String">category</Name>
                <Value className="java.lang.String">)</Value>
            </Feature>
            <Feature>
                <Name className="java.lang.String">kind</Name>
                <Value className="java.lang.String">punctuation</Value>
            </Feature>
        </Annotation>
        <Annotation Id="1258" Type="Token" StartNode="3212" EndNode="3213">
            <Feature>
                <Name className="java.lang.String">length</Name>
                <Value className="java.lang.String">1</Value>
            </Feature>
            <Feature>
                <Name className="java.lang.String">string</Name>
                <Value className="java.lang.String">;</Value>
            </Feature>
            <Feature>
                <Name className="java.lang.String">category</Name>
                <Value className="java.lang.String">:</Value>
            </Feature>
            <Feature>
                <Name className="java.lang.String">kind</Name>
                <Value className="java.lang.String">punctuation</Value>
            </Feature>
        </Annotation>
        <Annotation Id="1259" Type="SpaceToken" StartNode="3213" EndNode="3214">
            <Feature>
                <Name className="java.lang.String">string</Name>
                <Value className="java.lang.String"></Value>
            </Feature>
            <Feature>
                <Name className="java.lang.String">length</Name>
                <Value className="java.lang.String">1</Value>
            </Feature>
            <Feature>
                <Name className="java.lang.String">kind</Name>
                <Value className="java.lang.String">space</Value>
            </Feature>
        </Annotation>
        <Annotation Id="1260" Type="Token" StartNode="3214" EndNode="3216">
            <Feature>
                <Name className="java.lang.String">length</Name>
                <Value className="java.lang.String">2</Value>
            </Feature>
            <Feature>
                <Name className="java.lang.String">orth</Name>
                <Value className="java.lang.String">lowercase</Value>
            </Feature>
            <Feature>
                <Name className="java.lang.String">string</Name>
                <Value className="java.lang.String">he</Value>
            </Feature>
            <Feature>
                <Name className="java.lang.String">category</Name>
                <Value className="java.lang.String">PRP</Value>
            </Feature>
            <Feature>
                <Name className="java.lang.String">kind</Name>
                <Value className="java.lang.String">word</Value>
            </Feature>
        </Annotation>
        <Annotation Id="1261" Type="SpaceToken" StartNode="3216" EndNode="3217">
            <Feature>
                <Name className="java.lang.String">string</Name>
                <Value className="java.lang.String"></Value>
            </Feature>
            <Feature>
                <Name className="java.lang.String">length</Name>
                <Value className="java.lang.String">1</Value>
            </Feature>
            <Feature>
                <Name className="java.lang.String">kind</Name>
                <Value className="java.lang.String">space</Value>
            </Feature>
        </Annotation>
        <Annotation Id="1262" Type="Token" StartNode="3217" EndNode="3221">
            <Feature>
                <Name className="java.lang.String">length</Name>
                <Value className="java.lang.String">4</Value>
            </Feature>
            <Feature>
                <Name className="java.lang.String">orth</Name>
                <Value className="java.lang.String">lowercase</Value>
            </Feature>
            <Feature>
                <Name className="java.lang.String">string</Name>
                <Value className="java.lang.String">will</Value>
            </Feature>
            <Feature>
                <Name className="java.lang.String">category</Name>
                <Value className="java.lang.String">MD</Value>
            </Feature>
            <Feature>
                <Name className="java.lang.String">kind</Name>
                <Value className="java.lang.String">word</Value>
            </Feature>
        </Annotation>
        <Annotation Id="1263" Type="SpaceToken" StartNode="3221" EndNode="3222">
            <Feature>
                <Name className="java.lang.String">string</Name>
                <Value className="java.lang.String"></Value>
            </Feature>
            <Feature>
                <Name className="java.lang.String">length</Name>
                <Value className="java.lang.String">1</Value>
            </Feature>
            <Feature>
                <Name className="java.lang.String">kind</Name>
                <Value className="java.lang.String">space</Value>
            </Feature>
        </Annotation>
        <Annotation Id="1264" Type="Token" StartNode="3222" EndNode="3231">
            <Feature>
                <Name className="java.lang.String">length</Name>
                <Value className="java.lang.String">9</Value>
            </Feature>
            <Feature>
                <Name className="java.lang.String">orth</Name>
                <Value className="java.lang.String">lowercase</Value>
            </Feature>
            <Feature>
                <Name className="java.lang.String">string</Name>
                <Value className="java.lang.String">discharge</Value>
            </Feature>
            <Feature>
                <Name className="java.lang.String">category</Name>
                <Value className="java.lang.String">VB</Value>
            </Feature>
            <Feature>
                <Name className="java.lang.String">kind</Name>
                <Value className="java.lang.String">word</Value>
            </Feature>
        </Annotation>
        <Annotation Id="1265" Type="SpaceToken" StartNode="3231" EndNode="3232">
            <Feature>
                <Name className="java.lang.String">string</Name>
                <Value className="java.lang.String"></Value>
            </Feature>
            <Feature>
                <Name className="java.lang.String">length</Name>
                <Value className="java.lang.String">1</Value>
            </Feature>
            <Feature>
                <Name className="java.lang.String">kind</Name>
                <Value className="java.lang.String">space</Value>
            </Feature>
        </Annotation>
        <Annotation Id="1266" Type="Token" StartNode="3232" EndNode="3233">
            <Feature>
                <Name className="java.lang.String">length</Name>
                <Value className="java.lang.String">1</Value>
            </Feature>
            <Feature>
                <Name className="java.lang.String">string</Name>
                <Value className="java.lang.String">"</Value>
            </Feature>
            <Feature>
                <Name className="java.lang.String">category</Name>
                <Value className="java.lang.String">''</Value>
            </Feature>
            <Feature>
                <Name className="java.lang.String">kind</Name>
                <Value className="java.lang.String">punctuation</Value>
            </Feature>
        </Annotation>
        <Annotation Id="1267" Type="Token" StartNode="3233" EndNode="3234">
            <Feature>
                <Name className="java.lang.String">length</Name>
                <Value className="java.lang.String">1</Value>
            </Feature>
            <Feature>
                <Name className="java.lang.String">orth</Name>
                <Value className="java.lang.String">lowercase</Value>
            </Feature>
            <Feature>
                <Name className="java.lang.String">string</Name>
                <Value className="java.lang.String">a</Value>
            </Feature>
            <Feature>
                <Name className="java.lang.String">category</Name>
                <Value className="java.lang.String">DT</Value>
            </Feature>
            <Feature>
                <Name className="java.lang.String">kind</Name>
                <Value className="java.lang.String">word</Value>
            </Feature>
        </Annotation>
        <Annotation Id="1268" Type="SpaceToken" StartNode="3234" EndNode="3235">
            <Feature>
                <Name className="java.lang.String">string</Name>
                <Value className="java.lang.String"></Value>
            </Feature>
            <Feature>
                <Name className="java.lang.String">length</Name>
                <Value className="java.lang.String">1</Value>
            </Feature>
            <Feature>
                <Name className="java.lang.String">kind</Name>
                <Value className="java.lang.String">space</Value>
            </Feature>
        </Annotation>
        <Annotation Id="1269" Type="Token" StartNode="3235" EndNode="3240">
            <Feature>
                <Name className="java.lang.String">length</Name>
                <Value className="java.lang.String">5</Value>
            </Feature>
            <Feature>
                <Name className="java.lang.String">orth</Name>
                <Value className="java.lang.String">lowercase</Value>
            </Feature>
            <Feature>
                <Name className="java.lang.String">string</Name>
                <Value className="java.lang.String">prest</Value>
            </Feature>
            <Feature>
                <Name className="java.lang.String">category</Name>
                <Value className="java.lang.String">NN</Value>
            </Feature>
            <Feature>
                <Name className="java.lang.String">kind</Name>
                <Value className="java.lang.String">word</Value>
            </Feature>
        </Annotation>
        <Annotation Id="1270" Type="SpaceToken" StartNode="3240" EndNode="3241">
            <Feature>
                <Name className="java.lang.String">string</Name>
                <Value className="java.lang.String"></Value>
            </Feature>
            <Feature>
                <Name className="java.lang.String">length</Name>
                <Value className="java.lang.String">1</Value>
            </Feature>
            <Feature>
                <Name className="java.lang.String">kind</Name>
                <Value className="java.lang.String">space</Value>
            </Feature>
        </Annotation>
        <Annotation Id="1271" Type="Token" StartNode="3241" EndNode="3243">
            <Feature>
                <Name className="java.lang.String">length</Name>
                <Value className="java.lang.String">2</Value>
            </Feature>
            <Feature>
                <Name className="java.lang.String">orth</Name>
                <Value className="java.lang.String">lowercase</Value>
            </Feature>
            <Feature>
                <Name className="java.lang.String">string</Name>
                <Value className="java.lang.String">of</Value>
            </Feature>
            <Feature>
                <Name className="java.lang.String">category</Name>
                <Value className="java.lang.String">IN</Value>
            </Feature>
            <Feature>
                <Name className="java.lang.String">kind</Name>
                <Value className="java.lang.String">word</Value>
            </Feature>
        </Annotation>
        <Annotation Id="1272" Type="SpaceToken" StartNode="3243" EndNode="3244">
            <Feature>
                <Name className="java.lang.String">string</Name>
                <Value className="java.lang.String"></Value>
            </Feature>
            <Feature>
                <Name className="java.lang.String">length</Name>
                <Value className="java.lang.String">1</Value>
            </Feature>
            <Feature>
                <Name className="java.lang.String">kind</Name>
                <Value className="java.lang.String">space</Value>
            </Feature>
        </Annotation>
        <Annotation Id="1273" Type="Token" StartNode="3244" EndNode="3249">
            <Feature>
                <Name className="java.lang.String">length</Name>
                <Value className="java.lang.String">5</Value>
            </Feature>
            <Feature>
                <Name className="java.lang.String">orth</Name>
                <Value className="java.lang.String">lowercase</Value>
            </Feature>
            <Feature>
                <Name className="java.lang.String">string</Name>
                <Value className="java.lang.String">clene</Value>
            </Feature>
            <Feature>
                <Name className="java.lang.String">category</Name>
                <Value className="java.lang.String">NN</Value>
            </Feature>
            <Feature>
                <Name className="java.lang.String">kind</Name>
                <Value className="java.lang.String">word</Value>
            </Feature>
        </Annotation>
        <Annotation Id="1274" Type="SpaceToken" StartNode="3249" EndNode="3250">
            <Feature>
                <Name className="java.lang.String">string</Name>
                <Value className="java.lang.String"></Value>
            </Feature>
            <Feature>
                <Name className="java.lang.String">length</Name>
                <Value className="java.lang.String">1</Value>
            </Feature>
            <Feature>
                <Name className="java.lang.String">kind</Name>
                <Value className="java.lang.String">space</Value>
            </Feature>
        </Annotation>
        <Annotation Id="1275" Type="Token" StartNode="3250" EndNode="3253">
            <Feature>
                <Name className="java.lang.String">length</Name>
                <Value className="java.lang.String">3</Value>
            </Feature>
            <Feature>
                <Name className="java.lang.String">orth</Name>
                <Value className="java.lang.String">lowercase</Value>
            </Feature>
            <Feature>
                <Name className="java.lang.String">string</Name>
                <Value className="java.lang.String">lyf</Value>
            </Feature>
            <Feature>
                <Name className="java.lang.String">category</Name>
                <Value className="java.lang.String">NN</Value>
            </Feature>
            <Feature>
                <Name className="java.lang.String">kind</Name>
                <Value className="java.lang.String">word</Value>
            </Feature>
        </Annotation>
        <Annotation Id="1276" Type="Token" StartNode="3253" EndNode="3254">
            <Feature>
                <Name className="java.lang.String">length</Name>
                <Value className="java.lang.String">1</Value>
            </Feature>
            <Feature>
                <Name className="java.lang.String">string</Name>
                <Value className="java.lang.String">"</Value>
            </Feature>
            <Feature>
                <Name className="java.lang.String">category</Name>
                <Value className="java.lang.String">''</Value>
            </Feature>
            <Feature>
                <Name className="java.lang.String">kind</Name>
                <Value className="java.lang.String">punctuation</Value>
            </Feature>
        </Annotation>
        <Annotation Id="1277" Type="SpaceToken" StartNode="3254" EndNode="3255">
            <Feature>
                <Name className="java.lang.String">string</Name>
                <Value className="java.lang.String"></Value>
            </Feature>
            <Feature>
                <Name className="java.lang.String">length</Name>
                <Value className="java.lang.String">1</Value>
            </Feature>
            <Feature>
                <Name className="java.lang.String">kind</Name>
                <Value className="java.lang.String">space</Value>
            </Feature>
        </Annotation>
        <Annotation Id="1278" Type="Token" StartNode="3255" EndNode="3258">
            <Feature>
                <Name className="java.lang.String">length</Name>
                <Value className="java.lang.String">3</Value>
            </Feature>
            <Feature>
                <Name className="java.lang.String">orth</Name>
                <Value className="java.lang.String">lowercase</Value>
            </Feature>
            <Feature>
                <Name className="java.lang.String">string</Name>
                <Value className="java.lang.String">and</Value>
            </Feature>
            <Feature>
                <Name className="java.lang.String">category</Name>
                <Value className="java.lang.String">CC</Value>
            </Feature>
            <Feature>
                <Name className="java.lang.String">kind</Name>
                <Value className="java.lang.String">word</Value>
            </Feature>
        </Annotation>
        <Annotation Id="1279" Type="SpaceToken" StartNode="3258" EndNode="3259">
            <Feature>
                <Name className="java.lang.String">string</Name>
                <Value className="java.lang.String"></Value>
            </Feature>
            <Feature>
                <Name className="java.lang.String">length</Name>
                <Value className="java.lang.String">1</Value>
            </Feature>
            <Feature>
                <Name className="java.lang.String">kind</Name>
                <Value className="java.lang.String">space</Value>
            </Feature>
        </Annotation>
        <Annotation Id="1280" Type="Token" StartNode="3259" EndNode="3263">
            <Feature>
                <Name className="java.lang.String">length</Name>
                <Value className="java.lang.String">4</Value>
            </Feature>
            <Feature>
                <Name className="java.lang.String">orth</Name>
                <Value className="java.lang.String">lowercase</Value>
            </Feature>
            <Feature>
                <Name className="java.lang.String">string</Name>
                <Value className="java.lang.String">then</Value>
            </Feature>
            <Feature>
                <Name className="java.lang.String">category</Name>
                <Value className="java.lang.String">RB</Value>
            </Feature>
            <Feature>
                <Name className="java.lang.String">kind</Name>
                <Value className="java.lang.String">word</Value>
            </Feature>
        </Annotation>
        <Annotation Id="1281" Type="SpaceToken" StartNode="3263" EndNode="3264">
            <Feature>
                <Name className="java.lang.String">string</Name>
                <Value className="java.lang.String"></Value>
            </Feature>
            <Feature>
                <Name className="java.lang.String">length</Name>
                <Value className="java.lang.String">1</Value>
            </Feature>
            <Feature>
                <Name className="java.lang.String">kind</Name>
                <Value className="java.lang.String">space</Value>
            </Feature>
        </Annotation>
        <Annotation Id="1282" Type="Token" StartNode="3264" EndNode="3271">
            <Feature>
                <Name className="java.lang.String">length</Name>
                <Value className="java.lang.String">7</Value>
            </Feature>
            <Feature>
                <Name className="java.lang.String">orth</Name>
                <Value className="java.lang.String">lowercase</Value>
            </Feature>
            <Feature>
                <Name className="java.lang.String">string</Name>
                <Value className="java.lang.String">replace</Value>
            </Feature>
            <Feature>
                <Name className="java.lang.String">category</Name>
                <Value className="java.lang.String">VB</Value>
            </Feature>
            <Feature>
                <Name className="java.lang.String">kind</Name>
                <Value className="java.lang.String">word</Value>
            </Feature>
        </Annotation>
        <Annotation Id="1283" Type="SpaceToken" StartNode="3271" EndNode="3272">
            <Feature>
                <Name className="java.lang.String">string</Name>
                <Value className="java.lang.String"></Value>
            </Feature>
            <Feature>
                <Name className="java.lang.String">length</Name>
                <Value className="java.lang.String">1</Value>
            </Feature>
            <Feature>
                <Name className="java.lang.String">kind</Name>
                <Value className="java.lang.String">space</Value>
            </Feature>
        </Annotation>
        <Annotation Id="1284" Type="Token" StartNode="3272" EndNode="3275">
            <Feature>
                <Name className="java.lang.String">length</Name>
                <Value className="java.lang.String">3</Value>
            </Feature>
            <Feature>
                <Name className="java.lang.String">orth</Name>
                <Value className="java.lang.String">lowercase</Value>
            </Feature>
            <Feature>
                <Name className="java.lang.String">string</Name>
                <Value className="java.lang.String">him</Value>
            </Feature>
            <Feature>
                <Name className="java.lang.String">category</Name>
                <Value className="java.lang.String">PRP</Value>
            </Feature>
            <Feature>
                <Name className="java.lang.String">kind</Name>
                <Value className="java.lang.String">word</Value>
            </Feature>
        </Annotation>
        <Annotation Id="1285" Type="SpaceToken" StartNode="3275" EndNode="3276">
            <Feature>
                <Name className="java.lang.String">string</Name>
                <Value className="java.lang.String"></Value>
            </Feature>
            <Feature>
                <Name className="java.lang.String">length</Name>
                <Value className="java.lang.String">1</Value>
            </Feature>
            <Feature>
                <Name className="java.lang.String">kind</Name>
                <Value className="java.lang.String">space</Value>
            </Feature>
        </Annotation>
        <Annotation Id="1286" Type="Token" StartNode="3276" EndNode="3280">
            <Feature>
                <Name className="java.lang.String">length</Name>
                <Value className="java.lang.String">4</Value>
            </Feature>
            <Feature>
                <Name className="java.lang.String">orth</Name>
                <Value className="java.lang.String">lowercase</Value>
            </Feature>
            <Feature>
                <Name className="java.lang.String">string</Name>
                <Value className="java.lang.String">with</Value>
            </Feature>
            <Feature>
                <Name className="java.lang.String">category</Name>
                <Value className="java.lang.String">IN</Value>
            </Feature>
            <Feature>
                <Name className="java.lang.String">kind</Name>
                <Value className="java.lang.String">word</Value>
            </Feature>
        </Annotation>
        <Annotation Id="1287" Type="SpaceToken" StartNode="3280" EndNode="3281">
            <Feature>
                <Name className="java.lang.String">string</Name>
                <Value className="java.lang.String"></Value>
            </Feature>
            <Feature>
                <Name className="java.lang.String">length</Name>
                <Value className="java.lang.String">1</Value>
            </Feature>
            <Feature>
                <Name className="java.lang.String">kind</Name>
                <Value className="java.lang.String">space</Value>
            </Feature>
        </Annotation>
        <Annotation Id="1288" Type="Token" StartNode="3281" EndNode="3282">
            <Feature>
                <Name className="java.lang.String">length</Name>
                <Value className="java.lang.String">1</Value>
            </Feature>
            <Feature>
                <Name className="java.lang.String">string</Name>
                <Value className="java.lang.String">"</Value>
            </Feature>
            <Feature>
                <Name className="java.lang.String">category</Name>
                <Value className="java.lang.String">''</Value>
            </Feature>
            <Feature>
                <Name className="java.lang.String">kind</Name>
                <Value className="java.lang.String">punctuation</Value>
            </Feature>
        </Annotation>
        <Annotation Id="1289" Type="Token" StartNode="3282" EndNode="3283">
            <Feature>
                <Name className="java.lang.String">length</Name>
                <Value className="java.lang.String">1</Value>
            </Feature>
            <Feature>
                <Name className="java.lang.String">orth</Name>
                <Value className="java.lang.String">lowercase</Value>
            </Feature>
            <Feature>
                <Name className="java.lang.String">string</Name>
                <Value className="java.lang.String">a</Value>
            </Feature>
            <Feature>
                <Name className="java.lang.String">category</Name>
                <Value className="java.lang.String">DT</Value>
            </Feature>
            <Feature>
                <Name className="java.lang.String">kind</Name>
                <Value className="java.lang.String">word</Value>
            </Feature>
        </Annotation>
        <Annotation Id="1290" Type="SpaceToken" StartNode="3283" EndNode="3284">
            <Feature>
                <Name className="java.lang.String">string</Name>
                <Value className="java.lang.String"></Value>
            </Feature>
            <Feature>
                <Name className="java.lang.String">length</Name>
                <Value className="java.lang.String">1</Value>
            </Feature>
            <Feature>
                <Name className="java.lang.String">kind</Name>
                <Value className="java.lang.String">space</Value>
            </Feature>
        </Annotation>
        <Annotation Id="1291" Type="Token" StartNode="3284" EndNode="3289">
            <Feature>
                <Name className="java.lang.String">length</Name>
                <Value className="java.lang.String">5</Value>
            </Feature>
            <Feature>
                <Name className="java.lang.String">orth</Name>
                <Value className="java.lang.String">lowercase</Value>
            </Feature>
            <Feature>
                <Name className="java.lang.String">string</Name>
                <Value className="java.lang.String">daffe</Value>
            </Feature>
            <Feature>
                <Name className="java.lang.String">category</Name>
                <Value className="java.lang.String">NN</Value>
            </Feature>
            <Feature>
                <Name className="java.lang.String">kind</Name>
                <Value className="java.lang.String">word</Value>
            </Feature>
        </Annotation>
        <Annotation Id="1292" Type="Token" StartNode="3289" EndNode="3290">
            <Feature>
                <Name className="java.lang.String">length</Name>
                <Value className="java.lang.String">1</Value>
            </Feature>
            <Feature>
                <Name className="java.lang.String">string</Name>
                <Value className="java.lang.String">"</Value>
            </Feature>
            <Feature>
                <Name className="java.lang.String">category</Name>
                <Value className="java.lang.String">''</Value>
            </Feature>
            <Feature>
                <Name className="java.lang.String">kind</Name>
                <Value className="java.lang.String">punctuation</Value>
            </Feature>
        </Annotation>
        <Annotation Id="1293" Type="SpaceToken" StartNode="3290" EndNode="3291">
            <Feature>
                <Name className="java.lang.String">string</Name>
                <Value className="java.lang.String"></Value>
            </Feature>
            <Feature>
                <Name className="java.lang.String">length</Name>
                <Value className="java.lang.String">1</Value>
            </Feature>
            <Feature>
                <Name className="java.lang.String">kind</Name>
                <Value className="java.lang.String">space</Value>
            </Feature>
        </Annotation>
        <Annotation Id="1294" Type="Token" StartNode="3291" EndNode="3292">
            <Feature>
                <Name className="java.lang.String">length</Name>
                <Value className="java.lang.String">1</Value>
            </Feature>
            <Feature>
                <Name className="java.lang.String">position</Name>
                <Value className="java.lang.String">startpunct</Value>
            </Feature>
            <Feature>
                <Name className="java.lang.String">string</Name>
                <Value className="java.lang.String">(</Value>
            </Feature>
            <Feature>
                <Name className="java.lang.String">category</Name>
                <Value className="java.lang.String">(</Value>
            </Feature>
            <Feature>
                <Name className="java.lang.String">kind</Name>
                <Value className="java.lang.String">punctuation</Value>
            </Feature>
        </Annotation>
        <Annotation Id="1295" Type="Token" StartNode="3292" EndNode="3297">
            <Feature>
                <Name className="java.lang.String">length</Name>
                <Value className="java.lang.String">5</Value>
            </Feature>
            <Feature>
                <Name className="java.lang.String">orth</Name>
                <Value className="java.lang.String">lowercase</Value>
            </Feature>
            <Feature>
                <Name className="java.lang.String">string</Name>
                <Value className="java.lang.String">lines</Value>
            </Feature>
            <Feature>
                <Name className="java.lang.String">category</Name>
                <Value className="java.lang.String">NNS</Value>
            </Feature>
            <Feature>
                <Name className="java.lang.String">kind</Name>
                <Value className="java.lang.String">word</Value>
            </Feature>
        </Annotation>
        <Annotation Id="1296" Type="SpaceToken" StartNode="3297" EndNode="3298">
            <Feature>
                <Name className="java.lang.String">string</Name>
                <Value className="java.lang.String"></Value>
            </Feature>
            <Feature>
                <Name className="java.lang.String">length</Name>
                <Value className="java.lang.String">1</Value>
            </Feature>
            <Feature>
                <Name className="java.lang.String">kind</Name>
                <Value className="java.lang.String">space</Value>
            </Feature>
        </Annotation>
        <Annotation Id="1297" Type="Token" StartNode="3298" EndNode="3300">
            <Feature>
                <Name className="java.lang.String">length</Name>
                <Value className="java.lang.String">2</Value>
            </Feature>
            <Feature>
                <Name className="java.lang.String">string</Name>
                <Value className="java.lang.String">97</Value>
            </Feature>
            <Feature>
                <Name className="java.lang.String">category</Name>
                <Value className="java.lang.String">CD</Value>
            </Feature>
            <Feature>
                <Name className="java.lang.String">kind</Name>
                <Value className="java.lang.String">number</Value>
            </Feature>
        </Annotation>
        <Annotation Id="1298" Type="Token" StartNode="3300" EndNode="3301">
            <Feature>
                <Name className="java.lang.String">length</Name>
                <Value className="java.lang.String">1</Value>
            </Feature>
            <Feature>
                <Name className="java.lang.String">string</Name>
                <Value className="java.lang.String">,</Value>
            </Feature>
            <Feature>
                <Name className="java.lang.String">category</Name>
                <Value className="java.lang.String">,</Value>
            </Feature>
            <Feature>
                <Name className="java.lang.String">kind</Name>
                <Value className="java.lang.String">punctuation</Value>
            </Feature>
        </Annotation>
        <Annotation Id="1299" Type="SpaceToken" StartNode="3301" EndNode="3302">
            <Feature>
                <Name className="java.lang.String">string</Name>
                <Value className="java.lang.String"></Value>
            </Feature>
            <Feature>
                <Name className="java.lang.String">length</Name>
                <Value className="java.lang.String">1</Value>
            </Feature>
            <Feature>
                <Name className="java.lang.String">kind</Name>
                <Value className="java.lang.String">space</Value>
            </Feature>
        </Annotation>
        <Annotation Id="1300" Type="Token" StartNode="3302" EndNode="3304">
            <Feature>
                <Name className="java.lang.String">length</Name>
                <Value className="java.lang.String">2</Value>
            </Feature>
            <Feature>
                <Name className="java.lang.String">string</Name>
                <Value className="java.lang.String">99</Value>
            </Feature>
            <Feature>
                <Name className="java.lang.String">category</Name>
                <Value className="java.lang.String">CD</Value>
            </Feature>
            <Feature>
                <Name className="java.lang.String">kind</Name>
                <Value className="java.lang.String">number</Value>
            </Feature>
        </Annotation>
        <Annotation Id="1301" Type="Token" StartNode="3304" EndNode="3305">
            <Feature>
                <Name className="java.lang.String">length</Name>
                <Value className="java.lang.String">1</Value>
            </Feature>
            <Feature>
                <Name className="java.lang.String">position</Name>
                <Value className="java.lang.String">endpunct</Value>
            </Feature>
            <Feature>
                <Name className="java.lang.String">string</Name>
                <Value className="java.lang.String">)</Value>
            </Feature>
            <Feature>
                <Name className="java.lang.String">category</Name>
                <Value className="java.lang.String">)</Value>
            </Feature>
            <Feature>
                <Name className="java.lang.String">kind</Name>
                <Value className="java.lang.String">punctuation</Value>
            </Feature>
        </Annotation>
        <Annotation Id="1302" Type="Token" StartNode="3305" EndNode="3306">
            <Feature>
                <Name className="java.lang.String">length</Name>
                <Value className="java.lang.String">1</Value>
            </Feature>
            <Feature>
                <Name className="java.lang.String">string</Name>
                <Value className="java.lang.String">.</Value>
            </Feature>
            <Feature>
                <Name className="java.lang.String">category</Name>
                <Value className="java.lang.String">.</Value>
            </Feature>
            <Feature>
                <Name className="java.lang.String">kind</Name>
                <Value className="java.lang.String">punctuation</Value>
            </Feature>
        </Annotation>
        <Annotation Id="1303" Type="SpaceToken" StartNode="3306" EndNode="3307">
            <Feature>
                <Name className="java.lang.String">string</Name>
                <Value className="java.lang.String"></Value>
            </Feature>
            <Feature>
                <Name className="java.lang.String">length</Name>
                <Value className="java.lang.String">1</Value>
            </Feature>
            <Feature>
                <Name className="java.lang.String">kind</Name>
                <Value className="java.lang.String">space</Value>
            </Feature>
        </Annotation>
        <Annotation Id="1304" Type="Token" StartNode="3307" EndNode="3308">
            <Feature>
                <Name className="java.lang.String">length</Name>
                <Value className="java.lang.String">1</Value>
            </Feature>
            <Feature>
                <Name className="java.lang.String">orth</Name>
                <Value className="java.lang.String">upperInitial</Value>
            </Feature>
            <Feature>
                <Name className="java.lang.String">string</Name>
                <Value className="java.lang.String">A</Value>
            </Feature>
            <Feature>
                <Name className="java.lang.String">category</Name>
                <Value className="java.lang.String">DT</Value>
            </Feature>
            <Feature>
                <Name className="java.lang.String">kind</Name>
                <Value className="java.lang.String">word</Value>
            </Feature>
        </Annotation>
        <Annotation Id="1305" Type="SpaceToken" StartNode="3308" EndNode="3309">
            <Feature>
                <Name className="java.lang.String">string</Name>
                <Value className="java.lang.String"></Value>
            </Feature>
            <Feature>
                <Name className="java.lang.String">length</Name>
                <Value className="java.lang.String">1</Value>
            </Feature>
            <Feature>
                <Name className="java.lang.String">kind</Name>
                <Value className="java.lang.String">space</Value>
            </Feature>
        </Annotation>
        <Annotation Id="1306" Type="Token" StartNode="3309" EndNode="3315">
            <Feature>
                <Name className="java.lang.String">length</Name>
                <Value className="java.lang.String">6</Value>
            </Feature>
            <Feature>
                <Name className="java.lang.String">orth</Name>
                <Value className="java.lang.String">lowercase</Value>
            </Feature>
            <Feature>
                <Name className="java.lang.String">string</Name>
                <Value className="java.lang.String">wanton</Value>
            </Feature>
            <Feature>
                <Name className="java.lang.String">category</Name>
                <Value className="java.lang.String">NN</Value>
            </Feature>
            <Feature>
                <Name className="java.lang.String">kind</Name>
                <Value className="java.lang.String">word</Value>
            </Feature>
        </Annotation>
        <Annotation Id="1307" Type="SpaceToken" StartNode="3315" EndNode="3316">
            <Feature>
                <Name className="java.lang.String">string</Name>
                <Value className="java.lang.String"></Value>
            </Feature>
            <Feature>
                <Name className="java.lang.String">length</Name>
                <Value className="java.lang.String">1</Value>
            </Feature>
            <Feature>
                <Name className="java.lang.String">kind</Name>
                <Value className="java.lang.String">space</Value>
            </Feature>
        </Annotation>
        <Annotation Id="1308" Type="Token" StartNode="3316" EndNode="3322">
            <Feature>
                <Name className="java.lang.String">length</Name>
                <Value className="java.lang.String">6</Value>
            </Feature>
            <Feature>
                <Name className="java.lang.String">orth</Name>
                <Value className="java.lang.String">lowercase</Value>
            </Feature>
            <Feature>
                <Name className="java.lang.String">string</Name>
                <Value className="java.lang.String">priest</Value>
            </Feature>
            <Feature>
                <Name className="java.lang.String">category</Name>
                <Value className="java.lang.String">NN</Value>
            </Feature>
            <Feature>
                <Name className="java.lang.String">kind</Name>
                <Value className="java.lang.String">word</Value>
            </Feature>
        </Annotation>
        <Annotation Id="1309" Type="SpaceToken" StartNode="3322" EndNode="3323">
            <Feature>
                <Name className="java.lang.String">string</Name>
                <Value className="java.lang.String"></Value>
            </Feature>
            <Feature>
                <Name className="java.lang.String">length</Name>
                <Value className="java.lang.String">1</Value>
            </Feature>
            <Feature>
                <Name className="java.lang.String">kind</Name>
                <Value className="java.lang.String">space</Value>
            </Feature>
        </Annotation>
        <Annotation Id="1310" Type="Token" StartNode="3323" EndNode="3327">
            <Feature>
                <Name className="java.lang.String">length</Name>
                <Value className="java.lang.String">4</Value>
            </Feature>
            <Feature>
                <Name className="java.lang.String">orth</Name>
                <Value className="java.lang.String">lowercase</Value>
            </Feature>
            <Feature>
                <Name className="java.lang.String">string</Name>
                <Value className="java.lang.String">will</Value>
            </Feature>
            <Feature>
                <Name className="java.lang.String">category</Name>
                <Value className="java.lang.String">MD</Value>
            </Feature>
            <Feature>
                <Name className="java.lang.String">kind</Name>
                <Value className="java.lang.String">word</Value>
            </Feature>
        </Annotation>
        <Annotation Id="1311" Type="SpaceToken" StartNode="3327" EndNode="3328">
            <Feature>
                <Name className="java.lang.String">string</Name>
                <Value className="java.lang.String"></Value>
            </Feature>
            <Feature>
                <Name className="java.lang.String">length</Name>
                <Value className="java.lang.String">1</Value>
            </Feature>
            <Feature>
                <Name className="java.lang.String">kind</Name>
                <Value className="java.lang.String">space</Value>
            </Feature>
        </Annotation>
        <Annotation Id="1312" Type="Token" StartNode="3328" EndNode="3335">
            <Feature>
                <Name className="java.lang.String">length</Name>
                <Value className="java.lang.String">7</Value>
            </Feature>
            <Feature>
                <Name className="java.lang.String">orth</Name>
                <Value className="java.lang.String">lowercase</Value>
            </Feature>
            <Feature>
                <Name className="java.lang.String">string</Name>
                <Value className="java.lang.String">provide</Value>
            </Feature>
            <Feature>
                <Name className="java.lang.String">category</Name>
                <Value className="java.lang.String">VB</Value>
            </Feature>
            <Feature>
                <Name className="java.lang.String">kind</Name>
                <Value className="java.lang.String">word</Value>
            </Feature>
        </Annotation>
        <Annotation Id="1313" Type="SpaceToken" StartNode="3335" EndNode="3336">
            <Feature>
                <Name className="java.lang.String">string</Name>
                <Value className="java.lang.String"></Value>
            </Feature>
            <Feature>
                <Name className="java.lang.String">length</Name>
                <Value className="java.lang.String">1</Value>
            </Feature>
            <Feature>
                <Name className="java.lang.String">kind</Name>
                <Value className="java.lang.String">space</Value>
            </Feature>
        </Annotation>
        <Annotation Id="1314" Type="Token" StartNode="3336" EndNode="3343">
            <Feature>
                <Name className="java.lang.String">length</Name>
                <Value className="java.lang.String">7</Value>
            </Feature>
            <Feature>
                <Name className="java.lang.String">orth</Name>
                <Value className="java.lang.String">lowercase</Value>
            </Feature>
            <Feature>
                <Name className="java.lang.String">string</Name>
                <Value className="java.lang.String">himself</Value>
            </Feature>
            <Feature>
                <Name className="java.lang.String">category</Name>
                <Value className="java.lang.String">PRP</Value>
            </Feature>
            <Feature>
                <Name className="java.lang.String">kind</Name>
                <Value className="java.lang.String">word</Value>
            </Feature>
        </Annotation>
        <Annotation Id="1315" Type="SpaceToken" StartNode="3343" EndNode="3344">
            <Feature>
                <Name className="java.lang.String">string</Name>
                <Value className="java.lang.String"></Value>
            </Feature>
            <Feature>
                <Name className="java.lang.String">length</Name>
                <Value className="java.lang.String">1</Value>
            </Feature>
            <Feature>
                <Name className="java.lang.String">kind</Name>
                <Value className="java.lang.String">space</Value>
            </Feature>
        </Annotation>
        <Annotation Id="1316" Type="Token" StartNode="3344" EndNode="3348">
            <Feature>
                <Name className="java.lang.String">length</Name>
                <Value className="java.lang.String">4</Value>
            </Feature>
            <Feature>
                <Name className="java.lang.String">orth</Name>
                <Value className="java.lang.String">lowercase</Value>
            </Feature>
            <Feature>
                <Name className="java.lang.String">string</Name>
                <Value className="java.lang.String">with</Value>
            </Feature>
            <Feature>
                <Name className="java.lang.String">category</Name>
                <Value className="java.lang.String">IN</Value>
            </Feature>
            <Feature>
                <Name className="java.lang.String">kind</Name>
                <Value className="java.lang.String">word</Value>
            </Feature>
        </Annotation>
        <Annotation Id="1317" Type="SpaceToken" StartNode="3348" EndNode="3349">
            <Feature>
                <Name className="java.lang.String">string</Name>
                <Value className="java.lang.String"></Value>
            </Feature>
            <Feature>
                <Name className="java.lang.String">length</Name>
                <Value className="java.lang.String">1</Value>
            </Feature>
            <Feature>
                <Name className="java.lang.String">kind</Name>
                <Value className="java.lang.String">space</Value>
            </Feature>
        </Annotation>
        <Annotation Id="1318" Type="Token" StartNode="3349" EndNode="3350">
            <Feature>
                <Name className="java.lang.String">length</Name>
                <Value className="java.lang.String">1</Value>
            </Feature>
            <Feature>
                <Name className="java.lang.String">string</Name>
                <Value className="java.lang.String">"</Value>
            </Feature>
            <Feature>
                <Name className="java.lang.String">category</Name>
                <Value className="java.lang.String">''</Value>
            </Feature>
            <Feature>
                <Name className="java.lang.String">kind</Name>
                <Value className="java.lang.String">punctuation</Value>
            </Feature>
        </Annotation>
        <Annotation Id="1319" Type="Token" StartNode="3350" EndNode="3351">
            <Feature>
                <Name className="java.lang.String">length</Name>
                <Value className="java.lang.String">1</Value>
            </Feature>
            <Feature>
                <Name className="java.lang.String">orth</Name>
                <Value className="java.lang.String">lowercase</Value>
            </Feature>
            <Feature>
                <Name className="java.lang.String">string</Name>
                <Value className="java.lang.String">a</Value>
            </Feature>
            <Feature>
                <Name className="java.lang.String">category</Name>
                <Value className="java.lang.String">DT</Value>
            </Feature>
            <Feature>
                <Name className="java.lang.String">kind</Name>
                <Value className="java.lang.String">word</Value>
            </Feature>
        </Annotation>
        <Annotation Id="1320" Type="SpaceToken" StartNode="3351" EndNode="3352">
            <Feature>
                <Name className="java.lang.String">string</Name>
                <Value className="java.lang.String"></Value>
            </Feature>
            <Feature>
                <Name className="java.lang.String">length</Name>
                <Value className="java.lang.String">1</Value>
            </Feature>
            <Feature>
                <Name className="java.lang.String">kind</Name>
                <Value className="java.lang.String">space</Value>
            </Feature>
        </Annotation>
        <Annotation Id="1321" Type="Token" StartNode="3352" EndNode="3355">
            <Feature>
                <Name className="java.lang.String">length</Name>
                <Value className="java.lang.String">3</Value>
            </Feature>
            <Feature>
                <Name className="java.lang.String">orth</Name>
                <Value className="java.lang.String">lowercase</Value>
            </Feature>
            <Feature>
                <Name className="java.lang.String">string</Name>
                <Value className="java.lang.String">gay</Value>
            </Feature>
            <Feature>
                <Name className="java.lang.String">category</Name>
                <Value className="java.lang.String">JJ</Value>
            </Feature>
            <Feature>
                <Name className="java.lang.String">kind</Name>
                <Value className="java.lang.String">word</Value>
            </Feature>
        </Annotation>
        <Annotation Id="1322" Type="SpaceToken" StartNode="3355" EndNode="3356">
            <Feature>
                <Name className="java.lang.String">string</Name>
                <Value className="java.lang.String"></Value>
            </Feature>
            <Feature>
                <Name className="java.lang.String">length</Name>
                <Value className="java.lang.String">1</Value>
            </Feature>
            <Feature>
                <Name className="java.lang.String">kind</Name>
                <Value className="java.lang.String">space</Value>
            </Feature>
        </Annotation>
        <Annotation Id="1323" Type="Token" StartNode="3356" EndNode="3361">
            <Feature>
                <Name className="java.lang.String">length</Name>
                <Value className="java.lang.String">5</Value>
            </Feature>
            <Feature>
                <Name className="java.lang.String">orth</Name>
                <Value className="java.lang.String">lowercase</Value>
            </Feature>
            <Feature>
                <Name className="java.lang.String">string</Name>
                <Value className="java.lang.String">wench</Value>
            </Feature>
            <Feature>
                <Name className="java.lang.String">category</Name>
                <Value className="java.lang.String">NN</Value>
            </Feature>
            <Feature>
                <Name className="java.lang.String">kind</Name>
                <Value className="java.lang.String">word</Value>
            </Feature>
        </Annotation>
        <Annotation Id="1324" Type="SpaceToken" StartNode="3361" EndNode="3362">
            <Feature>
                <Name className="java.lang.String">string</Name>
                <Value className="java.lang.String"></Value>
            </Feature>
            <Feature>
                <Name className="java.lang.String">length</Name>
                <Value className="java.lang.String">1</Value>
            </Feature>
            <Feature>
                <Name className="java.lang.String">kind</Name>
                <Value className="java.lang.String">space</Value>
            </Feature>
        </Annotation>
        <Annotation Id="1325" Type="Token" StartNode="3362" EndNode="3364">
            <Feature>
                <Name className="java.lang.String">length</Name>
                <Value className="java.lang.String">2</Value>
            </Feature>
            <Feature>
                <Name className="java.lang.String">orth</Name>
                <Value className="java.lang.String">lowercase</Value>
            </Feature>
            <Feature>
                <Name className="java.lang.String">string</Name>
                <Value className="java.lang.String">of</Value>
            </Feature>
            <Feature>
                <Name className="java.lang.String">category</Name>
                <Value className="java.lang.String">IN</Value>
            </Feature>
            <Feature>
                <Name className="java.lang.String">kind</Name>
                <Value className="java.lang.String">word</Value>
            </Feature>
        </Annotation>
        <Annotation Id="1326" Type="SpaceToken" StartNode="3364" EndNode="3365">
            <Feature>
                <Name className="java.lang.String">string</Name>
                <Value className="java.lang.String"></Value>
            </Feature>
            <Feature>
                <Name className="java.lang.String">length</Name>
                <Value className="java.lang.String">1</Value>
            </Feature>
            <Feature>
                <Name className="java.lang.String">kind</Name>
                <Value className="java.lang.String">space</Value>
            </Feature>
        </Annotation>
        <Annotation Id="1327" Type="Token" StartNode="3365" EndNode="3368">
            <Feature>
                <Name className="java.lang.String">length</Name>
                <Value className="java.lang.String">3</Value>
            </Feature>
            <Feature>
                <Name className="java.lang.String">orth</Name>
                <Value className="java.lang.String">lowercase</Value>
            </Feature>
            <Feature>
                <Name className="java.lang.String">string</Name>
                <Value className="java.lang.String">the</Value>
            </Feature>
            <Feature>
                <Name className="java.lang.String">category</Name>
                <Value className="java.lang.String">DT</Value>
            </Feature>
            <Feature>
                <Name className="java.lang.String">kind</Name>
                <Value className="java.lang.String">word</Value>
            </Feature>
        </Annotation>
        <Annotation Id="1328" Type="SpaceToken" StartNode="3368" EndNode="3369">
            <Feature>
                <Name className="java.lang.String">string</Name>
                <Value className="java.lang.String"></Value>
            </Feature>
            <Feature>
                <Name className="java.lang.String">length</Name>
                <Value className="java.lang.String">1</Value>
            </Feature>
            <Feature>
                <Name className="java.lang.String">kind</Name>
                <Value className="java.lang.String">space</Value>
            </Feature>
        </Annotation>
        <Annotation Id="1329" Type="Token" StartNode="3369" EndNode="3373">
            <Feature>
                <Name className="java.lang.String">length</Name>
                <Value className="java.lang.String">4</Value>
            </Feature>
            <Feature>
                <Name className="java.lang.String">orth</Name>
                <Value className="java.lang.String">lowercase</Value>
            </Feature>
            <Feature>
                <Name className="java.lang.String">string</Name>
                <Value className="java.lang.String">newe</Value>
            </Feature>
            <Feature>
                <Name className="java.lang.String">category</Name>
                <Value className="java.lang.String">NN</Value>
            </Feature>
            <Feature>
                <Name className="java.lang.String">kind</Name>
                <Value className="java.lang.String">word</Value>
            </Feature>
        </Annotation>
        <Annotation Id="1330" Type="SpaceToken" StartNode="3373" EndNode="3374">
            <Feature>
                <Name className="java.lang.String">string</Name>
                <Value className="java.lang.String"></Value>
            </Feature>
            <Feature>
                <Name className="java.lang.String">length</Name>
                <Value className="java.lang.String">1</Value>
            </Feature>
            <Feature>
                <Name className="java.lang.String">kind</Name>
                <Value className="java.lang.String">space</Value>
            </Feature>
        </Annotation>
        <Annotation Id="1331" Type="Token" StartNode="3374" EndNode="3377">
            <Feature>
                <Name className="java.lang.String">length</Name>
                <Value className="java.lang.String">3</Value>
            </Feature>
            <Feature>
                <Name className="java.lang.String">orth</Name>
                <Value className="java.lang.String">lowercase</Value>
            </Feature>
            <Feature>
                <Name className="java.lang.String">string</Name>
                <Value className="java.lang.String">jet</Value>
            </Feature>
            <Feature>
                <Name className="java.lang.String">category</Name>
                <Value className="java.lang.String">NN</Value>
            </Feature>
            <Feature>
                <Name className="java.lang.String">kind</Name>
                <Value className="java.lang.String">word</Value>
            </Feature>
        </Annotation>
        <Annotation Id="1332" Type="Token" StartNode="3377" EndNode="3378">
            <Feature>
                <Name className="java.lang.String">length</Name>
                <Value className="java.lang.String">1</Value>
            </Feature>
            <Feature>
                <Name className="java.lang.String">string</Name>
                <Value className="java.lang.String">"</Value>
            </Feature>
            <Feature>
                <Name className="java.lang.String">category</Name>
                <Value className="java.lang.String">''</Value>
            </Feature>
            <Feature>
                <Name className="java.lang.String">kind</Name>
                <Value className="java.lang.String">punctuation</Value>
            </Feature>
        </Annotation>
        <Annotation Id="1333" Type="SpaceToken" StartNode="3378" EndNode="3379">
            <Feature>
                <Name className="java.lang.String">string</Name>
                <Value className="java.lang.String"></Value>
            </Feature>
            <Feature>
                <Name className="java.lang.String">length</Name>
                <Value className="java.lang.String">1</Value>
            </Feature>
            <Feature>
                <Name className="java.lang.String">kind</Name>
                <Value className="java.lang.String">space</Value>
            </Feature>
        </Annotation>
        <Annotation Id="1334" Type="Token" StartNode="3379" EndNode="3382">
            <Feature>
                <Name className="java.lang.String">length</Name>
                <Value className="java.lang.String">3</Value>
            </Feature>
            <Feature>
                <Name className="java.lang.String">orth</Name>
                <Value className="java.lang.String">lowercase</Value>
            </Feature>
            <Feature>
                <Name className="java.lang.String">string</Name>
                <Value className="java.lang.String">and</Value>
            </Feature>
            <Feature>
                <Name className="java.lang.String">category</Name>
                <Value className="java.lang.String">CC</Value>
            </Feature>
            <Feature>
                <Name className="java.lang.String">kind</Name>
                <Value className="java.lang.String">word</Value>
            </Feature>
        </Annotation>
        <Annotation Id="1335" Type="Token" StartNode="3382" EndNode="3383">
            <Feature>
                <Name className="java.lang.String">length</Name>
                <Value className="java.lang.String">1</Value>
            </Feature>
            <Feature>
                <Name className="java.lang.String">string</Name>
                <Value className="java.lang.String">,</Value>
            </Feature>
            <Feature>
                <Name className="java.lang.String">category</Name>
                <Value className="java.lang.String">,</Value>
            </Feature>
            <Feature>
                <Name className="java.lang.String">kind</Name>
                <Value className="java.lang.String">punctuation</Value>
            </Feature>
        </Annotation>
        <Annotation Id="1336" Type="SpaceToken" StartNode="3383" EndNode="3384">
            <Feature>
                <Name className="java.lang.String">string</Name>
                <Value className="java.lang.String"></Value>
            </Feature>
            <Feature>
                <Name className="java.lang.String">length</Name>
                <Value className="java.lang.String">1</Value>
            </Feature>
            <Feature>
                <Name className="java.lang.String">kind</Name>
                <Value className="java.lang.String">space</Value>
            </Feature>
        </Annotation>
        <Annotation Id="1337" Type="Token" StartNode="3384" EndNode="3385">
            <Feature>
                <Name className="java.lang.String">length</Name>
                <Value className="java.lang.String">1</Value>
            </Feature>
            <Feature>
                <Name className="java.lang.String">string</Name>
                <Value className="java.lang.String">"</Value>
            </Feature>
            <Feature>
                <Name className="java.lang.String">category</Name>
                <Value className="java.lang.String">''</Value>
            </Feature>
            <Feature>
                <Name className="java.lang.String">kind</Name>
                <Value className="java.lang.String">punctuation</Value>
            </Feature>
        </Annotation>
        <Annotation Id="1338" Type="Token" StartNode="3385" EndNode="3389">
            <Feature>
                <Name className="java.lang.String">length</Name>
                <Value className="java.lang.String">4</Value>
            </Feature>
            <Feature>
                <Name className="java.lang.String">orth</Name>
                <Value className="java.lang.String">lowercase</Value>
            </Feature>
            <Feature>
                <Name className="java.lang.String">string</Name>
                <Value className="java.lang.String">when</Value>
            </Feature>
            <Feature>
                <Name className="java.lang.String">category</Name>
                <Value className="java.lang.String">WRB</Value>
            </Feature>
            <Feature>
                <Name className="java.lang.String">kind</Name>
                <Value className="java.lang.String">word</Value>
            </Feature>
        </Annotation>
        <Annotation Id="1339" Type="SpaceToken" StartNode="3389" EndNode="3390">
            <Feature>
                <Name className="java.lang.String">string</Name>
                <Value className="java.lang.String"></Value>
            </Feature>
            <Feature>
                <Name className="java.lang.String">length</Name>
                <Value className="java.lang.String">1</Value>
            </Feature>
            <Feature>
                <Name className="java.lang.String">kind</Name>
                <Value className="java.lang.String">space</Value>
            </Feature>
        </Annotation>
        <Annotation Id="1340" Type="Token" StartNode="3390" EndNode="3393">
            <Feature>
                <Name className="java.lang.String">length</Name>
                <Value className="java.lang.String">3</Value>
            </Feature>
            <Feature>
                <Name className="java.lang.String">orth</Name>
                <Value className="java.lang.String">lowercase</Value>
            </Feature>
            <Feature>
                <Name className="java.lang.String">string</Name>
                <Value className="java.lang.String">the</Value>
            </Feature>
            <Feature>
                <Name className="java.lang.String">category</Name>
                <Value className="java.lang.String">DT</Value>
            </Feature>
            <Feature>
                <Name className="java.lang.String">kind</Name>
                <Value className="java.lang.String">word</Value>
            </Feature>
        </Annotation>
        <Annotation Id="1341" Type="SpaceToken" StartNode="3393" EndNode="3394">
            <Feature>
                <Name className="java.lang.String">string</Name>
                <Value className="java.lang.String"></Value>
            </Feature>
            <Feature>
                <Name className="java.lang.String">length</Name>
                <Value className="java.lang.String">1</Value>
            </Feature>
            <Feature>
                <Name className="java.lang.String">kind</Name>
                <Value className="java.lang.String">space</Value>
            </Feature>
        </Annotation>
        <Annotation Id="1342" Type="Token" StartNode="3394" EndNode="3400">
            <Feature>
                <Name className="java.lang.String">length</Name>
                <Value className="java.lang.String">6</Value>
            </Feature>
            <Feature>
                <Name className="java.lang.String">orth</Name>
                <Value className="java.lang.String">lowercase</Value>
            </Feature>
            <Feature>
                <Name className="java.lang.String">string</Name>
                <Value className="java.lang.String">candel</Value>
            </Feature>
            <Feature>
                <Name className="java.lang.String">category</Name>
                <Value className="java.lang.String">NN</Value>
            </Feature>
            <Feature>
                <Name className="java.lang.String">kind</Name>
                <Value className="java.lang.String">word</Value>
            </Feature>
        </Annotation>
        <Annotation Id="1343" Type="SpaceToken" StartNode="3400" EndNode="3401">
            <Feature>
                <Name className="java.lang.String">string</Name>
                <Value className="java.lang.String"></Value>
            </Feature>
            <Feature>
                <Name className="java.lang.String">length</Name>
                <Value className="java.lang.String">1</Value>
            </Feature>
            <Feature>
                <Name className="java.lang.String">kind</Name>
                <Value className="java.lang.String">space</Value>
            </Feature>
        </Annotation>
        <Annotation Id="1344" Type="Token" StartNode="3401" EndNode="3403">
            <Feature>
                <Name className="java.lang.String">length</Name>
                <Value className="java.lang.String">2</Value>
            </Feature>
            <Feature>
                <Name className="java.lang.String">orth</Name>
                <Value className="java.lang.String">lowercase</Value>
            </Feature>
            <Feature>
                <Name className="java.lang.String">string</Name>
                <Value className="java.lang.String">is</Value>
            </Feature>
            <Feature>
                <Name className="java.lang.String">category</Name>
                <Value className="java.lang.String">VBZ</Value>
            </Feature>
            <Feature>
                <Name className="java.lang.String">kind</Name>
                <Value className="java.lang.String">word</Value>
            </Feature>
        </Annotation>
        <Annotation Id="1345" Type="SpaceToken" StartNode="3403" EndNode="3404">
            <Feature>
                <Name className="java.lang.String">string</Name>
                <Value className="java.lang.String"></Value>
            </Feature>
            <Feature>
                <Name className="java.lang.String">length</Name>
                <Value className="java.lang.String">1</Value>
            </Feature>
            <Feature>
                <Name className="java.lang.String">kind</Name>
                <Value className="java.lang.String">space</Value>
            </Feature>
        </Annotation>
        <Annotation Id="1346" Type="Token" StartNode="3404" EndNode="3408">
            <Feature>
                <Name className="java.lang.String">length</Name>
                <Value className="java.lang.String">4</Value>
            </Feature>
            <Feature>
                <Name className="java.lang.String">orth</Name>
                <Value className="java.lang.String">lowercase</Value>
            </Feature>
            <Feature>
                <Name className="java.lang.String">string</Name>
                <Value className="java.lang.String">oute</Value>
            </Feature>
            <Feature>
                <Name className="java.lang.String">category</Name>
                <Value className="java.lang.String">NN</Value>
            </Feature>
            <Feature>
                <Name className="java.lang.String">kind</Name>
                <Value className="java.lang.String">word</Value>
            </Feature>
        </Annotation>
        <Annotation Id="1347" Type="Token" StartNode="3408" EndNode="3409">
            <Feature>
                <Name className="java.lang.String">length</Name>
                <Value className="java.lang.String">1</Value>
            </Feature>
            <Feature>
                <Name className="java.lang.String">string</Name>
                <Value className="java.lang.String">,</Value>
            </Feature>
            <Feature>
                <Name className="java.lang.String">category</Name>
                <Value className="java.lang.String">,</Value>
            </Feature>
            <Feature>
                <Name className="java.lang.String">kind</Name>
                <Value className="java.lang.String">punctuation</Value>
            </Feature>
        </Annotation>
        <Annotation Id="1348" Type="Token" StartNode="3409" EndNode="3410">
            <Feature>
                <Name className="java.lang.String">length</Name>
                <Value className="java.lang.String">1</Value>
            </Feature>
            <Feature>
                <Name className="java.lang.String">string</Name>
                <Value className="java.lang.String">"</Value>
            </Feature>
            <Feature>
                <Name className="java.lang.String">category</Name>
                <Value className="java.lang.String">''</Value>
            </Feature>
            <Feature>
                <Name className="java.lang.String">kind</Name>
                <Value className="java.lang.String">punctuation</Value>
            </Feature>
        </Annotation>
        <Annotation Id="1349" Type="SpaceToken" StartNode="3410" EndNode="3411">
            <Feature>
                <Name className="java.lang.String">string</Name>
                <Value className="java.lang.String"></Value>
            </Feature>
            <Feature>
                <Name className="java.lang.String">length</Name>
                <Value className="java.lang.String">1</Value>
            </Feature>
            <Feature>
                <Name className="java.lang.String">kind</Name>
                <Value className="java.lang.String">space</Value>
            </Feature>
        </Annotation>
        <Annotation Id="1350" Type="Token" StartNode="3411" EndNode="3412">
            <Feature>
                <Name className="java.lang.String">length</Name>
                <Value className="java.lang.String">1</Value>
            </Feature>
            <Feature>
                <Name className="java.lang.String">string</Name>
                <Value className="java.lang.String">"</Value>
            </Feature>
            <Feature>
                <Name className="java.lang.String">category</Name>
                <Value className="java.lang.String">''</Value>
            </Feature>
            <Feature>
                <Name className="java.lang.String">kind</Name>
                <Value className="java.lang.String">punctuation</Value>
            </Feature>
        </Annotation>
        <Annotation Id="1351" Type="Token" StartNode="3412" EndNode="3420">
            <Feature>
                <Name className="java.lang.String">length</Name>
                <Value className="java.lang.String">8</Value>
            </Feature>
            <Feature>
                <Name className="java.lang.String">orth</Name>
                <Value className="java.lang.String">lowercase</Value>
            </Feature>
            <Feature>
                <Name className="java.lang.String">string</Name>
                <Value className="java.lang.String">clateren</Value>
            </Feature>
            <Feature>
                <Name className="java.lang.String">category</Name>
                <Value className="java.lang.String">NN</Value>
            </Feature>
            <Feature>
                <Name className="java.lang.String">kind</Name>
                <Value className="java.lang.String">word</Value>
            </Feature>
        </Annotation>
        <Annotation Id="1352" Type="SpaceToken" StartNode="3420" EndNode="3421">
            <Feature>
                <Name className="java.lang.String">string</Name>
                <Value className="java.lang.String"></Value>
            </Feature>
            <Feature>
                <Name className="java.lang.String">length</Name>
                <Value className="java.lang.String">1</Value>
            </Feature>
            <Feature>
                <Name className="java.lang.String">kind</Name>
                <Value className="java.lang.String">space</Value>
            </Feature>
        </Annotation>
        <Annotation Id="1353" Type="Token" StartNode="3421" EndNode="3429">
            <Feature>
                <Name className="java.lang.String">length</Name>
                <Value className="java.lang.String">8</Value>
            </Feature>
            <Feature>
                <Name className="java.lang.String">orth</Name>
                <Value className="java.lang.String">lowercase</Value>
            </Feature>
            <Feature>
                <Name className="java.lang.String">string</Name>
                <Value className="java.lang.String">cumpelin</Value>
            </Feature>
            <Feature>
                <Name className="java.lang.String">category</Name>
                <Value className="java.lang.String">NN</Value>
            </Feature>
            <Feature>
                <Name className="java.lang.String">kind</Name>
                <Value className="java.lang.String">word</Value>
            </Feature>
        </Annotation>
        <Annotation Id="1354" Type="Token" StartNode="3429" EndNode="3430">
            <Feature>
                <Name className="java.lang.String">length</Name>
                <Value className="java.lang.String">1</Value>
            </Feature>
            <Feature>
                <Name className="java.lang.String">string</Name>
                <Value className="java.lang.String">"</Value>
            </Feature>
            <Feature>
                <Name className="java.lang.String">category</Name>
                <Value className="java.lang.String">''</Value>
            </Feature>
            <Feature>
                <Name className="java.lang.String">kind</Name>
                <Value className="java.lang.String">punctuation</Value>
            </Feature>
        </Annotation>
        <Annotation Id="1355" Type="SpaceToken" StartNode="3430" EndNode="3431">
            <Feature>
                <Name className="java.lang.String">string</Name>
                <Value className="java.lang.String"></Value>
            </Feature>
            <Feature>
                <Name className="java.lang.String">length</Name>
                <Value className="java.lang.String">1</Value>
            </Feature>
            <Feature>
                <Name className="java.lang.String">kind</Name>
                <Value className="java.lang.String">space</Value>
            </Feature>
        </Annotation>
        <Annotation Id="1356" Type="Token" StartNode="3431" EndNode="3432">
            <Feature>
                <Name className="java.lang.String">length</Name>
                <Value className="java.lang.String">1</Value>
            </Feature>
            <Feature>
                <Name className="java.lang.String">position</Name>
                <Value className="java.lang.String">startpunct</Value>
            </Feature>
            <Feature>
                <Name className="java.lang.String">string</Name>
                <Value className="java.lang.String">(</Value>
            </Feature>
            <Feature>
                <Name className="java.lang.String">category</Name>
                <Value className="java.lang.String">(</Value>
            </Feature>
            <Feature>
                <Name className="java.lang.String">kind</Name>
                <Value className="java.lang.String">punctuation</Value>
            </Feature>
        </Annotation>
        <Annotation Id="1357" Type="Token" StartNode="3432" EndNode="3433">
            <Feature>
                <Name className="java.lang.String">length</Name>
                <Value className="java.lang.String">1</Value>
            </Feature>
            <Feature>
                <Name className="java.lang.String">string</Name>
                <Value className="java.lang.String">"</Value>
            </Feature>
            <Feature>
                <Name className="java.lang.String">category</Name>
                <Value className="java.lang.String">''</Value>
            </Feature>
            <Feature>
                <Name className="java.lang.String">kind</Name>
                <Value className="java.lang.String">punctuation</Value>
            </Feature>
        </Annotation>
        <Annotation Id="1358" Type="Token" StartNode="3433" EndNode="3439">
            <Feature>
                <Name className="java.lang.String">length</Name>
                <Value className="java.lang.String">6</Value>
            </Feature>
            <Feature>
                <Name className="java.lang.String">orth</Name>
                <Value className="java.lang.String">lowercase</Value>
            </Feature>
            <Feature>
                <Name className="java.lang.String">string</Name>
                <Value className="java.lang.String">recite</Value>
            </Feature>
            <Feature>
                <Name className="java.lang.String">category</Name>
                <Value className="java.lang.String">NN</Value>
            </Feature>
            <Feature>
                <Name className="java.lang.String">kind</Name>
                <Value className="java.lang.String">word</Value>
            </Feature>
        </Annotation>
        <Annotation Id="1359" Type="SpaceToken" StartNode="3439" EndNode="3440">
            <Feature>
                <Name className="java.lang.String">string</Name>
                <Value className="java.lang.String"></Value>
            </Feature>
            <Feature>
                <Name className="java.lang.String">length</Name>
                <Value className="java.lang.String">1</Value>
            </Feature>
            <Feature>
                <Name className="java.lang.String">kind</Name>
                <Value className="java.lang.String">space</Value>
            </Feature>
        </Annotation>
        <Annotation Id="1360" Type="Token" StartNode="3440" EndNode="3448">
            <Feature>
                <Name className="java.lang.String">length</Name>
                <Value className="java.lang.String">8</Value>
            </Feature>
            <Feature>
                <Name className="java.lang.String">orth</Name>
                <Value className="java.lang.String">lowercase</Value>
            </Feature>
            <Feature>
                <Name className="java.lang.String">string</Name>
                <Value className="java.lang.String">compline</Value>
            </Feature>
            <Feature>
                <Name className="java.lang.String">category</Name>
                <Value className="java.lang.String">NN</Value>
            </Feature>
            <Feature>
                <Name className="java.lang.String">kind</Name>
                <Value className="java.lang.String">word</Value>
            </Feature>
        </Annotation>
        <Annotation Id="1361" Type="Token" StartNode="3448" EndNode="3449">
            <Feature>
                <Name className="java.lang.String">length</Name>
                <Value className="java.lang.String">1</Value>
            </Feature>
            <Feature>
                <Name className="java.lang.String">string</Name>
                <Value className="java.lang.String">"</Value>
            </Feature>
            <Feature>
                <Name className="java.lang.String">category</Name>
                <Value className="java.lang.String">''</Value>
            </Feature>
            <Feature>
                <Name className="java.lang.String">kind</Name>
                <Value className="java.lang.String">punctuation</Value>
            </Feature>
        </Annotation>
        <Annotation Id="1362" Type="SpaceToken" StartNode="3449" EndNode="3450">
            <Feature>
                <Name className="java.lang.String">string</Name>
                <Value className="java.lang.String"></Value>
            </Feature>
            <Feature>
                <Name className="java.lang.String">length</Name>
                <Value className="java.lang.String">1</Value>
            </Feature>
            <Feature>
                <Name className="java.lang.String">kind</Name>
                <Value className="java.lang.String">space</Value>
            </Feature>
        </Annotation>
        <Annotation Id="1363" Type="Token" StartNode="3450" EndNode="3451">
            <Feature>
                <Name className="java.lang.String">length</Name>
                <Value className="java.lang.String">1</Value>
            </Feature>
            <Feature>
                <Name className="java.lang.String">position</Name>
                <Value className="java.lang.String">startpunct</Value>
            </Feature>
            <Feature>
                <Name className="java.lang.String">string</Name>
                <Value className="java.lang.String">[</Value>
            </Feature>
            <Feature>
                <Name className="java.lang.String">category</Name>
                <Value className="java.lang.String">NN</Value>
            </Feature>
            <Feature>
                <Name className="java.lang.String">kind</Name>
                <Value className="java.lang.String">punctuation</Value>
            </Feature>
        </Annotation>
        <Annotation Id="1364" Type="Token" StartNode="3451" EndNode="3456">
            <Feature>
                <Name className="java.lang.String">length</Name>
                <Value className="java.lang.String">5</Value>
            </Feature>
            <Feature>
                <Name className="java.lang.String">orth</Name>
                <Value className="java.lang.String">lowercase</Value>
            </Feature>
            <Feature>
                <Name className="java.lang.String">string</Name>
                <Value className="java.lang.String">lines</Value>
            </Feature>
            <Feature>
                <Name className="java.lang.String">category</Name>
                <Value className="java.lang.String">NNS</Value>
            </Feature>
            <Feature>
                <Name className="java.lang.String">kind</Name>
                <Value className="java.lang.String">word</Value>
            </Feature>
        </Annotation>
        <Annotation Id="1365" Type="SpaceToken" StartNode="3456" EndNode="3457">
            <Feature>
                <Name className="java.lang.String">string</Name>
                <Value className="java.lang.String"></Value>
            </Feature>
            <Feature>
                <Name className="java.lang.String">length</Name>
                <Value className="java.lang.String">1</Value>
            </Feature>
            <Feature>
                <Name className="java.lang.String">kind</Name>
                <Value className="java.lang.String">space</Value>
            </Feature>
        </Annotation>
        <Annotation Id="1366" Type="Token" StartNode="3457" EndNode="3460">
            <Feature>
                <Name className="java.lang.String">length</Name>
                <Value className="java.lang.String">3</Value>
            </Feature>
            <Feature>
                <Name className="java.lang.String">string</Name>
                <Value className="java.lang.String">118</Value>
            </Feature>
            <Feature>
                <Name className="java.lang.String">category</Name>
                <Value className="java.lang.String">CD</Value>
            </Feature>
            <Feature>
                <Name className="java.lang.String">kind</Name>
                <Value className="java.lang.String">number</Value>
            </Feature>
        </Annotation>
        <Annotation Id="1367" Type="Token" StartNode="3460" EndNode="3461">
            <Feature>
                <Name className="java.lang.String">length</Name>
                <Value className="java.lang.String">1</Value>
            </Feature>
            <Feature>
                <Name className="java.lang.String">string</Name>
                <Value className="java.lang.String">-</Value>
            </Feature>
            <Feature>
                <Name className="java.lang.String">category</Name>
                <Value className="java.lang.String">:</Value>
            </Feature>
            <Feature>
                <Name className="java.lang.String">kind</Name>
                <Value className="java.lang.String">punctuation</Value>
            </Feature>
            <Feature>
                <Name className="java.lang.String">subkind</Name>
                <Value className="java.lang.String">dashpunct</Value>
            </Feature>
        </Annotation>
        <Annotation Id="1368" Type="Token" StartNode="3461" EndNode="3463">
            <Feature>
                <Name className="java.lang.String">length</Name>
                <Value className="java.lang.String">2</Value>
            </Feature>
            <Feature>
                <Name className="java.lang.String">string</Name>
                <Value className="java.lang.String">20</Value>
            </Feature>
            <Feature>
                <Name className="java.lang.String">category</Name>
                <Value className="java.lang.String">CD</Value>
            </Feature>
            <Feature>
                <Name className="java.lang.String">kind</Name>
                <Value className="java.lang.String">number</Value>
            </Feature>
        </Annotation>
        <Annotation Id="1369" Type="Token" StartNode="3463" EndNode="3464">
            <Feature>
                <Name className="java.lang.String">length</Name>
                <Value className="java.lang.String">1</Value>
            </Feature>
            <Feature>
                <Name className="java.lang.String">position</Name>
                <Value className="java.lang.String">endpunct</Value>
            </Feature>
            <Feature>
                <Name className="java.lang.String">string</Name>
                <Value className="java.lang.String">]</Value>
            </Feature>
            <Feature>
                <Name className="java.lang.String">category</Name>
                <Value className="java.lang.String">NN</Value>
            </Feature>
            <Feature>
                <Name className="java.lang.String">kind</Name>
                <Value className="java.lang.String">punctuation</Value>
            </Feature>
        </Annotation>
        <Annotation Id="1370" Type="Token" StartNode="3464" EndNode="3465">
            <Feature>
                <Name className="java.lang.String">length</Name>
                <Value className="java.lang.String">1</Value>
            </Feature>
            <Feature>
                <Name className="java.lang.String">position</Name>
                <Value className="java.lang.String">endpunct</Value>
            </Feature>
            <Feature>
                <Name className="java.lang.String">string</Name>
                <Value className="java.lang.String">)</Value>
            </Feature>
            <Feature>
                <Name className="java.lang.String">category</Name>
                <Value className="java.lang.String">)</Value>
            </Feature>
            <Feature>
                <Name className="java.lang.String">kind</Name>
                <Value className="java.lang.String">punctuation</Value>
            </Feature>
        </Annotation>
        <Annotation Id="1371" Type="Token" StartNode="3465" EndNode="3466">
            <Feature>
                <Name className="java.lang.String">length</Name>
                <Value className="java.lang.String">1</Value>
            </Feature>
            <Feature>
                <Name className="java.lang.String">string</Name>
                <Value className="java.lang.String">.</Value>
            </Feature>
            <Feature>
                <Name className="java.lang.String">category</Name>
                <Value className="java.lang.String">.</Value>
            </Feature>
            <Feature>
                <Name className="java.lang.String">kind</Name>
                <Value className="java.lang.String">punctuation</Value>
            </Feature>
        </Annotation>
        <Annotation Id="1372" Type="Token" StartNode="515" EndNode="517">
            <Feature>
                <Name className="java.lang.String">length</Name>
                <Value className="java.lang.String">2</Value>
            </Feature>
            <Feature>
                <Name className="java.lang.String">orth</Name>
                <Value className="java.lang.String">apostrophe</Value>
            </Feature>
            <Feature>
                <Name className="java.lang.String">string</Name>
                <Value className="java.lang.String">'s</Value>
            </Feature>
            <Feature>
                <Name className="java.lang.String">category</Name>
                <Value className="java.lang.String">POS</Value>
            </Feature>
            <Feature>
                <Name className="java.lang.String">kind</Name>
                <Value className="java.lang.String">word</Value>
            </Feature>
        </Annotation>
        <Annotation Id="1373" Type="Token" StartNode="604" EndNode="606">
            <Feature>
                <Name className="java.lang.String">length</Name>
                <Value className="java.lang.String">2</Value>
            </Feature>
            <Feature>
                <Name className="java.lang.String">orth</Name>
                <Value className="java.lang.String">apostrophe</Value>
            </Feature>
            <Feature>
                <Name className="java.lang.String">string</Name>
                <Value className="java.lang.String">'s</Value>
            </Feature>
            <Feature>
                <Name className="java.lang.String">category</Name>
                <Value className="java.lang.String">POS</Value>
            </Feature>
            <Feature>
                <Name className="java.lang.String">kind</Name>
                <Value className="java.lang.String">word</Value>
            </Feature>
        </Annotation>
        <Annotation Id="1374" Type="SpaceToken" StartNode="619" EndNode="620">
            <Feature>
                <Name className="java.lang.String">string</Name>
                <Value className="java.lang.String">
                </Value>
            </Feature>
            <Feature>
                <Name className="java.lang.String">length</Name>
                <Value className="java.lang.String">1</Value>
            </Feature>
            <Feature>
                <Name className="java.lang.String">kind</Name>
                <Value className="java.lang.String">control</Value>
            </Feature>
        </Annotation>
        <Annotation Id="1375" Type="SpaceToken" StartNode="620" EndNode="621">
            <Feature>
                <Name className="java.lang.String">string</Name>
                <Value className="java.lang.String">
                </Value>
            </Feature>
            <Feature>
                <Name className="java.lang.String">length</Name>
                <Value className="java.lang.String">1</Value>
            </Feature>
            <Feature>
                <Name className="java.lang.String">kind</Name>
                <Value className="java.lang.String">control</Value>
            </Feature>
        </Annotation>
    </AnnotationSet>

</GateDocument>
